info|2023-05-28 13:05:08.354386|[INITIALIZER][initGlobalConfig],enableCompress=true,compatibilityVersion=2.9.1,versionNumber=34144512,enableStat=false,chainId=1,useSMCrypto=false
info|2023-05-28 13:05:08.354502|[INITIALIZER][SecureInitializer]loading privateKey
info|2023-05-28 13:05:08.375859|[INITIALIZER][SecureInitializer]get pub of node,nodeID=7380ded5ece4067c8b5468f5b8567f5f5b7c58b60c0b878f262418dc9cc5bb9adbdb4878ef61101fd464167a2160261153c1e5373cf0eb46540778a31de1c0c5
info|2023-05-28 13:05:08.376056|[INITIALIZER][SecureInitializer]use user certificate,file=conf//node.crt
info|2023-05-28 13:05:08.376397|[INITIALIZER][SecureInitializer]use ca certificate,file=conf//ca.crt
info|2023-05-28 13:05:08.376455|[INITIALIZER][SecureInitializer]use ca,file=conf//
info|2023-05-28 13:05:08.376481|[INITIALIZER][SecureInitializer][initChannelCertConfig]enable rsa cert for channel ,conf//channel_cert/ certs will be used for channel ssl,dataPath=conf/
info|2023-05-28 13:05:08.378166|[NETWORK][Host]Connecting to node,endpoint=127.0.0.1:30300
info|2023-05-28 13:05:08.378291|[NETWORK][Host]Connecting to node,endpoint=127.0.0.1:30301
info|2023-05-28 13:05:08.378321|[NETWORK][Host]Connecting to node,endpoint=127.0.0.1:30302
info|2023-05-28 13:05:08.378346|[NETWORK][Host]Connecting to node,endpoint=127.0.0.1:30303
info|2023-05-28 13:05:08.378375|[P2P][Service] heartBeat,connected count=0
info|2023-05-28 13:05:08.378405|[INITIALIZER][RPCInitializer],network_security.check_cert_issuer=true
info|2023-05-28 13:05:08.378689|[NETWORK][Host]P2P StartAccept,Host=0.0.0.0:30303
info|2023-05-28 13:05:08.378897|[NETWORK][ASIO]asyncResolveConnect,endpoint=127.0.0.1:30300
info|2023-05-28 13:05:08.378996|[NETWORK][ASIO]asyncResolveConnect,endpoint=127.0.0.1:30301
info|2023-05-28 13:05:08.379296|[NETWORK][ASIO]asyncResolveConnect,endpoint=127.0.0.1:30302
info|2023-05-28 13:05:08.379404|[NETWORK][ASIO]asyncResolveConnect,endpoint=127.0.0.1:30303
info|2023-05-28 13:05:08.381079|[NETWORK][Host]P2P Recv Connect, From=127.0.0.1:36412
info|2023-05-28 13:05:08.381185|[CHANNEL][ChannelServer::run],threadPoolSize=8
info|2023-05-28 13:05:08.381400|[CHANNEL]ChannelRPCServer started
info|2023-05-28 13:05:08.381420|[INITIALIZER][RPCInitializer: ChannelRPCHttpServer started.],disableDynamicGroup=false,threadSize=8
info|2023-05-28 13:05:08.381426|[INITIALIZER][LedgerInitializer]initConfig
info|2023-05-28 13:05:08.381438|[LedgerInitializer],groupConfigPath=conf/
info|2023-05-28 13:05:08.381612|[INITIALIZER][initSingleLedger] [GroupId], LedgerConstructor:  1,configFileName=conf/group.1.genesis,dataDir=data/
info|2023-05-28 13:05:08.381694|[g:1][LedgerParam][parseGenesisConfig]initConsensusConfig/initStorageConfig/initTxConfig,configFile=conf/group.1.genesis
info|2023-05-28 13:05:08.381710|[g:1][LedgerParam][initConsensusConfig],type=pbft,consensusTimeout=3,maxTxNum=1000,txGasLimit=300000000
info|2023-05-28 13:05:08.381734|[g:1][LedgerParam][parsePublicKeyListOfSection],sectionName=consensus,it.first=bbc5bfac274c036d71cf50892e87fb5e7781a05f4ac3bdd1b6c31b9b6f4ff2d748d9d3907bc06f111bd750b4cd14141564f3a90c404f8a88f5189227a3869016
info|2023-05-28 13:05:08.381746|[g:1][LedgerParam][parsePublicKeyListOfSection],sectionName=consensus,it.first=91a6062de58f2896dfb5e8a8df8897e524426008855a66b1e5fd4da89ce57c7c55bc9450af12dbd999da94ae9df34e8842d797464f09678e2e4b1352d499815b
info|2023-05-28 13:05:08.381755|[g:1][LedgerParam][parsePublicKeyListOfSection],sectionName=consensus,it.first=c309ad65daf962247d74dda65d286cdbe3df64e67cbe3707567d6dc6f6c927a4af3b1c6385d4e720abc9ce7b9ce2acc41d7296d7daf445e544b2b4fa28ff66be
info|2023-05-28 13:05:08.381777|[g:1][LedgerParam][parsePublicKeyListOfSection],sectionName=consensus,it.first=7380ded5ece4067c8b5468f5b8567f5f5b7c58b60c0b878f262418dc9cc5bb9adbdb4878ef61101fd464167a2160261153c1e5373cf0eb46540778a31de1c0c5
info|2023-05-28 13:05:08.381782|[g:1][LedgerParam][parsePublicKeyListOfSection],totalPubKeySize=4
info|2023-05-28 13:05:08.381826|[g:1][LedgerParam][max_block_range],maxBlockRange=0,maxBlockPerProcess=3
info|2023-05-28 13:05:08.381833|[g:1][LedgerParam][parseGenesisConfig],timestamp=1685249894000
info|2023-05-28 13:05:08.381844|[g:1][LedgerParam]setEVMFlags,enableFreeStorageVMSchedule=false,evmFlags=0
info|2023-05-28 13:05:08.381857|[g:1][LedgerParam]store evmFlag,evmFlag=0
info|2023-05-28 13:05:08.381866|[g:1][LedgerParam]store consensus time,consensusTimeout=3
info|2023-05-28 13:05:08.381870|[g:1][LedgerParam][initMark],genesisMark=1-7380ded5ece4067c8b5468f5b8567f5f5b7c58b60c0b878f262418dc9cc5bb9adbdb4878ef61101fd464167a2160261153c1e5373cf0eb46540778a31de1c0c5,91a6062de58f2896dfb5e8a8df8897e524426008855a66b1e5fd4da89ce57c7c55bc9450af12dbd999da94ae9df34e8842d797464f09678e2e4b1352d499815b,bbc5bfac274c036d71cf50892e87fb5e7781a05f4ac3bdd1b6c31b9b6f4ff2d748d9d3907bc06f111bd750b4cd14141564f3a90c404f8a88f5189227a3869016,c309ad65daf962247d74dda65d286cdbe3df64e67cbe3707567d6dc6f6c927a4af3b1c6385d4e720abc9ce7b9ce2acc41d7296d7daf445e544b2b4fa28ff66be,-pbft-storage-0-1000-300000000-3
info|2023-05-28 13:05:08.381876|[g:1][LedgerParam][initIniConfig]initTxPoolConfig/initSyncConfig/initTxExecuteConfig,configFile=conf/group.1.ini
info|2023-05-28 13:05:08.382174|[g:1][LedgerParam][initStorageConfig],stateType=storage,storageDB=rocksdb,storagePath=data//group1/block/RocksDB,baseDir=data//group1,dbtype=mysql,dbip=127.0.0.1,dbport=3306,dbcharset=utf8mb4,initconnections=15,maxconnections=50,scrollThreshold=2000
info|2023-05-28 13:05:08.382196|[g:1][LedgerParam][initTxPoolConfig],txPoolLimit=150000,memorySizeLimit(MB)=512,notifyWorkerNum=2,txsExpirationTime(ms)=600000
info|2023-05-28 13:05:08.382213|[g:1][LedgerParam][initSyncConfig],idleWaitMs=200
info|2023-05-28 13:05:08.382226|[g:1][LedgerParam][initSyncConfig],enableSendTxsByTree=true,enableSendBlockStatusByTree=true
info|2023-05-28 13:05:08.382232|[g:1][LedgerParam][initSyncConfig],gossipInterval=1000
info|2023-05-28 13:05:08.382242|[g:1][LedgerParam][initSyncConfig],enableSendBlockStatusByTree=true,gossipInterval=1000,gossipPeers=3,syncTreeWidth=3,maxQueueSizeForBlockSync=536870912,txsStatusGossipMaxPeers=5
info|2023-05-28 13:05:08.382254|[g:1][LedgerParam][InitTxExecuteConfig],enableParallel=true
info|2023-05-28 13:05:08.382271|[g:1][LedgerParam][initConsensusIniConfig],maxTTL=2,minBlockGenerationTime=500,enablDynamicBlockSize=true,blockSizeIncreaseRatio=0.5,enableTTLOptimize=true,enablePrepareWithTxsHash=true
info|2023-05-28 13:05:08.382307|[g:1][LedgerParam][initRPBFTConsensusIniConfig],broadcastPrepareByTree=true,prepareStatusBroadcastPercent=33,maxRequestMissedTxsWaitTime=100,maxRequestPrepareWaitTime=100
info|2023-05-28 13:05:08.382314|[g:1][LedgerParam][initFlowControlConfig],maxQPS=9223372036854775807,outGoingBandwidth(Bytes)=9223372036854775807
info|2023-05-28 13:05:08.382320|[g:1][LedgerParam]parseSDKAllowList,sdkAllowList=[],enableSDKAllowListControl=false
info|2023-05-28 13:05:08.382343|[g:1][LEDGER][initLedger][DBInitializer]
info|2023-05-28 13:05:08.382351|[g:1][LEDGER]setSDKAllowList,groupId=1,sdkAllowListSize=0
info|2023-05-28 13:05:08.382356|[g:1][CHANNEL]registerSDKAllowListByGroupId,groupId=1,size=0
info|2023-05-28 13:05:08.382360|[g:1][CHANNEL]Disable group-level sdk permission control for sdk allowlist is empty
info|2023-05-28 13:05:08.382375|[g:1][DBINITIALIZER] [initStorageDB]
info|2023-05-28 13:05:08.382379|[g:1][DBINITIALIZER] [initRocksDBStorage]
info|2023-05-28 13:05:08.382582|[g:1][ROCKSDB]open rocksDB handler,path=data//group1/block/RocksDB
info|2023-05-28 13:05:08.384537|[NETWORK][Host]P2P StartAccept,Host=0.0.0.0:30303
error|2023-05-28 13:05:08.386467|[NETWORK][Host]Get ca basic failed
error|2023-05-28 13:05:08.390770|[NETWORK][Host]Get ca basic failed
error|2023-05-28 13:05:08.395090|[NETWORK][Host]Get ca basic failed
error|2023-05-28 13:05:08.402409|[NETWORK][Host]Get ca basic failed
error|2023-05-28 13:05:08.408268|[NETWORK][Host]Get ca basic failed
info|2023-05-28 13:05:08.412359|[NETWORK][Host]handshakeClient succ,local endpoint=127.0.0.1:54448
info|2023-05-28 13:05:08.412582|[P2P][Service] Connection established,nodeID=bbc5bfac...,endpoint=127.0.0.1:30300
info|2023-05-28 13:05:08.412625|[NETWORK][Host]startPeerSession, Remote=127.0.0.1:30300,local endpoint=127.0.0.1:54448,nodeID=bbc5bfac...
info|2023-05-28 13:05:08.412937|[NETWORK][Host]handshakeClient succ,local endpoint=127.0.0.1:56110
info|2023-05-28 13:05:08.413063|[P2P][Service] Connection established,nodeID=91a6062d...,endpoint=127.0.0.1:30301
info|2023-05-28 13:05:08.412986|[NETWORK][Host]startPeerSession, Remote=127.0.0.1:30301,local endpoint=127.0.0.1:56110,nodeID=91a6062d...
info|2023-05-28 13:05:08.413294|[NETWORK][Host]handshakeClient succ,local endpoint=127.0.0.1:51828
info|2023-05-28 13:05:08.413345|[NETWORK][Host]startPeerSession, Remote=127.0.0.1:30302,local endpoint=127.0.0.1:51828,nodeID=c309ad65...
info|2023-05-28 13:05:08.413452|[P2P][Service] Connection established,nodeID=c309ad65...,endpoint=127.0.0.1:30302
info|2023-05-28 13:05:08.413542|[NETWORK][Host]handshakeServer succ,remote endpoint=127.0.0.1:36412
info|2023-05-28 13:05:08.413610|[NETWORK][Host]startPeerSession, Remote=127.0.0.1:36412,local endpoint=127.0.0.1:30303,nodeID=7380ded5...
info|2023-05-28 13:05:08.414051|[NETWORK][Host]handshakeClient succ,local endpoint=127.0.0.1:36412
info|2023-05-28 13:05:08.414121|[NETWORK][Host]startPeerSession, Remote=127.0.0.1:30303,local endpoint=127.0.0.1:36412,nodeID=7380ded5...
info|2023-05-28 13:05:08.538439|[g:1][g:1][STORAGE][CachedStorage]Init flushStorage thread
info|2023-05-28 13:05:08.538574|[g:1][DBINITIALIZER] [init CachedStorage],maxCapacity=32,maxForwardBlock=10
info|2023-05-28 13:05:08.538589|[g:1][LEDGER][initLedger][initBlockChain]
info|2023-05-28 13:05:08.538911|[g:1][LEDGER]set enableHexBlock to be false,version=34144512
info|2023-05-28 13:05:08.538949|[g:1][BLOCKCHAIN][#checkAndBuildGenesisBlock],shouldBuild=true
warning|2023-05-28 13:05:08.539150|[g:1][BLOCKCHAIN][getBlock]Can't find block,number=0
info|2023-05-28 13:05:08.539399|[g:1][BLOCKCHAIN]init consensus timeout,consensus_timeout=3
info|2023-05-28 13:05:08.540136|[g:1][g:1][STORAGE][CachedStorage]commit: 5 num: 0
info|2023-05-28 13:05:08.540458|[g:1][g:1][STORAGE][CachedStorage]Submited block task: 0, current syncd block: 0
info|2023-05-28 13:05:08.540475|[g:1][g:1][STORAGE][CachedStorage]Start commit block: 0 to backend storage
info|2023-05-28 13:05:08.540516|[g:1][BLOCKCHAIN][#checkAndBuildGenesisBlock]Insert the 0th block
info|2023-05-28 13:05:08.540665|[g:1][LEDGER][initLedger]initBlockChain SUCC
info|2023-05-28 13:05:08.541009|[g:1][DBINITIALIZER] [createStateFactory],type=storage
info|2023-05-28 13:05:08.541029|[g:1][DBINITIALIZER] createStorageState SUCC
info|2023-05-28 13:05:08.541032|[g:1][DBINITIALIZER] [createStateFactory SUCC]
info|2023-05-28 13:05:08.541035|[g:1][DBINITIALIZER] createExecutiveContext...
info|2023-05-28 13:05:08.541050|[g:1][LEDGER]createGasMetric,vmFlagType=0
info|2023-05-28 13:05:08.541068|[g:1][LEDGER]createGasMetric
info|2023-05-28 13:05:08.541188|[g:1][DBINITIALIZER] create precompiledGasFactory and precompiledResultFactory
info|2023-05-28 13:05:08.541248|[g:1][DBINITIALIZER] createExecutiveContext SUCC
info|2023-05-28 13:05:08.541255|[g:1][DBINITIALIZER] [setSyncNumForCachedStorage],syncNum=0
info|2023-05-28 13:05:08.541263|[g:1][LEDGER][initNetworkBandWidthLimiter: outGoingBandwidthLimit has been disabled],groupId=1
info|2023-05-28 13:05:08.541268|[g:1][LEDGER][QPSLimit has been disabled],groupId=1
info|2023-05-28 13:05:08.541334|[g:1][LEDGER][initLedger][initBlockVerifier]
info|2023-05-28 13:05:08.541361|[g:1][LEDGER][initLedger][initBlockVerifier SUCC],evmFlags=0
info|2023-05-28 13:05:08.541368|[g:1][LEDGER][initLedger][initTxPool],txPoolLimit=150000
info|2023-05-28 13:05:08.541741|[g:1][LEDGER][initLedger]initTxPool SUCC
info|2023-05-28 13:05:08.541759|[g:1][LEDGER][initLedger][initSync],idleWaitMs=200,gossipInterval=1000,gossipPeers=3
info|2023-05-28 13:05:08.541777|[g:1][LEDGER]Init sync master,enableSendBlockStatusByTree=true,enableSendTxsByTree=true
info|2023-05-28 13:05:08.542433|[g:1][LEDGER][initLedger]initSync SUCC
info|2023-05-28 13:05:08.542452|[g:1][LEDGER][initLedger][consensusInitFactory]
info|2023-05-28 13:05:08.542457|[g:1][LEDGER][initLedger][createPBFTSealer]
info|2023-05-28 13:05:08.542461|[g:1][LEDGER][initLedger][createPBFTSealer],baseDir=data//group1,Protocol=65544
info|2023-05-28 13:05:08.542666|[g:1][LEDGER][initLedger]createPBFTSealer for PBFT or rPBFT,consensusType=pbft
info|2023-05-28 13:05:08.542725|[g:1][LEDGER]createConsensusEngine: create PBFTEngine
info|2023-05-28 13:05:08.542758|[g:1][CONSENSUS][PBFT]Register handler for PBFTEngine
info|2023-05-28 13:05:08.543373|[g:1][CONSENSUS][PBFT]setMinBlockGenerationTime,minBlockGenerationTime=500,consensusTime=1000
info|2023-05-28 13:05:08.543398|[g:1][LEDGER][initEventLogFilterManager]initEventLogFilterManager SUCC
info|2023-05-28 13:05:08.543404|[LedgerInitializer init group succ],groupID=1
info|2023-05-28 13:05:08.543696|[SafeHttpServer::StartListening]use default epoll
info|2023-05-28 13:05:08.544148|[INITIALIZER][RPCInitializer JsonrpcHttpServer started],jsonrpc_IP=127.0.0.1,jsonrpc_listen_port=8548,jsonrpc_thread_count=8,ipv6=false,disableDynamicGroup=false
info|2023-05-28 13:05:08.544176|[g:1][LEDGER]startAll...
info|2023-05-28 13:05:08.545168|[g:1][GossipBlockStatus]start GossipBlockStatus succ
info|2023-05-28 13:05:08.545310|[g:1][CONSENSUS][ConsensusEngine][Start ConsensusEngineBase]
info|2023-05-28 13:05:08.545988|[g:1][CONSENSUS][PBFT]^^^^^^^^Report,num=0,sealerIdx=0,hash=eeb77c15...,next=1,tx=0,nodeIdx=0
info|2023-05-28 13:05:08.546565|[g:1][ROCKSDB]open rocksDB handler,path=data//group1/pbftMsgBackup/RocksDB
info|2023-05-28 13:05:08.606748|[g:1][g:1][STORAGE][CachedStorage]
---------------------------------------------------------------------
Commit block: 0 to backend storage finished, current cached block: 0
Flush elapsed time: 0.0663s
---------------------------------------------------------------------

info|2023-05-28 13:05:08.640905|[NETWORK][Host]P2P Recv Connect, From=127.0.0.1:36414
info|2023-05-28 13:05:08.641003|[NETWORK][Host]P2P StartAccept,Host=0.0.0.0:30303
error|2023-05-28 13:05:08.648958|[NETWORK][Host]Get ca basic failed
info|2023-05-28 13:05:08.653582|[NETWORK][Host]handshakeServer succ,remote endpoint=127.0.0.1:36414
info|2023-05-28 13:05:08.653636|[NETWORK][Host]startPeerSession, Remote=127.0.0.1:36414,local endpoint=127.0.0.1:30303,nodeID=c309ad65...
info|2023-05-28 13:05:08.744847|[g:1][NodeTimeMaintenance]updateTimeInfo: update median time offset,updatedMedianTimeOffset=0,peer=bbc5bfac...,peerTime=1685250308744,peerOffset=0,utcTime=1685250308744
info|2023-05-28 13:05:08.855309|[g:1][NodeTimeMaintenance]updateTimeInfo: update median time offset,updatedMedianTimeOffset=0,peer=c309ad65...,peerTime=1685250308854,peerOffset=-1,utcTime=1685250308855
info|2023-05-28 13:05:08.907281|[g:1][CONSENSUS][PBFT][PBFT init env successfully]
info|2023-05-28 13:05:08.907304|[g:1][CONSENSUS][PBFT][Start PBFTEngine...]
info|2023-05-28 13:05:08.907308|[g:1][CONSENSUS][SEALER][Start sealer module]
info|2023-05-28 13:05:08.907516|[g:1][CONSENSUS][PBFT]^^^^^^^^Report,num=0,sealerIdx=0,hash=eeb77c15...,next=1,tx=0,nodeIdx=0
info|2023-05-28 13:05:08.907843|[g:1][EVENT][EventLogFilterManager]start,m_maxBlockRange=0,m_maxBlockPerLoopFilter=3
info|2023-05-28 13:05:09.262347|[g:1][NodeTimeMaintenance]updateTimeInfo: update median time offset,updatedMedianTimeOffset=-1,peer=91a6062d...,peerTime=1685250309261,peerOffset=-1,utcTime=1685250309262
info|2023-05-28 13:05:09.545952|[g:1][CONSENSUS][SEALER]++++++++++++++++ Generating seal on,blkNum=1,tx=0,nodeIdx=0,hash=33b36a1b...
info|2023-05-28 13:05:09.569526|[g:1][CONSENSUS][PBFT]checkTimeout Succ,view=0,toView=1,nodeIdx=0,changeCycle=1,myNode=7380ded5...,timecost=0
info|2023-05-28 13:05:09.571312|[g:1][CONSENSUS][PBFT]Trigger fast-viewchange,view=0,toView=2,minView=3,INFO=,reqNum=0,curNum=0,GenIdx=3,Cview=3,view=0,fromIdx=3,fromNode=c309ad65...,fromIp=127.0.0.1:30302,hash=eeb77c15...,nodeIdx=0,myNode=7380ded5...
info|2023-05-28 13:05:09.571587|[g:1][CONSENSUS][PBFT]checkAndChangeView: Reach consensus,org_view=0,cur_changeCycle=2,curView=0,view=3
info|2023-05-28 13:05:09.571609|[g:1][CONSENSUS][PBFT]checkTimeout Succ,view=3,toView=3,nodeIdx=0,changeCycle=2,myNode=7380ded5...,timecost=0
info|2023-05-28 13:05:10.574621|[g:1][CONSENSUS]addRawPrepare,height=1,reqIdx=3,hash=47b3f2b2...,time=0
info|2023-05-28 13:05:10.575230|[g:1][CONSENSUS][PBFT]checkTimeout Succ,view=3,toView=4,nodeIdx=0,changeCycle=1,myNode=7380ded5...,timecost=1
info|2023-05-28 13:05:10.576960|[g:1][CONSENSUS][PBFT]checkAndChangeView: Reach consensus,org_view=3,cur_changeCycle=1,curView=3,view=4
info|2023-05-28 13:05:11.056394|[NETWORK][Host]P2P Recv Connect, From=127.0.0.1:36416
info|2023-05-28 13:05:11.056523|[NETWORK][Host]P2P StartAccept,Host=0.0.0.0:30303
error|2023-05-28 13:05:11.062918|[NETWORK][Host]Get ca basic failed
info|2023-05-28 13:05:11.068115|[NETWORK][Host]handshakeServer succ,remote endpoint=127.0.0.1:36416
info|2023-05-28 13:05:11.068232|[NETWORK][Host]startPeerSession, Remote=127.0.0.1:36416,local endpoint=127.0.0.1:30303,nodeID=91a6062d...
info|2023-05-28 13:05:11.449127|[NETWORK][Host]P2P Recv Connect, From=127.0.0.1:36418
info|2023-05-28 13:05:11.449259|[NETWORK][Host]P2P StartAccept,Host=0.0.0.0:30303
error|2023-05-28 13:05:11.455603|[NETWORK][Host]Get ca basic failed
info|2023-05-28 13:05:11.460836|[NETWORK][Host]handshakeServer succ,remote endpoint=127.0.0.1:36418
info|2023-05-28 13:05:11.460899|[NETWORK][Host]startPeerSession, Remote=127.0.0.1:36418,local endpoint=127.0.0.1:30303,nodeID=bbc5bfac...
info|2023-05-28 13:05:11.577607|[g:1][CONSENSUS][SEALER]++++++++++++++++ Generating seal on,blkNum=1,tx=0,nodeIdx=0,hash=42b80ec9...
info|2023-05-28 13:05:11.579151|[g:1][CONSENSUS][PBFT]checkTimeout Succ,view=4,toView=5,nodeIdx=0,changeCycle=1,myNode=7380ded5...,timecost=1
info|2023-05-28 13:05:11.585665|[g:1][CONSENSUS][PBFT]checkAndChangeView: Reach consensus,org_view=4,cur_changeCycle=1,curView=4,view=5
info|2023-05-28 13:05:12.585571|[g:1][CONSENSUS]addRawPrepare,height=1,reqIdx=1,hash=a80bbeda...,time=0
info|2023-05-28 13:05:12.587019|[g:1][CONSENSUS][PBFT]checkTimeout Succ,view=5,toView=6,nodeIdx=0,changeCycle=1,myNode=7380ded5...,timecost=2
info|2023-05-28 13:05:12.589727|[g:1][CONSENSUS][PBFT]checkAndChangeView: Reach consensus,org_view=5,cur_changeCycle=1,curView=5,view=6
info|2023-05-28 13:05:13.593774|[g:1][CONSENSUS][PBFT]Trigger fast-viewchange,view=6,toView=6,minView=7,INFO=,reqNum=0,curNum=0,GenIdx=3,Cview=7,view=6,fromIdx=3,fromNode=c309ad65...,fromIp=127.0.0.1:30302,hash=eeb77c15...,nodeIdx=0,myNode=7380ded5...
info|2023-05-28 13:05:13.594329|[g:1][CONSENSUS][PBFT]checkAndChangeView: Reach consensus,org_view=6,cur_changeCycle=2,curView=6,view=7
info|2023-05-28 13:05:13.594587|[g:1][CONSENSUS][PBFT]checkTimeout Succ,view=7,toView=7,nodeIdx=0,changeCycle=2,myNode=7380ded5...,timecost=1
info|2023-05-28 13:05:14.597833|[g:1][CONSENSUS]addRawPrepare,height=1,reqIdx=3,hash=4c37da4a...,time=0
info|2023-05-28 13:05:14.598511|[g:1][CONSENSUS][PBFT]checkTimeout Succ,view=7,toView=8,nodeIdx=0,changeCycle=1,myNode=7380ded5...,timecost=0
info|2023-05-28 13:05:14.600998|[g:1][CONSENSUS][PBFT]checkAndChangeView: Reach consensus,org_view=7,cur_changeCycle=1,curView=7,view=8
info|2023-05-28 13:05:15.601994|[g:1][CONSENSUS][SEALER]++++++++++++++++ Generating seal on,blkNum=1,tx=0,nodeIdx=0,hash=a12b8969...
info|2023-05-28 13:05:15.606140|[g:1][CONSENSUS][PBFT]checkTimeout Succ,view=8,toView=9,nodeIdx=0,changeCycle=1,myNode=7380ded5...,timecost=1
info|2023-05-28 13:05:15.606938|[g:1][CONSENSUS][PBFT]checkAndChangeView: Reach consensus,org_view=8,cur_changeCycle=1,curView=8,view=9
info|2023-05-28 13:05:16.618340|[g:1][CONSENSUS]addRawPrepare,height=1,reqIdx=1,hash=43ba05a7...,time=0
info|2023-05-28 13:05:16.619094|[g:1][CONSENSUS][PBFT]checkTimeout Succ,view=9,toView=10,nodeIdx=0,changeCycle=1,myNode=7380ded5...,timecost=1
info|2023-05-28 13:05:16.620220|[g:1][CONSENSUS][PBFT]checkAndChangeView: Reach consensus,org_view=9,cur_changeCycle=1,curView=9,view=10
info|2023-05-28 13:05:17.618458|[g:1][CONSENSUS]addRawPrepare,height=1,reqIdx=2,hash=e6f8700f...,time=0
info|2023-05-28 13:05:17.618841|[g:1][CONSENSUS][PBFT]checkTimeout Succ,view=10,toView=11,nodeIdx=0,changeCycle=1,myNode=7380ded5...,timecost=0
info|2023-05-28 13:05:17.621677|[g:1][CONSENSUS][PBFT]checkAndChangeView: Reach consensus,org_view=10,cur_changeCycle=1,curView=10,view=11
info|2023-05-28 13:05:18.378498|[P2P][Service] heartBeat,connected count=3
info|2023-05-28 13:05:18.625135|[g:1][CONSENSUS]addRawPrepare,height=1,reqIdx=3,hash=95600ccd...,time=0
info|2023-05-28 13:05:18.626380|[g:1][CONSENSUS][PBFT]checkTimeout Succ,view=11,toView=12,nodeIdx=0,changeCycle=1,myNode=7380ded5...,timecost=1
info|2023-05-28 13:05:18.629362|[g:1][CONSENSUS][PBFT]checkAndChangeView: Reach consensus,org_view=11,cur_changeCycle=1,curView=11,view=12
info|2023-05-28 13:05:19.629462|[g:1][CONSENSUS][SEALER]++++++++++++++++ Generating seal on,blkNum=1,tx=0,nodeIdx=0,hash=6d974194...
info|2023-05-28 13:05:19.633171|[g:1][CONSENSUS][PBFT]checkTimeout Succ,view=12,toView=13,nodeIdx=0,changeCycle=1,myNode=7380ded5...,timecost=1
info|2023-05-28 13:05:19.633973|[g:1][CONSENSUS][PBFT]checkAndChangeView: Reach consensus,org_view=12,cur_changeCycle=1,curView=12,view=13
info|2023-05-28 13:05:20.635344|[g:1][CONSENSUS]addRawPrepare,height=1,reqIdx=1,hash=6c25772a...,time=0
info|2023-05-28 13:05:20.636224|[g:1][CONSENSUS][PBFT]checkTimeout Succ,view=13,toView=14,nodeIdx=0,changeCycle=1,myNode=7380ded5...,timecost=1
info|2023-05-28 13:05:20.638855|[g:1][CONSENSUS][PBFT]checkAndChangeView: Reach consensus,org_view=13,cur_changeCycle=1,curView=13,view=14
info|2023-05-28 13:05:21.640383|[g:1][CONSENSUS]addRawPrepare,height=1,reqIdx=2,hash=f92ff2f7...,time=0
info|2023-05-28 13:05:21.640841|[g:1][CONSENSUS][PBFT]checkTimeout Succ,view=14,toView=15,nodeIdx=0,changeCycle=1,myNode=7380ded5...,timecost=0
info|2023-05-28 13:05:21.642565|[g:1][CONSENSUS][PBFT]checkAndChangeView: Reach consensus,org_view=14,cur_changeCycle=1,curView=14,view=15
info|2023-05-28 13:05:22.651128|[g:1][CONSENSUS]addRawPrepare,height=1,reqIdx=3,hash=5aa75fe1...,time=0
info|2023-05-28 13:05:22.651924|[g:1][CONSENSUS][PBFT]checkTimeout Succ,view=15,toView=16,nodeIdx=0,changeCycle=1,myNode=7380ded5...,timecost=0
info|2023-05-28 13:05:22.652410|[g:1][CONSENSUS][PBFT]checkAndChangeView: Reach consensus,org_view=15,cur_changeCycle=1,curView=15,view=16
info|2023-05-28 13:05:23.652387|[g:1][CONSENSUS][SEALER]++++++++++++++++ Generating seal on,blkNum=1,tx=0,nodeIdx=0,hash=a3d26b77...
info|2023-05-28 13:05:23.654431|[g:1][CONSENSUS][PBFT]checkTimeout Succ,view=16,toView=17,nodeIdx=0,changeCycle=1,myNode=7380ded5...,timecost=1
info|2023-05-28 13:05:23.660310|[g:1][CONSENSUS][PBFT]checkAndChangeView: Reach consensus,org_view=16,cur_changeCycle=1,curView=16,view=17
info|2023-05-28 13:05:24.660468|[g:1][CONSENSUS]addRawPrepare,height=1,reqIdx=1,hash=5acd11b6...,time=0
info|2023-05-28 13:05:24.661120|[g:1][CONSENSUS][PBFT]checkTimeout Succ,view=17,toView=18,nodeIdx=0,changeCycle=1,myNode=7380ded5...,timecost=1
info|2023-05-28 13:05:24.663344|[g:1][CONSENSUS][PBFT]checkAndChangeView: Reach consensus,org_view=17,cur_changeCycle=1,curView=17,view=18
info|2023-05-28 13:05:25.666390|[g:1][CONSENSUS]addRawPrepare,height=1,reqIdx=2,hash=4a568392...,time=0
info|2023-05-28 13:05:25.667009|[g:1][CONSENSUS][PBFT]checkTimeout Succ,view=18,toView=19,nodeIdx=0,changeCycle=1,myNode=7380ded5...,timecost=1
info|2023-05-28 13:05:25.670955|[g:1][CONSENSUS][PBFT]checkAndChangeView: Reach consensus,org_view=18,cur_changeCycle=1,curView=18,view=19
info|2023-05-28 13:05:26.670904|[g:1][CONSENSUS]addRawPrepare,height=1,reqIdx=3,hash=00e253ca...,time=0
info|2023-05-28 13:05:26.671447|[g:1][CONSENSUS][PBFT]checkTimeout Succ,view=19,toView=20,nodeIdx=0,changeCycle=1,myNode=7380ded5...,timecost=0
info|2023-05-28 13:05:26.675347|[g:1][CONSENSUS][PBFT]checkAndChangeView: Reach consensus,org_view=19,cur_changeCycle=1,curView=19,view=20
info|2023-05-28 13:05:27.675722|[g:1][CONSENSUS][SEALER]++++++++++++++++ Generating seal on,blkNum=1,tx=0,nodeIdx=0,hash=adb92ce5...
info|2023-05-28 13:05:27.678605|[g:1][CONSENSUS][PBFT]checkTimeout Succ,view=20,toView=21,nodeIdx=0,changeCycle=1,myNode=7380ded5...,timecost=2
info|2023-05-28 13:05:27.680594|[g:1][CONSENSUS][PBFT]checkAndChangeView: Reach consensus,org_view=20,cur_changeCycle=1,curView=20,view=21
info|2023-05-28 13:05:28.378766|[P2P][Service] heartBeat,connected count=3
info|2023-05-28 13:05:28.682156|[g:1][CONSENSUS]addRawPrepare,height=1,reqIdx=1,hash=132aceee...,time=0
info|2023-05-28 13:05:28.683720|[g:1][CONSENSUS][PBFT]checkTimeout Succ,view=21,toView=22,nodeIdx=0,changeCycle=1,myNode=7380ded5...,timecost=1
info|2023-05-28 13:05:28.685236|[g:1][CONSENSUS][PBFT]checkAndChangeView: Reach consensus,org_view=21,cur_changeCycle=1,curView=21,view=22
info|2023-05-28 13:05:29.689692|[g:1][CONSENSUS]addRawPrepare,height=1,reqIdx=2,hash=aff4c7e4...,time=0
info|2023-05-28 13:05:29.690446|[g:1][CONSENSUS][PBFT]checkTimeout Succ,view=22,toView=23,nodeIdx=0,changeCycle=1,myNode=7380ded5...,timecost=1
info|2023-05-28 13:05:29.691808|[g:1][CONSENSUS][PBFT]checkAndChangeView: Reach consensus,org_view=22,cur_changeCycle=1,curView=22,view=23
info|2023-05-28 13:05:30.696439|[g:1][CONSENSUS]addRawPrepare,height=1,reqIdx=3,hash=de6f934c...,time=0
info|2023-05-28 13:05:30.697633|[g:1][CONSENSUS][PBFT]checkTimeout Succ,view=23,toView=24,nodeIdx=0,changeCycle=1,myNode=7380ded5...,timecost=1
info|2023-05-28 13:05:30.699118|[g:1][CONSENSUS][PBFT]checkAndChangeView: Reach consensus,org_view=23,cur_changeCycle=1,curView=23,view=24
info|2023-05-28 13:05:31.700058|[g:1][CONSENSUS][SEALER]++++++++++++++++ Generating seal on,blkNum=1,tx=0,nodeIdx=0,hash=de60ffbd...
info|2023-05-28 13:05:31.702127|[g:1][CONSENSUS][PBFT]checkTimeout Succ,view=24,toView=25,nodeIdx=0,changeCycle=1,myNode=7380ded5...,timecost=1
info|2023-05-28 13:05:31.707337|[g:1][CONSENSUS][PBFT]checkAndChangeView: Reach consensus,org_view=24,cur_changeCycle=1,curView=24,view=25
info|2023-05-28 13:05:32.710712|[g:1][CONSENSUS]addRawPrepare,height=1,reqIdx=1,hash=66b5aca9...,time=0
info|2023-05-28 13:05:32.711277|[g:1][CONSENSUS][PBFT]checkTimeout Succ,view=25,toView=26,nodeIdx=0,changeCycle=1,myNode=7380ded5...,timecost=1
info|2023-05-28 13:05:32.713747|[g:1][CONSENSUS][PBFT]checkAndChangeView: Reach consensus,org_view=25,cur_changeCycle=1,curView=25,view=26
info|2023-05-28 13:05:33.715208|[g:1][CONSENSUS]addRawPrepare,height=1,reqIdx=2,hash=19e675a3...,time=0
info|2023-05-28 13:05:33.716239|[g:1][CONSENSUS][PBFT]checkTimeout Succ,view=26,toView=27,nodeIdx=0,changeCycle=1,myNode=7380ded5...,timecost=1
info|2023-05-28 13:05:33.720030|[g:1][CONSENSUS][PBFT]checkAndChangeView: Reach consensus,org_view=26,cur_changeCycle=1,curView=26,view=27
info|2023-05-28 13:05:34.722101|[g:1][CONSENSUS]addRawPrepare,height=1,reqIdx=3,hash=ed88582e...,time=0
info|2023-05-28 13:05:34.722897|[g:1][CONSENSUS][PBFT]checkTimeout Succ,view=27,toView=28,nodeIdx=0,changeCycle=1,myNode=7380ded5...,timecost=0
info|2023-05-28 13:05:34.723832|[g:1][CONSENSUS][PBFT]checkAndChangeView: Reach consensus,org_view=27,cur_changeCycle=1,curView=27,view=28
info|2023-05-28 13:05:35.724043|[g:1][CONSENSUS][SEALER]++++++++++++++++ Generating seal on,blkNum=1,tx=0,nodeIdx=0,hash=c8bc6833...
info|2023-05-28 13:05:35.725406|[g:1][CONSENSUS][PBFT]checkTimeout Succ,view=28,toView=29,nodeIdx=0,changeCycle=1,myNode=7380ded5...,timecost=0
info|2023-05-28 13:05:35.728836|[g:1][CONSENSUS][PBFT]checkAndChangeView: Reach consensus,org_view=28,cur_changeCycle=1,curView=28,view=29
info|2023-05-28 13:05:36.733496|[g:1][CONSENSUS]addRawPrepare,height=1,reqIdx=1,hash=a662a310...,time=0
info|2023-05-28 13:05:36.733951|[g:1][CONSENSUS][PBFT]checkTimeout Succ,view=29,toView=30,nodeIdx=0,changeCycle=1,myNode=7380ded5...,timecost=0
info|2023-05-28 13:05:36.735214|[g:1][CONSENSUS][PBFT]checkAndChangeView: Reach consensus,org_view=29,cur_changeCycle=1,curView=29,view=30
info|2023-05-28 13:05:37.738535|[g:1][CONSENSUS]addRawPrepare,height=1,reqIdx=2,hash=c8cf7eed...,time=0
info|2023-05-28 13:05:37.739175|[g:1][CONSENSUS][PBFT]checkTimeout Succ,view=30,toView=31,nodeIdx=0,changeCycle=1,myNode=7380ded5...,timecost=1
info|2023-05-28 13:05:37.740759|[g:1][CONSENSUS][PBFT]checkAndChangeView: Reach consensus,org_view=30,cur_changeCycle=1,curView=30,view=31
info|2023-05-28 13:05:38.378912|[P2P][Service] heartBeat,connected count=3
info|2023-05-28 13:05:38.743494|[g:1][CONSENSUS]addRawPrepare,height=1,reqIdx=3,hash=07341cd3...,time=0
info|2023-05-28 13:05:38.744890|[g:1][CONSENSUS][PBFT]checkTimeout Succ,view=31,toView=32,nodeIdx=0,changeCycle=1,myNode=7380ded5...,timecost=0
info|2023-05-28 13:05:38.745828|[g:1][CONSENSUS][PBFT]checkAndChangeView: Reach consensus,org_view=31,cur_changeCycle=1,curView=31,view=32
info|2023-05-28 13:05:39.745504|[g:1][CONSENSUS][SEALER]++++++++++++++++ Generating seal on,blkNum=1,tx=0,nodeIdx=0,hash=f3503af9...
info|2023-05-28 13:05:39.749196|[g:1][CONSENSUS][PBFT]checkTimeout Succ,view=32,toView=33,nodeIdx=0,changeCycle=1,myNode=7380ded5...,timecost=1
info|2023-05-28 13:05:39.750191|[g:1][CONSENSUS][PBFT]checkAndChangeView: Reach consensus,org_view=32,cur_changeCycle=1,curView=32,view=33
info|2023-05-28 13:05:40.754036|[g:1][CONSENSUS]addRawPrepare,height=1,reqIdx=1,hash=f166b669...,time=0
info|2023-05-28 13:05:40.754777|[g:1][CONSENSUS][PBFT]checkTimeout Succ,view=33,toView=34,nodeIdx=0,changeCycle=1,myNode=7380ded5...,timecost=0
info|2023-05-28 13:05:40.755633|[g:1][CONSENSUS][PBFT]checkAndChangeView: Reach consensus,org_view=33,cur_changeCycle=1,curView=33,view=34
info|2023-05-28 13:05:41.759187|[g:1][CONSENSUS]addRawPrepare,height=1,reqIdx=2,hash=e724971e...,time=0
info|2023-05-28 13:05:41.759731|[g:1][CONSENSUS][PBFT]checkTimeout Succ,view=34,toView=35,nodeIdx=0,changeCycle=1,myNode=7380ded5...,timecost=0
info|2023-05-28 13:05:41.761563|[g:1][CONSENSUS][PBFT]checkAndChangeView: Reach consensus,org_view=34,cur_changeCycle=1,curView=34,view=35
info|2023-05-28 13:05:42.763808|[g:1][CONSENSUS]addRawPrepare,height=1,reqIdx=3,hash=981894e9...,time=0
info|2023-05-28 13:05:42.764489|[g:1][CONSENSUS][PBFT]checkTimeout Succ,view=35,toView=36,nodeIdx=0,changeCycle=1,myNode=7380ded5...,timecost=1
info|2023-05-28 13:05:42.766384|[g:1][CONSENSUS][PBFT]checkAndChangeView: Reach consensus,org_view=35,cur_changeCycle=1,curView=35,view=36
info|2023-05-28 13:05:43.767043|[g:1][CONSENSUS][SEALER]++++++++++++++++ Generating seal on,blkNum=1,tx=0,nodeIdx=0,hash=cd8fed4c...
info|2023-05-28 13:05:43.768720|[g:1][CONSENSUS][PBFT]checkTimeout Succ,view=36,toView=37,nodeIdx=0,changeCycle=1,myNode=7380ded5...,timecost=0
info|2023-05-28 13:05:43.771868|[g:1][CONSENSUS][PBFT]checkAndChangeView: Reach consensus,org_view=36,cur_changeCycle=1,curView=36,view=37
info|2023-05-28 13:05:44.776397|[g:1][CONSENSUS]addRawPrepare,height=1,reqIdx=1,hash=167c8bb4...,time=0
info|2023-05-28 13:05:44.776864|[g:1][CONSENSUS][PBFT]checkTimeout Succ,view=37,toView=38,nodeIdx=0,changeCycle=1,myNode=7380ded5...,timecost=0
info|2023-05-28 13:05:44.777790|[g:1][CONSENSUS][PBFT]checkAndChangeView: Reach consensus,org_view=37,cur_changeCycle=1,curView=37,view=38
info|2023-05-28 13:05:45.798503|[g:1][CONSENSUS]addRawPrepare,height=1,reqIdx=2,hash=428a07b9...,time=0
info|2023-05-28 13:05:45.799077|[g:1][CONSENSUS][PBFT]checkTimeout Succ,view=38,toView=39,nodeIdx=0,changeCycle=1,myNode=7380ded5...,timecost=1
info|2023-05-28 13:05:45.800957|[g:1][CONSENSUS][PBFT]checkAndChangeView: Reach consensus,org_view=38,cur_changeCycle=1,curView=38,view=39
info|2023-05-28 13:05:46.802844|[g:1][CONSENSUS]addRawPrepare,height=1,reqIdx=3,hash=773dbd14...,time=0
info|2023-05-28 13:05:46.803440|[g:1][CONSENSUS][PBFT]checkTimeout Succ,view=39,toView=40,nodeIdx=0,changeCycle=1,myNode=7380ded5...,timecost=0
info|2023-05-28 13:05:46.805300|[g:1][CONSENSUS][PBFT]checkAndChangeView: Reach consensus,org_view=39,cur_changeCycle=1,curView=39,view=40
info|2023-05-28 13:05:47.806095|[g:1][CONSENSUS][SEALER]++++++++++++++++ Generating seal on,blkNum=1,tx=0,nodeIdx=0,hash=649a8f6f...
info|2023-05-28 13:05:47.810532|[g:1][CONSENSUS][PBFT]checkTimeout Succ,view=40,toView=41,nodeIdx=0,changeCycle=1,myNode=7380ded5...,timecost=1
info|2023-05-28 13:05:47.811679|[g:1][CONSENSUS][PBFT]checkAndChangeView: Reach consensus,org_view=40,cur_changeCycle=1,curView=40,view=41
info|2023-05-28 13:05:48.379193|[P2P][Service] heartBeat,connected count=3
info|2023-05-28 13:05:48.813285|[g:1][CONSENSUS]addRawPrepare,height=1,reqIdx=1,hash=32547330...,time=0
info|2023-05-28 13:05:48.813736|[g:1][CONSENSUS][PBFT]checkTimeout Succ,view=41,toView=42,nodeIdx=0,changeCycle=1,myNode=7380ded5...,timecost=0
info|2023-05-28 13:05:48.815859|[g:1][CONSENSUS][PBFT]checkAndChangeView: Reach consensus,org_view=41,cur_changeCycle=1,curView=41,view=42
info|2023-05-28 13:05:49.819117|[g:1][CONSENSUS]addRawPrepare,height=1,reqIdx=2,hash=6bb897a4...,time=0
info|2023-05-28 13:05:49.819816|[g:1][CONSENSUS][PBFT]checkTimeout Succ,view=42,toView=43,nodeIdx=0,changeCycle=1,myNode=7380ded5...,timecost=0
info|2023-05-28 13:05:49.825578|[g:1][CONSENSUS][PBFT]checkAndChangeView: Reach consensus,org_view=42,cur_changeCycle=1,curView=42,view=43
info|2023-05-28 13:05:50.825920|[g:1][CONSENSUS]addRawPrepare,height=1,reqIdx=3,hash=475ac2be...,time=0
info|2023-05-28 13:05:50.826293|[g:1][CONSENSUS][PBFT]checkTimeout Succ,view=43,toView=44,nodeIdx=0,changeCycle=1,myNode=7380ded5...,timecost=0
info|2023-05-28 13:05:50.828615|[g:1][CONSENSUS][PBFT]checkAndChangeView: Reach consensus,org_view=43,cur_changeCycle=1,curView=43,view=44
info|2023-05-28 13:05:51.828370|[g:1][CONSENSUS][SEALER]++++++++++++++++ Generating seal on,blkNum=1,tx=0,nodeIdx=0,hash=0b4580ee...
info|2023-05-28 13:05:51.830257|[g:1][CONSENSUS][PBFT]checkTimeout Succ,view=44,toView=45,nodeIdx=0,changeCycle=1,myNode=7380ded5...,timecost=1
info|2023-05-28 13:05:51.832905|[g:1][CONSENSUS][PBFT]checkAndChangeView: Reach consensus,org_view=44,cur_changeCycle=1,curView=44,view=45
info|2023-05-28 13:05:52.837359|[g:1][CONSENSUS]addRawPrepare,height=1,reqIdx=1,hash=b6a53536...,time=0
info|2023-05-28 13:05:52.837896|[g:1][CONSENSUS][PBFT]checkTimeout Succ,view=45,toView=46,nodeIdx=0,changeCycle=1,myNode=7380ded5...,timecost=0
info|2023-05-28 13:05:52.839152|[g:1][CONSENSUS][PBFT]checkAndChangeView: Reach consensus,org_view=45,cur_changeCycle=1,curView=45,view=46
info|2023-05-28 13:05:53.840692|[g:1][CONSENSUS]addRawPrepare,height=1,reqIdx=2,hash=69ea4c4b...,time=0
info|2023-05-28 13:05:53.841064|[g:1][CONSENSUS][PBFT]checkTimeout Succ,view=46,toView=47,nodeIdx=0,changeCycle=1,myNode=7380ded5...,timecost=1
info|2023-05-28 13:05:53.843383|[g:1][CONSENSUS][PBFT]checkAndChangeView: Reach consensus,org_view=46,cur_changeCycle=1,curView=46,view=47
info|2023-05-28 13:05:54.847294|[g:1][CONSENSUS]addRawPrepare,height=1,reqIdx=3,hash=423e7600...,time=0
info|2023-05-28 13:05:54.847990|[g:1][CONSENSUS][PBFT]checkTimeout Succ,view=47,toView=48,nodeIdx=0,changeCycle=1,myNode=7380ded5...,timecost=1
info|2023-05-28 13:05:54.851033|[g:1][CONSENSUS][PBFT]checkAndChangeView: Reach consensus,org_view=47,cur_changeCycle=1,curView=47,view=48
info|2023-05-28 13:05:55.851997|[g:1][CONSENSUS][SEALER]++++++++++++++++ Generating seal on,blkNum=1,tx=0,nodeIdx=0,hash=80b55fab...
info|2023-05-28 13:05:55.853343|[g:1][CONSENSUS][PBFT]checkTimeout Succ,view=48,toView=49,nodeIdx=0,changeCycle=1,myNode=7380ded5...,timecost=1
info|2023-05-28 13:05:55.856566|[g:1][CONSENSUS][PBFT]checkAndChangeView: Reach consensus,org_view=48,cur_changeCycle=1,curView=48,view=49
info|2023-05-28 13:05:56.859201|[g:1][CONSENSUS]addRawPrepare,height=1,reqIdx=1,hash=2e4af131...,time=0
info|2023-05-28 13:05:56.861689|[g:1][CONSENSUS][PBFT]checkTimeout Succ,view=49,toView=50,nodeIdx=0,changeCycle=1,myNode=7380ded5...,timecost=2
info|2023-05-28 13:05:56.863852|[g:1][CONSENSUS][PBFT]checkAndChangeView: Reach consensus,org_view=49,cur_changeCycle=1,curView=49,view=50
info|2023-05-28 13:05:57.865487|[g:1][CONSENSUS]addRawPrepare,height=1,reqIdx=2,hash=a6f638ce...,time=0
info|2023-05-28 13:05:57.865977|[g:1][CONSENSUS][PBFT]checkTimeout Succ,view=50,toView=51,nodeIdx=0,changeCycle=1,myNode=7380ded5...,timecost=0
info|2023-05-28 13:05:57.870076|[g:1][CONSENSUS][PBFT]checkAndChangeView: Reach consensus,org_view=50,cur_changeCycle=1,curView=50,view=51
info|2023-05-28 13:05:58.379314|[P2P][Service] heartBeat,connected count=3
info|2023-05-28 13:05:58.872731|[g:1][CONSENSUS]addRawPrepare,height=1,reqIdx=3,hash=9753f13c...,time=0
info|2023-05-28 13:05:58.873267|[g:1][CONSENSUS][PBFT]checkTimeout Succ,view=51,toView=52,nodeIdx=0,changeCycle=1,myNode=7380ded5...,timecost=1
info|2023-05-28 13:05:58.875311|[g:1][CONSENSUS][PBFT]checkAndChangeView: Reach consensus,org_view=51,cur_changeCycle=1,curView=51,view=52
info|2023-05-28 13:05:59.875633|[g:1][CONSENSUS][SEALER]++++++++++++++++ Generating seal on,blkNum=1,tx=0,nodeIdx=0,hash=205a74a0...
info|2023-05-28 13:05:59.876564|[g:1][CONSENSUS][PBFT]checkTimeout Succ,view=52,toView=53,nodeIdx=0,changeCycle=1,myNode=7380ded5...,timecost=0
info|2023-05-28 13:05:59.878860|[g:1][CONSENSUS][PBFT]checkAndChangeView: Reach consensus,org_view=52,cur_changeCycle=1,curView=52,view=53
info|2023-05-28 13:06:00.880335|[g:1][CONSENSUS]addRawPrepare,height=1,reqIdx=1,hash=3f613772...,time=0
info|2023-05-28 13:06:00.880859|[g:1][CONSENSUS][PBFT]checkTimeout Succ,view=53,toView=54,nodeIdx=0,changeCycle=1,myNode=7380ded5...,timecost=0
info|2023-05-28 13:06:00.883363|[g:1][CONSENSUS][PBFT]checkAndChangeView: Reach consensus,org_view=53,cur_changeCycle=1,curView=53,view=54
info|2023-05-28 13:06:01.886287|[g:1][CONSENSUS]addRawPrepare,height=1,reqIdx=2,hash=b974bcca...,time=0
info|2023-05-28 13:06:01.886735|[g:1][CONSENSUS][PBFT]checkTimeout Succ,view=54,toView=55,nodeIdx=0,changeCycle=1,myNode=7380ded5...,timecost=0
info|2023-05-28 13:06:01.887989|[g:1][CONSENSUS][PBFT]checkAndChangeView: Reach consensus,org_view=54,cur_changeCycle=1,curView=54,view=55
info|2023-05-28 13:06:02.892021|[g:1][CONSENSUS]addRawPrepare,height=1,reqIdx=3,hash=f1111242...,time=0
info|2023-05-28 13:06:02.892590|[g:1][CONSENSUS][PBFT]checkTimeout Succ,view=55,toView=56,nodeIdx=0,changeCycle=1,myNode=7380ded5...,timecost=0
info|2023-05-28 13:06:02.893184|[g:1][CONSENSUS][PBFT]checkAndChangeView: Reach consensus,org_view=55,cur_changeCycle=1,curView=55,view=56
info|2023-05-28 13:06:03.894174|[g:1][CONSENSUS][SEALER]++++++++++++++++ Generating seal on,blkNum=1,tx=0,nodeIdx=0,hash=64e88777...
info|2023-05-28 13:06:03.895764|[g:1][CONSENSUS][PBFT]checkTimeout Succ,view=56,toView=57,nodeIdx=0,changeCycle=1,myNode=7380ded5...,timecost=0
info|2023-05-28 13:06:03.897699|[g:1][CONSENSUS][PBFT]checkAndChangeView: Reach consensus,org_view=56,cur_changeCycle=1,curView=56,view=57
info|2023-05-28 13:06:04.901057|[g:1][CONSENSUS]addRawPrepare,height=1,reqIdx=1,hash=edcf3f5d...,time=0
info|2023-05-28 13:06:04.901508|[g:1][CONSENSUS][PBFT]checkTimeout Succ,view=57,toView=58,nodeIdx=0,changeCycle=1,myNode=7380ded5...,timecost=0
info|2023-05-28 13:06:04.902879|[g:1][CONSENSUS][PBFT]checkAndChangeView: Reach consensus,org_view=57,cur_changeCycle=1,curView=57,view=58
info|2023-05-28 13:06:05.908158|[g:1][CONSENSUS]addRawPrepare,height=1,reqIdx=2,hash=dbe4c1e5...,time=0
info|2023-05-28 13:06:05.908770|[g:1][CONSENSUS][PBFT]checkTimeout Succ,view=58,toView=59,nodeIdx=0,changeCycle=1,myNode=7380ded5...,timecost=0
info|2023-05-28 13:06:05.909857|[g:1][CONSENSUS][PBFT]checkAndChangeView: Reach consensus,org_view=58,cur_changeCycle=1,curView=58,view=59
info|2023-05-28 13:06:06.912317|[g:1][CONSENSUS]addRawPrepare,height=1,reqIdx=3,hash=07f94d72...,time=0
info|2023-05-28 13:06:06.913309|[g:1][CONSENSUS][PBFT]checkTimeout Succ,view=59,toView=60,nodeIdx=0,changeCycle=1,myNode=7380ded5...,timecost=1
info|2023-05-28 13:06:06.915149|[g:1][CONSENSUS][PBFT]checkAndChangeView: Reach consensus,org_view=59,cur_changeCycle=1,curView=59,view=60
info|2023-05-28 13:06:07.916206|[g:1][CONSENSUS][SEALER]++++++++++++++++ Generating seal on,blkNum=1,tx=0,nodeIdx=0,hash=11d07ece...
info|2023-05-28 13:06:07.917439|[g:1][CONSENSUS][PBFT]checkTimeout Succ,view=60,toView=61,nodeIdx=0,changeCycle=1,myNode=7380ded5...,timecost=0
info|2023-05-28 13:06:07.921477|[g:1][CONSENSUS][PBFT]checkAndChangeView: Reach consensus,org_view=60,cur_changeCycle=1,curView=60,view=61
info|2023-05-28 13:06:08.379589|[P2P][Service] heartBeat,connected count=3
info|2023-05-28 13:06:08.923541|[g:1][CONSENSUS]addRawPrepare,height=1,reqIdx=1,hash=4ba58220...,time=0
info|2023-05-28 13:06:08.924471|[g:1][CONSENSUS][PBFT]checkTimeout Succ,view=61,toView=62,nodeIdx=0,changeCycle=1,myNode=7380ded5...,timecost=1
info|2023-05-28 13:06:08.926033|[g:1][CONSENSUS][PBFT]checkAndChangeView: Reach consensus,org_view=61,cur_changeCycle=1,curView=61,view=62
info|2023-05-28 13:06:09.928771|[g:1][CONSENSUS]addRawPrepare,height=1,reqIdx=2,hash=df7d62c7...,time=0
info|2023-05-28 13:06:09.929430|[g:1][CONSENSUS][PBFT]checkTimeout Succ,view=62,toView=63,nodeIdx=0,changeCycle=1,myNode=7380ded5...,timecost=1
info|2023-05-28 13:06:09.931900|[g:1][CONSENSUS][PBFT]checkAndChangeView: Reach consensus,org_view=62,cur_changeCycle=1,curView=62,view=63
info|2023-05-28 13:06:10.936601|[g:1][CONSENSUS]addRawPrepare,height=1,reqIdx=3,hash=c5cb9ebc...,time=0
info|2023-05-28 13:06:10.937103|[g:1][CONSENSUS][PBFT]checkTimeout Succ,view=63,toView=64,nodeIdx=0,changeCycle=1,myNode=7380ded5...,timecost=1
info|2023-05-28 13:06:10.940195|[g:1][CONSENSUS][PBFT]checkAndChangeView: Reach consensus,org_view=63,cur_changeCycle=1,curView=63,view=64
info|2023-05-28 13:06:11.940963|[g:1][CONSENSUS][SEALER]++++++++++++++++ Generating seal on,blkNum=1,tx=0,nodeIdx=0,hash=8cb03ff7...
info|2023-05-28 13:06:11.942674|[g:1][CONSENSUS][PBFT]checkTimeout Succ,view=64,toView=65,nodeIdx=0,changeCycle=1,myNode=7380ded5...,timecost=0
info|2023-05-28 13:06:11.947730|[g:1][CONSENSUS][PBFT]checkAndChangeView: Reach consensus,org_view=64,cur_changeCycle=1,curView=64,view=65
info|2023-05-28 13:06:12.948492|[g:1][CONSENSUS]addRawPrepare,height=1,reqIdx=1,hash=e1d5ba4a...,time=0
info|2023-05-28 13:06:12.949627|[g:1][CONSENSUS][PBFT]checkTimeout Succ,view=65,toView=66,nodeIdx=0,changeCycle=1,myNode=7380ded5...,timecost=1
info|2023-05-28 13:06:12.952181|[g:1][CONSENSUS][PBFT]checkAndChangeView: Reach consensus,org_view=65,cur_changeCycle=1,curView=65,view=66
info|2023-05-28 13:06:13.952873|[g:1][CONSENSUS]addRawPrepare,height=1,reqIdx=2,hash=0d74feaf...,time=0
info|2023-05-28 13:06:13.954231|[g:1][CONSENSUS][PBFT]checkTimeout Succ,view=66,toView=67,nodeIdx=0,changeCycle=1,myNode=7380ded5...,timecost=1
info|2023-05-28 13:06:13.958761|[g:1][CONSENSUS][PBFT]checkAndChangeView: Reach consensus,org_view=66,cur_changeCycle=1,curView=66,view=67
info|2023-05-28 13:06:14.960270|[g:1][CONSENSUS]addRawPrepare,height=1,reqIdx=3,hash=d6eaa7cf...,time=0
info|2023-05-28 13:06:14.960767|[g:1][CONSENSUS][PBFT]checkTimeout Succ,view=67,toView=68,nodeIdx=0,changeCycle=1,myNode=7380ded5...,timecost=0
info|2023-05-28 13:06:14.962737|[g:1][CONSENSUS][PBFT]checkAndChangeView: Reach consensus,org_view=67,cur_changeCycle=1,curView=67,view=68
info|2023-05-28 13:06:15.962386|[g:1][CONSENSUS][SEALER]++++++++++++++++ Generating seal on,blkNum=1,tx=0,nodeIdx=0,hash=de4c118f...
info|2023-05-28 13:06:15.963798|[g:1][CONSENSUS][PBFT]checkTimeout Succ,view=68,toView=69,nodeIdx=0,changeCycle=1,myNode=7380ded5...,timecost=0
info|2023-05-28 13:06:15.969046|[g:1][CONSENSUS][PBFT]checkAndChangeView: Reach consensus,org_view=68,cur_changeCycle=1,curView=68,view=69
info|2023-05-28 13:06:16.970647|[g:1][CONSENSUS]addRawPrepare,height=1,reqIdx=1,hash=9a1a01c5...,time=0
info|2023-05-28 13:06:16.971656|[g:1][CONSENSUS][PBFT]checkTimeout Succ,view=69,toView=70,nodeIdx=0,changeCycle=1,myNode=7380ded5...,timecost=0
info|2023-05-28 13:06:16.974141|[g:1][CONSENSUS][PBFT]checkAndChangeView: Reach consensus,org_view=69,cur_changeCycle=1,curView=69,view=70
info|2023-05-28 13:06:17.975321|[g:1][CONSENSUS]addRawPrepare,height=1,reqIdx=2,hash=7e235230...,time=0
info|2023-05-28 13:06:17.975883|[g:1][CONSENSUS][PBFT]checkTimeout Succ,view=70,toView=71,nodeIdx=0,changeCycle=1,myNode=7380ded5...,timecost=0
info|2023-05-28 13:06:17.978220|[g:1][CONSENSUS][PBFT]checkAndChangeView: Reach consensus,org_view=70,cur_changeCycle=1,curView=70,view=71
info|2023-05-28 13:06:18.379726|[P2P][Service] heartBeat,connected count=3
info|2023-05-28 13:06:18.982139|[g:1][CONSENSUS]addRawPrepare,height=1,reqIdx=3,hash=4fd59faf...,time=0
info|2023-05-28 13:06:18.982664|[g:1][CONSENSUS][PBFT]checkTimeout Succ,view=71,toView=72,nodeIdx=0,changeCycle=1,myNode=7380ded5...,timecost=0
info|2023-05-28 13:06:18.984545|[g:1][CONSENSUS][PBFT]checkAndChangeView: Reach consensus,org_view=71,cur_changeCycle=1,curView=71,view=72
info|2023-05-28 13:06:19.984943|[g:1][CONSENSUS][SEALER]++++++++++++++++ Generating seal on,blkNum=1,tx=0,nodeIdx=0,hash=073d7d93...
info|2023-05-28 13:06:19.986384|[g:1][CONSENSUS][PBFT]checkTimeout Succ,view=72,toView=73,nodeIdx=0,changeCycle=1,myNode=7380ded5...,timecost=1
info|2023-05-28 13:06:19.990484|[g:1][CONSENSUS][PBFT]checkAndChangeView: Reach consensus,org_view=72,cur_changeCycle=1,curView=72,view=73
info|2023-05-28 13:06:20.995297|[g:1][CONSENSUS]addRawPrepare,height=1,reqIdx=1,hash=9a76db53...,time=0
info|2023-05-28 13:06:20.996330|[g:1][CONSENSUS][PBFT]checkTimeout Succ,view=73,toView=74,nodeIdx=0,changeCycle=1,myNode=7380ded5...,timecost=1
info|2023-05-28 13:06:21.001584|[g:1][CONSENSUS][PBFT]checkAndChangeView: Reach consensus,org_view=73,cur_changeCycle=1,curView=73,view=74
info|2023-05-28 13:06:22.002244|[g:1][CONSENSUS]addRawPrepare,height=1,reqIdx=2,hash=91ba973c...,time=0
info|2023-05-28 13:06:22.003048|[g:1][CONSENSUS][PBFT]checkTimeout Succ,view=74,toView=75,nodeIdx=0,changeCycle=1,myNode=7380ded5...,timecost=1
info|2023-05-28 13:06:22.004535|[g:1][CONSENSUS][PBFT]checkAndChangeView: Reach consensus,org_view=74,cur_changeCycle=1,curView=74,view=75
info|2023-05-28 13:06:23.011787|[g:1][CONSENSUS]addRawPrepare,height=1,reqIdx=3,hash=6740657f...,time=0
info|2023-05-28 13:06:23.012441|[g:1][CONSENSUS][PBFT]checkTimeout Succ,view=75,toView=76,nodeIdx=0,changeCycle=1,myNode=7380ded5...,timecost=1
info|2023-05-28 13:06:23.014254|[g:1][CONSENSUS][PBFT]checkAndChangeView: Reach consensus,org_view=75,cur_changeCycle=1,curView=75,view=76
info|2023-05-28 13:06:24.014832|[g:1][CONSENSUS][SEALER]++++++++++++++++ Generating seal on,blkNum=1,tx=0,nodeIdx=0,hash=7970e9b0...
info|2023-05-28 13:06:24.017158|[g:1][CONSENSUS][PBFT]checkTimeout Succ,view=76,toView=77,nodeIdx=0,changeCycle=1,myNode=7380ded5...,timecost=1
info|2023-05-28 13:06:24.021346|[g:1][CONSENSUS][PBFT]checkAndChangeView: Reach consensus,org_view=76,cur_changeCycle=1,curView=76,view=77
info|2023-05-28 13:06:25.023218|[g:1][CONSENSUS]addRawPrepare,height=1,reqIdx=1,hash=c046646a...,time=0
info|2023-05-28 13:06:25.023883|[g:1][CONSENSUS][PBFT]checkTimeout Succ,view=77,toView=78,nodeIdx=0,changeCycle=1,myNode=7380ded5...,timecost=0
info|2023-05-28 13:06:25.032027|[g:1][CONSENSUS][PBFT]checkAndChangeView: Reach consensus,org_view=77,cur_changeCycle=1,curView=77,view=78
info|2023-05-28 13:06:26.029342|[g:1][CONSENSUS]addRawPrepare,height=1,reqIdx=2,hash=d1af3379...,time=0
info|2023-05-28 13:06:26.030150|[g:1][CONSENSUS][PBFT]checkTimeout Succ,view=78,toView=79,nodeIdx=0,changeCycle=1,myNode=7380ded5...,timecost=1
info|2023-05-28 13:06:26.031812|[g:1][CONSENSUS][PBFT]checkAndChangeView: Reach consensus,org_view=78,cur_changeCycle=1,curView=78,view=79
info|2023-05-28 13:06:27.035755|[g:1][CONSENSUS]addRawPrepare,height=1,reqIdx=3,hash=ed1c8719...,time=0
info|2023-05-28 13:06:27.036225|[g:1][CONSENSUS][PBFT]checkTimeout Succ,view=79,toView=80,nodeIdx=0,changeCycle=1,myNode=7380ded5...,timecost=1
info|2023-05-28 13:06:27.038417|[g:1][CONSENSUS][PBFT]checkAndChangeView: Reach consensus,org_view=79,cur_changeCycle=1,curView=79,view=80
info|2023-05-28 13:06:28.038450|[g:1][CONSENSUS][SEALER]++++++++++++++++ Generating seal on,blkNum=1,tx=0,nodeIdx=0,hash=8e98db21...
info|2023-05-28 13:06:28.039853|[g:1][CONSENSUS][PBFT]checkTimeout Succ,view=80,toView=81,nodeIdx=0,changeCycle=1,myNode=7380ded5...,timecost=0
info|2023-05-28 13:06:28.045643|[g:1][CONSENSUS][PBFT]checkAndChangeView: Reach consensus,org_view=80,cur_changeCycle=1,curView=80,view=81
info|2023-05-28 13:06:28.379975|[P2P][Service] heartBeat,connected count=3
info|2023-05-28 13:06:29.047582|[g:1][CONSENSUS]addRawPrepare,height=1,reqIdx=1,hash=f0f32440...,time=0
info|2023-05-28 13:06:29.048422|[g:1][CONSENSUS][PBFT]checkTimeout Succ,view=81,toView=82,nodeIdx=0,changeCycle=1,myNode=7380ded5...,timecost=1
info|2023-05-28 13:06:29.050482|[g:1][CONSENSUS][PBFT]checkAndChangeView: Reach consensus,org_view=81,cur_changeCycle=1,curView=81,view=82
info|2023-05-28 13:06:30.052762|[g:1][CONSENSUS]addRawPrepare,height=1,reqIdx=2,hash=9f6163f8...,time=0
info|2023-05-28 13:06:30.053971|[g:1][CONSENSUS][PBFT]checkTimeout Succ,view=82,toView=83,nodeIdx=0,changeCycle=1,myNode=7380ded5...,timecost=2
info|2023-05-28 13:06:30.057708|[g:1][CONSENSUS][PBFT]checkAndChangeView: Reach consensus,org_view=82,cur_changeCycle=1,curView=82,view=83
info|2023-05-28 13:06:31.060897|[g:1][CONSENSUS]addRawPrepare,height=1,reqIdx=3,hash=88dba989...,time=0
info|2023-05-28 13:06:31.061639|[g:1][CONSENSUS][PBFT]checkTimeout Succ,view=83,toView=84,nodeIdx=0,changeCycle=1,myNode=7380ded5...,timecost=1
info|2023-05-28 13:06:31.062389|[g:1][CONSENSUS][PBFT]checkAndChangeView: Reach consensus,org_view=83,cur_changeCycle=1,curView=83,view=84
info|2023-05-28 13:06:32.062293|[g:1][CONSENSUS][SEALER]++++++++++++++++ Generating seal on,blkNum=1,tx=0,nodeIdx=0,hash=446ca224...
info|2023-05-28 13:06:32.063319|[g:1][CONSENSUS][PBFT]checkTimeout Succ,view=84,toView=85,nodeIdx=0,changeCycle=1,myNode=7380ded5...,timecost=0
info|2023-05-28 13:06:32.067293|[g:1][CONSENSUS][PBFT]checkAndChangeView: Reach consensus,org_view=84,cur_changeCycle=1,curView=84,view=85
info|2023-05-28 13:06:33.070482|[g:1][CONSENSUS]addRawPrepare,height=1,reqIdx=1,hash=bae58282...,time=0
info|2023-05-28 13:06:33.070901|[g:1][CONSENSUS][PBFT]checkTimeout Succ,view=85,toView=86,nodeIdx=0,changeCycle=1,myNode=7380ded5...,timecost=0
info|2023-05-28 13:06:33.071812|[g:1][CONSENSUS][PBFT]checkAndChangeView: Reach consensus,org_view=85,cur_changeCycle=1,curView=85,view=86
info|2023-05-28 13:06:34.078152|[g:1][CONSENSUS]addRawPrepare,height=1,reqIdx=2,hash=8a12c60a...,time=0
info|2023-05-28 13:06:34.079852|[g:1][CONSENSUS][PBFT]checkTimeout Succ,view=86,toView=87,nodeIdx=0,changeCycle=1,myNode=7380ded5...,timecost=1
info|2023-05-28 13:06:34.080742|[g:1][CONSENSUS][PBFT]checkAndChangeView: Reach consensus,org_view=86,cur_changeCycle=1,curView=86,view=87
info|2023-05-28 13:06:35.082355|[g:1][CONSENSUS]addRawPrepare,height=1,reqIdx=3,hash=23ced2e1...,time=0
info|2023-05-28 13:06:35.083132|[g:1][CONSENSUS][PBFT]checkTimeout Succ,view=87,toView=88,nodeIdx=0,changeCycle=1,myNode=7380ded5...,timecost=1
info|2023-05-28 13:06:35.084880|[g:1][CONSENSUS][PBFT]checkAndChangeView: Reach consensus,org_view=87,cur_changeCycle=1,curView=87,view=88
info|2023-05-28 13:06:36.085419|[g:1][CONSENSUS][SEALER]++++++++++++++++ Generating seal on,blkNum=1,tx=0,nodeIdx=0,hash=39dee8d8...
info|2023-05-28 13:06:36.087136|[g:1][CONSENSUS][PBFT]checkTimeout Succ,view=88,toView=89,nodeIdx=0,changeCycle=1,myNode=7380ded5...,timecost=1
info|2023-05-28 13:06:36.091959|[g:1][CONSENSUS][PBFT]checkAndChangeView: Reach consensus,org_view=88,cur_changeCycle=1,curView=88,view=89
info|2023-05-28 13:06:37.093813|[g:1][CONSENSUS]addRawPrepare,height=1,reqIdx=1,hash=4b196723...,time=0
info|2023-05-28 13:06:37.094759|[g:1][CONSENSUS][PBFT]checkTimeout Succ,view=89,toView=90,nodeIdx=0,changeCycle=1,myNode=7380ded5...,timecost=0
info|2023-05-28 13:06:37.096119|[g:1][CONSENSUS][PBFT]checkAndChangeView: Reach consensus,org_view=89,cur_changeCycle=1,curView=89,view=90
info|2023-05-28 13:06:38.100387|[g:1][CONSENSUS]addRawPrepare,height=1,reqIdx=2,hash=7efe1787...,time=0
info|2023-05-28 13:06:38.100872|[g:1][CONSENSUS][PBFT]checkTimeout Succ,view=90,toView=91,nodeIdx=0,changeCycle=1,myNode=7380ded5...,timecost=0
info|2023-05-28 13:06:38.103352|[g:1][CONSENSUS][PBFT]checkAndChangeView: Reach consensus,org_view=90,cur_changeCycle=1,curView=90,view=91
info|2023-05-28 13:06:38.380135|[P2P][Service] heartBeat,connected count=3
info|2023-05-28 13:06:39.103595|[g:1][CONSENSUS]addRawPrepare,height=1,reqIdx=3,hash=9679d5f3...,time=0
info|2023-05-28 13:06:39.106188|[g:1][CONSENSUS][PBFT]checkTimeout Succ,view=91,toView=92,nodeIdx=0,changeCycle=1,myNode=7380ded5...,timecost=2
info|2023-05-28 13:06:39.107420|[g:1][CONSENSUS][PBFT]checkAndChangeView: Reach consensus,org_view=91,cur_changeCycle=1,curView=91,view=92
info|2023-05-28 13:06:40.107384|[g:1][CONSENSUS][SEALER]++++++++++++++++ Generating seal on,blkNum=1,tx=0,nodeIdx=0,hash=e1ec7549...
info|2023-05-28 13:06:40.108768|[g:1][CONSENSUS][PBFT]checkTimeout Succ,view=92,toView=93,nodeIdx=0,changeCycle=1,myNode=7380ded5...,timecost=0
info|2023-05-28 13:06:40.112271|[g:1][CONSENSUS][PBFT]checkAndChangeView: Reach consensus,org_view=92,cur_changeCycle=1,curView=92,view=93
info|2023-05-28 13:06:41.115910|[g:1][CONSENSUS]addRawPrepare,height=1,reqIdx=1,hash=c738d0d5...,time=0
info|2023-05-28 13:06:41.117174|[g:1][CONSENSUS][PBFT]checkTimeout Succ,view=93,toView=94,nodeIdx=0,changeCycle=1,myNode=7380ded5...,timecost=2
info|2023-05-28 13:06:41.118730|[g:1][CONSENSUS][PBFT]checkAndChangeView: Reach consensus,org_view=93,cur_changeCycle=1,curView=93,view=94
info|2023-05-28 13:06:42.120894|[g:1][CONSENSUS]addRawPrepare,height=1,reqIdx=2,hash=ddca2930...,time=0
info|2023-05-28 13:06:42.122306|[g:1][CONSENSUS][PBFT]checkTimeout Succ,view=94,toView=95,nodeIdx=0,changeCycle=1,myNode=7380ded5...,timecost=1
info|2023-05-28 13:06:42.124353|[g:1][CONSENSUS][PBFT]checkAndChangeView: Reach consensus,org_view=94,cur_changeCycle=1,curView=94,view=95
info|2023-05-28 13:06:43.125297|[g:1][CONSENSUS]addRawPrepare,height=1,reqIdx=3,hash=e2c45e00...,time=0
info|2023-05-28 13:06:43.127585|[g:1][CONSENSUS][PBFT]checkTimeout Succ,view=95,toView=96,nodeIdx=0,changeCycle=1,myNode=7380ded5...,timecost=1
info|2023-05-28 13:06:43.129719|[g:1][CONSENSUS][PBFT]checkAndChangeView: Reach consensus,org_view=95,cur_changeCycle=1,curView=95,view=96
info|2023-05-28 13:06:44.129453|[g:1][CONSENSUS][SEALER]++++++++++++++++ Generating seal on,blkNum=1,tx=0,nodeIdx=0,hash=5d20e68a...
info|2023-05-28 13:06:44.132258|[g:1][CONSENSUS][PBFT]checkTimeout Succ,view=96,toView=97,nodeIdx=0,changeCycle=1,myNode=7380ded5...,timecost=2
info|2023-05-28 13:06:44.135252|[g:1][CONSENSUS][PBFT]checkAndChangeView: Reach consensus,org_view=96,cur_changeCycle=1,curView=96,view=97
info|2023-05-28 13:06:45.138527|[g:1][CONSENSUS]addRawPrepare,height=1,reqIdx=1,hash=c657fbcd...,time=0
info|2023-05-28 13:06:45.142289|[g:1][CONSENSUS][PBFT]checkTimeout Succ,view=97,toView=98,nodeIdx=0,changeCycle=1,myNode=7380ded5...,timecost=4
info|2023-05-28 13:06:45.144027|[g:1][CONSENSUS][PBFT]checkAndChangeView: Reach consensus,org_view=97,cur_changeCycle=1,curView=97,view=98
info|2023-05-28 13:06:46.146667|[g:1][CONSENSUS]addRawPrepare,height=1,reqIdx=2,hash=50c8e249...,time=0
info|2023-05-28 13:06:46.148409|[g:1][CONSENSUS][PBFT]checkTimeout Succ,view=98,toView=99,nodeIdx=0,changeCycle=1,myNode=7380ded5...,timecost=1
info|2023-05-28 13:06:46.150367|[g:1][CONSENSUS][PBFT]checkAndChangeView: Reach consensus,org_view=98,cur_changeCycle=1,curView=98,view=99
info|2023-05-28 13:06:47.151967|[g:1][CONSENSUS]addRawPrepare,height=1,reqIdx=3,hash=cf6eb478...,time=0
info|2023-05-28 13:06:47.154367|[g:1][CONSENSUS][PBFT]checkTimeout Succ,view=99,toView=100,nodeIdx=0,changeCycle=1,myNode=7380ded5...,timecost=2
info|2023-05-28 13:06:47.156181|[g:1][CONSENSUS][PBFT]checkAndChangeView: Reach consensus,org_view=99,cur_changeCycle=1,curView=99,view=100
info|2023-05-28 13:06:48.157278|[g:1][CONSENSUS][SEALER]++++++++++++++++ Generating seal on,blkNum=1,tx=0,nodeIdx=0,hash=93fc6052...
info|2023-05-28 13:06:48.158966|[g:1][CONSENSUS][PBFT]checkTimeout Succ,view=100,toView=101,nodeIdx=0,changeCycle=1,myNode=7380ded5...,timecost=0
info|2023-05-28 13:06:48.162373|[g:1][CONSENSUS][PBFT]checkAndChangeView: Reach consensus,org_view=100,cur_changeCycle=1,curView=100,view=101
info|2023-05-28 13:06:48.380352|[P2P][Service] heartBeat,connected count=3
info|2023-05-28 13:06:49.164758|[g:1][CONSENSUS]addRawPrepare,height=1,reqIdx=1,hash=18eac24f...,time=0
info|2023-05-28 13:06:49.165194|[g:1][CONSENSUS][PBFT]checkTimeout Succ,view=101,toView=102,nodeIdx=0,changeCycle=1,myNode=7380ded5...,timecost=1
info|2023-05-28 13:06:49.167664|[g:1][CONSENSUS][PBFT]checkAndChangeView: Reach consensus,org_view=101,cur_changeCycle=1,curView=101,view=102
info|2023-05-28 13:06:50.170575|[g:1][CONSENSUS]addRawPrepare,height=1,reqIdx=2,hash=085b6ae0...,time=0
info|2023-05-28 13:06:50.171401|[g:1][CONSENSUS][PBFT]checkTimeout Succ,view=102,toView=103,nodeIdx=0,changeCycle=1,myNode=7380ded5...,timecost=1
info|2023-05-28 13:06:50.173677|[g:1][CONSENSUS][PBFT]checkAndChangeView: Reach consensus,org_view=102,cur_changeCycle=1,curView=102,view=103
info|2023-05-28 13:06:51.176787|[g:1][CONSENSUS]addRawPrepare,height=1,reqIdx=3,hash=3eafb802...,time=0
info|2023-05-28 13:06:51.177622|[g:1][CONSENSUS][PBFT]checkTimeout Succ,view=103,toView=104,nodeIdx=0,changeCycle=1,myNode=7380ded5...,timecost=0
info|2023-05-28 13:06:51.180619|[g:1][CONSENSUS][PBFT]checkAndChangeView: Reach consensus,org_view=103,cur_changeCycle=1,curView=103,view=104
info|2023-05-28 13:06:52.181615|[g:1][CONSENSUS][SEALER]++++++++++++++++ Generating seal on,blkNum=1,tx=0,nodeIdx=0,hash=edd3c60d...
info|2023-05-28 13:06:52.182932|[g:1][CONSENSUS][PBFT]checkTimeout Succ,view=104,toView=105,nodeIdx=0,changeCycle=1,myNode=7380ded5...,timecost=0
info|2023-05-28 13:06:52.185784|[g:1][CONSENSUS][PBFT]checkAndChangeView: Reach consensus,org_view=104,cur_changeCycle=1,curView=104,view=105
info|2023-05-28 13:06:53.187007|[g:1][CONSENSUS]addRawPrepare,height=1,reqIdx=1,hash=47518da2...,time=1
info|2023-05-28 13:06:53.187878|[g:1][CONSENSUS][PBFT]checkTimeout Succ,view=105,toView=106,nodeIdx=0,changeCycle=1,myNode=7380ded5...,timecost=0
info|2023-05-28 13:06:53.190151|[g:1][CONSENSUS][PBFT]checkAndChangeView: Reach consensus,org_view=105,cur_changeCycle=1,curView=105,view=106
info|2023-05-28 13:06:54.195815|[g:1][CONSENSUS]addRawPrepare,height=1,reqIdx=2,hash=abccd91b...,time=0
info|2023-05-28 13:06:54.196507|[g:1][CONSENSUS][PBFT]checkTimeout Succ,view=106,toView=107,nodeIdx=0,changeCycle=1,myNode=7380ded5...,timecost=1
info|2023-05-28 13:06:54.198346|[g:1][CONSENSUS][PBFT]checkAndChangeView: Reach consensus,org_view=106,cur_changeCycle=1,curView=106,view=107
info|2023-05-28 13:06:55.199937|[g:1][CONSENSUS]addRawPrepare,height=1,reqIdx=3,hash=db69329d...,time=0
info|2023-05-28 13:06:55.200379|[g:1][CONSENSUS][PBFT]checkTimeout Succ,view=107,toView=108,nodeIdx=0,changeCycle=1,myNode=7380ded5...,timecost=0
info|2023-05-28 13:06:55.201815|[g:1][CONSENSUS][PBFT]checkAndChangeView: Reach consensus,org_view=107,cur_changeCycle=1,curView=107,view=108
info|2023-05-28 13:06:56.202304|[g:1][CONSENSUS][SEALER]++++++++++++++++ Generating seal on,blkNum=1,tx=0,nodeIdx=0,hash=92664e4f...
info|2023-05-28 13:06:56.205864|[g:1][CONSENSUS][PBFT]checkTimeout Succ,view=108,toView=109,nodeIdx=0,changeCycle=1,myNode=7380ded5...,timecost=2
info|2023-05-28 13:06:56.208976|[g:1][CONSENSUS][PBFT]checkAndChangeView: Reach consensus,org_view=108,cur_changeCycle=1,curView=108,view=109
info|2023-05-28 13:06:57.209080|[g:1][CONSENSUS]addRawPrepare,height=1,reqIdx=1,hash=7f49b1d0...,time=0
info|2023-05-28 13:06:57.209824|[g:1][CONSENSUS][PBFT]checkTimeout Succ,view=109,toView=110,nodeIdx=0,changeCycle=1,myNode=7380ded5...,timecost=0
info|2023-05-28 13:06:57.212178|[g:1][CONSENSUS][PBFT]checkAndChangeView: Reach consensus,org_view=109,cur_changeCycle=1,curView=109,view=110
info|2023-05-28 13:06:58.216728|[g:1][CONSENSUS]addRawPrepare,height=1,reqIdx=2,hash=2291fb14...,time=0
info|2023-05-28 13:06:58.217214|[g:1][CONSENSUS][PBFT]checkTimeout Succ,view=110,toView=111,nodeIdx=0,changeCycle=1,myNode=7380ded5...,timecost=1
info|2023-05-28 13:06:58.217723|[g:1][CONSENSUS][PBFT]checkAndChangeView: Reach consensus,org_view=110,cur_changeCycle=1,curView=110,view=111
info|2023-05-28 13:06:58.380538|[P2P][Service] heartBeat,connected count=3
info|2023-05-28 13:06:59.219460|[g:1][CONSENSUS]addRawPrepare,height=1,reqIdx=3,hash=f0193a77...,time=0
info|2023-05-28 13:06:59.220348|[g:1][CONSENSUS][PBFT]checkTimeout Succ,view=111,toView=112,nodeIdx=0,changeCycle=1,myNode=7380ded5...,timecost=1
info|2023-05-28 13:06:59.222622|[g:1][CONSENSUS][PBFT]checkAndChangeView: Reach consensus,org_view=111,cur_changeCycle=1,curView=111,view=112
info|2023-05-28 13:07:00.222376|[g:1][CONSENSUS][SEALER]++++++++++++++++ Generating seal on,blkNum=1,tx=0,nodeIdx=0,hash=1f98bd95...
info|2023-05-28 13:07:00.223366|[g:1][CONSENSUS][PBFT]checkTimeout Succ,view=112,toView=113,nodeIdx=0,changeCycle=1,myNode=7380ded5...,timecost=0
info|2023-05-28 13:07:00.226833|[g:1][CONSENSUS][PBFT]checkAndChangeView: Reach consensus,org_view=112,cur_changeCycle=1,curView=112,view=113
info|2023-05-28 13:07:01.228443|[g:1][CONSENSUS]addRawPrepare,height=1,reqIdx=1,hash=d6726b21...,time=0
info|2023-05-28 13:07:01.229437|[g:1][CONSENSUS][PBFT]checkTimeout Succ,view=113,toView=114,nodeIdx=0,changeCycle=1,myNode=7380ded5...,timecost=1
info|2023-05-28 13:07:01.230884|[g:1][CONSENSUS][PBFT]checkAndChangeView: Reach consensus,org_view=113,cur_changeCycle=1,curView=113,view=114
info|2023-05-28 13:07:02.236283|[g:1][CONSENSUS]addRawPrepare,height=1,reqIdx=2,hash=aa6dc0fb...,time=0
info|2023-05-28 13:07:02.237079|[g:1][CONSENSUS][PBFT]checkTimeout Succ,view=114,toView=115,nodeIdx=0,changeCycle=1,myNode=7380ded5...,timecost=1
info|2023-05-28 13:07:02.238548|[g:1][CONSENSUS][PBFT]checkAndChangeView: Reach consensus,org_view=114,cur_changeCycle=1,curView=114,view=115
info|2023-05-28 13:07:03.244981|[g:1][CONSENSUS]addRawPrepare,height=1,reqIdx=3,hash=6382f51c...,time=0
info|2023-05-28 13:07:03.245490|[g:1][CONSENSUS][PBFT]checkTimeout Succ,view=115,toView=116,nodeIdx=0,changeCycle=1,myNode=7380ded5...,timecost=0
info|2023-05-28 13:07:03.246787|[g:1][CONSENSUS][PBFT]checkAndChangeView: Reach consensus,org_view=115,cur_changeCycle=1,curView=115,view=116
info|2023-05-28 13:07:04.246670|[g:1][CONSENSUS][SEALER]++++++++++++++++ Generating seal on,blkNum=1,tx=0,nodeIdx=0,hash=e2acdbfa...
info|2023-05-28 13:07:04.247709|[g:1][CONSENSUS][PBFT]checkTimeout Succ,view=116,toView=117,nodeIdx=0,changeCycle=1,myNode=7380ded5...,timecost=0
info|2023-05-28 13:07:04.252200|[g:1][CONSENSUS][PBFT]checkAndChangeView: Reach consensus,org_view=116,cur_changeCycle=1,curView=116,view=117
info|2023-05-28 13:07:05.254349|[g:1][CONSENSUS]addRawPrepare,height=1,reqIdx=1,hash=837fc2f5...,time=0
info|2023-05-28 13:07:05.254939|[g:1][CONSENSUS][PBFT]checkTimeout Succ,view=117,toView=118,nodeIdx=0,changeCycle=1,myNode=7380ded5...,timecost=0
info|2023-05-28 13:07:05.257359|[g:1][CONSENSUS][PBFT]checkAndChangeView: Reach consensus,org_view=117,cur_changeCycle=1,curView=117,view=118
info|2023-05-28 13:07:06.261659|[g:1][CONSENSUS]addRawPrepare,height=1,reqIdx=2,hash=7699e735...,time=0
info|2023-05-28 13:07:06.262823|[g:1][CONSENSUS][PBFT]checkTimeout Succ,view=118,toView=119,nodeIdx=0,changeCycle=1,myNode=7380ded5...,timecost=1
info|2023-05-28 13:07:06.264508|[g:1][CONSENSUS][PBFT]checkAndChangeView: Reach consensus,org_view=118,cur_changeCycle=1,curView=118,view=119
info|2023-05-28 13:07:07.267810|[g:1][CONSENSUS]addRawPrepare,height=1,reqIdx=3,hash=df257648...,time=0
info|2023-05-28 13:07:07.268909|[g:1][CONSENSUS][PBFT]checkTimeout Succ,view=119,toView=120,nodeIdx=0,changeCycle=1,myNode=7380ded5...,timecost=0
info|2023-05-28 13:07:07.270381|[g:1][CONSENSUS][PBFT]checkAndChangeView: Reach consensus,org_view=119,cur_changeCycle=1,curView=119,view=120
info|2023-05-28 13:07:08.271269|[g:1][CONSENSUS][SEALER]++++++++++++++++ Generating seal on,blkNum=1,tx=0,nodeIdx=0,hash=b3aaaa3c...
info|2023-05-28 13:07:08.272636|[g:1][CONSENSUS][PBFT]checkTimeout Succ,view=120,toView=121,nodeIdx=0,changeCycle=1,myNode=7380ded5...,timecost=0
info|2023-05-28 13:07:08.275535|[g:1][CONSENSUS][PBFT]checkAndChangeView: Reach consensus,org_view=120,cur_changeCycle=1,curView=120,view=121
info|2023-05-28 13:07:08.380696|[P2P][Service] heartBeat,connected count=3
info|2023-05-28 13:07:09.279440|[g:1][CONSENSUS]addRawPrepare,height=1,reqIdx=1,hash=65dd4ab9...,time=0
info|2023-05-28 13:07:09.281311|[g:1][CONSENSUS][PBFT]checkTimeout Succ,view=121,toView=122,nodeIdx=0,changeCycle=1,myNode=7380ded5...,timecost=2
info|2023-05-28 13:07:09.282942|[g:1][CONSENSUS][PBFT]checkAndChangeView: Reach consensus,org_view=121,cur_changeCycle=1,curView=121,view=122
info|2023-05-28 13:07:10.285418|[g:1][CONSENSUS]addRawPrepare,height=1,reqIdx=2,hash=81290777...,time=0
info|2023-05-28 13:07:10.285870|[g:1][CONSENSUS][PBFT]checkTimeout Succ,view=122,toView=123,nodeIdx=0,changeCycle=1,myNode=7380ded5...,timecost=0
info|2023-05-28 13:07:10.287449|[g:1][CONSENSUS][PBFT]checkAndChangeView: Reach consensus,org_view=122,cur_changeCycle=1,curView=122,view=123
info|2023-05-28 13:07:11.294103|[g:1][CONSENSUS]addRawPrepare,height=1,reqIdx=3,hash=a9ae2300...,time=0
info|2023-05-28 13:07:11.295896|[g:1][CONSENSUS][PBFT]checkTimeout Succ,view=123,toView=124,nodeIdx=0,changeCycle=1,myNode=7380ded5...,timecost=0
info|2023-05-28 13:07:11.297208|[g:1][CONSENSUS][PBFT]checkAndChangeView: Reach consensus,org_view=123,cur_changeCycle=1,curView=123,view=124
info|2023-05-28 13:07:12.298619|[g:1][CONSENSUS][SEALER]++++++++++++++++ Generating seal on,blkNum=1,tx=0,nodeIdx=0,hash=894ad952...
info|2023-05-28 13:07:12.305638|[g:1][CONSENSUS][PBFT]checkTimeout Succ,view=124,toView=125,nodeIdx=0,changeCycle=1,myNode=7380ded5...,timecost=3
info|2023-05-28 13:07:12.307075|[g:1][CONSENSUS][PBFT]checkAndChangeView: Reach consensus,org_view=124,cur_changeCycle=1,curView=124,view=125
info|2023-05-28 13:07:13.308913|[g:1][CONSENSUS]addRawPrepare,height=1,reqIdx=1,hash=4b49409b...,time=0
info|2023-05-28 13:07:13.309657|[g:1][CONSENSUS][PBFT]checkTimeout Succ,view=125,toView=126,nodeIdx=0,changeCycle=1,myNode=7380ded5...,timecost=0
info|2023-05-28 13:07:13.310584|[g:1][CONSENSUS][PBFT]checkAndChangeView: Reach consensus,org_view=125,cur_changeCycle=1,curView=125,view=126
info|2023-05-28 13:07:14.313505|[g:1][CONSENSUS]addRawPrepare,height=1,reqIdx=2,hash=213bed40...,time=0
info|2023-05-28 13:07:14.314150|[g:1][CONSENSUS][PBFT]checkTimeout Succ,view=126,toView=127,nodeIdx=0,changeCycle=1,myNode=7380ded5...,timecost=1
info|2023-05-28 13:07:14.315564|[g:1][CONSENSUS][PBFT]checkAndChangeView: Reach consensus,org_view=126,cur_changeCycle=1,curView=126,view=127
info|2023-05-28 13:07:15.318880|[g:1][CONSENSUS]addRawPrepare,height=1,reqIdx=3,hash=1aa7d3c1...,time=1
info|2023-05-28 13:07:15.321528|[g:1][CONSENSUS][PBFT]checkTimeout Succ,view=127,toView=128,nodeIdx=0,changeCycle=1,myNode=7380ded5...,timecost=1
info|2023-05-28 13:07:15.329109|[g:1][CONSENSUS][PBFT]checkAndChangeView: Reach consensus,org_view=127,cur_changeCycle=1,curView=127,view=128
info|2023-05-28 13:07:16.330284|[g:1][CONSENSUS][SEALER]++++++++++++++++ Generating seal on,blkNum=1,tx=0,nodeIdx=0,hash=69cd61fd...
info|2023-05-28 13:07:16.331732|[g:1][CONSENSUS][PBFT]checkTimeout Succ,view=128,toView=129,nodeIdx=0,changeCycle=1,myNode=7380ded5...,timecost=0
info|2023-05-28 13:07:16.335591|[g:1][CONSENSUS][PBFT]checkAndChangeView: Reach consensus,org_view=128,cur_changeCycle=1,curView=128,view=129
info|2023-05-28 13:07:17.338694|[g:1][CONSENSUS]addRawPrepare,height=1,reqIdx=1,hash=b1721072...,time=0
info|2023-05-28 13:07:17.339164|[g:1][CONSENSUS][PBFT]checkTimeout Succ,view=129,toView=130,nodeIdx=0,changeCycle=1,myNode=7380ded5...,timecost=1
info|2023-05-28 13:07:17.340471|[g:1][CONSENSUS][PBFT]checkAndChangeView: Reach consensus,org_view=129,cur_changeCycle=1,curView=129,view=130
info|2023-05-28 13:07:18.344501|[g:1][CONSENSUS]addRawPrepare,height=1,reqIdx=2,hash=baf4474b...,time=0
info|2023-05-28 13:07:18.344915|[g:1][CONSENSUS][PBFT]checkTimeout Succ,view=130,toView=131,nodeIdx=0,changeCycle=1,myNode=7380ded5...,timecost=0
info|2023-05-28 13:07:18.346372|[g:1][CONSENSUS][PBFT]checkAndChangeView: Reach consensus,org_view=130,cur_changeCycle=1,curView=130,view=131
info|2023-05-28 13:07:18.380848|[P2P][Service] heartBeat,connected count=3
info|2023-05-28 13:07:19.350518|[g:1][CONSENSUS]addRawPrepare,height=1,reqIdx=3,hash=d756f7ef...,time=0
info|2023-05-28 13:07:19.350908|[g:1][CONSENSUS][PBFT]checkTimeout Succ,view=131,toView=132,nodeIdx=0,changeCycle=1,myNode=7380ded5...,timecost=0
info|2023-05-28 13:07:19.351698|[g:1][CONSENSUS][PBFT]checkAndChangeView: Reach consensus,org_view=131,cur_changeCycle=1,curView=131,view=132
info|2023-05-28 13:07:20.352190|[g:1][CONSENSUS][SEALER]++++++++++++++++ Generating seal on,blkNum=1,tx=0,nodeIdx=0,hash=b09add04...
info|2023-05-28 13:07:20.356012|[g:1][CONSENSUS][PBFT]checkTimeout Succ,view=132,toView=133,nodeIdx=0,changeCycle=1,myNode=7380ded5...,timecost=3
info|2023-05-28 13:07:20.357257|[g:1][CONSENSUS][PBFT]checkAndChangeView: Reach consensus,org_view=132,cur_changeCycle=1,curView=132,view=133
info|2023-05-28 13:07:21.359408|[g:1][CONSENSUS]addRawPrepare,height=1,reqIdx=1,hash=e3e25b9e...,time=0
info|2023-05-28 13:07:21.359724|[g:1][CONSENSUS][PBFT]checkTimeout Succ,view=133,toView=134,nodeIdx=0,changeCycle=1,myNode=7380ded5...,timecost=0
info|2023-05-28 13:07:21.362643|[g:1][CONSENSUS][PBFT]checkAndChangeView: Reach consensus,org_view=133,cur_changeCycle=1,curView=133,view=134
info|2023-05-28 13:07:22.367096|[g:1][CONSENSUS]addRawPrepare,height=1,reqIdx=2,hash=ac5d4a7e...,time=0
info|2023-05-28 13:07:22.367919|[g:1][CONSENSUS][PBFT]checkTimeout Succ,view=134,toView=135,nodeIdx=0,changeCycle=1,myNode=7380ded5...,timecost=0
info|2023-05-28 13:07:22.369172|[g:1][CONSENSUS][PBFT]checkAndChangeView: Reach consensus,org_view=134,cur_changeCycle=1,curView=134,view=135
info|2023-05-28 13:07:23.375580|[g:1][CONSENSUS]addRawPrepare,height=1,reqIdx=3,hash=35a317cf...,time=0
info|2023-05-28 13:07:23.376808|[g:1][CONSENSUS][PBFT]checkTimeout Succ,view=135,toView=136,nodeIdx=0,changeCycle=1,myNode=7380ded5...,timecost=0
info|2023-05-28 13:07:23.378240|[g:1][CONSENSUS][PBFT]checkAndChangeView: Reach consensus,org_view=135,cur_changeCycle=1,curView=135,view=136
info|2023-05-28 13:07:24.378273|[g:1][CONSENSUS][SEALER]++++++++++++++++ Generating seal on,blkNum=1,tx=0,nodeIdx=0,hash=9b3081b0...
info|2023-05-28 13:07:24.379471|[g:1][CONSENSUS][PBFT]checkTimeout Succ,view=136,toView=137,nodeIdx=0,changeCycle=1,myNode=7380ded5...,timecost=0
info|2023-05-28 13:07:24.382411|[g:1][CONSENSUS][PBFT]checkAndChangeView: Reach consensus,org_view=136,cur_changeCycle=1,curView=136,view=137
info|2023-05-28 13:07:25.385726|[g:1][CONSENSUS]addRawPrepare,height=1,reqIdx=1,hash=3e9542e8...,time=0
info|2023-05-28 13:07:25.387604|[g:1][CONSENSUS][PBFT]checkTimeout Succ,view=137,toView=138,nodeIdx=0,changeCycle=1,myNode=7380ded5...,timecost=0
info|2023-05-28 13:07:25.389933|[g:1][CONSENSUS][PBFT]checkAndChangeView: Reach consensus,org_view=137,cur_changeCycle=1,curView=137,view=138
info|2023-05-28 13:07:26.397392|[g:1][CONSENSUS]addRawPrepare,height=1,reqIdx=2,hash=65e6ed3a...,time=0
info|2023-05-28 13:07:26.397956|[g:1][CONSENSUS][PBFT]checkTimeout Succ,view=138,toView=139,nodeIdx=0,changeCycle=1,myNode=7380ded5...,timecost=0
info|2023-05-28 13:07:26.401709|[g:1][CONSENSUS][PBFT]checkAndChangeView: Reach consensus,org_view=138,cur_changeCycle=1,curView=138,view=139
info|2023-05-28 13:07:27.402595|[g:1][CONSENSUS]addRawPrepare,height=1,reqIdx=3,hash=107c549a...,time=0
info|2023-05-28 13:07:27.403983|[g:1][CONSENSUS][PBFT]checkTimeout Succ,view=139,toView=140,nodeIdx=0,changeCycle=1,myNode=7380ded5...,timecost=2
info|2023-05-28 13:07:27.406777|[g:1][CONSENSUS][PBFT]checkAndChangeView: Reach consensus,org_view=139,cur_changeCycle=1,curView=139,view=140
info|2023-05-28 13:07:28.380984|[P2P][Service] heartBeat,connected count=3
info|2023-05-28 13:07:28.406626|[g:1][CONSENSUS][SEALER]++++++++++++++++ Generating seal on,blkNum=1,tx=0,nodeIdx=0,hash=760951b6...
info|2023-05-28 13:07:28.408040|[g:1][CONSENSUS][PBFT]checkTimeout Succ,view=140,toView=141,nodeIdx=0,changeCycle=1,myNode=7380ded5...,timecost=1
info|2023-05-28 13:07:28.411659|[g:1][CONSENSUS][PBFT]checkAndChangeView: Reach consensus,org_view=140,cur_changeCycle=1,curView=140,view=141
info|2023-05-28 13:07:29.414309|[g:1][CONSENSUS]addRawPrepare,height=1,reqIdx=1,hash=ccc264ef...,time=0
info|2023-05-28 13:07:29.414842|[g:1][CONSENSUS][PBFT]checkTimeout Succ,view=141,toView=142,nodeIdx=0,changeCycle=1,myNode=7380ded5...,timecost=0
info|2023-05-28 13:07:29.417397|[g:1][CONSENSUS][PBFT]checkAndChangeView: Reach consensus,org_view=141,cur_changeCycle=1,curView=141,view=142
info|2023-05-28 13:07:30.421658|[g:1][CONSENSUS]addRawPrepare,height=1,reqIdx=2,hash=0c52a7bd...,time=0
info|2023-05-28 13:07:30.422268|[g:1][CONSENSUS][PBFT]checkTimeout Succ,view=142,toView=143,nodeIdx=0,changeCycle=1,myNode=7380ded5...,timecost=1
info|2023-05-28 13:07:30.423202|[g:1][CONSENSUS][PBFT]checkAndChangeView: Reach consensus,org_view=142,cur_changeCycle=1,curView=142,view=143
info|2023-05-28 13:07:31.425149|[g:1][CONSENSUS]addRawPrepare,height=1,reqIdx=3,hash=a7408c7f...,time=0
info|2023-05-28 13:07:31.425572|[g:1][CONSENSUS][PBFT]checkTimeout Succ,view=143,toView=144,nodeIdx=0,changeCycle=1,myNode=7380ded5...,timecost=0
info|2023-05-28 13:07:31.427683|[g:1][CONSENSUS][PBFT]checkAndChangeView: Reach consensus,org_view=143,cur_changeCycle=1,curView=143,view=144
info|2023-05-28 13:07:32.427713|[g:1][CONSENSUS][SEALER]++++++++++++++++ Generating seal on,blkNum=1,tx=0,nodeIdx=0,hash=89e158ed...
info|2023-05-28 13:07:32.431475|[g:1][CONSENSUS][PBFT]checkTimeout Succ,view=144,toView=145,nodeIdx=0,changeCycle=1,myNode=7380ded5...,timecost=0
info|2023-05-28 13:07:32.431838|[g:1][CONSENSUS][PBFT]checkAndChangeView: Reach consensus,org_view=144,cur_changeCycle=1,curView=144,view=145
info|2023-05-28 13:07:33.434363|[g:1][CONSENSUS]addRawPrepare,height=1,reqIdx=1,hash=181d570e...,time=0
info|2023-05-28 13:07:33.435292|[g:1][CONSENSUS][PBFT]checkTimeout Succ,view=145,toView=146,nodeIdx=0,changeCycle=1,myNode=7380ded5...,timecost=1
info|2023-05-28 13:07:33.438438|[g:1][CONSENSUS][PBFT]checkAndChangeView: Reach consensus,org_view=145,cur_changeCycle=1,curView=145,view=146
info|2023-05-28 13:07:34.440113|[g:1][CONSENSUS]addRawPrepare,height=1,reqIdx=2,hash=75be1cb1...,time=0
info|2023-05-28 13:07:34.440914|[g:1][CONSENSUS][PBFT]checkTimeout Succ,view=146,toView=147,nodeIdx=0,changeCycle=1,myNode=7380ded5...,timecost=0
info|2023-05-28 13:07:34.442552|[g:1][CONSENSUS][PBFT]checkAndChangeView: Reach consensus,org_view=146,cur_changeCycle=1,curView=146,view=147
info|2023-05-28 13:07:35.444966|[g:1][CONSENSUS]addRawPrepare,height=1,reqIdx=3,hash=6cd58614...,time=0
info|2023-05-28 13:07:35.445304|[g:1][CONSENSUS][PBFT]checkTimeout Succ,view=147,toView=148,nodeIdx=0,changeCycle=1,myNode=7380ded5...,timecost=0
info|2023-05-28 13:07:35.448468|[g:1][CONSENSUS][PBFT]checkAndChangeView: Reach consensus,org_view=147,cur_changeCycle=1,curView=147,view=148
info|2023-05-28 13:07:36.448615|[g:1][CONSENSUS][SEALER]++++++++++++++++ Generating seal on,blkNum=1,tx=0,nodeIdx=0,hash=02709401...
info|2023-05-28 13:07:36.456020|[g:1][CONSENSUS][PBFT]checkTimeout Succ,view=148,toView=149,nodeIdx=0,changeCycle=1,myNode=7380ded5...,timecost=1
info|2023-05-28 13:07:36.457127|[g:1][CONSENSUS][PBFT]checkAndChangeView: Reach consensus,org_view=148,cur_changeCycle=1,curView=148,view=149
info|2023-05-28 13:07:37.457532|[g:1][CONSENSUS]addRawPrepare,height=1,reqIdx=1,hash=f680ebe9...,time=0
info|2023-05-28 13:07:37.458159|[g:1][CONSENSUS][PBFT]checkTimeout Succ,view=149,toView=150,nodeIdx=0,changeCycle=1,myNode=7380ded5...,timecost=1
info|2023-05-28 13:07:37.460657|[g:1][CONSENSUS][PBFT]checkAndChangeView: Reach consensus,org_view=149,cur_changeCycle=1,curView=149,view=150
info|2023-05-28 13:07:38.381203|[P2P][Service] heartBeat,connected count=3
info|2023-05-28 13:07:38.468161|[g:1][CONSENSUS][PBFT]Trigger fast-viewchange,view=150,toView=150,minView=151,INFO=,reqNum=0,curNum=0,GenIdx=3,Cview=151,view=150,fromIdx=3,fromNode=c309ad65...,fromIp=127.0.0.1:30302,hash=eeb77c15...,nodeIdx=0,myNode=7380ded5...
info|2023-05-28 13:07:38.469140|[g:1][CONSENSUS][PBFT]checkAndChangeView: Reach consensus,org_view=150,cur_changeCycle=2,curView=150,view=151
info|2023-05-28 13:07:38.469238|[g:1][CONSENSUS][PBFT]checkTimeout Succ,view=151,toView=151,nodeIdx=0,changeCycle=2,myNode=7380ded5...,timecost=1
info|2023-05-28 13:07:39.471441|[g:1][CONSENSUS]addRawPrepare,height=1,reqIdx=3,hash=a5bd62ab...,time=0
info|2023-05-28 13:07:39.472343|[g:1][CONSENSUS][PBFT]checkTimeout Succ,view=151,toView=152,nodeIdx=0,changeCycle=1,myNode=7380ded5...,timecost=1
info|2023-05-28 13:07:39.473702|[g:1][CONSENSUS][PBFT]checkAndChangeView: Reach consensus,org_view=151,cur_changeCycle=1,curView=151,view=152
info|2023-05-28 13:07:40.474019|[g:1][CONSENSUS][SEALER]++++++++++++++++ Generating seal on,blkNum=1,tx=0,nodeIdx=0,hash=1c504473...
info|2023-05-28 13:07:40.475710|[g:1][CONSENSUS][PBFT]checkTimeout Succ,view=152,toView=153,nodeIdx=0,changeCycle=1,myNode=7380ded5...,timecost=0
info|2023-05-28 13:07:40.478639|[g:1][CONSENSUS][PBFT]checkAndChangeView: Reach consensus,org_view=152,cur_changeCycle=1,curView=152,view=153
info|2023-05-28 13:07:41.481049|[g:1][CONSENSUS]addRawPrepare,height=1,reqIdx=1,hash=47eac913...,time=0
info|2023-05-28 13:07:41.481484|[g:1][CONSENSUS][PBFT]checkTimeout Succ,view=153,toView=154,nodeIdx=0,changeCycle=1,myNode=7380ded5...,timecost=0
info|2023-05-28 13:07:41.484127|[g:1][CONSENSUS][PBFT]checkAndChangeView: Reach consensus,org_view=153,cur_changeCycle=1,curView=153,view=154
info|2023-05-28 13:07:42.486217|[g:1][CONSENSUS]addRawPrepare,height=1,reqIdx=2,hash=7996111b...,time=0
info|2023-05-28 13:07:42.488064|[g:1][CONSENSUS][PBFT]checkTimeout Succ,view=154,toView=155,nodeIdx=0,changeCycle=1,myNode=7380ded5...,timecost=2
info|2023-05-28 13:07:42.489652|[g:1][CONSENSUS][PBFT]checkAndChangeView: Reach consensus,org_view=154,cur_changeCycle=1,curView=154,view=155
info|2023-05-28 13:07:43.489530|[g:1][CONSENSUS]addRawPrepare,height=1,reqIdx=3,hash=3c0ec58a...,time=0
info|2023-05-28 13:07:43.490762|[g:1][CONSENSUS][PBFT]checkTimeout Succ,view=155,toView=156,nodeIdx=0,changeCycle=1,myNode=7380ded5...,timecost=1
info|2023-05-28 13:07:43.492596|[g:1][CONSENSUS][PBFT]checkAndChangeView: Reach consensus,org_view=155,cur_changeCycle=1,curView=155,view=156
info|2023-05-28 13:07:44.492456|[g:1][CONSENSUS][SEALER]++++++++++++++++ Generating seal on,blkNum=1,tx=0,nodeIdx=0,hash=b49cac2a...
info|2023-05-28 13:07:44.494761|[g:1][CONSENSUS][PBFT]checkTimeout Succ,view=156,toView=157,nodeIdx=0,changeCycle=1,myNode=7380ded5...,timecost=1
info|2023-05-28 13:07:44.499152|[g:1][CONSENSUS][PBFT]checkAndChangeView: Reach consensus,org_view=156,cur_changeCycle=1,curView=156,view=157
info|2023-05-28 13:07:45.500213|[g:1][CONSENSUS]addRawPrepare,height=1,reqIdx=1,hash=e7f7e991...,time=0
info|2023-05-28 13:07:45.501443|[g:1][CONSENSUS][PBFT]checkTimeout Succ,view=157,toView=158,nodeIdx=0,changeCycle=1,myNode=7380ded5...,timecost=1
info|2023-05-28 13:07:45.503222|[g:1][CONSENSUS][PBFT]checkAndChangeView: Reach consensus,org_view=157,cur_changeCycle=1,curView=157,view=158
info|2023-05-28 13:07:46.505934|[g:1][CONSENSUS]addRawPrepare,height=1,reqIdx=2,hash=cd636c89...,time=0
info|2023-05-28 13:07:46.506886|[g:1][CONSENSUS][PBFT]checkTimeout Succ,view=158,toView=159,nodeIdx=0,changeCycle=1,myNode=7380ded5...,timecost=0
info|2023-05-28 13:07:46.508670|[g:1][CONSENSUS][PBFT]checkAndChangeView: Reach consensus,org_view=158,cur_changeCycle=1,curView=158,view=159
info|2023-05-28 13:07:47.512172|[g:1][CONSENSUS]addRawPrepare,height=1,reqIdx=3,hash=94beb246...,time=0
info|2023-05-28 13:07:47.513007|[g:1][CONSENSUS][PBFT]checkTimeout Succ,view=159,toView=160,nodeIdx=0,changeCycle=1,myNode=7380ded5...,timecost=1
info|2023-05-28 13:07:47.515175|[g:1][CONSENSUS][PBFT]checkAndChangeView: Reach consensus,org_view=159,cur_changeCycle=1,curView=159,view=160
info|2023-05-28 13:07:48.381368|[P2P][Service] heartBeat,connected count=3
info|2023-05-28 13:07:48.515443|[g:1][CONSENSUS][SEALER]++++++++++++++++ Generating seal on,blkNum=1,tx=0,nodeIdx=0,hash=7aa48706...
info|2023-05-28 13:07:48.516581|[g:1][CONSENSUS][PBFT]checkTimeout Succ,view=160,toView=161,nodeIdx=0,changeCycle=1,myNode=7380ded5...,timecost=0
info|2023-05-28 13:07:48.521199|[g:1][CONSENSUS][PBFT]checkAndChangeView: Reach consensus,org_view=160,cur_changeCycle=1,curView=160,view=161
