info|2023-06-07 12:50:57.666185|[INITIALIZER][initGlobalConfig],enableCompress=true,compatibilityVersion=2.9.1,versionNumber=34144512,enableStat=false,chainId=1,useSMCrypto=false
info|2023-06-07 12:50:57.666461|[INITIALIZER][SecureInitializer]loading privateKey
info|2023-06-07 12:50:57.684460|[INITIALIZER][SecureInitializer]get pub of node,nodeID=bbc5bfac274c036d71cf50892e87fb5e7781a05f4ac3bdd1b6c31b9b6f4ff2d748d9d3907bc06f111bd750b4cd14141564f3a90c404f8a88f5189227a3869016
info|2023-06-07 12:50:57.684614|[INITIALIZER][SecureInitializer]use user certificate,file=conf//node.crt
info|2023-06-07 12:50:57.684968|[INITIALIZER][SecureInitializer]use ca certificate,file=conf//ca.crt
info|2023-06-07 12:50:57.685038|[INITIALIZER][SecureInitializer]use ca,file=conf//
info|2023-06-07 12:50:57.685084|[INITIALIZER][SecureInitializer][initChannelCertConfig]enable rsa cert for channel ,conf//channel_cert/ certs will be used for channel ssl,dataPath=conf/
info|2023-06-07 12:50:57.686099|[NETWORK][Host]Connecting to node,endpoint=127.0.0.1:30300
info|2023-06-07 12:50:57.686320|[NETWORK][Host]P2P StartAccept,Host=0.0.0.0:30300
info|2023-06-07 12:50:57.686401|[NETWORK][Host]Connecting to node,endpoint=127.0.0.1:30301
info|2023-06-07 12:50:57.686471|[NETWORK][Host]Connecting to node,endpoint=127.0.0.1:30302
info|2023-06-07 12:50:57.686505|[NETWORK][Host]Connecting to node,endpoint=127.0.0.1:30303
info|2023-06-07 12:50:57.686564|[P2P][Service] heartBeat,connected count=0
info|2023-06-07 12:50:57.686627|[INITIALIZER][RPCInitializer],network_security.check_cert_issuer=true
info|2023-06-07 12:50:57.686968|[NETWORK][ASIO]asyncResolveConnect,endpoint=127.0.0.1:30300
info|2023-06-07 12:50:57.687185|[NETWORK][ASIO]asyncResolveConnect,endpoint=127.0.0.1:30301
info|2023-06-07 12:50:57.687608|[NETWORK][ASIO]asyncResolveConnect,endpoint=127.0.0.1:30302
info|2023-06-07 12:50:57.688436|[NETWORK][ASIO]asyncResolveConnect,endpoint=127.0.0.1:30303
info|2023-06-07 12:50:57.688514|[CHANNEL][ChannelServer::run],threadPoolSize=8
info|2023-06-07 12:50:57.688641|[CHANNEL]ChannelRPCServer started
info|2023-06-07 12:50:57.688664|[INITIALIZER][RPCInitializer: ChannelRPCHttpServer started.],disableDynamicGroup=false,threadSize=8
info|2023-06-07 12:50:57.688684|[INITIALIZER][LedgerInitializer]initConfig
info|2023-06-07 12:50:57.688710|[LedgerInitializer],groupConfigPath=conf/
info|2023-06-07 12:50:57.688846|[NETWORK][Host]P2P Recv Connect, From=127.0.0.1:33366
info|2023-06-07 12:50:57.688974|[INITIALIZER][initSingleLedger] [GroupId], LedgerConstructor:  1,configFileName=conf/group.1.genesis,dataDir=data/
info|2023-06-07 12:50:57.689076|[g:1][LedgerParam][parseGenesisConfig]initConsensusConfig/initStorageConfig/initTxConfig,configFile=conf/group.1.genesis
info|2023-06-07 12:50:57.689111|[g:1][LedgerParam][initConsensusConfig],type=pbft,consensusTimeout=3,maxTxNum=1000,txGasLimit=300000000
info|2023-06-07 12:50:57.689128|[NETWORK][Host]P2P StartAccept,Host=0.0.0.0:30300
info|2023-06-07 12:50:57.689142|[g:1][LedgerParam][parsePublicKeyListOfSection],sectionName=consensus,it.first=bbc5bfac274c036d71cf50892e87fb5e7781a05f4ac3bdd1b6c31b9b6f4ff2d748d9d3907bc06f111bd750b4cd14141564f3a90c404f8a88f5189227a3869016
info|2023-06-07 12:50:57.689165|[g:1][LedgerParam][parsePublicKeyListOfSection],sectionName=consensus,it.first=91a6062de58f2896dfb5e8a8df8897e524426008855a66b1e5fd4da89ce57c7c55bc9450af12dbd999da94ae9df34e8842d797464f09678e2e4b1352d499815b
info|2023-06-07 12:50:57.689177|[g:1][LedgerParam][parsePublicKeyListOfSection],sectionName=consensus,it.first=c309ad65daf962247d74dda65d286cdbe3df64e67cbe3707567d6dc6f6c927a4af3b1c6385d4e720abc9ce7b9ce2acc41d7296d7daf445e544b2b4fa28ff66be
info|2023-06-07 12:50:57.689193|[g:1][LedgerParam][parsePublicKeyListOfSection],sectionName=consensus,it.first=7380ded5ece4067c8b5468f5b8567f5f5b7c58b60c0b878f262418dc9cc5bb9adbdb4878ef61101fd464167a2160261153c1e5373cf0eb46540778a31de1c0c5
info|2023-06-07 12:50:57.689208|[g:1][LedgerParam][parsePublicKeyListOfSection],totalPubKeySize=4
info|2023-06-07 12:50:57.689288|[g:1][LedgerParam][max_block_range],maxBlockRange=0,maxBlockPerProcess=3
info|2023-06-07 12:50:57.689309|[g:1][LedgerParam][parseGenesisConfig],timestamp=1685249894000
info|2023-06-07 12:50:57.689343|[g:1][LedgerParam]setEVMFlags,enableFreeStorageVMSchedule=false,evmFlags=0
info|2023-06-07 12:50:57.689366|[g:1][LedgerParam]store evmFlag,evmFlag=0
info|2023-06-07 12:50:57.689383|[g:1][LedgerParam]store consensus time,consensusTimeout=3
info|2023-06-07 12:50:57.689390|[g:1][LedgerParam][initMark],genesisMark=1-7380ded5ece4067c8b5468f5b8567f5f5b7c58b60c0b878f262418dc9cc5bb9adbdb4878ef61101fd464167a2160261153c1e5373cf0eb46540778a31de1c0c5,91a6062de58f2896dfb5e8a8df8897e524426008855a66b1e5fd4da89ce57c7c55bc9450af12dbd999da94ae9df34e8842d797464f09678e2e4b1352d499815b,bbc5bfac274c036d71cf50892e87fb5e7781a05f4ac3bdd1b6c31b9b6f4ff2d748d9d3907bc06f111bd750b4cd14141564f3a90c404f8a88f5189227a3869016,c309ad65daf962247d74dda65d286cdbe3df64e67cbe3707567d6dc6f6c927a4af3b1c6385d4e720abc9ce7b9ce2acc41d7296d7daf445e544b2b4fa28ff66be,-pbft-storage-0-1000-300000000-3
info|2023-06-07 12:50:57.689398|[g:1][LedgerParam][initIniConfig]initTxPoolConfig/initSyncConfig/initTxExecuteConfig,configFile=conf/group.1.ini
info|2023-06-07 12:50:57.689584|[g:1][LedgerParam][initStorageConfig],stateType=storage,storageDB=rocksdb,storagePath=data//group1/block/RocksDB,baseDir=data//group1,dbtype=mysql,dbip=127.0.0.1,dbport=3306,dbcharset=utf8mb4,initconnections=15,maxconnections=50,scrollThreshold=2000
info|2023-06-07 12:50:57.690649|[g:1][LedgerParam][initTxPoolConfig],txPoolLimit=150000,memorySizeLimit(MB)=512,notifyWorkerNum=2,txsExpirationTime(ms)=600000
info|2023-06-07 12:50:57.690688|[g:1][LedgerParam][initSyncConfig],idleWaitMs=200
info|2023-06-07 12:50:57.690708|[g:1][LedgerParam][initSyncConfig],enableSendTxsByTree=true,enableSendBlockStatusByTree=true
info|2023-06-07 12:50:57.690716|[g:1][LedgerParam][initSyncConfig],gossipInterval=1000
info|2023-06-07 12:50:57.690728|[g:1][LedgerParam][initSyncConfig],enableSendBlockStatusByTree=true,gossipInterval=1000,gossipPeers=3,syncTreeWidth=3,maxQueueSizeForBlockSync=536870912,txsStatusGossipMaxPeers=5
info|2023-06-07 12:50:57.690738|[g:1][LedgerParam][InitTxExecuteConfig],enableParallel=true
info|2023-06-07 12:50:57.690762|[g:1][LedgerParam][initConsensusIniConfig],maxTTL=2,minBlockGenerationTime=500,enablDynamicBlockSize=true,blockSizeIncreaseRatio=0.5,enableTTLOptimize=true,enablePrepareWithTxsHash=true
info|2023-06-07 12:50:57.690845|[g:1][LedgerParam][initRPBFTConsensusIniConfig],broadcastPrepareByTree=true,prepareStatusBroadcastPercent=33,maxRequestMissedTxsWaitTime=100,maxRequestPrepareWaitTime=100
info|2023-06-07 12:50:57.690865|[g:1][LedgerParam][initFlowControlConfig],maxQPS=9223372036854775807,outGoingBandwidth(Bytes)=9223372036854775807
info|2023-06-07 12:50:57.690877|[g:1][LedgerParam]parseSDKAllowList,sdkAllowList=[],enableSDKAllowListControl=false
info|2023-06-07 12:50:57.690915|[g:1][LEDGER][initLedger][DBInitializer]
info|2023-06-07 12:50:57.690933|[g:1][LEDGER]setSDKAllowList,groupId=1,sdkAllowListSize=0
info|2023-06-07 12:50:57.690945|[g:1][CHANNEL]registerSDKAllowListByGroupId,groupId=1,size=0
info|2023-06-07 12:50:57.690951|[g:1][CHANNEL]Disable group-level sdk permission control for sdk allowlist is empty
info|2023-06-07 12:50:57.690971|[g:1][DBINITIALIZER] [initStorageDB]
info|2023-06-07 12:50:57.690988|[g:1][DBINITIALIZER] [initRocksDBStorage]
info|2023-06-07 12:50:57.691018|[g:1][ROCKSDB]open rocksDB handler,path=data//group1/block/RocksDB
error|2023-06-07 12:50:57.692717|[NETWORK][Host]Get ca basic failed
error|2023-06-07 12:50:57.698860|[NETWORK][Host]Get ca basic failed
error|2023-06-07 12:50:57.703857|[NETWORK][Host]Get ca basic failed
error|2023-06-07 12:50:57.708613|[NETWORK][Host]Get ca basic failed
error|2023-06-07 12:50:57.714773|[NETWORK][Host]Get ca basic failed
info|2023-06-07 12:50:57.720011|[NETWORK][Host]handshakeClient succ,local endpoint=127.0.0.1:35028
info|2023-06-07 12:50:57.720117|[NETWORK][Host]startPeerSession, Remote=127.0.0.1:30301,local endpoint=127.0.0.1:35028,nodeID=91a6062d...
info|2023-06-07 12:50:57.720275|[P2P][Service] Connection established,nodeID=91a6062d...,endpoint=127.0.0.1:30301
info|2023-06-07 12:50:57.720280|[NETWORK][Host]handshakeServer succ,remote endpoint=127.0.0.1:33366
info|2023-06-07 12:50:57.720357|[NETWORK][Host]startPeerSession, Remote=127.0.0.1:33366,local endpoint=127.0.0.1:30300,nodeID=bbc5bfac...
info|2023-06-07 12:50:57.720502|[NETWORK][Host]handshakeClient succ,local endpoint=127.0.0.1:58978
info|2023-06-07 12:50:57.720560|[NETWORK][Host]startPeerSession, Remote=127.0.0.1:30302,local endpoint=127.0.0.1:58978,nodeID=c309ad65...
info|2023-06-07 12:50:57.720688|[P2P][Service] Connection established,nodeID=c309ad65...,endpoint=127.0.0.1:30302
info|2023-06-07 12:50:57.720769|[NETWORK][Host]handshakeClient succ,local endpoint=127.0.0.1:33366
info|2023-06-07 12:50:57.720841|[NETWORK][Host]startPeerSession, Remote=127.0.0.1:30300,local endpoint=127.0.0.1:33366,nodeID=bbc5bfac...
info|2023-06-07 12:50:57.721131|[NETWORK][Host]handshakeClient succ,local endpoint=127.0.0.1:43562
info|2023-06-07 12:50:57.721184|[NETWORK][Host]startPeerSession, Remote=127.0.0.1:30303,local endpoint=127.0.0.1:43562,nodeID=7380ded5...
info|2023-06-07 12:50:57.721292|[P2P][Service] Connection established,nodeID=7380ded5...,endpoint=127.0.0.1:30303
info|2023-06-07 12:50:57.722013|[NETWORK][Session]Received topic: [84] from 91a6062de58f2896dfb5e8a8df8897e524426008855a66b1e5fd4da89ce57c7c55bc9450af12dbd999da94ae9df34e8842d797464f09678e2e4b1352d499815b
info|2023-06-07 12:51:01.140874|[g:1][g:1][STORAGE][CachedStorage]Init flushStorage thread
info|2023-06-07 12:51:01.141093|[g:1][DBINITIALIZER] [init CachedStorage],maxCapacity=32,maxForwardBlock=10
info|2023-06-07 12:51:01.141128|[g:1][LEDGER][initLedger][initBlockChain]
info|2023-06-07 12:51:01.141759|[g:1][LEDGER]set enableHexBlock to be false,version=34144512
info|2023-06-07 12:51:01.141806|[g:1][BLOCKCHAIN][#checkAndBuildGenesisBlock],shouldBuild=false
info|2023-06-07 12:51:01.142305|[g:1][BLOCKCHAIN][#checkAndBuildGenesisBlock]Already have the 0th block, 0th groupMark is equal to file groupMark.
info|2023-06-07 12:51:01.142348|[g:1][LEDGER][initLedger]initBlockChain SUCC
info|2023-06-07 12:51:01.142401|[g:1][DBINITIALIZER] [createStateFactory],type=storage
info|2023-06-07 12:51:01.142409|[g:1][DBINITIALIZER] createStorageState SUCC
info|2023-06-07 12:51:01.142412|[g:1][DBINITIALIZER] [createStateFactory SUCC]
info|2023-06-07 12:51:01.142419|[g:1][DBINITIALIZER] createExecutiveContext...
info|2023-06-07 12:51:01.142450|[g:1][LEDGER]createGasMetric,vmFlagType=0
info|2023-06-07 12:51:01.142456|[g:1][LEDGER]createGasMetric
info|2023-06-07 12:51:01.142466|[g:1][DBINITIALIZER] create precompiledGasFactory and precompiledResultFactory
info|2023-06-07 12:51:01.142470|[g:1][DBINITIALIZER] createExecutiveContext SUCC
info|2023-06-07 12:51:01.142476|[g:1][DBINITIALIZER] [setSyncNumForCachedStorage],syncNum=10
info|2023-06-07 12:51:01.142496|[g:1][LEDGER][initNetworkBandWidthLimiter: outGoingBandwidthLimit has been disabled],groupId=1
info|2023-06-07 12:51:01.142504|[g:1][LEDGER][QPSLimit has been disabled],groupId=1
info|2023-06-07 12:51:01.142509|[g:1][LEDGER][initLedger][initBlockVerifier]
info|2023-06-07 12:51:01.142563|[g:1][LEDGER][initLedger][initBlockVerifier SUCC],evmFlags=0
info|2023-06-07 12:51:01.142570|[g:1][LEDGER][initLedger][initTxPool],txPoolLimit=150000
info|2023-06-07 12:51:01.144523|[g:1][LEDGER][initLedger]initTxPool SUCC
info|2023-06-07 12:51:01.144548|[g:1][LEDGER][initLedger][initSync],idleWaitMs=200,gossipInterval=1000,gossipPeers=3
info|2023-06-07 12:51:01.144557|[g:1][LEDGER]Init sync master,enableSendBlockStatusByTree=true,enableSendTxsByTree=true
info|2023-06-07 12:51:01.145360|[g:1][LEDGER][initLedger]initSync SUCC
info|2023-06-07 12:51:01.145389|[g:1][LEDGER][initLedger][consensusInitFactory]
info|2023-06-07 12:51:01.145395|[g:1][LEDGER][initLedger][createPBFTSealer]
info|2023-06-07 12:51:01.145402|[g:1][LEDGER][initLedger][createPBFTSealer],baseDir=data//group1,Protocol=65544
info|2023-06-07 12:51:01.145476|[g:1][LEDGER][initLedger]createPBFTSealer for PBFT or rPBFT,consensusType=pbft
info|2023-06-07 12:51:01.145484|[g:1][LEDGER]createConsensusEngine: create PBFTEngine
info|2023-06-07 12:51:01.145507|[g:1][CONSENSUS][PBFT]Register handler for PBFTEngine
info|2023-06-07 12:51:01.146293|[g:1][CONSENSUS][PBFT]setMinBlockGenerationTime,minBlockGenerationTime=500,consensusTime=1000
info|2023-06-07 12:51:01.146323|[g:1][LEDGER][initEventLogFilterManager]initEventLogFilterManager SUCC
info|2023-06-07 12:51:01.146332|[LedgerInitializer init group succ],groupID=1
info|2023-06-07 12:51:01.146583|[SafeHttpServer::StartListening]use default epoll
info|2023-06-07 12:51:01.147059|[INITIALIZER][RPCInitializer JsonrpcHttpServer started],jsonrpc_IP=127.0.0.1,jsonrpc_listen_port=8545,jsonrpc_thread_count=8,ipv6=false,disableDynamicGroup=false
info|2023-06-07 12:51:01.147122|[g:1][LEDGER]startAll...
info|2023-06-07 12:51:01.147532|[g:1][GossipBlockStatus]start GossipBlockStatus succ
info|2023-06-07 12:51:01.147587|[g:1][CONSENSUS][ConsensusEngine][Start ConsensusEngineBase]
info|2023-06-07 12:51:01.148310|[g:1][CONSENSUS][PBFT]^^^^^^^^Report,num=10,sealerIdx=3,hash=d69239e0...,next=11,tx=1,nodeIdx=2
info|2023-06-07 12:51:01.148390|[g:1][ROCKSDB]open rocksDB handler,path=data//group1/pbftMsgBackup/RocksDB
info|2023-06-07 12:51:01.413125|[g:1][CONSENSUS][PBFT][PBFT init env successfully]
info|2023-06-07 12:51:01.413176|[g:1][CONSENSUS][PBFT][Start PBFTEngine...]
info|2023-06-07 12:51:01.413181|[g:1][CONSENSUS][SEALER][Start sealer module]
info|2023-06-07 12:51:01.413653|[g:1][EVENT][EventLogFilterManager]start,m_maxBlockRange=0,m_maxBlockPerLoopFilter=3
info|2023-06-07 12:51:01.593577|[g:1][NodeTimeMaintenance]updateTimeInfo: update median time offset,updatedMedianTimeOffset=-1,peer=7380ded5...,peerTime=1686113461592,peerOffset=-1,utcTime=1686113461593
info|2023-06-07 12:51:01.594052|[g:1][SYNC][id:bbc5bfac...][Download][Request]Request blocks,from=11,to=11,peer=7380ded5...
info|2023-06-07 12:51:01.597070|[g:1][NodeTimeMaintenance]updateTimeInfo: update median time offset,updatedMedianTimeOffset=-1,peer=c309ad65...,peerTime=1686113461596,peerOffset=-1,utcTime=1686113461597
info|2023-06-07 12:51:01.612092|[g:1][SYNC][id:bbc5bfac...][Download][BlockSync]Download block execute,number=11,txs=1,hash=9080150b...
info|2023-06-07 12:51:01.612154|[g:1][BLOCKVERIFIER][executeBlock]Executing block,txNum=1,num=11,parentHash=d69239e01d25f2dd2399512c2b27b95444132cd4c422e2ef467b87ae4c4c1ca6,parentNum=10,parentStateRoot=b00e544686426291ef62c985ac253f0cded665c8a7319cbd2defd98addb39cc0
info|2023-06-07 12:51:01.612622|[g:1][PRECOMPILED]init GasChargeManagePrecompiled
info|2023-06-07 12:51:01.615409|[g:1][g:1][STORAGE][CachedStorage]commit: 7 num: 11
info|2023-06-07 12:51:01.615732|[g:1][g:1][STORAGE][CachedStorage]Submited block task: 11, current syncd block: 10
info|2023-06-07 12:51:01.615746|[g:1][g:1][STORAGE][CachedStorage]Start commit block: 11 to backend storage
info|2023-06-07 12:51:01.615902|[g:1]Push block notify: 1-11
info|2023-06-07 12:51:01.616105|[g:1][SYNC][id:bbc5bfac...][Download][BlockSync]Download block commit succ,number=11,txs=1,hash=9080150b...,getBlockByNumberTimeCost=0,executeBlockTimeCost=2,commitBlockTimeCost=1,dropBlockTransTimeCost=1
info|2023-06-07 12:51:01.616302|[g:1][SYNC][id:bbc5bfac...][Download][BlockSync]Download finish,latestHash=9080150b...,expectedHash=9080150b...
info|2023-06-07 12:51:01.616451|[g:1][CONSENSUS][SEALER]increase maxNoTimeoutTx,maxNoTimeoutTx=1
info|2023-06-07 12:51:01.616484|[g:1][CONSENSUS][PBFT]^^^^^^^^Report,num=11,sealerIdx=3,hash=9080150b...,next=12,tx=1,nodeIdx=2
info|2023-06-07 12:51:01.698916|[g:1][g:1][STORAGE][CachedStorage]
---------------------------------------------------------------------
Commit block: 11 to backend storage finished, current cached block: 11
Flush elapsed time: 0.0832s
---------------------------------------------------------------------

info|2023-06-07 12:51:01.912552|[g:1][CONSENSUS][PBFT]FutureBlock,EINFO=handlePrepareMsg,reqIdx=3,view=36,reqNum=12,curNum=11,consNum=12,curView=0,fromIp=127.0.0.1:30302,hash=5658b785...,nodeIdx=2,myNode=bbc5bfac...,curChangeCycle=0
info|2023-06-07 12:51:01.912603|[g:1][CONSENSUS]addFuturePrepareCache,height=12,reqView=36,reqIdx=3,hash=5658b785...
info|2023-06-07 12:51:01.916771|[g:1][CONSENSUS][PBFT]Trigger fast-viewchange,view=0,toView=36,minView=37,INFO=,reqNum=11,curNum=11,GenIdx=0,Cview=37,view=0,fromIdx=0,fromNode=7380ded5...,fromIp=127.0.0.1:30303,hash=9080150b...,nodeIdx=2,myNode=bbc5bfac...
info|2023-06-07 12:51:01.917196|[g:1][CONSENSUS][PBFT]checkAndChangeView: Reach consensus,org_view=0,cur_changeCycle=1,curView=0,view=37
info|2023-06-07 12:51:01.917234|[g:1][CONSENSUS][PBFT]checkTimeout Succ,view=37,toView=37,nodeIdx=2,changeCycle=1,myNode=bbc5bfac...,timecost=1
info|2023-06-07 12:51:02.006602|[g:1][NodeTimeMaintenance]updateTimeInfo: update median time offset,updatedMedianTimeOffset=-1,peer=91a6062d...,peerTime=1686113462005,peerOffset=-1,utcTime=1686113462006
info|2023-06-07 12:51:02.814977|[NETWORK][Host]P2P Recv Connect, From=127.0.0.1:33376
info|2023-06-07 12:51:02.815176|[NETWORK][Host]P2P StartAccept,Host=0.0.0.0:30300
error|2023-06-07 12:51:02.824653|[NETWORK][Host]Get ca basic failed
info|2023-06-07 12:51:02.829479|[NETWORK][Host]handshakeServer succ,remote endpoint=127.0.0.1:33376
info|2023-06-07 12:51:02.829576|[NETWORK][Host]startPeerSession, Remote=127.0.0.1:33376,local endpoint=127.0.0.1:30300,nodeID=7380ded5...
info|2023-06-07 12:51:02.874100|[NETWORK][Host]P2P Recv Connect, From=127.0.0.1:33378
info|2023-06-07 12:51:02.874179|[NETWORK][Host]P2P StartAccept,Host=0.0.0.0:30300
error|2023-06-07 12:51:02.882640|[NETWORK][Host]Get ca basic failed
info|2023-06-07 12:51:02.886848|[NETWORK][Host]handshakeServer succ,remote endpoint=127.0.0.1:33378
info|2023-06-07 12:51:02.886895|[NETWORK][Host]startPeerSession, Remote=127.0.0.1:33378,local endpoint=127.0.0.1:30300,nodeID=91a6062d...
info|2023-06-07 12:51:02.918008|[g:1][CONSENSUS]addRawPrepare,height=12,reqIdx=0,hash=4df43462...,time=0
info|2023-06-07 12:51:02.918529|[g:1][CONSENSUS][PBFT]checkTimeout Succ,view=37,toView=38,nodeIdx=2,changeCycle=1,myNode=bbc5bfac...,timecost=0
info|2023-06-07 12:51:02.928265|[g:1][CONSENSUS][PBFT]checkAndChangeView: Reach consensus,org_view=37,cur_changeCycle=1,curView=37,view=38
info|2023-06-07 12:51:03.031776|[NETWORK][Host]P2P Recv Connect, From=127.0.0.1:33380
info|2023-06-07 12:51:03.031887|[NETWORK][Host]P2P StartAccept,Host=0.0.0.0:30300
error|2023-06-07 12:51:03.040261|[NETWORK][Host]Get ca basic failed
info|2023-06-07 12:51:03.046038|[NETWORK][Host]handshakeServer succ,remote endpoint=127.0.0.1:33380
info|2023-06-07 12:51:03.046121|[NETWORK][Host]startPeerSession, Remote=127.0.0.1:33380,local endpoint=127.0.0.1:30300,nodeID=c309ad65...
info|2023-06-07 12:51:03.928467|[g:1][CONSENSUS]addRawPrepare,height=12,reqIdx=1,hash=61f55d59...,time=0
info|2023-06-07 12:51:03.929168|[g:1][CONSENSUS][PBFT]checkTimeout Succ,view=38,toView=39,nodeIdx=2,changeCycle=1,myNode=bbc5bfac...,timecost=1
info|2023-06-07 12:51:03.930456|[g:1][CONSENSUS][PBFT]checkAndChangeView: Reach consensus,org_view=38,cur_changeCycle=1,curView=38,view=39
info|2023-06-07 12:51:04.930853|[g:1][CONSENSUS][SEALER]++++++++++++++++ Generating seal on,blkNum=12,tx=0,nodeIdx=2,hash=59291df7...
info|2023-06-07 12:51:04.932389|[g:1][CONSENSUS][PBFT]checkTimeout Succ,view=39,toView=40,nodeIdx=2,changeCycle=1,myNode=bbc5bfac...,timecost=1
info|2023-06-07 12:51:04.937293|[g:1][CONSENSUS][PBFT]checkAndChangeView: Reach consensus,org_view=39,cur_changeCycle=1,curView=39,view=40
info|2023-06-07 12:51:05.937923|[g:1][CONSENSUS]addRawPrepare,height=12,reqIdx=3,hash=da1f42c0...,time=0
info|2023-06-07 12:51:05.938663|[g:1][CONSENSUS][PBFT]checkTimeout Succ,view=40,toView=41,nodeIdx=2,changeCycle=1,myNode=bbc5bfac...,timecost=0
info|2023-06-07 12:51:05.940554|[g:1][CONSENSUS][PBFT]checkAndChangeView: Reach consensus,org_view=40,cur_changeCycle=1,curView=40,view=41
info|2023-06-07 12:51:06.945390|[g:1][CONSENSUS]addRawPrepare,height=12,reqIdx=0,hash=07dd70f4...,time=0
info|2023-06-07 12:51:06.946737|[g:1][CONSENSUS][PBFT]checkTimeout Succ,view=41,toView=42,nodeIdx=2,changeCycle=1,myNode=bbc5bfac...,timecost=1
info|2023-06-07 12:51:06.950253|[g:1][CONSENSUS][PBFT]checkAndChangeView: Reach consensus,org_view=41,cur_changeCycle=1,curView=41,view=42
info|2023-06-07 12:51:07.686726|[P2P][Service] heartBeat,connected count=3
info|2023-06-07 12:51:07.952139|[g:1][CONSENSUS]addRawPrepare,height=12,reqIdx=1,hash=c880452e...,time=0
info|2023-06-07 12:51:07.953190|[g:1][CONSENSUS][PBFT]checkTimeout Succ,view=42,toView=43,nodeIdx=2,changeCycle=1,myNode=bbc5bfac...,timecost=1
info|2023-06-07 12:51:07.956266|[g:1][CONSENSUS][PBFT]checkAndChangeView: Reach consensus,org_view=42,cur_changeCycle=1,curView=42,view=43
info|2023-06-07 12:51:08.957545|[g:1][CONSENSUS][SEALER]++++++++++++++++ Generating seal on,blkNum=12,tx=0,nodeIdx=2,hash=5bd6334d...
info|2023-06-07 12:51:08.965423|[g:1][CONSENSUS][PBFT]checkTimeout Succ,view=43,toView=44,nodeIdx=2,changeCycle=1,myNode=bbc5bfac...,timecost=0
info|2023-06-07 12:51:08.966686|[g:1][CONSENSUS][PBFT]checkAndChangeView: Reach consensus,org_view=43,cur_changeCycle=1,curView=43,view=44
info|2023-06-07 12:51:09.969568|[g:1][CONSENSUS]addRawPrepare,height=12,reqIdx=3,hash=5e7a2312...,time=0
info|2023-06-07 12:51:09.971012|[g:1][CONSENSUS][PBFT]checkTimeout Succ,view=44,toView=45,nodeIdx=2,changeCycle=1,myNode=bbc5bfac...,timecost=2
info|2023-06-07 12:51:09.972438|[g:1][CONSENSUS][PBFT]checkAndChangeView: Reach consensus,org_view=44,cur_changeCycle=1,curView=44,view=45
info|2023-06-07 12:51:10.972673|[g:1][CONSENSUS]addRawPrepare,height=12,reqIdx=0,hash=bdf27e6d...,time=0
info|2023-06-07 12:51:10.973276|[g:1][CONSENSUS][PBFT]checkTimeout Succ,view=45,toView=46,nodeIdx=2,changeCycle=1,myNode=bbc5bfac...,timecost=1
info|2023-06-07 12:51:10.977988|[g:1][CONSENSUS][PBFT]checkAndChangeView: Reach consensus,org_view=45,cur_changeCycle=1,curView=45,view=46
info|2023-06-07 12:51:11.979118|[g:1][CONSENSUS]addRawPrepare,height=12,reqIdx=1,hash=620690ea...,time=0
info|2023-06-07 12:51:11.979686|[g:1][CONSENSUS][PBFT]checkTimeout Succ,view=46,toView=47,nodeIdx=2,changeCycle=1,myNode=bbc5bfac...,timecost=0
info|2023-06-07 12:51:11.980877|[g:1][CONSENSUS][PBFT]checkAndChangeView: Reach consensus,org_view=46,cur_changeCycle=1,curView=46,view=47
info|2023-06-07 12:51:12.981540|[g:1][CONSENSUS][SEALER]++++++++++++++++ Generating seal on,blkNum=12,tx=0,nodeIdx=2,hash=ddf27c3f...
info|2023-06-07 12:51:12.983112|[g:1][CONSENSUS][PBFT]checkTimeout Succ,view=47,toView=48,nodeIdx=2,changeCycle=1,myNode=bbc5bfac...,timecost=1
info|2023-06-07 12:51:12.988218|[g:1][CONSENSUS][PBFT]checkAndChangeView: Reach consensus,org_view=47,cur_changeCycle=1,curView=47,view=48
info|2023-06-07 12:51:13.991966|[g:1][CONSENSUS]addRawPrepare,height=12,reqIdx=3,hash=3ac03db6...,time=1
info|2023-06-07 12:51:13.993038|[g:1][CONSENSUS][PBFT]checkTimeout Succ,view=48,toView=49,nodeIdx=2,changeCycle=1,myNode=bbc5bfac...,timecost=1
info|2023-06-07 12:51:13.996776|[g:1][CONSENSUS][PBFT]checkAndChangeView: Reach consensus,org_view=48,cur_changeCycle=1,curView=48,view=49
info|2023-06-07 12:51:14.998539|[g:1][CONSENSUS]addRawPrepare,height=12,reqIdx=0,hash=48cdd697...,time=0
info|2023-06-07 12:51:14.999301|[g:1][CONSENSUS][PBFT]checkTimeout Succ,view=49,toView=50,nodeIdx=2,changeCycle=1,myNode=bbc5bfac...,timecost=1
info|2023-06-07 12:51:15.001526|[g:1][CONSENSUS][PBFT]checkAndChangeView: Reach consensus,org_view=49,cur_changeCycle=1,curView=49,view=50
info|2023-06-07 12:51:16.005224|[g:1][CONSENSUS]addRawPrepare,height=12,reqIdx=1,hash=1d8923a0...,time=0
info|2023-06-07 12:51:16.005882|[g:1][CONSENSUS][PBFT]checkTimeout Succ,view=50,toView=51,nodeIdx=2,changeCycle=1,myNode=bbc5bfac...,timecost=0
info|2023-06-07 12:51:16.007001|[g:1][CONSENSUS][PBFT]checkAndChangeView: Reach consensus,org_view=50,cur_changeCycle=1,curView=50,view=51
info|2023-06-07 12:51:17.008346|[g:1][CONSENSUS][SEALER]++++++++++++++++ Generating seal on,blkNum=12,tx=0,nodeIdx=2,hash=0b18c5d8...
info|2023-06-07 12:51:17.009741|[g:1][CONSENSUS][PBFT]checkTimeout Succ,view=51,toView=52,nodeIdx=2,changeCycle=1,myNode=bbc5bfac...,timecost=0
info|2023-06-07 12:51:17.013678|[g:1][CONSENSUS][PBFT]checkAndChangeView: Reach consensus,org_view=51,cur_changeCycle=1,curView=51,view=52
info|2023-06-07 12:51:17.686953|[P2P][Service] heartBeat,connected count=3
info|2023-06-07 12:51:18.023085|[g:1][CONSENSUS]addRawPrepare,height=12,reqIdx=3,hash=f44f3df0...,time=0
info|2023-06-07 12:51:18.023876|[g:1][CONSENSUS][PBFT]checkTimeout Succ,view=52,toView=53,nodeIdx=2,changeCycle=1,myNode=bbc5bfac...,timecost=0
info|2023-06-07 12:51:18.027406|[g:1][CONSENSUS][PBFT]checkAndChangeView: Reach consensus,org_view=52,cur_changeCycle=1,curView=52,view=53
info|2023-06-07 12:51:19.030504|[g:1][CONSENSUS]addRawPrepare,height=12,reqIdx=0,hash=c3765710...,time=0
info|2023-06-07 12:51:19.031512|[g:1][CONSENSUS][PBFT]checkTimeout Succ,view=53,toView=54,nodeIdx=2,changeCycle=1,myNode=bbc5bfac...,timecost=1
info|2023-06-07 12:51:19.034169|[g:1][CONSENSUS][PBFT]checkAndChangeView: Reach consensus,org_view=53,cur_changeCycle=1,curView=53,view=54
info|2023-06-07 12:51:20.037126|[g:1][CONSENSUS]addRawPrepare,height=12,reqIdx=1,hash=85720dff...,time=0
info|2023-06-07 12:51:20.037704|[g:1][CONSENSUS][PBFT]checkTimeout Succ,view=54,toView=55,nodeIdx=2,changeCycle=1,myNode=bbc5bfac...,timecost=0
info|2023-06-07 12:51:20.039338|[g:1][CONSENSUS][PBFT]checkAndChangeView: Reach consensus,org_view=54,cur_changeCycle=1,curView=54,view=55
info|2023-06-07 12:51:21.039235|[g:1][CONSENSUS][SEALER]++++++++++++++++ Generating seal on,blkNum=12,tx=0,nodeIdx=2,hash=5c95ae1b...
info|2023-06-07 12:51:21.040547|[g:1][CONSENSUS][PBFT]checkTimeout Succ,view=55,toView=56,nodeIdx=2,changeCycle=1,myNode=bbc5bfac...,timecost=0
info|2023-06-07 12:51:21.044650|[g:1][CONSENSUS][PBFT]checkAndChangeView: Reach consensus,org_view=55,cur_changeCycle=1,curView=55,view=56
info|2023-06-07 12:51:22.046613|[g:1][CONSENSUS]addRawPrepare,height=12,reqIdx=3,hash=e14ad3d9...,time=0
info|2023-06-07 12:51:22.047067|[g:1][CONSENSUS][PBFT]checkTimeout Succ,view=56,toView=57,nodeIdx=2,changeCycle=1,myNode=bbc5bfac...,timecost=1
info|2023-06-07 12:51:22.048925|[g:1][CONSENSUS][PBFT]checkAndChangeView: Reach consensus,org_view=56,cur_changeCycle=1,curView=56,view=57
info|2023-06-07 12:51:23.051061|[g:1][CONSENSUS]addRawPrepare,height=12,reqIdx=0,hash=cb4e8db9...,time=0
info|2023-06-07 12:51:23.051524|[g:1][CONSENSUS][PBFT]checkTimeout Succ,view=57,toView=58,nodeIdx=2,changeCycle=1,myNode=bbc5bfac...,timecost=0
info|2023-06-07 12:51:23.054689|[g:1][CONSENSUS][PBFT]checkAndChangeView: Reach consensus,org_view=57,cur_changeCycle=1,curView=57,view=58
info|2023-06-07 12:51:24.056599|[g:1][CONSENSUS]addRawPrepare,height=12,reqIdx=1,hash=3f760609...,time=0
info|2023-06-07 12:51:24.057475|[g:1][CONSENSUS][PBFT]checkTimeout Succ,view=58,toView=59,nodeIdx=2,changeCycle=1,myNode=bbc5bfac...,timecost=1
info|2023-06-07 12:51:24.063912|[g:1][CONSENSUS][PBFT]checkAndChangeView: Reach consensus,org_view=58,cur_changeCycle=1,curView=58,view=59
info|2023-06-07 12:51:25.065411|[g:1][CONSENSUS][SEALER]++++++++++++++++ Generating seal on,blkNum=12,tx=0,nodeIdx=2,hash=67b44688...
info|2023-06-07 12:51:25.068158|[g:1][CONSENSUS][PBFT]checkTimeout Succ,view=59,toView=60,nodeIdx=2,changeCycle=1,myNode=bbc5bfac...,timecost=2
info|2023-06-07 12:51:25.072294|[g:1][CONSENSUS][PBFT]checkAndChangeView: Reach consensus,org_view=59,cur_changeCycle=1,curView=59,view=60
info|2023-06-07 12:51:26.073331|[g:1][CONSENSUS]addRawPrepare,height=12,reqIdx=3,hash=185bde47...,time=0
info|2023-06-07 12:51:26.073980|[g:1][CONSENSUS][PBFT]checkTimeout Succ,view=60,toView=61,nodeIdx=2,changeCycle=1,myNode=bbc5bfac...,timecost=0
info|2023-06-07 12:51:26.075374|[g:1][CONSENSUS][PBFT]checkAndChangeView: Reach consensus,org_view=60,cur_changeCycle=1,curView=60,view=61
info|2023-06-07 12:51:27.084035|[g:1][CONSENSUS]addRawPrepare,height=12,reqIdx=0,hash=06a6cd8a...,time=0
info|2023-06-07 12:51:27.084808|[g:1][CONSENSUS][PBFT]checkTimeout Succ,view=61,toView=62,nodeIdx=2,changeCycle=1,myNode=bbc5bfac...,timecost=2
info|2023-06-07 12:51:27.087656|[g:1][CONSENSUS][PBFT]checkAndChangeView: Reach consensus,org_view=61,cur_changeCycle=1,curView=61,view=62
info|2023-06-07 12:51:27.687066|[P2P][Service] heartBeat,connected count=3
info|2023-06-07 12:51:28.092252|[g:1][CONSENSUS]addRawPrepare,height=12,reqIdx=1,hash=0e938bca...,time=0
info|2023-06-07 12:51:28.092869|[g:1][CONSENSUS][PBFT]checkTimeout Succ,view=62,toView=63,nodeIdx=2,changeCycle=1,myNode=bbc5bfac...,timecost=0
info|2023-06-07 12:51:28.093872|[g:1][CONSENSUS][PBFT]checkAndChangeView: Reach consensus,org_view=62,cur_changeCycle=1,curView=62,view=63
info|2023-06-07 12:51:29.094633|[g:1][CONSENSUS][SEALER]++++++++++++++++ Generating seal on,blkNum=12,tx=0,nodeIdx=2,hash=f7cd64fb...
info|2023-06-07 12:51:29.097808|[g:1][CONSENSUS][PBFT]checkTimeout Succ,view=63,toView=64,nodeIdx=2,changeCycle=1,myNode=bbc5bfac...,timecost=3
info|2023-06-07 12:51:29.100673|[g:1][CONSENSUS][PBFT]checkAndChangeView: Reach consensus,org_view=63,cur_changeCycle=1,curView=63,view=64
info|2023-06-07 12:51:30.100897|[g:1][CONSENSUS]addRawPrepare,height=12,reqIdx=3,hash=87e7e15b...,time=0
info|2023-06-07 12:51:30.101420|[g:1][CONSENSUS][PBFT]checkTimeout Succ,view=64,toView=65,nodeIdx=2,changeCycle=1,myNode=bbc5bfac...,timecost=0
info|2023-06-07 12:51:30.103978|[g:1][CONSENSUS][PBFT]checkAndChangeView: Reach consensus,org_view=64,cur_changeCycle=1,curView=64,view=65
info|2023-06-07 12:51:31.109008|[g:1][CONSENSUS]addRawPrepare,height=12,reqIdx=0,hash=c7bda300...,time=1
info|2023-06-07 12:51:31.110261|[g:1][CONSENSUS][PBFT]checkTimeout Succ,view=65,toView=66,nodeIdx=2,changeCycle=1,myNode=bbc5bfac...,timecost=1
info|2023-06-07 12:51:31.111195|[g:1][CONSENSUS][PBFT]checkAndChangeView: Reach consensus,org_view=65,cur_changeCycle=1,curView=65,view=66
info|2023-06-07 12:51:32.113450|[g:1][CONSENSUS]addRawPrepare,height=12,reqIdx=1,hash=a4ef0a74...,time=0
info|2023-06-07 12:51:32.115051|[g:1][CONSENSUS][PBFT]checkTimeout Succ,view=66,toView=67,nodeIdx=2,changeCycle=1,myNode=bbc5bfac...,timecost=2
info|2023-06-07 12:51:32.116723|[g:1][CONSENSUS][PBFT]checkAndChangeView: Reach consensus,org_view=66,cur_changeCycle=1,curView=66,view=67
info|2023-06-07 12:51:33.116875|[g:1][CONSENSUS][SEALER]++++++++++++++++ Generating seal on,blkNum=12,tx=0,nodeIdx=2,hash=27dae4a3...
info|2023-06-07 12:51:33.120351|[g:1][CONSENSUS][PBFT]checkTimeout Succ,view=67,toView=68,nodeIdx=2,changeCycle=1,myNode=bbc5bfac...,timecost=3
info|2023-06-07 12:51:33.121190|[g:1][CONSENSUS][PBFT]checkAndChangeView: Reach consensus,org_view=67,cur_changeCycle=1,curView=67,view=68
info|2023-06-07 12:51:34.127036|[g:1][CONSENSUS]addRawPrepare,height=12,reqIdx=3,hash=ae33b971...,time=1
info|2023-06-07 12:51:34.128530|[g:1][CONSENSUS][PBFT]checkTimeout Succ,view=68,toView=69,nodeIdx=2,changeCycle=1,myNode=bbc5bfac...,timecost=1
info|2023-06-07 12:51:34.130282|[g:1][CONSENSUS][PBFT]checkAndChangeView: Reach consensus,org_view=68,cur_changeCycle=1,curView=68,view=69
info|2023-06-07 12:51:35.131699|[g:1][CONSENSUS]addRawPrepare,height=12,reqIdx=0,hash=2272de66...,time=0
info|2023-06-07 12:51:35.132455|[g:1][CONSENSUS][PBFT]checkTimeout Succ,view=69,toView=70,nodeIdx=2,changeCycle=1,myNode=bbc5bfac...,timecost=1
info|2023-06-07 12:51:35.133609|[g:1][CONSENSUS][PBFT]checkAndChangeView: Reach consensus,org_view=69,cur_changeCycle=1,curView=69,view=70
info|2023-06-07 12:51:36.137627|[g:1][CONSENSUS]addRawPrepare,height=12,reqIdx=1,hash=f7c4c636...,time=0
info|2023-06-07 12:51:36.138397|[g:1][CONSENSUS][PBFT]checkTimeout Succ,view=70,toView=71,nodeIdx=2,changeCycle=1,myNode=bbc5bfac...,timecost=1
info|2023-06-07 12:51:36.141417|[g:1][CONSENSUS][PBFT]checkAndChangeView: Reach consensus,org_view=70,cur_changeCycle=1,curView=70,view=71
info|2023-06-07 12:51:37.142004|[g:1][CONSENSUS][SEALER]++++++++++++++++ Generating seal on,blkNum=12,tx=0,nodeIdx=2,hash=5aa7dff8...
info|2023-06-07 12:51:37.143698|[g:1][CONSENSUS][PBFT]checkTimeout Succ,view=71,toView=72,nodeIdx=2,changeCycle=1,myNode=bbc5bfac...,timecost=1
info|2023-06-07 12:51:37.147687|[g:1][CONSENSUS][PBFT]checkAndChangeView: Reach consensus,org_view=71,cur_changeCycle=1,curView=71,view=72
info|2023-06-07 12:51:37.687315|[P2P][Service] heartBeat,connected count=3
info|2023-06-07 12:51:38.148681|[g:1][CONSENSUS]addRawPrepare,height=12,reqIdx=3,hash=1fea47f0...,time=0
info|2023-06-07 12:51:38.149614|[g:1][CONSENSUS][PBFT]checkTimeout Succ,view=72,toView=73,nodeIdx=2,changeCycle=1,myNode=bbc5bfac...,timecost=1
info|2023-06-07 12:51:38.151111|[g:1][CONSENSUS][PBFT]checkAndChangeView: Reach consensus,org_view=72,cur_changeCycle=1,curView=72,view=73
info|2023-06-07 12:51:39.154433|[g:1][CONSENSUS]addRawPrepare,height=12,reqIdx=0,hash=2009ed8c...,time=0
info|2023-06-07 12:51:39.154886|[g:1][CONSENSUS][PBFT]checkTimeout Succ,view=73,toView=74,nodeIdx=2,changeCycle=1,myNode=bbc5bfac...,timecost=0
info|2023-06-07 12:51:39.157003|[g:1][CONSENSUS][PBFT]checkAndChangeView: Reach consensus,org_view=73,cur_changeCycle=1,curView=73,view=74
info|2023-06-07 12:51:40.164268|[g:1][CONSENSUS]addRawPrepare,height=12,reqIdx=1,hash=40f27237...,time=0
info|2023-06-07 12:51:40.165564|[g:1][CONSENSUS][PBFT]checkTimeout Succ,view=74,toView=75,nodeIdx=2,changeCycle=1,myNode=bbc5bfac...,timecost=1
info|2023-06-07 12:51:40.166255|[g:1][CONSENSUS][PBFT]checkAndChangeView: Reach consensus,org_view=74,cur_changeCycle=1,curView=74,view=75
info|2023-06-07 12:51:41.167129|[g:1][CONSENSUS][SEALER]++++++++++++++++ Generating seal on,blkNum=12,tx=0,nodeIdx=2,hash=22f8bea1...
info|2023-06-07 12:51:41.168733|[g:1][CONSENSUS][PBFT]checkTimeout Succ,view=75,toView=76,nodeIdx=2,changeCycle=1,myNode=bbc5bfac...,timecost=1
info|2023-06-07 12:51:41.172724|[g:1][CONSENSUS][PBFT]checkAndChangeView: Reach consensus,org_view=75,cur_changeCycle=1,curView=75,view=76
info|2023-06-07 12:51:42.173880|[g:1][CONSENSUS]addRawPrepare,height=12,reqIdx=3,hash=0f57bf3a...,time=0
info|2023-06-07 12:51:42.175451|[g:1][CONSENSUS][PBFT]checkTimeout Succ,view=76,toView=77,nodeIdx=2,changeCycle=1,myNode=bbc5bfac...,timecost=0
info|2023-06-07 12:51:42.176553|[g:1][CONSENSUS][PBFT]checkAndChangeView: Reach consensus,org_view=76,cur_changeCycle=1,curView=76,view=77
info|2023-06-07 12:51:43.181150|[g:1][CONSENSUS]addRawPrepare,height=12,reqIdx=0,hash=b4b476b4...,time=0
info|2023-06-07 12:51:43.181724|[g:1][CONSENSUS][PBFT]checkTimeout Succ,view=77,toView=78,nodeIdx=2,changeCycle=1,myNode=bbc5bfac...,timecost=0
info|2023-06-07 12:51:43.182994|[g:1][CONSENSUS][PBFT]checkAndChangeView: Reach consensus,org_view=77,cur_changeCycle=1,curView=77,view=78
info|2023-06-07 12:51:44.185499|[g:1][CONSENSUS]addRawPrepare,height=12,reqIdx=1,hash=0ef6e4b4...,time=0
info|2023-06-07 12:51:44.186022|[g:1][CONSENSUS][PBFT]checkTimeout Succ,view=78,toView=79,nodeIdx=2,changeCycle=1,myNode=bbc5bfac...,timecost=1
info|2023-06-07 12:51:44.188585|[g:1][CONSENSUS][PBFT]checkAndChangeView: Reach consensus,org_view=78,cur_changeCycle=1,curView=78,view=79
info|2023-06-07 12:51:45.189169|[g:1][CONSENSUS][SEALER]++++++++++++++++ Generating seal on,blkNum=12,tx=0,nodeIdx=2,hash=68aa9fe1...
info|2023-06-07 12:51:45.190424|[g:1][CONSENSUS][PBFT]checkTimeout Succ,view=79,toView=80,nodeIdx=2,changeCycle=1,myNode=bbc5bfac...,timecost=2
info|2023-06-07 12:51:45.205439|[g:1][CONSENSUS][PBFT]checkAndChangeView: Reach consensus,org_view=79,cur_changeCycle=1,curView=79,view=80
info|2023-06-07 12:51:46.206384|[g:1][CONSENSUS]addRawPrepare,height=12,reqIdx=3,hash=1ced032a...,time=0
info|2023-06-07 12:51:46.207153|[g:1][CONSENSUS][PBFT]checkTimeout Succ,view=80,toView=81,nodeIdx=2,changeCycle=1,myNode=bbc5bfac...,timecost=1
info|2023-06-07 12:51:46.209594|[g:1][CONSENSUS][PBFT]checkAndChangeView: Reach consensus,org_view=80,cur_changeCycle=1,curView=80,view=81
info|2023-06-07 12:51:47.210634|[g:1][CONSENSUS]addRawPrepare,height=12,reqIdx=0,hash=e818768a...,time=0
info|2023-06-07 12:51:47.211688|[g:1][CONSENSUS][PBFT]checkTimeout Succ,view=81,toView=82,nodeIdx=2,changeCycle=1,myNode=bbc5bfac...,timecost=1
info|2023-06-07 12:51:47.213432|[g:1][CONSENSUS][PBFT]checkAndChangeView: Reach consensus,org_view=81,cur_changeCycle=1,curView=81,view=82
info|2023-06-07 12:51:47.687519|[P2P][Service] heartBeat,connected count=3
info|2023-06-07 12:51:48.216035|[g:1][CONSENSUS]addRawPrepare,height=12,reqIdx=1,hash=cc03891f...,time=0
info|2023-06-07 12:51:48.216700|[g:1][CONSENSUS][PBFT]checkTimeout Succ,view=82,toView=83,nodeIdx=2,changeCycle=1,myNode=bbc5bfac...,timecost=0
info|2023-06-07 12:51:48.226595|[g:1][CONSENSUS][PBFT]checkAndChangeView: Reach consensus,org_view=82,cur_changeCycle=1,curView=82,view=83
info|2023-06-07 12:51:49.227238|[g:1][CONSENSUS][SEALER]++++++++++++++++ Generating seal on,blkNum=12,tx=0,nodeIdx=2,hash=24ace3d9...
info|2023-06-07 12:51:49.229140|[g:1][CONSENSUS][PBFT]checkTimeout Succ,view=83,toView=84,nodeIdx=2,changeCycle=1,myNode=bbc5bfac...,timecost=1
info|2023-06-07 12:51:49.233390|[g:1][CONSENSUS][PBFT]checkAndChangeView: Reach consensus,org_view=83,cur_changeCycle=1,curView=83,view=84
info|2023-06-07 12:51:50.237078|[g:1][CONSENSUS]addRawPrepare,height=12,reqIdx=3,hash=cd480415...,time=0
info|2023-06-07 12:51:50.239298|[g:1][CONSENSUS][PBFT]checkTimeout Succ,view=84,toView=85,nodeIdx=2,changeCycle=1,myNode=bbc5bfac...,timecost=1
info|2023-06-07 12:51:50.241231|[g:1][CONSENSUS][PBFT]checkAndChangeView: Reach consensus,org_view=84,cur_changeCycle=1,curView=84,view=85
info|2023-06-07 12:51:51.242474|[g:1][CONSENSUS]addRawPrepare,height=12,reqIdx=0,hash=f3caa194...,time=0
info|2023-06-07 12:51:51.243061|[g:1][CONSENSUS][PBFT]checkTimeout Succ,view=85,toView=86,nodeIdx=2,changeCycle=1,myNode=bbc5bfac...,timecost=1
info|2023-06-07 12:51:51.245832|[g:1][CONSENSUS][PBFT]checkAndChangeView: Reach consensus,org_view=85,cur_changeCycle=1,curView=85,view=86
info|2023-06-07 12:51:51.588827|[LEDGER]stop sealer,groupID=1
info|2023-06-07 12:51:51.588899|[CONSENSUS][SEALER]Stop sealer module...
info|2023-06-07 12:51:51.598088|[CONSENSUS][ConsensusEngine][Stop ConsensusEngineBase]
info|2023-06-07 12:51:51.601706|[CONSENSUS][ConsensusEngine]ConsensusEngineBase stopped
info|2023-06-07 12:51:51.601745|[LEDGER]sealer stopped. stop sync,groupID=1
info|2023-06-07 12:51:51.602431|[g:1] [SYNC][id:bbc5bfac...]SyncMsgEngine stopped
info|2023-06-07 12:51:51.785892|[GossipBlockStatus]stop GossipBlockStatus succ
info|2023-06-07 12:51:52.252241|[SYNC][id:bbc5bfac...][g:1]SyncMaster stopped
info|2023-06-07 12:51:52.252279|[LEDGER]sync stopped. stop event filter manager,groupID=1
info|2023-06-07 12:51:52.278017|[EVENT][EventLogFilterManager]stop
info|2023-06-07 12:51:52.278058|[LEDGER]event filter manager stopped. stop tx pool,groupID=1
info|2023-06-07 12:51:52.278490|[LEDGER]removeNetworkStatHandlerByGroupID and removeGroupBandwidthLimiter for service,groupID=1
info|2023-06-07 12:51:52.278529|[CHANNEL]removeSDKAllowListByGroupId,groupId=1
info|2023-06-07 12:51:52.278559|[INITIALIZER]ledgerInitializer stopped
info|2023-06-07 12:51:53.279168|[INITIALIZER]ChannelRPCHttpServer deleted.
info|2023-06-07 12:51:53.280058|[INITIALIZER]JsonrpcHttpServer deleted.
info|2023-06-07 12:51:53.280093|[INITIALIZER]RPCInitializer stopped
error|2023-06-07 12:51:53.280229|[NETWORK][Host]Error: system:125
info|2023-06-07 12:51:53.280385|[NETWORK][Host]Host exit
info|2023-06-07 12:51:53.282183|[INITIALIZER]P2PInitializer stopped
info|2023-06-07 12:51:53.282235|[LEDGER]stop sealer,groupID=1
info|2023-06-07 12:51:53.282248|[LEDGER]sealer stopped. stop sync,groupID=1
info|2023-06-07 12:51:53.282269|[g:1] [SYNC][id:bbc5bfac...]SyncMsgEngine stopped
info|2023-06-07 12:51:53.282294|[GossipBlockStatus]GossipBlockStatus already stopped
info|2023-06-07 12:51:53.282321|[SYNC][id:bbc5bfac...][g:1]SyncMaster stopped
info|2023-06-07 12:51:53.282329|[LEDGER]sync stopped. stop event filter manager,groupID=1
info|2023-06-07 12:51:53.282335|[LEDGER]event filter manager stopped. stop tx pool,groupID=1
info|2023-06-07 12:51:53.282349|[LEDGER]removeNetworkStatHandlerByGroupID and removeGroupBandwidthLimiter for service,groupID=1
info|2023-06-07 12:51:53.282389|[g:1][STORAGE][CachedStorage]Stopping flushStorage thread
info|2023-06-07 12:51:54.152600|[g:1][STORAGE][CachedStorage]flushStorage thread stopped.
info|2023-06-07 12:51:54.152650|[DBINITIALIZER] storage stopped
info|2023-06-07 12:51:54.154802|[g:1] [SYNC][id:bbc5bfac...]SyncMsgEngine stopped
info|2023-06-07 12:51:54.154835|[GossipBlockStatus]GossipBlockStatus already stopped
info|2023-06-07 12:51:54.154878|[SYNC][id:bbc5bfac...][g:1]SyncMaster stopped
info|2023-06-07 12:51:54.154904|[g:1] [SYNC][id:bbc5bfac...]SyncMsgEngine stopped
