info|2023-06-07 16:35:15.100676|[INITIALIZER][initGlobalConfig],enableCompress=true,compatibilityVersion=2.9.1,versionNumber=34144512,enableStat=false,chainId=1,useSMCrypto=false
info|2023-06-07 16:35:15.100892|[INITIALIZER][SecureInitializer]loading privateKey
info|2023-06-07 16:35:15.120352|[INITIALIZER][SecureInitializer]get pub of node,nodeID=bbc5bfac274c036d71cf50892e87fb5e7781a05f4ac3bdd1b6c31b9b6f4ff2d748d9d3907bc06f111bd750b4cd14141564f3a90c404f8a88f5189227a3869016
info|2023-06-07 16:35:15.120521|[INITIALIZER][SecureInitializer]use user certificate,file=conf//node.crt
info|2023-06-07 16:35:15.120907|[INITIALIZER][SecureInitializer]use ca certificate,file=conf//ca.crt
info|2023-06-07 16:35:15.121005|[INITIALIZER][SecureInitializer]use ca,file=conf//
info|2023-06-07 16:35:15.121051|[INITIALIZER][SecureInitializer][initChannelCertConfig]enable rsa cert for channel ,conf//channel_cert/ certs will be used for channel ssl,dataPath=conf/
info|2023-06-07 16:35:15.122038|[NETWORK][Host]Connecting to node,endpoint=127.0.0.1:30300
info|2023-06-07 16:35:15.122183|[NETWORK][Host]Connecting to node,endpoint=127.0.0.1:30301
info|2023-06-07 16:35:15.122243|[NETWORK][Host]Connecting to node,endpoint=127.0.0.1:30302
info|2023-06-07 16:35:15.122364|[NETWORK][Host]Connecting to node,endpoint=127.0.0.1:30303
info|2023-06-07 16:35:15.122431|[P2P][Service] heartBeat,connected count=0
info|2023-06-07 16:35:15.122476|[INITIALIZER][RPCInitializer],network_security.check_cert_issuer=true
info|2023-06-07 16:35:15.122171|[NETWORK][Host]P2P StartAccept,Host=0.0.0.0:30300
info|2023-06-07 16:35:15.122889|[NETWORK][ASIO]asyncResolveConnect,endpoint=127.0.0.1:30300
info|2023-06-07 16:35:15.123528|[NETWORK][ASIO]asyncResolveConnect,endpoint=127.0.0.1:30301
info|2023-06-07 16:35:15.123601|[CHANNEL][ChannelServer::run],threadPoolSize=8
info|2023-06-07 16:35:15.123685|[CHANNEL]ChannelRPCServer started
info|2023-06-07 16:35:15.123692|[INITIALIZER][RPCInitializer: ChannelRPCHttpServer started.],disableDynamicGroup=false,threadSize=8
info|2023-06-07 16:35:15.123704|[INITIALIZER][LedgerInitializer]initConfig
info|2023-06-07 16:35:15.123724|[LedgerInitializer],groupConfigPath=conf/
info|2023-06-07 16:35:15.124016|[INITIALIZER][initSingleLedger] [GroupId], LedgerConstructor:  1,configFileName=conf/group.1.genesis,dataDir=data/
info|2023-06-07 16:35:15.124110|[g:1][LedgerParam][parseGenesisConfig]initConsensusConfig/initStorageConfig/initTxConfig,configFile=conf/group.1.genesis
info|2023-06-07 16:35:15.124145|[g:1][LedgerParam][initConsensusConfig],type=pbft,consensusTimeout=3,maxTxNum=1000,txGasLimit=300000000
info|2023-06-07 16:35:15.124176|[g:1][LedgerParam][parsePublicKeyListOfSection],sectionName=consensus,it.first=bbc5bfac274c036d71cf50892e87fb5e7781a05f4ac3bdd1b6c31b9b6f4ff2d748d9d3907bc06f111bd750b4cd14141564f3a90c404f8a88f5189227a3869016
info|2023-06-07 16:35:15.124212|[g:1][LedgerParam][parsePublicKeyListOfSection],sectionName=consensus,it.first=91a6062de58f2896dfb5e8a8df8897e524426008855a66b1e5fd4da89ce57c7c55bc9450af12dbd999da94ae9df34e8842d797464f09678e2e4b1352d499815b
info|2023-06-07 16:35:15.124235|[g:1][LedgerParam][parsePublicKeyListOfSection],sectionName=consensus,it.first=c309ad65daf962247d74dda65d286cdbe3df64e67cbe3707567d6dc6f6c927a4af3b1c6385d4e720abc9ce7b9ce2acc41d7296d7daf445e544b2b4fa28ff66be
info|2023-06-07 16:35:15.124247|[g:1][LedgerParam][parsePublicKeyListOfSection],sectionName=consensus,it.first=7380ded5ece4067c8b5468f5b8567f5f5b7c58b60c0b878f262418dc9cc5bb9adbdb4878ef61101fd464167a2160261153c1e5373cf0eb46540778a31de1c0c5
info|2023-06-07 16:35:15.124257|[g:1][LedgerParam][parsePublicKeyListOfSection],totalPubKeySize=4
info|2023-06-07 16:35:15.124319|[g:1][LedgerParam][max_block_range],maxBlockRange=0,maxBlockPerProcess=3
info|2023-06-07 16:35:15.124333|[g:1][LedgerParam][parseGenesisConfig],timestamp=1685249894000
info|2023-06-07 16:35:15.124346|[g:1][LedgerParam]setEVMFlags,enableFreeStorageVMSchedule=false,evmFlags=0
info|2023-06-07 16:35:15.124361|[g:1][LedgerParam]store evmFlag,evmFlag=0
info|2023-06-07 16:35:15.124368|[g:1][LedgerParam]store consensus time,consensusTimeout=3
info|2023-06-07 16:35:15.124373|[g:1][LedgerParam][initMark],genesisMark=1-7380ded5ece4067c8b5468f5b8567f5f5b7c58b60c0b878f262418dc9cc5bb9adbdb4878ef61101fd464167a2160261153c1e5373cf0eb46540778a31de1c0c5,91a6062de58f2896dfb5e8a8df8897e524426008855a66b1e5fd4da89ce57c7c55bc9450af12dbd999da94ae9df34e8842d797464f09678e2e4b1352d499815b,bbc5bfac274c036d71cf50892e87fb5e7781a05f4ac3bdd1b6c31b9b6f4ff2d748d9d3907bc06f111bd750b4cd14141564f3a90c404f8a88f5189227a3869016,c309ad65daf962247d74dda65d286cdbe3df64e67cbe3707567d6dc6f6c927a4af3b1c6385d4e720abc9ce7b9ce2acc41d7296d7daf445e544b2b4fa28ff66be,-pbft-storage-0-1000-300000000-3
info|2023-06-07 16:35:15.124379|[g:1][LedgerParam][initIniConfig]initTxPoolConfig/initSyncConfig/initTxExecuteConfig,configFile=conf/group.1.ini
info|2023-06-07 16:35:15.124646|[g:1][LedgerParam][initStorageConfig],stateType=storage,storageDB=rocksdb,storagePath=data//group1/block/RocksDB,baseDir=data//group1,dbtype=mysql,dbip=127.0.0.1,dbport=3306,dbcharset=utf8mb4,initconnections=15,maxconnections=50,scrollThreshold=2000
info|2023-06-07 16:35:15.124671|[g:1][LedgerParam][initTxPoolConfig],txPoolLimit=150000,memorySizeLimit(MB)=512,notifyWorkerNum=2,txsExpirationTime(ms)=600000
info|2023-06-07 16:35:15.124685|[g:1][LedgerParam][initSyncConfig],idleWaitMs=200
info|2023-06-07 16:35:15.124706|[g:1][LedgerParam][initSyncConfig],enableSendTxsByTree=true,enableSendBlockStatusByTree=true
info|2023-06-07 16:35:15.124715|[g:1][LedgerParam][initSyncConfig],gossipInterval=1000
info|2023-06-07 16:35:15.124726|[g:1][LedgerParam][initSyncConfig],enableSendBlockStatusByTree=true,gossipInterval=1000,gossipPeers=3,syncTreeWidth=3,maxQueueSizeForBlockSync=536870912,txsStatusGossipMaxPeers=5
info|2023-06-07 16:35:15.124733|[g:1][LedgerParam][InitTxExecuteConfig],enableParallel=true
info|2023-06-07 16:35:15.124756|[g:1][LedgerParam][initConsensusIniConfig],maxTTL=2,minBlockGenerationTime=500,enablDynamicBlockSize=true,blockSizeIncreaseRatio=0.5,enableTTLOptimize=true,enablePrepareWithTxsHash=true
info|2023-06-07 16:35:15.124818|[g:1][LedgerParam][initRPBFTConsensusIniConfig],broadcastPrepareByTree=true,prepareStatusBroadcastPercent=33,maxRequestMissedTxsWaitTime=100,maxRequestPrepareWaitTime=100
info|2023-06-07 16:35:15.124844|[g:1][LedgerParam][initFlowControlConfig],maxQPS=9223372036854775807,outGoingBandwidth(Bytes)=9223372036854775807
info|2023-06-07 16:35:15.124851|[g:1][LedgerParam]parseSDKAllowList,sdkAllowList=[],enableSDKAllowListControl=false
info|2023-06-07 16:35:15.124878|[g:1][LEDGER][initLedger][DBInitializer]
info|2023-06-07 16:35:15.124892|[g:1][LEDGER]setSDKAllowList,groupId=1,sdkAllowListSize=0
info|2023-06-07 16:35:15.124912|[g:1][CHANNEL]registerSDKAllowListByGroupId,groupId=1,size=0
info|2023-06-07 16:35:15.124917|[g:1][CHANNEL]Disable group-level sdk permission control for sdk allowlist is empty
info|2023-06-07 16:35:15.124937|[g:1][DBINITIALIZER] [initStorageDB]
info|2023-06-07 16:35:15.124950|[g:1][DBINITIALIZER] [initRocksDBStorage]
info|2023-06-07 16:35:15.124981|[g:1][ROCKSDB]open rocksDB handler,path=data//group1/block/RocksDB
info|2023-06-07 16:35:15.126972|[NETWORK][ASIO]asyncResolveConnect,endpoint=127.0.0.1:30302
info|2023-06-07 16:35:15.127161|[NETWORK][ASIO]asyncResolveConnect,endpoint=127.0.0.1:30303
info|2023-06-07 16:35:15.127524|[NETWORK][Host]P2P Recv Connect, From=127.0.0.1:41204
info|2023-06-07 16:35:15.127609|[NETWORK][Host]P2P StartAccept,Host=0.0.0.0:30300
error|2023-06-07 16:35:15.130210|[NETWORK][Host]Get ca basic failed
error|2023-06-07 16:35:15.138600|[NETWORK][Host]Get ca basic failed
error|2023-06-07 16:35:15.143087|[NETWORK][Host]Get ca basic failed
error|2023-06-07 16:35:15.147542|[NETWORK][Host]Get ca basic failed
error|2023-06-07 16:35:15.152087|[NETWORK][Host]Get ca basic failed
info|2023-06-07 16:35:15.155122|[NETWORK][Host]handshakeClient succ,local endpoint=127.0.0.1:42866
info|2023-06-07 16:35:15.155186|[NETWORK][Host]startPeerSession, Remote=127.0.0.1:30301,local endpoint=127.0.0.1:42866,nodeID=91a6062d...
info|2023-06-07 16:35:15.155256|[NETWORK][Host]handshakeServer succ,remote endpoint=127.0.0.1:41204
info|2023-06-07 16:35:15.155299|[P2P][Service] Connection established,nodeID=91a6062d...,endpoint=127.0.0.1:30301
info|2023-06-07 16:35:15.155366|[NETWORK][Host]startPeerSession, Remote=127.0.0.1:41204,local endpoint=127.0.0.1:30300,nodeID=bbc5bfac...
info|2023-06-07 16:35:15.155558|[NETWORK][Host]handshakeClient succ,local endpoint=127.0.0.1:41204
info|2023-06-07 16:35:15.155603|[NETWORK][Host]startPeerSession, Remote=127.0.0.1:30300,local endpoint=127.0.0.1:41204,nodeID=bbc5bfac...
info|2023-06-07 16:35:15.155796|[NETWORK][Host]handshakeClient succ,local endpoint=127.0.0.1:51400
info|2023-06-07 16:35:15.155819|[NETWORK][Host]startPeerSession, Remote=127.0.0.1:30303,local endpoint=127.0.0.1:51400,nodeID=7380ded5...
info|2023-06-07 16:35:15.155972|[NETWORK][Host]handshakeClient succ,local endpoint=127.0.0.1:38584
info|2023-06-07 16:35:15.155999|[NETWORK][Host]startPeerSession, Remote=127.0.0.1:30302,local endpoint=127.0.0.1:38584,nodeID=c309ad65...
info|2023-06-07 16:35:15.156017|[P2P][Service] Connection established,nodeID=7380ded5...,endpoint=127.0.0.1:30303
info|2023-06-07 16:35:15.156101|[P2P][Service] Connection established,nodeID=c309ad65...,endpoint=127.0.0.1:30302
info|2023-06-07 16:35:15.156607|[NETWORK][Session]Received topic: [45] from 91a6062de58f2896dfb5e8a8df8897e524426008855a66b1e5fd4da89ce57c7c55bc9450af12dbd999da94ae9df34e8842d797464f09678e2e4b1352d499815b
info|2023-06-07 16:35:21.171619|[NETWORK][Host]P2P Recv Connect, From=127.0.0.1:41214
info|2023-06-07 16:35:21.171708|[NETWORK][Host]P2P StartAccept,Host=0.0.0.0:30300
error|2023-06-07 16:35:21.180124|[NETWORK][Host]Get ca basic failed
info|2023-06-07 16:35:21.183103|[NETWORK][Host]handshakeServer succ,remote endpoint=127.0.0.1:41214
info|2023-06-07 16:35:21.183154|[NETWORK][Host]startPeerSession, Remote=127.0.0.1:41214,local endpoint=127.0.0.1:30300,nodeID=91a6062d...
info|2023-06-07 16:35:23.189755|[g:1][g:1][STORAGE][CachedStorage]Init flushStorage thread
info|2023-06-07 16:35:23.189971|[g:1][DBINITIALIZER] [init CachedStorage],maxCapacity=32,maxForwardBlock=10
info|2023-06-07 16:35:23.190049|[g:1][LEDGER][initLedger][initBlockChain]
info|2023-06-07 16:35:23.190674|[g:1][LEDGER]set enableHexBlock to be false,version=34144512
info|2023-06-07 16:35:23.190698|[g:1][BLOCKCHAIN][#checkAndBuildGenesisBlock],shouldBuild=false
info|2023-06-07 16:35:23.191145|[g:1][BLOCKCHAIN][#checkAndBuildGenesisBlock]Already have the 0th block, 0th groupMark is equal to file groupMark.
info|2023-06-07 16:35:23.191173|[g:1][LEDGER][initLedger]initBlockChain SUCC
info|2023-06-07 16:35:23.191237|[g:1][DBINITIALIZER] [createStateFactory],type=storage
info|2023-06-07 16:35:23.191247|[g:1][DBINITIALIZER] createStorageState SUCC
info|2023-06-07 16:35:23.191251|[g:1][DBINITIALIZER] [createStateFactory SUCC]
info|2023-06-07 16:35:23.191296|[g:1][DBINITIALIZER] createExecutiveContext...
info|2023-06-07 16:35:23.191327|[g:1][LEDGER]createGasMetric,vmFlagType=0
info|2023-06-07 16:35:23.191336|[g:1][LEDGER]createGasMetric
info|2023-06-07 16:35:23.191345|[g:1][DBINITIALIZER] create precompiledGasFactory and precompiledResultFactory
info|2023-06-07 16:35:23.191349|[g:1][DBINITIALIZER] createExecutiveContext SUCC
info|2023-06-07 16:35:23.191353|[g:1][DBINITIALIZER] [setSyncNumForCachedStorage],syncNum=13
info|2023-06-07 16:35:23.191363|[g:1][LEDGER][initNetworkBandWidthLimiter: outGoingBandwidthLimit has been disabled],groupId=1
info|2023-06-07 16:35:23.191368|[g:1][LEDGER][QPSLimit has been disabled],groupId=1
info|2023-06-07 16:35:23.191371|[g:1][LEDGER][initLedger][initBlockVerifier]
info|2023-06-07 16:35:23.191416|[g:1][LEDGER][initLedger][initBlockVerifier SUCC],evmFlags=0
info|2023-06-07 16:35:23.191426|[g:1][LEDGER][initLedger][initTxPool],txPoolLimit=150000
info|2023-06-07 16:35:23.193321|[g:1][LEDGER][initLedger]initTxPool SUCC
info|2023-06-07 16:35:23.193345|[g:1][LEDGER][initLedger][initSync],idleWaitMs=200,gossipInterval=1000,gossipPeers=3
info|2023-06-07 16:35:23.193353|[g:1][LEDGER]Init sync master,enableSendBlockStatusByTree=true,enableSendTxsByTree=true
info|2023-06-07 16:35:23.194143|[g:1][LEDGER][initLedger]initSync SUCC
info|2023-06-07 16:35:23.194169|[g:1][LEDGER][initLedger][consensusInitFactory]
info|2023-06-07 16:35:23.194178|[g:1][LEDGER][initLedger][createPBFTSealer]
info|2023-06-07 16:35:23.194184|[g:1][LEDGER][initLedger][createPBFTSealer],baseDir=data//group1,Protocol=65544
info|2023-06-07 16:35:23.194292|[g:1][LEDGER][initLedger]createPBFTSealer for PBFT or rPBFT,consensusType=pbft
info|2023-06-07 16:35:23.194310|[g:1][LEDGER]createConsensusEngine: create PBFTEngine
info|2023-06-07 16:35:23.194343|[g:1][CONSENSUS][PBFT]Register handler for PBFTEngine
info|2023-06-07 16:35:23.195179|[g:1][CONSENSUS][PBFT]setMinBlockGenerationTime,minBlockGenerationTime=500,consensusTime=1000
info|2023-06-07 16:35:23.195198|[g:1][LEDGER][initEventLogFilterManager]initEventLogFilterManager SUCC
info|2023-06-07 16:35:23.195208|[LedgerInitializer init group succ],groupID=1
info|2023-06-07 16:35:23.195473|[SafeHttpServer::StartListening]use default epoll
info|2023-06-07 16:35:23.195871|[INITIALIZER][RPCInitializer JsonrpcHttpServer started],jsonrpc_IP=127.0.0.1,jsonrpc_listen_port=8545,jsonrpc_thread_count=8,ipv6=false,disableDynamicGroup=false
info|2023-06-07 16:35:23.195893|[g:1][LEDGER]startAll...
info|2023-06-07 16:35:23.196829|[g:1][GossipBlockStatus]start GossipBlockStatus succ
info|2023-06-07 16:35:23.196858|[g:1][CONSENSUS][ConsensusEngine][Start ConsensusEngineBase]
info|2023-06-07 16:35:23.197180|[g:1][CONSENSUS][PBFT]^^^^^^^^Report,num=13,sealerIdx=0,hash=a520d1e4...,next=14,tx=1,nodeIdx=2
info|2023-06-07 16:35:23.197230|[g:1][ROCKSDB]open rocksDB handler,path=data//group1/pbftMsgBackup/RocksDB
info|2023-06-07 16:35:23.236424|[NETWORK][Host]P2P Recv Connect, From=127.0.0.1:41216
info|2023-06-07 16:35:23.236609|[NETWORK][Host]P2P StartAccept,Host=0.0.0.0:30300
error|2023-06-07 16:35:23.242824|[NETWORK][Host]Get ca basic failed
info|2023-06-07 16:35:23.246314|[NETWORK][Host]handshakeServer succ,remote endpoint=127.0.0.1:41216
info|2023-06-07 16:35:23.246361|[NETWORK][Host]startPeerSession, Remote=127.0.0.1:41216,local endpoint=127.0.0.1:30300,nodeID=7380ded5...
info|2023-06-07 16:35:23.301234|[g:1][NodeTimeMaintenance]updateTimeInfo: update median time offset,updatedMedianTimeOffset=-1,peer=91a6062d...,peerTime=1686126923300,peerOffset=-1,utcTime=1686126923301
info|2023-06-07 16:35:23.301606|[g:1][SYNC][id:bbc5bfac...][Download][Request]Request blocks,from=14,to=14,peer=91a6062d...
info|2023-06-07 16:35:23.322444|[g:1][SYNC][id:bbc5bfac...][Download][BlockSync]Download block execute,number=14,txs=1,hash=3f175f29...
info|2023-06-07 16:35:23.322524|[g:1][BLOCKVERIFIER][executeBlock]Executing block,txNum=1,num=14,parentHash=a520d1e4ee329019911a5dc14719ad4e2c2e46a7ad80e734cfc369f57130191b,parentNum=13,parentStateRoot=b00e544686426291ef62c985ac253f0cded665c8a7319cbd2defd98addb39cc0
info|2023-06-07 16:35:23.323119|[g:1][PRECOMPILED]init GasChargeManagePrecompiled
info|2023-06-07 16:35:23.326073|[g:1][g:1][STORAGE][CachedStorage]commit: 7 num: 14
info|2023-06-07 16:35:23.326515|[g:1][g:1][STORAGE][CachedStorage]Submited block task: 14, current syncd block: 13
info|2023-06-07 16:35:23.326532|[g:1][g:1][STORAGE][CachedStorage]Start commit block: 14 to backend storage
info|2023-06-07 16:35:23.326752|[g:1]Push block notify: 1-14
info|2023-06-07 16:35:23.326954|[g:1][SYNC][id:bbc5bfac...][Download][BlockSync]Download block commit succ,number=14,txs=1,hash=3f175f29...,getBlockByNumberTimeCost=0,executeBlockTimeCost=3,commitBlockTimeCost=1,dropBlockTransTimeCost=0
info|2023-06-07 16:35:23.327218|[g:1][SYNC][id:bbc5bfac...][Download][BlockSync]Download finish,latestHash=3f175f29...,expectedHash=3f175f29...
info|2023-06-07 16:35:23.353347|[g:1][g:1][STORAGE][CachedStorage]
---------------------------------------------------------------------
Commit block: 14 to backend storage finished, current cached block: 14
Flush elapsed time: 0.0268s
---------------------------------------------------------------------

info|2023-06-07 16:35:23.364850|[g:1][CONSENSUS][PBFT]FutureBlock,EINFO=handlePrepareMsg,reqIdx=1,view=7,reqNum=15,curNum=13,consNum=14,curView=0,fromIp=127.0.0.1:30301,hash=91ae1fde...,nodeIdx=2,myNode=bbc5bfac...,curChangeCycle=0
info|2023-06-07 16:35:23.364874|[g:1][CONSENSUS]addFuturePrepareCache,height=15,reqView=7,reqIdx=1,hash=91ae1fde...
info|2023-06-07 16:35:23.367418|[g:1][CONSENSUS][PBFT]Trigger fast-viewchange,view=0,toView=7,minView=8,INFO=,reqNum=14,curNum=13,GenIdx=0,Cview=8,view=0,fromIdx=0,fromNode=7380ded5...,fromIp=127.0.0.1:30303,hash=3f175f29...,nodeIdx=2,myNode=bbc5bfac...
info|2023-06-07 16:35:23.368037|[g:1][CONSENSUS][PBFT]checkTimeout Succ,view=0,toView=8,nodeIdx=2,changeCycle=1,myNode=bbc5bfac...,timecost=1
info|2023-06-07 16:35:23.368913|[g:1][CONSENSUS][PBFT]checkAndChangeView: Reach consensus,org_view=0,cur_changeCycle=1,curView=0,view=8
info|2023-06-07 16:35:23.465918|[NETWORK][Host]P2P Recv Connect, From=127.0.0.1:41220
info|2023-06-07 16:35:23.466046|[NETWORK][Host]P2P StartAccept,Host=0.0.0.0:30300
error|2023-06-07 16:35:23.471833|[NETWORK][Host]Get ca basic failed
info|2023-06-07 16:35:23.475079|[NETWORK][Host]handshakeServer succ,remote endpoint=127.0.0.1:41220
info|2023-06-07 16:35:23.475140|[NETWORK][Host]startPeerSession, Remote=127.0.0.1:41220,local endpoint=127.0.0.1:30300,nodeID=c309ad65...
info|2023-06-07 16:35:24.012459|[g:1][NodeTimeMaintenance]updateTimeInfo: update median time offset,updatedMedianTimeOffset=0,peer=c309ad65...,peerTime=1686126924012,peerOffset=0,utcTime=1686126924012
info|2023-06-07 16:35:24.028156|[g:1][NodeTimeMaintenance]updateTimeInfo: update median time offset,updatedMedianTimeOffset=-1,peer=7380ded5...,peerTime=1686126924027,peerOffset=-1,utcTime=1686126924028
info|2023-06-07 16:35:24.206999|[g:1][CONSENSUS][PBFT][PBFT init env successfully]
info|2023-06-07 16:35:24.207026|[g:1][CONSENSUS][PBFT][Start PBFTEngine...]
info|2023-06-07 16:35:24.207032|[g:1][CONSENSUS][SEALER][Start sealer module]
info|2023-06-07 16:35:24.207670|[g:1][CONSENSUS][SEALER]increase maxNoTimeoutTx,maxNoTimeoutTx=1
info|2023-06-07 16:35:24.207690|[g:1][CONSENSUS][PBFT]^^^^^^^^Report,num=14,sealerIdx=3,hash=3f175f29...,next=15,tx=1,nodeIdx=2
info|2023-06-07 16:35:24.208145|[g:1][EVENT][EventLogFilterManager]start,m_maxBlockRange=0,m_maxBlockPerLoopFilter=3
info|2023-06-07 16:35:25.122530|[P2P][Service] heartBeat,connected count=3
info|2023-06-07 16:35:25.207673|[g:1][CONSENSUS][SEALER]++++++++++++++++ Generating seal on,blkNum=15,tx=0,nodeIdx=2,hash=3e606207...
info|2023-06-07 16:35:25.214105|[g:1][CONSENSUS][PBFT]checkTimeout Succ,view=0,toView=1,nodeIdx=2,changeCycle=1,myNode=bbc5bfac...,timecost=1
info|2023-06-07 16:35:25.217014|[g:1][CONSENSUS][PBFT]Trigger fast-viewchange,view=0,toView=7,minView=8,INFO=,reqNum=14,curNum=14,GenIdx=3,Cview=8,view=0,fromIdx=3,fromNode=c309ad65...,fromIp=127.0.0.1:30302,hash=3f175f29...,nodeIdx=2,myNode=bbc5bfac...
info|2023-06-07 16:35:25.217307|[g:1][CONSENSUS][PBFT]checkAndChangeView: Reach consensus,org_view=0,cur_changeCycle=2,curView=0,view=8
info|2023-06-07 16:35:25.217332|[g:1][CONSENSUS][PBFT]checkTimeout Succ,view=8,toView=8,nodeIdx=2,changeCycle=2,myNode=bbc5bfac...,timecost=0
info|2023-06-07 16:35:26.217873|[g:1][CONSENSUS][SEALER]++++++++++++++++ Generating seal on,blkNum=15,tx=0,nodeIdx=2,hash=89f553f1...
info|2023-06-07 16:35:26.222328|[g:1][CONSENSUS][PBFT]checkTimeout Succ,view=8,toView=9,nodeIdx=2,changeCycle=1,myNode=bbc5bfac...,timecost=2
info|2023-06-07 16:35:26.224751|[g:1][CONSENSUS][PBFT]checkAndChangeView: Reach consensus,org_view=8,cur_changeCycle=1,curView=8,view=9
info|2023-06-07 16:35:27.228603|[g:1][CONSENSUS]addRawPrepare,height=15,reqIdx=3,hash=68e0f970...,time=0
info|2023-06-07 16:35:27.229133|[g:1][CONSENSUS][PBFT]checkTimeout Succ,view=9,toView=10,nodeIdx=2,changeCycle=1,myNode=bbc5bfac...,timecost=1
info|2023-06-07 16:35:27.229712|[g:1][CONSENSUS][PBFT]checkAndChangeView: Reach consensus,org_view=9,cur_changeCycle=1,curView=9,view=10
info|2023-06-07 16:35:28.233020|[g:1][CONSENSUS]addRawPrepare,height=15,reqIdx=0,hash=e1d67a1f...,time=0
info|2023-06-07 16:35:28.233702|[g:1][CONSENSUS][PBFT]checkTimeout Succ,view=10,toView=11,nodeIdx=2,changeCycle=1,myNode=bbc5bfac...,timecost=0
info|2023-06-07 16:35:28.236604|[g:1][CONSENSUS][PBFT]checkAndChangeView: Reach consensus,org_view=10,cur_changeCycle=1,curView=10,view=11
info|2023-06-07 16:35:29.238144|[g:1][CONSENSUS]addRawPrepare,height=15,reqIdx=1,hash=b55b76a2...,time=0
info|2023-06-07 16:35:29.238527|[g:1][CONSENSUS][PBFT]checkTimeout Succ,view=11,toView=12,nodeIdx=2,changeCycle=1,myNode=bbc5bfac...,timecost=0
info|2023-06-07 16:35:29.240962|[g:1][CONSENSUS][PBFT]checkAndChangeView: Reach consensus,org_view=11,cur_changeCycle=1,curView=11,view=12
info|2023-06-07 16:35:30.241816|[g:1][CONSENSUS][SEALER]++++++++++++++++ Generating seal on,blkNum=15,tx=0,nodeIdx=2,hash=fb68111c...
info|2023-06-07 16:35:30.243405|[g:1][CONSENSUS][PBFT]checkTimeout Succ,view=12,toView=13,nodeIdx=2,changeCycle=1,myNode=bbc5bfac...,timecost=1
info|2023-06-07 16:35:30.250067|[g:1][CONSENSUS][PBFT]checkAndChangeView: Reach consensus,org_view=12,cur_changeCycle=1,curView=12,view=13
info|2023-06-07 16:35:31.251714|[g:1][CONSENSUS]addRawPrepare,height=15,reqIdx=3,hash=226ab4cd...,time=0
info|2023-06-07 16:35:31.252608|[g:1][CONSENSUS][PBFT]checkTimeout Succ,view=13,toView=14,nodeIdx=2,changeCycle=1,myNode=bbc5bfac...,timecost=0
info|2023-06-07 16:35:31.254902|[g:1][CONSENSUS][PBFT]checkAndChangeView: Reach consensus,org_view=13,cur_changeCycle=1,curView=13,view=14
info|2023-06-07 16:35:32.258819|[g:1][CONSENSUS]addRawPrepare,height=15,reqIdx=0,hash=8983c549...,time=0
info|2023-06-07 16:35:32.259560|[g:1][CONSENSUS][PBFT]checkTimeout Succ,view=14,toView=15,nodeIdx=2,changeCycle=1,myNode=bbc5bfac...,timecost=1
info|2023-06-07 16:35:32.260713|[g:1][CONSENSUS][PBFT]checkAndChangeView: Reach consensus,org_view=14,cur_changeCycle=1,curView=14,view=15
info|2023-06-07 16:35:33.263839|[g:1][CONSENSUS]addRawPrepare,height=15,reqIdx=1,hash=c8c80bf5...,time=0
info|2023-06-07 16:35:33.265179|[g:1][CONSENSUS][PBFT]checkTimeout Succ,view=15,toView=16,nodeIdx=2,changeCycle=1,myNode=bbc5bfac...,timecost=2
info|2023-06-07 16:35:33.268280|[g:1][CONSENSUS][PBFT]checkAndChangeView: Reach consensus,org_view=15,cur_changeCycle=1,curView=15,view=16
info|2023-06-07 16:35:34.268692|[g:1][CONSENSUS][SEALER]++++++++++++++++ Generating seal on,blkNum=15,tx=0,nodeIdx=2,hash=ad5380e6...
info|2023-06-07 16:35:34.271052|[g:1][CONSENSUS][PBFT]checkTimeout Succ,view=16,toView=17,nodeIdx=2,changeCycle=1,myNode=bbc5bfac...,timecost=2
info|2023-06-07 16:35:34.273222|[g:1][CONSENSUS][PBFT]checkAndChangeView: Reach consensus,org_view=16,cur_changeCycle=1,curView=16,view=17
info|2023-06-07 16:35:35.122733|[P2P][Service] heartBeat,connected count=3
info|2023-06-07 16:35:35.275569|[g:1][CONSENSUS]addRawPrepare,height=15,reqIdx=3,hash=055efe1e...,time=0
info|2023-06-07 16:35:35.276169|[g:1][CONSENSUS][PBFT]checkTimeout Succ,view=17,toView=18,nodeIdx=2,changeCycle=1,myNode=bbc5bfac...,timecost=1
info|2023-06-07 16:35:35.279099|[g:1][CONSENSUS][PBFT]checkAndChangeView: Reach consensus,org_view=17,cur_changeCycle=1,curView=17,view=18
info|2023-06-07 16:35:36.280967|[g:1][CONSENSUS]addRawPrepare,height=15,reqIdx=0,hash=69b4fb30...,time=0
info|2023-06-07 16:35:36.281515|[g:1][CONSENSUS][PBFT]checkTimeout Succ,view=18,toView=19,nodeIdx=2,changeCycle=1,myNode=bbc5bfac...,timecost=0
info|2023-06-07 16:35:36.284825|[g:1][CONSENSUS][PBFT]checkAndChangeView: Reach consensus,org_view=18,cur_changeCycle=1,curView=18,view=19
info|2023-06-07 16:35:37.288684|[g:1][CONSENSUS]addRawPrepare,height=15,reqIdx=1,hash=bb5a66cb...,time=0
info|2023-06-07 16:35:37.289009|[g:1][CONSENSUS][PBFT]checkTimeout Succ,view=19,toView=20,nodeIdx=2,changeCycle=1,myNode=bbc5bfac...,timecost=1
info|2023-06-07 16:35:37.289882|[g:1][CONSENSUS][PBFT]checkAndChangeView: Reach consensus,org_view=19,cur_changeCycle=1,curView=19,view=20
info|2023-06-07 16:35:38.289570|[g:1][CONSENSUS][SEALER]++++++++++++++++ Generating seal on,blkNum=15,tx=0,nodeIdx=2,hash=6a3b9e63...
info|2023-06-07 16:35:38.290635|[g:1][CONSENSUS][PBFT]checkTimeout Succ,view=20,toView=21,nodeIdx=2,changeCycle=1,myNode=bbc5bfac...,timecost=0
info|2023-06-07 16:35:38.299159|[g:1][CONSENSUS][PBFT]checkAndChangeView: Reach consensus,org_view=20,cur_changeCycle=1,curView=20,view=21
info|2023-06-07 16:35:39.301815|[g:1][CONSENSUS]addRawPrepare,height=15,reqIdx=3,hash=13f787c0...,time=0
info|2023-06-07 16:35:39.303087|[g:1][CONSENSUS][PBFT]checkTimeout Succ,view=21,toView=22,nodeIdx=2,changeCycle=1,myNode=bbc5bfac...,timecost=2
info|2023-06-07 16:35:39.304715|[g:1][CONSENSUS][PBFT]checkAndChangeView: Reach consensus,org_view=21,cur_changeCycle=1,curView=21,view=22
info|2023-06-07 16:35:40.305837|[g:1][CONSENSUS]addRawPrepare,height=15,reqIdx=0,hash=e11b92d1...,time=0
info|2023-06-07 16:35:40.307271|[g:1][CONSENSUS][PBFT]checkTimeout Succ,view=22,toView=23,nodeIdx=2,changeCycle=1,myNode=bbc5bfac...,timecost=2
info|2023-06-07 16:35:40.309920|[g:1][CONSENSUS][PBFT]checkAndChangeView: Reach consensus,org_view=22,cur_changeCycle=1,curView=22,view=23
info|2023-06-07 16:35:41.311677|[g:1][CONSENSUS]addRawPrepare,height=15,reqIdx=1,hash=05f8d3f6...,time=0
info|2023-06-07 16:35:41.312357|[g:1][CONSENSUS][PBFT]checkTimeout Succ,view=23,toView=24,nodeIdx=2,changeCycle=1,myNode=bbc5bfac...,timecost=1
info|2023-06-07 16:35:41.314165|[g:1][CONSENSUS][PBFT]checkAndChangeView: Reach consensus,org_view=23,cur_changeCycle=1,curView=23,view=24
info|2023-06-07 16:35:42.314964|[g:1][CONSENSUS][SEALER]++++++++++++++++ Generating seal on,blkNum=15,tx=0,nodeIdx=2,hash=b8a71edb...
info|2023-06-07 16:35:42.316242|[g:1][CONSENSUS][PBFT]checkTimeout Succ,view=24,toView=25,nodeIdx=2,changeCycle=1,myNode=bbc5bfac...,timecost=1
info|2023-06-07 16:35:42.320864|[g:1][CONSENSUS][PBFT]checkAndChangeView: Reach consensus,org_view=24,cur_changeCycle=1,curView=24,view=25
info|2023-06-07 16:35:43.321988|[g:1][CONSENSUS]addRawPrepare,height=15,reqIdx=3,hash=4fabbef7...,time=1
info|2023-06-07 16:35:43.322600|[g:1][CONSENSUS][PBFT]checkTimeout Succ,view=25,toView=26,nodeIdx=2,changeCycle=1,myNode=bbc5bfac...,timecost=0
info|2023-06-07 16:35:43.324609|[g:1][CONSENSUS][PBFT]checkAndChangeView: Reach consensus,org_view=25,cur_changeCycle=1,curView=25,view=26
info|2023-06-07 16:35:44.328214|[g:1][CONSENSUS]addRawPrepare,height=15,reqIdx=0,hash=34d7a837...,time=0
info|2023-06-07 16:35:44.328933|[g:1][CONSENSUS][PBFT]checkTimeout Succ,view=26,toView=27,nodeIdx=2,changeCycle=1,myNode=bbc5bfac...,timecost=0
info|2023-06-07 16:35:44.331154|[g:1][CONSENSUS][PBFT]checkAndChangeView: Reach consensus,org_view=26,cur_changeCycle=1,curView=26,view=27
info|2023-06-07 16:35:45.123017|[P2P][Service] heartBeat,connected count=3
info|2023-06-07 16:35:45.335824|[g:1][CONSENSUS][PBFT]Trigger fast-viewchange,view=27,toView=27,minView=28,INFO=,reqNum=14,curNum=14,GenIdx=0,Cview=28,view=27,fromIdx=0,fromNode=7380ded5...,fromIp=127.0.0.1:30303,hash=3f175f29...,nodeIdx=2,myNode=bbc5bfac...
info|2023-06-07 16:35:45.336689|[g:1][CONSENSUS][PBFT]checkAndChangeView: Reach consensus,org_view=27,cur_changeCycle=2,curView=27,view=28
info|2023-06-07 16:35:45.336811|[g:1][CONSENSUS][PBFT]checkTimeout Succ,view=28,toView=28,nodeIdx=2,changeCycle=2,myNode=bbc5bfac...,timecost=1
info|2023-06-07 16:35:46.337275|[g:1][CONSENSUS][SEALER]++++++++++++++++ Generating seal on,blkNum=15,tx=0,nodeIdx=2,hash=288b6893...
info|2023-06-07 16:35:46.342225|[g:1][CONSENSUS][PBFT]checkTimeout Succ,view=28,toView=29,nodeIdx=2,changeCycle=1,myNode=bbc5bfac...,timecost=2
info|2023-06-07 16:35:46.344182|[g:1][CONSENSUS][PBFT]checkAndChangeView: Reach consensus,org_view=28,cur_changeCycle=1,curView=28,view=29
info|2023-06-07 16:35:47.345365|[g:1][CONSENSUS]addRawPrepare,height=15,reqIdx=3,hash=731b2b91...,time=0
info|2023-06-07 16:35:47.345771|[g:1][CONSENSUS][PBFT]checkTimeout Succ,view=29,toView=30,nodeIdx=2,changeCycle=1,myNode=bbc5bfac...,timecost=0
info|2023-06-07 16:35:47.346860|[g:1][CONSENSUS][PBFT]checkAndChangeView: Reach consensus,org_view=29,cur_changeCycle=1,curView=29,view=30
info|2023-06-07 16:35:48.349636|[g:1][CONSENSUS]addRawPrepare,height=15,reqIdx=0,hash=619501f8...,time=0
info|2023-06-07 16:35:48.350601|[g:1][CONSENSUS][PBFT]checkTimeout Succ,view=30,toView=31,nodeIdx=2,changeCycle=1,myNode=bbc5bfac...,timecost=0
info|2023-06-07 16:35:48.353724|[g:1][CONSENSUS][PBFT]checkAndChangeView: Reach consensus,org_view=30,cur_changeCycle=1,curView=30,view=31
info|2023-06-07 16:35:49.355918|[g:1][CONSENSUS]addRawPrepare,height=15,reqIdx=1,hash=5893a35b...,time=0
info|2023-06-07 16:35:49.356439|[g:1][CONSENSUS][PBFT]checkTimeout Succ,view=31,toView=32,nodeIdx=2,changeCycle=1,myNode=bbc5bfac...,timecost=0
info|2023-06-07 16:35:49.357749|[g:1][CONSENSUS][PBFT]checkAndChangeView: Reach consensus,org_view=31,cur_changeCycle=1,curView=31,view=32
info|2023-06-07 16:35:50.357734|[g:1][CONSENSUS][SEALER]++++++++++++++++ Generating seal on,blkNum=15,tx=0,nodeIdx=2,hash=361f60b9...
info|2023-06-07 16:35:50.359607|[g:1][CONSENSUS][PBFT]checkTimeout Succ,view=32,toView=33,nodeIdx=2,changeCycle=1,myNode=bbc5bfac...,timecost=1
info|2023-06-07 16:35:50.364013|[g:1][CONSENSUS][PBFT]checkAndChangeView: Reach consensus,org_view=32,cur_changeCycle=1,curView=32,view=33
info|2023-06-07 16:35:51.364404|[g:1][CONSENSUS]addRawPrepare,height=15,reqIdx=3,hash=1cd4c241...,time=0
info|2023-06-07 16:35:51.365164|[g:1][CONSENSUS][PBFT]checkTimeout Succ,view=33,toView=34,nodeIdx=2,changeCycle=1,myNode=bbc5bfac...,timecost=1
info|2023-06-07 16:35:51.367571|[g:1][CONSENSUS][PBFT]checkAndChangeView: Reach consensus,org_view=33,cur_changeCycle=1,curView=33,view=34
info|2023-06-07 16:35:52.370123|[g:1][CONSENSUS]addRawPrepare,height=15,reqIdx=0,hash=564f8757...,time=0
info|2023-06-07 16:35:52.372650|[g:1][CONSENSUS][PBFT]checkTimeout Succ,view=34,toView=35,nodeIdx=2,changeCycle=1,myNode=bbc5bfac...,timecost=0
info|2023-06-07 16:35:52.374905|[g:1][CONSENSUS][PBFT]checkAndChangeView: Reach consensus,org_view=34,cur_changeCycle=1,curView=34,view=35
info|2023-06-07 16:35:53.377683|[g:1][CONSENSUS]addRawPrepare,height=15,reqIdx=1,hash=745155a5...,time=0
info|2023-06-07 16:35:53.378322|[g:1][CONSENSUS][PBFT]checkTimeout Succ,view=35,toView=36,nodeIdx=2,changeCycle=1,myNode=bbc5bfac...,timecost=1
info|2023-06-07 16:35:53.379139|[g:1][CONSENSUS][PBFT]checkAndChangeView: Reach consensus,org_view=35,cur_changeCycle=1,curView=35,view=36
info|2023-06-07 16:35:54.379482|[g:1][CONSENSUS][SEALER]++++++++++++++++ Generating seal on,blkNum=15,tx=0,nodeIdx=2,hash=760ce324...
info|2023-06-07 16:35:54.380495|[g:1][CONSENSUS][PBFT]checkTimeout Succ,view=36,toView=37,nodeIdx=2,changeCycle=1,myNode=bbc5bfac...,timecost=0
info|2023-06-07 16:35:54.385298|[g:1][CONSENSUS][PBFT]checkAndChangeView: Reach consensus,org_view=36,cur_changeCycle=1,curView=36,view=37
info|2023-06-07 16:35:55.123208|[P2P][Service] heartBeat,connected count=3
info|2023-06-07 16:35:55.387022|[g:1][CONSENSUS]addRawPrepare,height=15,reqIdx=3,hash=15ffe7dc...,time=0
info|2023-06-07 16:35:55.388627|[g:1][CONSENSUS][PBFT]checkTimeout Succ,view=37,toView=38,nodeIdx=2,changeCycle=1,myNode=bbc5bfac...,timecost=1
info|2023-06-07 16:35:55.390592|[g:1][CONSENSUS][PBFT]checkAndChangeView: Reach consensus,org_view=37,cur_changeCycle=1,curView=37,view=38
info|2023-06-07 16:35:56.391656|[g:1][CONSENSUS]addRawPrepare,height=15,reqIdx=0,hash=781c2053...,time=0
info|2023-06-07 16:35:56.392420|[g:1][CONSENSUS][PBFT]checkTimeout Succ,view=38,toView=39,nodeIdx=2,changeCycle=1,myNode=bbc5bfac...,timecost=1
info|2023-06-07 16:35:56.394363|[g:1][CONSENSUS][PBFT]checkAndChangeView: Reach consensus,org_view=38,cur_changeCycle=1,curView=38,view=39
info|2023-06-07 16:35:57.401892|[g:1][CONSENSUS]addRawPrepare,height=15,reqIdx=1,hash=7f411bfc...,time=0
info|2023-06-07 16:35:57.402470|[g:1][CONSENSUS][PBFT]checkTimeout Succ,view=39,toView=40,nodeIdx=2,changeCycle=1,myNode=bbc5bfac...,timecost=1
info|2023-06-07 16:35:57.403368|[g:1][CONSENSUS][PBFT]checkAndChangeView: Reach consensus,org_view=39,cur_changeCycle=1,curView=39,view=40
info|2023-06-07 16:35:58.403490|[g:1][CONSENSUS][SEALER]++++++++++++++++ Generating seal on,blkNum=15,tx=0,nodeIdx=2,hash=7ba77df7...
info|2023-06-07 16:35:58.409620|[g:1][CONSENSUS][PBFT]checkTimeout Succ,view=40,toView=41,nodeIdx=2,changeCycle=1,myNode=bbc5bfac...,timecost=0
info|2023-06-07 16:35:58.411129|[g:1][CONSENSUS][PBFT]checkAndChangeView: Reach consensus,org_view=40,cur_changeCycle=1,curView=40,view=41
info|2023-06-07 16:35:59.412629|[g:1][CONSENSUS]addRawPrepare,height=15,reqIdx=3,hash=96990197...,time=0
info|2023-06-07 16:35:59.412973|[g:1][CONSENSUS][PBFT]checkTimeout Succ,view=41,toView=42,nodeIdx=2,changeCycle=1,myNode=bbc5bfac...,timecost=0
info|2023-06-07 16:35:59.414438|[g:1][CONSENSUS][PBFT]checkAndChangeView: Reach consensus,org_view=41,cur_changeCycle=1,curView=41,view=42
info|2023-06-07 16:36:00.420547|[g:1][CONSENSUS]addRawPrepare,height=15,reqIdx=0,hash=cace25ab...,time=0
info|2023-06-07 16:36:00.421273|[g:1][CONSENSUS][PBFT]checkTimeout Succ,view=42,toView=43,nodeIdx=2,changeCycle=1,myNode=bbc5bfac...,timecost=1
info|2023-06-07 16:36:00.422290|[g:1][CONSENSUS][PBFT]checkAndChangeView: Reach consensus,org_view=42,cur_changeCycle=1,curView=42,view=43
info|2023-06-07 16:36:01.423014|[g:1][CONSENSUS]addRawPrepare,height=15,reqIdx=1,hash=cff19478...,time=0
info|2023-06-07 16:36:01.424055|[g:1][CONSENSUS][PBFT]checkTimeout Succ,view=43,toView=44,nodeIdx=2,changeCycle=1,myNode=bbc5bfac...,timecost=1
info|2023-06-07 16:36:01.427092|[g:1][CONSENSUS][PBFT]checkAndChangeView: Reach consensus,org_view=43,cur_changeCycle=1,curView=43,view=44
info|2023-06-07 16:36:02.427446|[g:1][CONSENSUS][SEALER]++++++++++++++++ Generating seal on,blkNum=15,tx=0,nodeIdx=2,hash=e4ba6173...
info|2023-06-07 16:36:02.428544|[g:1][CONSENSUS][PBFT]checkTimeout Succ,view=44,toView=45,nodeIdx=2,changeCycle=1,myNode=bbc5bfac...,timecost=0
info|2023-06-07 16:36:02.433871|[g:1][CONSENSUS][PBFT]checkAndChangeView: Reach consensus,org_view=44,cur_changeCycle=1,curView=44,view=45
info|2023-06-07 16:36:03.435423|[g:1][CONSENSUS]addRawPrepare,height=15,reqIdx=3,hash=f80c51f2...,time=0
info|2023-06-07 16:36:03.436279|[g:1][CONSENSUS][PBFT]checkTimeout Succ,view=45,toView=46,nodeIdx=2,changeCycle=1,myNode=bbc5bfac...,timecost=1
info|2023-06-07 16:36:03.437688|[g:1][CONSENSUS][PBFT]checkAndChangeView: Reach consensus,org_view=45,cur_changeCycle=1,curView=45,view=46
info|2023-06-07 16:36:04.441926|[g:1][CONSENSUS]addRawPrepare,height=15,reqIdx=0,hash=a8f9499a...,time=0
info|2023-06-07 16:36:04.442801|[g:1][CONSENSUS][PBFT]checkTimeout Succ,view=46,toView=47,nodeIdx=2,changeCycle=1,myNode=bbc5bfac...,timecost=0
info|2023-06-07 16:36:04.444999|[g:1][CONSENSUS][PBFT]checkAndChangeView: Reach consensus,org_view=46,cur_changeCycle=1,curView=46,view=47
info|2023-06-07 16:36:05.123414|[P2P][Service] heartBeat,connected count=3
info|2023-06-07 16:36:05.447310|[g:1][CONSENSUS]addRawPrepare,height=15,reqIdx=1,hash=b1761c08...,time=0
info|2023-06-07 16:36:05.447765|[g:1][CONSENSUS][PBFT]checkTimeout Succ,view=47,toView=48,nodeIdx=2,changeCycle=1,myNode=bbc5bfac...,timecost=0
info|2023-06-07 16:36:05.450004|[g:1][CONSENSUS][PBFT]checkAndChangeView: Reach consensus,org_view=47,cur_changeCycle=1,curView=47,view=48
info|2023-06-07 16:36:06.451199|[g:1][CONSENSUS][SEALER]++++++++++++++++ Generating seal on,blkNum=15,tx=0,nodeIdx=2,hash=6ac2b9f0...
info|2023-06-07 16:36:06.452479|[g:1][CONSENSUS][PBFT]checkTimeout Succ,view=48,toView=49,nodeIdx=2,changeCycle=1,myNode=bbc5bfac...,timecost=3
info|2023-06-07 16:36:06.457365|[g:1][CONSENSUS][PBFT]checkAndChangeView: Reach consensus,org_view=48,cur_changeCycle=1,curView=48,view=49
info|2023-06-07 16:36:07.458028|[g:1][CONSENSUS]addRawPrepare,height=15,reqIdx=3,hash=58f16f1a...,time=0
info|2023-06-07 16:36:07.458772|[g:1][CONSENSUS][PBFT]checkTimeout Succ,view=49,toView=50,nodeIdx=2,changeCycle=1,myNode=bbc5bfac...,timecost=0
info|2023-06-07 16:36:07.460535|[g:1][CONSENSUS][PBFT]checkAndChangeView: Reach consensus,org_view=49,cur_changeCycle=1,curView=49,view=50
info|2023-06-07 16:36:08.464652|[g:1][CONSENSUS]addRawPrepare,height=15,reqIdx=0,hash=5a0c9ab4...,time=0
info|2023-06-07 16:36:08.465399|[g:1][CONSENSUS][PBFT]checkTimeout Succ,view=50,toView=51,nodeIdx=2,changeCycle=1,myNode=bbc5bfac...,timecost=1
info|2023-06-07 16:36:08.468651|[g:1][CONSENSUS][PBFT]checkAndChangeView: Reach consensus,org_view=50,cur_changeCycle=1,curView=50,view=51
info|2023-06-07 16:36:09.470582|[g:1][CONSENSUS]addRawPrepare,height=15,reqIdx=1,hash=dd9a2e6c...,time=0
info|2023-06-07 16:36:09.471179|[g:1][CONSENSUS][PBFT]checkTimeout Succ,view=51,toView=52,nodeIdx=2,changeCycle=1,myNode=bbc5bfac...,timecost=1
info|2023-06-07 16:36:09.472854|[g:1][CONSENSUS][PBFT]checkAndChangeView: Reach consensus,org_view=51,cur_changeCycle=1,curView=51,view=52
info|2023-06-07 16:36:10.473100|[g:1][CONSENSUS][SEALER]++++++++++++++++ Generating seal on,blkNum=15,tx=0,nodeIdx=2,hash=9e66f806...
info|2023-06-07 16:36:10.474954|[g:1][CONSENSUS][PBFT]checkTimeout Succ,view=52,toView=53,nodeIdx=2,changeCycle=1,myNode=bbc5bfac...,timecost=0
info|2023-06-07 16:36:10.480574|[g:1][CONSENSUS][PBFT]checkAndChangeView: Reach consensus,org_view=52,cur_changeCycle=1,curView=52,view=53
info|2023-06-07 16:36:11.480186|[g:1][CONSENSUS]addRawPrepare,height=15,reqIdx=3,hash=eb437c49...,time=0
info|2023-06-07 16:36:11.480652|[g:1][CONSENSUS][PBFT]checkTimeout Succ,view=53,toView=54,nodeIdx=2,changeCycle=1,myNode=bbc5bfac...,timecost=0
info|2023-06-07 16:36:11.484503|[g:1][CONSENSUS][PBFT]checkAndChangeView: Reach consensus,org_view=53,cur_changeCycle=1,curView=53,view=54
info|2023-06-07 16:36:12.490047|[g:1][CONSENSUS]addRawPrepare,height=15,reqIdx=0,hash=7ed7fa0d...,time=0
info|2023-06-07 16:36:12.490940|[g:1][CONSENSUS][PBFT]checkTimeout Succ,view=54,toView=55,nodeIdx=2,changeCycle=1,myNode=bbc5bfac...,timecost=0
info|2023-06-07 16:36:12.494081|[g:1][CONSENSUS][PBFT]checkAndChangeView: Reach consensus,org_view=54,cur_changeCycle=1,curView=54,view=55
info|2023-06-07 16:36:13.496826|[g:1][CONSENSUS]addRawPrepare,height=15,reqIdx=1,hash=397c2bd9...,time=0
info|2023-06-07 16:36:13.497304|[g:1][CONSENSUS][PBFT]checkTimeout Succ,view=55,toView=56,nodeIdx=2,changeCycle=1,myNode=bbc5bfac...,timecost=1
info|2023-06-07 16:36:13.499046|[g:1][CONSENSUS][PBFT]checkAndChangeView: Reach consensus,org_view=55,cur_changeCycle=1,curView=55,view=56
info|2023-06-07 16:36:14.500164|[g:1][CONSENSUS][SEALER]++++++++++++++++ Generating seal on,blkNum=15,tx=0,nodeIdx=2,hash=22b42bd4...
info|2023-06-07 16:36:14.501287|[g:1][CONSENSUS][PBFT]checkTimeout Succ,view=56,toView=57,nodeIdx=2,changeCycle=1,myNode=bbc5bfac...,timecost=1
info|2023-06-07 16:36:14.505803|[g:1][CONSENSUS][PBFT]checkAndChangeView: Reach consensus,org_view=56,cur_changeCycle=1,curView=56,view=57
info|2023-06-07 16:36:15.123562|[P2P][Service] heartBeat,connected count=3
info|2023-06-07 16:36:15.509817|[g:1][CONSENSUS]addRawPrepare,height=15,reqIdx=3,hash=acb9f5f5...,time=0
info|2023-06-07 16:36:15.510662|[g:1][CONSENSUS][PBFT]checkTimeout Succ,view=57,toView=58,nodeIdx=2,changeCycle=1,myNode=bbc5bfac...,timecost=1
info|2023-06-07 16:36:15.515127|[g:1][CONSENSUS][PBFT]checkAndChangeView: Reach consensus,org_view=57,cur_changeCycle=1,curView=57,view=58
info|2023-06-07 16:36:16.515729|[g:1][CONSENSUS]addRawPrepare,height=15,reqIdx=0,hash=151906a3...,time=0
info|2023-06-07 16:36:16.516883|[g:1][CONSENSUS][PBFT]checkTimeout Succ,view=58,toView=59,nodeIdx=2,changeCycle=1,myNode=bbc5bfac...,timecost=0
info|2023-06-07 16:36:16.518816|[g:1][CONSENSUS][PBFT]checkAndChangeView: Reach consensus,org_view=58,cur_changeCycle=1,curView=58,view=59
info|2023-06-07 16:36:17.521065|[g:1][CONSENSUS]addRawPrepare,height=15,reqIdx=1,hash=0cee5f65...,time=0
info|2023-06-07 16:36:17.522115|[g:1][CONSENSUS][PBFT]checkTimeout Succ,view=59,toView=60,nodeIdx=2,changeCycle=1,myNode=bbc5bfac...,timecost=1
info|2023-06-07 16:36:17.540899|[g:1][CONSENSUS][PBFT]checkAndChangeView: Reach consensus,org_view=59,cur_changeCycle=1,curView=59,view=60
info|2023-06-07 16:36:18.540570|[g:1][CONSENSUS][SEALER]++++++++++++++++ Generating seal on,blkNum=15,tx=0,nodeIdx=2,hash=9de837a8...
info|2023-06-07 16:36:18.541692|[g:1][CONSENSUS][PBFT]checkTimeout Succ,view=60,toView=61,nodeIdx=2,changeCycle=1,myNode=bbc5bfac...,timecost=0
info|2023-06-07 16:36:18.545369|[g:1][CONSENSUS][PBFT]checkAndChangeView: Reach consensus,org_view=60,cur_changeCycle=1,curView=60,view=61
info|2023-06-07 16:36:19.550261|[g:1][CONSENSUS]addRawPrepare,height=15,reqIdx=3,hash=081a4cc9...,time=0
info|2023-06-07 16:36:19.550783|[g:1][CONSENSUS][PBFT]checkTimeout Succ,view=61,toView=62,nodeIdx=2,changeCycle=1,myNode=bbc5bfac...,timecost=0
info|2023-06-07 16:36:19.551752|[g:1][CONSENSUS][PBFT]checkAndChangeView: Reach consensus,org_view=61,cur_changeCycle=1,curView=61,view=62
info|2023-06-07 16:36:20.555547|[g:1][CONSENSUS]addRawPrepare,height=15,reqIdx=0,hash=250b2f00...,time=0
info|2023-06-07 16:36:20.556661|[g:1][CONSENSUS][PBFT]checkTimeout Succ,view=62,toView=63,nodeIdx=2,changeCycle=1,myNode=bbc5bfac...,timecost=1
info|2023-06-07 16:36:20.557358|[g:1][CONSENSUS][PBFT]checkAndChangeView: Reach consensus,org_view=62,cur_changeCycle=1,curView=62,view=63
info|2023-06-07 16:36:21.560296|[g:1][CONSENSUS]addRawPrepare,height=15,reqIdx=1,hash=14954e13...,time=0
info|2023-06-07 16:36:21.561964|[g:1][CONSENSUS][PBFT]checkTimeout Succ,view=63,toView=64,nodeIdx=2,changeCycle=1,myNode=bbc5bfac...,timecost=1
info|2023-06-07 16:36:21.563302|[g:1][CONSENSUS][PBFT]checkAndChangeView: Reach consensus,org_view=63,cur_changeCycle=1,curView=63,view=64
info|2023-06-07 16:36:22.563442|[g:1][CONSENSUS][SEALER]++++++++++++++++ Generating seal on,blkNum=15,tx=0,nodeIdx=2,hash=03cd33dc...
info|2023-06-07 16:36:22.566512|[g:1][CONSENSUS][PBFT]checkTimeout Succ,view=64,toView=65,nodeIdx=2,changeCycle=1,myNode=bbc5bfac...,timecost=2
info|2023-06-07 16:36:22.569721|[g:1][CONSENSUS][PBFT]checkAndChangeView: Reach consensus,org_view=64,cur_changeCycle=1,curView=64,view=65
info|2023-06-07 16:36:23.574800|[g:1][CONSENSUS]addRawPrepare,height=15,reqIdx=3,hash=cbb1a0ad...,time=0
info|2023-06-07 16:36:23.575348|[g:1][CONSENSUS][PBFT]checkTimeout Succ,view=65,toView=66,nodeIdx=2,changeCycle=1,myNode=bbc5bfac...,timecost=1
info|2023-06-07 16:36:23.577566|[g:1][CONSENSUS][PBFT]checkAndChangeView: Reach consensus,org_view=65,cur_changeCycle=1,curView=65,view=66
info|2023-06-07 16:36:24.578945|[g:1][CONSENSUS]addRawPrepare,height=15,reqIdx=0,hash=1fb6f781...,time=0
info|2023-06-07 16:36:24.580019|[g:1][CONSENSUS][PBFT]checkTimeout Succ,view=66,toView=67,nodeIdx=2,changeCycle=1,myNode=bbc5bfac...,timecost=1
info|2023-06-07 16:36:24.581986|[g:1][CONSENSUS][PBFT]checkAndChangeView: Reach consensus,org_view=66,cur_changeCycle=1,curView=66,view=67
info|2023-06-07 16:36:25.123748|[P2P][Service] heartBeat,connected count=3
info|2023-06-07 16:36:25.586347|[g:1][CONSENSUS]addRawPrepare,height=15,reqIdx=1,hash=000f0477...,time=0
info|2023-06-07 16:36:25.587149|[g:1][CONSENSUS][PBFT]checkTimeout Succ,view=67,toView=68,nodeIdx=2,changeCycle=1,myNode=bbc5bfac...,timecost=1
info|2023-06-07 16:36:25.588071|[g:1][CONSENSUS][PBFT]checkAndChangeView: Reach consensus,org_view=67,cur_changeCycle=1,curView=67,view=68
info|2023-06-07 16:36:26.588637|[g:1][CONSENSUS][SEALER]++++++++++++++++ Generating seal on,blkNum=15,tx=0,nodeIdx=2,hash=4a301bc7...
info|2023-06-07 16:36:26.590051|[g:1][CONSENSUS][PBFT]checkTimeout Succ,view=68,toView=69,nodeIdx=2,changeCycle=1,myNode=bbc5bfac...,timecost=1
info|2023-06-07 16:36:26.595547|[g:1][CONSENSUS][PBFT]checkAndChangeView: Reach consensus,org_view=68,cur_changeCycle=1,curView=68,view=69
info|2023-06-07 16:36:27.595576|[g:1][CONSENSUS]addRawPrepare,height=15,reqIdx=3,hash=5fa4140e...,time=0
info|2023-06-07 16:36:27.596486|[g:1][CONSENSUS][PBFT]checkTimeout Succ,view=69,toView=70,nodeIdx=2,changeCycle=1,myNode=bbc5bfac...,timecost=1
info|2023-06-07 16:36:27.598785|[g:1][CONSENSUS][PBFT]checkAndChangeView: Reach consensus,org_view=69,cur_changeCycle=1,curView=69,view=70
info|2023-06-07 16:36:28.600580|[g:1][CONSENSUS]addRawPrepare,height=15,reqIdx=0,hash=46a3b12e...,time=0
info|2023-06-07 16:36:28.601006|[g:1][CONSENSUS][PBFT]checkTimeout Succ,view=70,toView=71,nodeIdx=2,changeCycle=1,myNode=bbc5bfac...,timecost=1
info|2023-06-07 16:36:28.603873|[g:1][CONSENSUS][PBFT]checkAndChangeView: Reach consensus,org_view=70,cur_changeCycle=1,curView=70,view=71
info|2023-06-07 16:36:29.607330|[g:1][CONSENSUS]addRawPrepare,height=15,reqIdx=1,hash=0b266ab9...,time=0
info|2023-06-07 16:36:29.609972|[g:1][CONSENSUS][PBFT]checkTimeout Succ,view=71,toView=72,nodeIdx=2,changeCycle=1,myNode=bbc5bfac...,timecost=2
info|2023-06-07 16:36:29.611731|[g:1][CONSENSUS][PBFT]checkAndChangeView: Reach consensus,org_view=71,cur_changeCycle=1,curView=71,view=72
info|2023-06-07 16:36:30.611600|[g:1][CONSENSUS][SEALER]++++++++++++++++ Generating seal on,blkNum=15,tx=0,nodeIdx=2,hash=6c87521c...
info|2023-06-07 16:36:30.612870|[g:1][CONSENSUS][PBFT]checkTimeout Succ,view=72,toView=73,nodeIdx=2,changeCycle=1,myNode=bbc5bfac...,timecost=0
info|2023-06-07 16:36:30.618230|[g:1][CONSENSUS][PBFT]checkAndChangeView: Reach consensus,org_view=72,cur_changeCycle=1,curView=72,view=73
info|2023-06-07 16:36:31.619566|[g:1][CONSENSUS]addRawPrepare,height=15,reqIdx=3,hash=54009967...,time=0
info|2023-06-07 16:36:31.621814|[g:1][CONSENSUS][PBFT]checkTimeout Succ,view=73,toView=74,nodeIdx=2,changeCycle=1,myNode=bbc5bfac...,timecost=2
info|2023-06-07 16:36:31.623051|[g:1][CONSENSUS][PBFT]checkAndChangeView: Reach consensus,org_view=73,cur_changeCycle=1,curView=73,view=74
info|2023-06-07 16:36:32.623045|[g:1][CONSENSUS]addRawPrepare,height=15,reqIdx=0,hash=13b9ca9c...,time=0
info|2023-06-07 16:36:32.624452|[g:1][CONSENSUS][PBFT]checkTimeout Succ,view=74,toView=75,nodeIdx=2,changeCycle=1,myNode=bbc5bfac...,timecost=1
info|2023-06-07 16:36:32.626697|[g:1][CONSENSUS][PBFT]checkAndChangeView: Reach consensus,org_view=74,cur_changeCycle=1,curView=74,view=75
info|2023-06-07 16:36:33.627254|[g:1][CONSENSUS]addRawPrepare,height=15,reqIdx=1,hash=4c385334...,time=0
info|2023-06-07 16:36:33.627884|[g:1][CONSENSUS][PBFT]checkTimeout Succ,view=75,toView=76,nodeIdx=2,changeCycle=1,myNode=bbc5bfac...,timecost=1
info|2023-06-07 16:36:33.629885|[g:1][CONSENSUS][PBFT]checkAndChangeView: Reach consensus,org_view=75,cur_changeCycle=1,curView=75,view=76
info|2023-06-07 16:36:34.631397|[g:1][CONSENSUS][SEALER]++++++++++++++++ Generating seal on,blkNum=15,tx=0,nodeIdx=2,hash=3fd16769...
info|2023-06-07 16:36:34.632976|[g:1][CONSENSUS][PBFT]checkTimeout Succ,view=76,toView=77,nodeIdx=2,changeCycle=1,myNode=bbc5bfac...,timecost=1
info|2023-06-07 16:36:34.636440|[g:1][CONSENSUS][PBFT]checkAndChangeView: Reach consensus,org_view=76,cur_changeCycle=1,curView=76,view=77
info|2023-06-07 16:36:35.123886|[P2P][Service] heartBeat,connected count=3
info|2023-06-07 16:36:35.639229|[g:1][CONSENSUS]addRawPrepare,height=15,reqIdx=3,hash=6cbf8e87...,time=0
info|2023-06-07 16:36:35.639731|[g:1][CONSENSUS][PBFT]checkTimeout Succ,view=77,toView=78,nodeIdx=2,changeCycle=1,myNode=bbc5bfac...,timecost=0
info|2023-06-07 16:36:35.642614|[g:1][CONSENSUS][PBFT]checkAndChangeView: Reach consensus,org_view=77,cur_changeCycle=1,curView=77,view=78
info|2023-06-07 16:36:36.646148|[g:1][CONSENSUS]addRawPrepare,height=15,reqIdx=0,hash=cab6927d...,time=0
info|2023-06-07 16:36:36.646797|[g:1][CONSENSUS][PBFT]checkTimeout Succ,view=78,toView=79,nodeIdx=2,changeCycle=1,myNode=bbc5bfac...,timecost=0
info|2023-06-07 16:36:36.649406|[g:1][CONSENSUS][PBFT]checkAndChangeView: Reach consensus,org_view=78,cur_changeCycle=1,curView=78,view=79
info|2023-06-07 16:36:37.655476|[g:1][CONSENSUS]addRawPrepare,height=15,reqIdx=1,hash=9e9bc427...,time=0
info|2023-06-07 16:36:37.655863|[g:1][CONSENSUS][PBFT]checkTimeout Succ,view=79,toView=80,nodeIdx=2,changeCycle=1,myNode=bbc5bfac...,timecost=0
info|2023-06-07 16:36:37.656277|[g:1][CONSENSUS][PBFT]checkAndChangeView: Reach consensus,org_view=79,cur_changeCycle=1,curView=79,view=80
info|2023-06-07 16:36:38.657220|[g:1][CONSENSUS][SEALER]++++++++++++++++ Generating seal on,blkNum=15,tx=0,nodeIdx=2,hash=07633047...
info|2023-06-07 16:36:38.659400|[g:1][CONSENSUS][PBFT]checkTimeout Succ,view=80,toView=81,nodeIdx=2,changeCycle=1,myNode=bbc5bfac...,timecost=1
info|2023-06-07 16:36:38.664738|[g:1][CONSENSUS][PBFT]checkAndChangeView: Reach consensus,org_view=80,cur_changeCycle=1,curView=80,view=81
info|2023-06-07 16:36:39.666641|[g:1][CONSENSUS]addRawPrepare,height=15,reqIdx=3,hash=6f9b8fd5...,time=0
info|2023-06-07 16:36:39.667696|[g:1][CONSENSUS][PBFT]checkTimeout Succ,view=81,toView=82,nodeIdx=2,changeCycle=1,myNode=bbc5bfac...,timecost=0
info|2023-06-07 16:36:39.669418|[g:1][CONSENSUS][PBFT]checkAndChangeView: Reach consensus,org_view=81,cur_changeCycle=1,curView=81,view=82
info|2023-06-07 16:36:40.670508|[g:1][CONSENSUS]addRawPrepare,height=15,reqIdx=0,hash=f1e0f0ac...,time=0
info|2023-06-07 16:36:40.671185|[g:1][CONSENSUS][PBFT]checkTimeout Succ,view=82,toView=83,nodeIdx=2,changeCycle=1,myNode=bbc5bfac...,timecost=1
info|2023-06-07 16:36:40.673777|[g:1][CONSENSUS][PBFT]checkAndChangeView: Reach consensus,org_view=82,cur_changeCycle=1,curView=82,view=83
info|2023-06-07 16:36:41.676707|[g:1][CONSENSUS]addRawPrepare,height=15,reqIdx=1,hash=c77813fb...,time=0
info|2023-06-07 16:36:41.677184|[g:1][CONSENSUS][PBFT]checkTimeout Succ,view=83,toView=84,nodeIdx=2,changeCycle=1,myNode=bbc5bfac...,timecost=1
info|2023-06-07 16:36:41.679060|[g:1][CONSENSUS][PBFT]checkAndChangeView: Reach consensus,org_view=83,cur_changeCycle=1,curView=83,view=84
info|2023-06-07 16:36:42.679328|[g:1][CONSENSUS][SEALER]++++++++++++++++ Generating seal on,blkNum=15,tx=0,nodeIdx=2,hash=a6948965...
info|2023-06-07 16:36:42.682893|[g:1][CONSENSUS][PBFT]checkTimeout Succ,view=84,toView=85,nodeIdx=2,changeCycle=1,myNode=bbc5bfac...,timecost=0
info|2023-06-07 16:36:42.684328|[g:1][CONSENSUS][PBFT]checkAndChangeView: Reach consensus,org_view=84,cur_changeCycle=1,curView=84,view=85
info|2023-06-07 16:36:43.686651|[g:1][CONSENSUS]addRawPrepare,height=15,reqIdx=3,hash=4416c908...,time=0
info|2023-06-07 16:36:43.687453|[g:1][CONSENSUS][PBFT]checkTimeout Succ,view=85,toView=86,nodeIdx=2,changeCycle=1,myNode=bbc5bfac...,timecost=0
info|2023-06-07 16:36:43.688798|[g:1][CONSENSUS][PBFT]checkAndChangeView: Reach consensus,org_view=85,cur_changeCycle=1,curView=85,view=86
info|2023-06-07 16:36:44.691975|[g:1][CONSENSUS]addRawPrepare,height=15,reqIdx=0,hash=d1e0350e...,time=0
info|2023-06-07 16:36:44.692709|[g:1][CONSENSUS][PBFT]checkTimeout Succ,view=86,toView=87,nodeIdx=2,changeCycle=1,myNode=bbc5bfac...,timecost=0
info|2023-06-07 16:36:44.693928|[g:1][CONSENSUS][PBFT]checkAndChangeView: Reach consensus,org_view=86,cur_changeCycle=1,curView=86,view=87
info|2023-06-07 16:36:45.124084|[P2P][Service] heartBeat,connected count=3
info|2023-06-07 16:36:45.698722|[g:1][CONSENSUS]addRawPrepare,height=15,reqIdx=1,hash=6727d71c...,time=0
info|2023-06-07 16:36:45.699298|[g:1][CONSENSUS][PBFT]checkTimeout Succ,view=87,toView=88,nodeIdx=2,changeCycle=1,myNode=bbc5bfac...,timecost=1
info|2023-06-07 16:36:45.700516|[g:1][CONSENSUS][PBFT]checkAndChangeView: Reach consensus,org_view=87,cur_changeCycle=1,curView=87,view=88
info|2023-06-07 16:36:46.701336|[g:1][CONSENSUS][SEALER]++++++++++++++++ Generating seal on,blkNum=15,tx=0,nodeIdx=2,hash=e0e3c03e...
info|2023-06-07 16:36:46.702490|[g:1][CONSENSUS][PBFT]checkTimeout Succ,view=88,toView=89,nodeIdx=2,changeCycle=1,myNode=bbc5bfac...,timecost=0
info|2023-06-07 16:36:46.709955|[g:1][CONSENSUS][PBFT]checkAndChangeView: Reach consensus,org_view=88,cur_changeCycle=1,curView=88,view=89
info|2023-06-07 16:36:47.710841|[g:1][CONSENSUS]addRawPrepare,height=15,reqIdx=3,hash=dce53fb3...,time=0
info|2023-06-07 16:36:47.712330|[g:1][CONSENSUS][PBFT]checkTimeout Succ,view=89,toView=90,nodeIdx=2,changeCycle=1,myNode=bbc5bfac...,timecost=2
info|2023-06-07 16:36:47.714078|[g:1][CONSENSUS][PBFT]checkAndChangeView: Reach consensus,org_view=89,cur_changeCycle=1,curView=89,view=90
info|2023-06-07 16:36:48.718161|[g:1][CONSENSUS]addRawPrepare,height=15,reqIdx=0,hash=a2ad04bd...,time=0
info|2023-06-07 16:36:48.719105|[g:1][CONSENSUS][PBFT]checkTimeout Succ,view=90,toView=91,nodeIdx=2,changeCycle=1,myNode=bbc5bfac...,timecost=1
info|2023-06-07 16:36:48.721033|[g:1][CONSENSUS][PBFT]checkAndChangeView: Reach consensus,org_view=90,cur_changeCycle=1,curView=90,view=91
info|2023-06-07 16:36:49.724785|[g:1][CONSENSUS]addRawPrepare,height=15,reqIdx=1,hash=88563747...,time=0
info|2023-06-07 16:36:49.725608|[g:1][CONSENSUS][PBFT]checkTimeout Succ,view=91,toView=92,nodeIdx=2,changeCycle=1,myNode=bbc5bfac...,timecost=1
info|2023-06-07 16:36:49.729375|[g:1][CONSENSUS][PBFT]checkAndChangeView: Reach consensus,org_view=91,cur_changeCycle=1,curView=91,view=92
info|2023-06-07 16:36:50.729422|[g:1][CONSENSUS][SEALER]++++++++++++++++ Generating seal on,blkNum=15,tx=0,nodeIdx=2,hash=61b9de62...
info|2023-06-07 16:36:50.734438|[g:1][CONSENSUS][PBFT]checkTimeout Succ,view=92,toView=93,nodeIdx=2,changeCycle=1,myNode=bbc5bfac...,timecost=0
info|2023-06-07 16:36:50.735732|[g:1][CONSENSUS][PBFT]checkAndChangeView: Reach consensus,org_view=92,cur_changeCycle=1,curView=92,view=93
info|2023-06-07 16:36:51.739485|[g:1][CONSENSUS]addRawPrepare,height=15,reqIdx=3,hash=7a86e90a...,time=0
info|2023-06-07 16:36:51.740033|[g:1][CONSENSUS][PBFT]checkTimeout Succ,view=93,toView=94,nodeIdx=2,changeCycle=1,myNode=bbc5bfac...,timecost=1
info|2023-06-07 16:36:51.742476|[g:1][CONSENSUS][PBFT]checkAndChangeView: Reach consensus,org_view=93,cur_changeCycle=1,curView=93,view=94
info|2023-06-07 16:36:52.747136|[g:1][CONSENSUS]addRawPrepare,height=15,reqIdx=0,hash=4b936682...,time=0
info|2023-06-07 16:36:52.747766|[g:1][CONSENSUS][PBFT]checkTimeout Succ,view=94,toView=95,nodeIdx=2,changeCycle=1,myNode=bbc5bfac...,timecost=0
info|2023-06-07 16:36:52.750701|[g:1][CONSENSUS][PBFT]checkAndChangeView: Reach consensus,org_view=94,cur_changeCycle=1,curView=94,view=95
info|2023-06-07 16:36:53.753111|[g:1][CONSENSUS]addRawPrepare,height=15,reqIdx=1,hash=724300b0...,time=0
info|2023-06-07 16:36:53.753658|[g:1][CONSENSUS][PBFT]checkTimeout Succ,view=95,toView=96,nodeIdx=2,changeCycle=1,myNode=bbc5bfac...,timecost=0
info|2023-06-07 16:36:53.755900|[g:1][CONSENSUS][PBFT]checkAndChangeView: Reach consensus,org_view=95,cur_changeCycle=1,curView=95,view=96
info|2023-06-07 16:36:54.756340|[g:1][CONSENSUS][SEALER]++++++++++++++++ Generating seal on,blkNum=15,tx=0,nodeIdx=2,hash=14373647...
info|2023-06-07 16:36:54.757311|[g:1][CONSENSUS][PBFT]checkTimeout Succ,view=96,toView=97,nodeIdx=2,changeCycle=1,myNode=bbc5bfac...,timecost=1
info|2023-06-07 16:36:54.762622|[g:1][CONSENSUS][PBFT]checkAndChangeView: Reach consensus,org_view=96,cur_changeCycle=1,curView=96,view=97
info|2023-06-07 16:36:55.124266|[P2P][Service] heartBeat,connected count=3
info|2023-06-07 16:36:55.763130|[g:1][CONSENSUS]addRawPrepare,height=15,reqIdx=3,hash=02a9dc41...,time=0
info|2023-06-07 16:36:55.763989|[g:1][CONSENSUS][PBFT]checkTimeout Succ,view=97,toView=98,nodeIdx=2,changeCycle=1,myNode=bbc5bfac...,timecost=1
info|2023-06-07 16:36:55.768751|[g:1][CONSENSUS][PBFT]checkAndChangeView: Reach consensus,org_view=97,cur_changeCycle=1,curView=97,view=98
info|2023-06-07 16:36:56.771593|[g:1][CONSENSUS]addRawPrepare,height=15,reqIdx=0,hash=5d854fd6...,time=0
info|2023-06-07 16:36:56.772088|[g:1][CONSENSUS][PBFT]checkTimeout Succ,view=98,toView=99,nodeIdx=2,changeCycle=1,myNode=bbc5bfac...,timecost=1
info|2023-06-07 16:36:56.773522|[g:1][CONSENSUS][PBFT]checkAndChangeView: Reach consensus,org_view=98,cur_changeCycle=1,curView=98,view=99
info|2023-06-07 16:36:57.777787|[g:1][CONSENSUS]addRawPrepare,height=15,reqIdx=1,hash=cf799b93...,time=0
info|2023-06-07 16:36:57.778354|[g:1][CONSENSUS][PBFT]checkTimeout Succ,view=99,toView=100,nodeIdx=2,changeCycle=1,myNode=bbc5bfac...,timecost=2
info|2023-06-07 16:36:57.780335|[g:1][CONSENSUS][PBFT]checkAndChangeView: Reach consensus,org_view=99,cur_changeCycle=1,curView=99,view=100
info|2023-06-07 16:36:58.780535|[g:1][CONSENSUS][SEALER]++++++++++++++++ Generating seal on,blkNum=15,tx=0,nodeIdx=2,hash=d2e26162...
info|2023-06-07 16:36:58.784095|[g:1][CONSENSUS][PBFT]checkTimeout Succ,view=100,toView=101,nodeIdx=2,changeCycle=1,myNode=bbc5bfac...,timecost=1
info|2023-06-07 16:36:58.785868|[g:1][CONSENSUS][PBFT]checkAndChangeView: Reach consensus,org_view=100,cur_changeCycle=1,curView=100,view=101
info|2023-06-07 16:36:59.789692|[g:1][CONSENSUS]addRawPrepare,height=15,reqIdx=3,hash=2323ab91...,time=0
info|2023-06-07 16:36:59.790528|[g:1][CONSENSUS][PBFT]checkTimeout Succ,view=101,toView=102,nodeIdx=2,changeCycle=1,myNode=bbc5bfac...,timecost=0
info|2023-06-07 16:36:59.792354|[g:1][CONSENSUS][PBFT]checkAndChangeView: Reach consensus,org_view=101,cur_changeCycle=1,curView=101,view=102
info|2023-06-07 16:37:00.795690|[g:1][CONSENSUS]addRawPrepare,height=15,reqIdx=0,hash=659acdfc...,time=0
info|2023-06-07 16:37:00.796287|[g:1][CONSENSUS][PBFT]checkTimeout Succ,view=102,toView=103,nodeIdx=2,changeCycle=1,myNode=bbc5bfac...,timecost=1
info|2023-06-07 16:37:00.798086|[g:1][CONSENSUS][PBFT]checkAndChangeView: Reach consensus,org_view=102,cur_changeCycle=1,curView=102,view=103
info|2023-06-07 16:37:01.804824|[g:1][CONSENSUS]addRawPrepare,height=15,reqIdx=1,hash=5d06ab9a...,time=0
info|2023-06-07 16:37:01.805746|[g:1][CONSENSUS][PBFT]checkTimeout Succ,view=103,toView=104,nodeIdx=2,changeCycle=1,myNode=bbc5bfac...,timecost=0
info|2023-06-07 16:37:01.806607|[g:1][CONSENSUS][PBFT]checkAndChangeView: Reach consensus,org_view=103,cur_changeCycle=1,curView=103,view=104
info|2023-06-07 16:37:02.806656|[g:1][CONSENSUS][SEALER]++++++++++++++++ Generating seal on,blkNum=15,tx=0,nodeIdx=2,hash=2cf900d6...
info|2023-06-07 16:37:02.812911|[g:1][CONSENSUS][PBFT]checkTimeout Succ,view=104,toView=105,nodeIdx=2,changeCycle=1,myNode=bbc5bfac...,timecost=0
info|2023-06-07 16:37:02.814669|[g:1][CONSENSUS][PBFT]checkAndChangeView: Reach consensus,org_view=104,cur_changeCycle=1,curView=104,view=105
info|2023-06-07 16:37:03.814971|[g:1][CONSENSUS]addRawPrepare,height=15,reqIdx=3,hash=66b12d6a...,time=0
info|2023-06-07 16:37:03.815588|[g:1][CONSENSUS][PBFT]checkTimeout Succ,view=105,toView=106,nodeIdx=2,changeCycle=1,myNode=bbc5bfac...,timecost=0
info|2023-06-07 16:37:03.816908|[g:1][CONSENSUS][PBFT]checkAndChangeView: Reach consensus,org_view=105,cur_changeCycle=1,curView=105,view=106
info|2023-06-07 16:37:04.819439|[g:1][CONSENSUS]addRawPrepare,height=15,reqIdx=0,hash=a4cfd9f3...,time=0
info|2023-06-07 16:37:04.819924|[g:1][CONSENSUS][PBFT]checkTimeout Succ,view=106,toView=107,nodeIdx=2,changeCycle=1,myNode=bbc5bfac...,timecost=0
info|2023-06-07 16:37:04.822537|[g:1][CONSENSUS][PBFT]checkAndChangeView: Reach consensus,org_view=106,cur_changeCycle=1,curView=106,view=107
info|2023-06-07 16:37:05.124438|[P2P][Service] heartBeat,connected count=3
info|2023-06-07 16:37:05.826423|[g:1][CONSENSUS]addRawPrepare,height=15,reqIdx=1,hash=d20a6ced...,time=0
info|2023-06-07 16:37:05.827321|[g:1][CONSENSUS][PBFT]checkTimeout Succ,view=107,toView=108,nodeIdx=2,changeCycle=1,myNode=bbc5bfac...,timecost=1
info|2023-06-07 16:37:05.830529|[g:1][CONSENSUS][PBFT]checkAndChangeView: Reach consensus,org_view=107,cur_changeCycle=1,curView=107,view=108
info|2023-06-07 16:37:06.830541|[g:1][CONSENSUS][SEALER]++++++++++++++++ Generating seal on,blkNum=15,tx=0,nodeIdx=2,hash=26c45a3c...
info|2023-06-07 16:37:06.831810|[g:1][CONSENSUS][PBFT]checkTimeout Succ,view=108,toView=109,nodeIdx=2,changeCycle=1,myNode=bbc5bfac...,timecost=0
info|2023-06-07 16:37:06.837789|[g:1][CONSENSUS][PBFT]checkAndChangeView: Reach consensus,org_view=108,cur_changeCycle=1,curView=108,view=109
info|2023-06-07 16:37:07.841448|[g:1][CONSENSUS]addRawPrepare,height=15,reqIdx=3,hash=d6f82e28...,time=0
info|2023-06-07 16:37:07.841986|[g:1][CONSENSUS][PBFT]checkTimeout Succ,view=109,toView=110,nodeIdx=2,changeCycle=1,myNode=bbc5bfac...,timecost=0
info|2023-06-07 16:37:07.842574|[g:1][CONSENSUS][PBFT]checkAndChangeView: Reach consensus,org_view=109,cur_changeCycle=1,curView=109,view=110
info|2023-06-07 16:37:08.852087|[g:1][CONSENSUS]addRawPrepare,height=15,reqIdx=0,hash=d728fcfb...,time=0
info|2023-06-07 16:37:08.852698|[g:1][CONSENSUS][PBFT]checkTimeout Succ,view=110,toView=111,nodeIdx=2,changeCycle=1,myNode=bbc5bfac...,timecost=0
info|2023-06-07 16:37:08.854221|[g:1][CONSENSUS][PBFT]checkAndChangeView: Reach consensus,org_view=110,cur_changeCycle=1,curView=110,view=111
info|2023-06-07 16:37:09.855605|[g:1][CONSENSUS]addRawPrepare,height=15,reqIdx=1,hash=c5b216dc...,time=1
info|2023-06-07 16:37:09.856955|[g:1][CONSENSUS][PBFT]checkTimeout Succ,view=111,toView=112,nodeIdx=2,changeCycle=1,myNode=bbc5bfac...,timecost=0
info|2023-06-07 16:37:09.858820|[g:1][CONSENSUS][PBFT]checkAndChangeView: Reach consensus,org_view=111,cur_changeCycle=1,curView=111,view=112
info|2023-06-07 16:37:10.858957|[g:1][CONSENSUS][SEALER]++++++++++++++++ Generating seal on,blkNum=15,tx=0,nodeIdx=2,hash=7d070df9...
info|2023-06-07 16:37:10.860394|[g:1][CONSENSUS][PBFT]checkTimeout Succ,view=112,toView=113,nodeIdx=2,changeCycle=1,myNode=bbc5bfac...,timecost=0
info|2023-06-07 16:37:10.865585|[g:1][CONSENSUS][PBFT]checkAndChangeView: Reach consensus,org_view=112,cur_changeCycle=1,curView=112,view=113
info|2023-06-07 16:37:11.867989|[g:1][CONSENSUS]addRawPrepare,height=15,reqIdx=3,hash=b44842ba...,time=1
info|2023-06-07 16:37:11.868727|[g:1][CONSENSUS][PBFT]checkTimeout Succ,view=113,toView=114,nodeIdx=2,changeCycle=1,myNode=bbc5bfac...,timecost=0
info|2023-06-07 16:37:11.871039|[g:1][CONSENSUS][PBFT]checkAndChangeView: Reach consensus,org_view=113,cur_changeCycle=1,curView=113,view=114
info|2023-06-07 16:37:12.871971|[g:1][CONSENSUS]addRawPrepare,height=15,reqIdx=0,hash=5bdde8d2...,time=0
info|2023-06-07 16:37:12.872385|[g:1][CONSENSUS][PBFT]checkTimeout Succ,view=114,toView=115,nodeIdx=2,changeCycle=1,myNode=bbc5bfac...,timecost=0
info|2023-06-07 16:37:12.875301|[g:1][CONSENSUS][PBFT]checkAndChangeView: Reach consensus,org_view=114,cur_changeCycle=1,curView=114,view=115
info|2023-06-07 16:37:13.877280|[g:1][CONSENSUS]addRawPrepare,height=15,reqIdx=1,hash=17ded916...,time=0
info|2023-06-07 16:37:13.877704|[g:1][CONSENSUS][PBFT]checkTimeout Succ,view=115,toView=116,nodeIdx=2,changeCycle=1,myNode=bbc5bfac...,timecost=0
info|2023-06-07 16:37:13.881681|[g:1][CONSENSUS][PBFT]checkAndChangeView: Reach consensus,org_view=115,cur_changeCycle=1,curView=115,view=116
info|2023-06-07 16:37:14.882093|[g:1][CONSENSUS][SEALER]++++++++++++++++ Generating seal on,blkNum=15,tx=0,nodeIdx=2,hash=d3fda19b...
info|2023-06-07 16:37:14.883122|[g:1][CONSENSUS][PBFT]checkTimeout Succ,view=116,toView=117,nodeIdx=2,changeCycle=1,myNode=bbc5bfac...,timecost=1
info|2023-06-07 16:37:14.888191|[g:1][CONSENSUS][PBFT]checkAndChangeView: Reach consensus,org_view=116,cur_changeCycle=1,curView=116,view=117
info|2023-06-07 16:37:15.124578|[P2P][Service] heartBeat,connected count=3
info|2023-06-07 16:37:15.889429|[g:1][CONSENSUS]addRawPrepare,height=15,reqIdx=3,hash=e999ccb1...,time=0
info|2023-06-07 16:37:15.890705|[g:1][CONSENSUS][PBFT]checkTimeout Succ,view=117,toView=118,nodeIdx=2,changeCycle=1,myNode=bbc5bfac...,timecost=1
info|2023-06-07 16:37:15.893078|[g:1][CONSENSUS][PBFT]checkAndChangeView: Reach consensus,org_view=117,cur_changeCycle=1,curView=117,view=118
info|2023-06-07 16:37:16.896190|[g:1][CONSENSUS]addRawPrepare,height=15,reqIdx=0,hash=68c5540e...,time=0
info|2023-06-07 16:37:16.896564|[g:1][CONSENSUS][PBFT]checkTimeout Succ,view=118,toView=119,nodeIdx=2,changeCycle=1,myNode=bbc5bfac...,timecost=0
info|2023-06-07 16:37:16.898044|[g:1][CONSENSUS][PBFT]checkAndChangeView: Reach consensus,org_view=118,cur_changeCycle=1,curView=118,view=119
info|2023-06-07 16:37:17.900393|[g:1][CONSENSUS]addRawPrepare,height=15,reqIdx=1,hash=66696112...,time=0
info|2023-06-07 16:37:17.901053|[g:1][CONSENSUS][PBFT]checkTimeout Succ,view=119,toView=120,nodeIdx=2,changeCycle=1,myNode=bbc5bfac...,timecost=1
info|2023-06-07 16:37:17.903278|[g:1][CONSENSUS][PBFT]checkAndChangeView: Reach consensus,org_view=119,cur_changeCycle=1,curView=119,view=120
info|2023-06-07 16:37:18.903920|[g:1][CONSENSUS][SEALER]++++++++++++++++ Generating seal on,blkNum=15,tx=0,nodeIdx=2,hash=c650a323...
info|2023-06-07 16:37:18.907199|[g:1][CONSENSUS][PBFT]checkTimeout Succ,view=120,toView=121,nodeIdx=2,changeCycle=1,myNode=bbc5bfac...,timecost=1
info|2023-06-07 16:37:18.910525|[g:1][CONSENSUS][PBFT]checkAndChangeView: Reach consensus,org_view=120,cur_changeCycle=1,curView=120,view=121
error|2023-06-07 16:37:18.937537|[CHANNEL]Get ca basic failed
info|2023-06-07 16:37:18.940043|[CHANNEL]channel new connect, host=127.0.0.1:36672
info|2023-06-07 16:37:18.940101|[CHANNEL]start receive
info|2023-06-07 16:37:19.008158|[RPC][getClientVersion]request
info|2023-06-07 16:37:19.071632|[CHANNEL]onClientHandshake,ProtocolVersion=3,clientType=java-sdk,endpoint=127.0.0.1:36672
info|2023-06-07 16:37:19.124014|[RPC][getGroupList]request
info|2023-06-07 16:37:19.143034|[RPC][getClientVersion]request
info|2023-06-07 16:37:19.148264|[RPC][getGroupList]request
info|2023-06-07 16:37:19.912776|[g:1][CONSENSUS]addRawPrepare,height=15,reqIdx=3,hash=cf420419...,time=0
info|2023-06-07 16:37:19.913074|[g:1][CONSENSUS][PBFT]checkTimeout Succ,view=121,toView=122,nodeIdx=2,changeCycle=1,myNode=bbc5bfac...,timecost=1
info|2023-06-07 16:37:19.915781|[g:1][CONSENSUS][PBFT]checkAndChangeView: Reach consensus,org_view=121,cur_changeCycle=1,curView=121,view=122
info|2023-06-07 16:37:20.256980|[RPC][getGroupList]request
info|2023-06-07 16:37:20.260563|[RPC][getClientVersion]request
info|2023-06-07 16:37:20.288552|[RPC][getGroupList]request
info|2023-06-07 16:37:20.651196|[PRECOMPILED]init GasChargeManagePrecompiled
info|2023-06-07 16:37:20.921752|[g:1][CONSENSUS]addRawPrepare,height=15,reqIdx=0,hash=fa64f0e7...,time=0
info|2023-06-07 16:37:20.922266|[g:1][CONSENSUS][PBFT]checkTimeout Succ,view=122,toView=123,nodeIdx=2,changeCycle=1,myNode=bbc5bfac...,timecost=1
info|2023-06-07 16:37:20.923421|[g:1][CONSENSUS][PBFT]checkAndChangeView: Reach consensus,org_view=122,cur_changeCycle=1,curView=122,view=123
warning|2023-06-07 16:37:21.036842|[CHANNEL][SESSION]onRead failed,value=335544539,message=short read
warning|2023-06-07 16:37:21.037021|[CHANNEL]onClientRequest,errorCode=-1,what=Read failed, disconnect
warning|2023-06-07 16:37:21.037237|async_shutdown,message=short read
info|2023-06-07 16:37:21.197023|[LEDGER]stop sealer,groupID=1
info|2023-06-07 16:37:21.197059|[CONSENSUS][SEALER]Stop sealer module...
info|2023-06-07 16:37:21.207139|[CONSENSUS][ConsensusEngine][Stop ConsensusEngineBase]
info|2023-06-07 16:37:21.210205|[CONSENSUS][ConsensusEngine]ConsensusEngineBase stopped
info|2023-06-07 16:37:21.210231|[LEDGER]sealer stopped. stop sync,groupID=1
info|2023-06-07 16:37:21.210746|[g:1] [SYNC][id:bbc5bfac...]SyncMsgEngine stopped
info|2023-06-07 16:37:21.271031|[GossipBlockStatus]stop GossipBlockStatus succ
info|2023-06-07 16:37:22.325998|[SYNC][id:bbc5bfac...][g:1]SyncMaster stopped
info|2023-06-07 16:37:22.326031|[LEDGER]sync stopped. stop event filter manager,groupID=1
info|2023-06-07 16:37:22.382090|[EVENT][EventLogFilterManager]stop
info|2023-06-07 16:37:22.382111|[LEDGER]event filter manager stopped. stop tx pool,groupID=1
info|2023-06-07 16:37:22.383001|[LEDGER]removeNetworkStatHandlerByGroupID and removeGroupBandwidthLimiter for service,groupID=1
info|2023-06-07 16:37:22.383134|[CHANNEL]removeSDKAllowListByGroupId,groupId=1
info|2023-06-07 16:37:22.383272|[INITIALIZER]ledgerInitializer stopped
info|2023-06-07 16:37:23.383888|[INITIALIZER]ChannelRPCHttpServer deleted.
info|2023-06-07 16:37:23.384964|[INITIALIZER]JsonrpcHttpServer deleted.
info|2023-06-07 16:37:23.385015|[INITIALIZER]RPCInitializer stopped
info|2023-06-07 16:37:23.385187|[NETWORK][Host]Host exit
info|2023-06-07 16:37:23.386572|[INITIALIZER]P2PInitializer stopped
info|2023-06-07 16:37:23.386671|[LEDGER]stop sealer,groupID=1
info|2023-06-07 16:37:23.386706|[LEDGER]sealer stopped. stop sync,groupID=1
info|2023-06-07 16:37:23.386738|[g:1] [SYNC][id:bbc5bfac...]SyncMsgEngine stopped
info|2023-06-07 16:37:23.386785|[GossipBlockStatus]GossipBlockStatus already stopped
info|2023-06-07 16:37:23.386839|[SYNC][id:bbc5bfac...][g:1]SyncMaster stopped
info|2023-06-07 16:37:23.386881|[LEDGER]sync stopped. stop event filter manager,groupID=1
info|2023-06-07 16:37:23.386934|[LEDGER]event filter manager stopped. stop tx pool,groupID=1
info|2023-06-07 16:37:23.386960|[LEDGER]removeNetworkStatHandlerByGroupID and removeGroupBandwidthLimiter for service,groupID=1
info|2023-06-07 16:37:23.387006|[g:1][STORAGE][CachedStorage]Stopping flushStorage thread
info|2023-06-07 16:37:24.215689|[g:1][STORAGE][CachedStorage]flushStorage thread stopped.
info|2023-06-07 16:37:24.216026|[DBINITIALIZER] storage stopped
info|2023-06-07 16:37:24.219877|[g:1] [SYNC][id:bbc5bfac...]SyncMsgEngine stopped
info|2023-06-07 16:37:24.220035|[GossipBlockStatus]GossipBlockStatus already stopped
info|2023-06-07 16:37:24.220199|[SYNC][id:bbc5bfac...][g:1]SyncMaster stopped
info|2023-06-07 16:37:24.220370|[g:1] [SYNC][id:bbc5bfac...]SyncMsgEngine stopped
