info|2023-06-07 15:18:10.137093|[INITIALIZER][initGlobalConfig],enableCompress=true,compatibilityVersion=2.9.1,versionNumber=34144512,enableStat=false,chainId=1,useSMCrypto=false
info|2023-06-07 15:18:10.137205|[INITIALIZER][SecureInitializer]loading privateKey
info|2023-06-07 15:18:10.155033|[INITIALIZER][SecureInitializer]get pub of node,nodeID=bbc5bfac274c036d71cf50892e87fb5e7781a05f4ac3bdd1b6c31b9b6f4ff2d748d9d3907bc06f111bd750b4cd14141564f3a90c404f8a88f5189227a3869016
info|2023-06-07 15:18:10.155169|[INITIALIZER][SecureInitializer]use user certificate,file=conf//node.crt
info|2023-06-07 15:18:10.155535|[INITIALIZER][SecureInitializer]use ca certificate,file=conf//ca.crt
info|2023-06-07 15:18:10.155590|[INITIALIZER][SecureInitializer]use ca,file=conf//
info|2023-06-07 15:18:10.155627|[INITIALIZER][SecureInitializer][initChannelCertConfig]enable rsa cert for channel ,conf//channel_cert/ certs will be used for channel ssl,dataPath=conf/
info|2023-06-07 15:18:10.156455|[NETWORK][Host]Connecting to node,endpoint=127.0.0.1:30300
info|2023-06-07 15:18:10.156612|[NETWORK][Host]Connecting to node,endpoint=127.0.0.1:30301
info|2023-06-07 15:18:10.156548|[NETWORK][Host]P2P StartAccept,Host=0.0.0.0:30300
info|2023-06-07 15:18:10.156648|[NETWORK][Host]Connecting to node,endpoint=127.0.0.1:30302
info|2023-06-07 15:18:10.156678|[NETWORK][Host]Connecting to node,endpoint=127.0.0.1:30303
info|2023-06-07 15:18:10.156698|[P2P][Service] heartBeat,connected count=0
info|2023-06-07 15:18:10.156751|[INITIALIZER][RPCInitializer],network_security.check_cert_issuer=true
info|2023-06-07 15:18:10.157023|[NETWORK][ASIO]asyncResolveConnect,endpoint=127.0.0.1:30300
info|2023-06-07 15:18:10.157272|[NETWORK][Host]P2P Recv Connect, From=127.0.0.1:37104
info|2023-06-07 15:18:10.157338|[NETWORK][Host]P2P StartAccept,Host=0.0.0.0:30300
info|2023-06-07 15:18:10.158364|[CHANNEL][ChannelServer::run],threadPoolSize=8
info|2023-06-07 15:18:10.158574|[CHANNEL]ChannelRPCServer started
info|2023-06-07 15:18:10.158588|[INITIALIZER][RPCInitializer: ChannelRPCHttpServer started.],disableDynamicGroup=false,threadSize=8
info|2023-06-07 15:18:10.158593|[INITIALIZER][LedgerInitializer]initConfig
info|2023-06-07 15:18:10.158606|[LedgerInitializer],groupConfigPath=conf/
info|2023-06-07 15:18:10.158824|[INITIALIZER][initSingleLedger] [GroupId], LedgerConstructor:  1,configFileName=conf/group.1.genesis,dataDir=data/
info|2023-06-07 15:18:10.158973|[g:1][LedgerParam][parseGenesisConfig]initConsensusConfig/initStorageConfig/initTxConfig,configFile=conf/group.1.genesis
info|2023-06-07 15:18:10.159055|[g:1][LedgerParam][initConsensusConfig],type=pbft,consensusTimeout=3,maxTxNum=1000,txGasLimit=300000000
info|2023-06-07 15:18:10.159075|[g:1][LedgerParam][parsePublicKeyListOfSection],sectionName=consensus,it.first=bbc5bfac274c036d71cf50892e87fb5e7781a05f4ac3bdd1b6c31b9b6f4ff2d748d9d3907bc06f111bd750b4cd14141564f3a90c404f8a88f5189227a3869016
info|2023-06-07 15:18:10.159094|[g:1][LedgerParam][parsePublicKeyListOfSection],sectionName=consensus,it.first=91a6062de58f2896dfb5e8a8df8897e524426008855a66b1e5fd4da89ce57c7c55bc9450af12dbd999da94ae9df34e8842d797464f09678e2e4b1352d499815b
info|2023-06-07 15:18:10.159109|[g:1][LedgerParam][parsePublicKeyListOfSection],sectionName=consensus,it.first=c309ad65daf962247d74dda65d286cdbe3df64e67cbe3707567d6dc6f6c927a4af3b1c6385d4e720abc9ce7b9ce2acc41d7296d7daf445e544b2b4fa28ff66be
error|2023-06-07 15:18:10.159153|[NETWORK][Host]Get ca basic failed
info|2023-06-07 15:18:10.159179|[g:1][LedgerParam][parsePublicKeyListOfSection],sectionName=consensus,it.first=7380ded5ece4067c8b5468f5b8567f5f5b7c58b60c0b878f262418dc9cc5bb9adbdb4878ef61101fd464167a2160261153c1e5373cf0eb46540778a31de1c0c5
info|2023-06-07 15:18:10.159202|[g:1][LedgerParam][parsePublicKeyListOfSection],totalPubKeySize=4
info|2023-06-07 15:18:10.159361|[g:1][LedgerParam][max_block_range],maxBlockRange=0,maxBlockPerProcess=3
info|2023-06-07 15:18:10.159399|[g:1][LedgerParam][parseGenesisConfig],timestamp=1685249894000
info|2023-06-07 15:18:10.159414|[g:1][LedgerParam]setEVMFlags,enableFreeStorageVMSchedule=false,evmFlags=0
info|2023-06-07 15:18:10.159429|[g:1][LedgerParam]store evmFlag,evmFlag=0
info|2023-06-07 15:18:10.159434|[g:1][LedgerParam]store consensus time,consensusTimeout=3
info|2023-06-07 15:18:10.159438|[g:1][LedgerParam][initMark],genesisMark=1-7380ded5ece4067c8b5468f5b8567f5f5b7c58b60c0b878f262418dc9cc5bb9adbdb4878ef61101fd464167a2160261153c1e5373cf0eb46540778a31de1c0c5,91a6062de58f2896dfb5e8a8df8897e524426008855a66b1e5fd4da89ce57c7c55bc9450af12dbd999da94ae9df34e8842d797464f09678e2e4b1352d499815b,bbc5bfac274c036d71cf50892e87fb5e7781a05f4ac3bdd1b6c31b9b6f4ff2d748d9d3907bc06f111bd750b4cd14141564f3a90c404f8a88f5189227a3869016,c309ad65daf962247d74dda65d286cdbe3df64e67cbe3707567d6dc6f6c927a4af3b1c6385d4e720abc9ce7b9ce2acc41d7296d7daf445e544b2b4fa28ff66be,-pbft-storage-0-1000-300000000-3
info|2023-06-07 15:18:10.159444|[g:1][LedgerParam][initIniConfig]initTxPoolConfig/initSyncConfig/initTxExecuteConfig,configFile=conf/group.1.ini
info|2023-06-07 15:18:10.159598|[g:1][LedgerParam][initStorageConfig],stateType=storage,storageDB=rocksdb,storagePath=data//group1/block/RocksDB,baseDir=data//group1,dbtype=mysql,dbip=127.0.0.1,dbport=3306,dbcharset=utf8mb4,initconnections=15,maxconnections=50,scrollThreshold=2000
info|2023-06-07 15:18:10.159614|[g:1][LedgerParam][initTxPoolConfig],txPoolLimit=150000,memorySizeLimit(MB)=512,notifyWorkerNum=2,txsExpirationTime(ms)=600000
info|2023-06-07 15:18:10.159625|[g:1][LedgerParam][initSyncConfig],idleWaitMs=200
info|2023-06-07 15:18:10.159640|[g:1][LedgerParam][initSyncConfig],enableSendTxsByTree=true,enableSendBlockStatusByTree=true
info|2023-06-07 15:18:10.159646|[g:1][LedgerParam][initSyncConfig],gossipInterval=1000
info|2023-06-07 15:18:10.159684|[g:1][LedgerParam][initSyncConfig],enableSendBlockStatusByTree=true,gossipInterval=1000,gossipPeers=3,syncTreeWidth=3,maxQueueSizeForBlockSync=536870912,txsStatusGossipMaxPeers=5
info|2023-06-07 15:18:10.159693|[g:1][LedgerParam][InitTxExecuteConfig],enableParallel=true
info|2023-06-07 15:18:10.159718|[g:1][LedgerParam][initConsensusIniConfig],maxTTL=2,minBlockGenerationTime=500,enablDynamicBlockSize=true,blockSizeIncreaseRatio=0.5,enableTTLOptimize=true,enablePrepareWithTxsHash=true
info|2023-06-07 15:18:10.159788|[g:1][LedgerParam][initRPBFTConsensusIniConfig],broadcastPrepareByTree=true,prepareStatusBroadcastPercent=33,maxRequestMissedTxsWaitTime=100,maxRequestPrepareWaitTime=100
info|2023-06-07 15:18:10.159854|[g:1][LedgerParam][initFlowControlConfig],maxQPS=9223372036854775807,outGoingBandwidth(Bytes)=9223372036854775807
info|2023-06-07 15:18:10.159859|[g:1][LedgerParam]parseSDKAllowList,sdkAllowList=[],enableSDKAllowListControl=false
info|2023-06-07 15:18:10.159881|[g:1][LEDGER][initLedger][DBInitializer]
info|2023-06-07 15:18:10.159887|[g:1][LEDGER]setSDKAllowList,groupId=1,sdkAllowListSize=0
info|2023-06-07 15:18:10.159891|[g:1][CHANNEL]registerSDKAllowListByGroupId,groupId=1,size=0
info|2023-06-07 15:18:10.159894|[g:1][CHANNEL]Disable group-level sdk permission control for sdk allowlist is empty
info|2023-06-07 15:18:10.159901|[g:1][DBINITIALIZER] [initStorageDB]
info|2023-06-07 15:18:10.159910|[g:1][DBINITIALIZER] [initRocksDBStorage]
info|2023-06-07 15:18:10.159966|[g:1][ROCKSDB]open rocksDB handler,path=data//group1/block/RocksDB
info|2023-06-07 15:18:10.165610|[NETWORK][ASIO]asyncResolveConnect,endpoint=127.0.0.1:30301
info|2023-06-07 15:18:10.165726|[NETWORK][ASIO]asyncResolveConnect,endpoint=127.0.0.1:30302
info|2023-06-07 15:18:10.165827|[NETWORK][ASIO]asyncResolveConnect,endpoint=127.0.0.1:30303
error|2023-06-07 15:18:10.166622|[NETWORK][Host]Get ca basic failed
info|2023-06-07 15:18:10.170805|[NETWORK][Host]handshakeServer succ,remote endpoint=127.0.0.1:37104
info|2023-06-07 15:18:10.170865|[NETWORK][Host]startPeerSession, Remote=127.0.0.1:37104,local endpoint=127.0.0.1:30300,nodeID=bbc5bfac...
info|2023-06-07 15:18:10.171336|[NETWORK][Host]handshakeClient succ,local endpoint=127.0.0.1:37104
info|2023-06-07 15:18:10.171406|[NETWORK][Host]startPeerSession, Remote=127.0.0.1:30300,local endpoint=127.0.0.1:37104,nodeID=bbc5bfac...
error|2023-06-07 15:18:10.172451|[NETWORK][Host]Get ca basic failed
error|2023-06-07 15:18:10.178186|[NETWORK][Host]Get ca basic failed
error|2023-06-07 15:18:10.183833|[NETWORK][Host]Get ca basic failed
info|2023-06-07 15:18:10.188876|[NETWORK][Host]handshakeClient succ,local endpoint=127.0.0.1:38766
info|2023-06-07 15:18:10.189076|[P2P][Service] Connection established,nodeID=91a6062d...,endpoint=127.0.0.1:30301
info|2023-06-07 15:18:10.189124|[NETWORK][Host]startPeerSession, Remote=127.0.0.1:30301,local endpoint=127.0.0.1:38766,nodeID=91a6062d...
info|2023-06-07 15:18:10.189287|[NETWORK][Host]handshakeClient succ,local endpoint=127.0.0.1:34484
info|2023-06-07 15:18:10.189383|[P2P][Service] Connection established,nodeID=c309ad65...,endpoint=127.0.0.1:30302
info|2023-06-07 15:18:10.189424|[NETWORK][Host]startPeerSession, Remote=127.0.0.1:30302,local endpoint=127.0.0.1:34484,nodeID=c309ad65...
info|2023-06-07 15:18:10.190014|[NETWORK][Session]Received topic: [11] from 91a6062de58f2896dfb5e8a8df8897e524426008855a66b1e5fd4da89ce57c7c55bc9450af12dbd999da94ae9df34e8842d797464f09678e2e4b1352d499815b
info|2023-06-07 15:18:10.193406|[NETWORK][Host]handshakeClient succ,local endpoint=127.0.0.1:47300
info|2023-06-07 15:18:10.193593|[P2P][Service] Connection established,nodeID=7380ded5...,endpoint=127.0.0.1:30303
info|2023-06-07 15:18:10.193712|[NETWORK][Host]startPeerSession, Remote=127.0.0.1:30303,local endpoint=127.0.0.1:47300,nodeID=7380ded5...
info|2023-06-07 15:18:11.013175|[NETWORK][Host]P2P Recv Connect, From=127.0.0.1:37112
info|2023-06-07 15:18:11.013330|[NETWORK][Host]P2P StartAccept,Host=0.0.0.0:30300
error|2023-06-07 15:18:11.021601|[NETWORK][Host]Get ca basic failed
info|2023-06-07 15:18:11.026656|[NETWORK][Host]handshakeServer succ,remote endpoint=127.0.0.1:37112
info|2023-06-07 15:18:11.026756|[NETWORK][Host]startPeerSession, Remote=127.0.0.1:37112,local endpoint=127.0.0.1:30300,nodeID=91a6062d...
info|2023-06-07 15:18:11.846223|[g:1][g:1][STORAGE][CachedStorage]Init flushStorage thread
info|2023-06-07 15:18:11.846349|[g:1][DBINITIALIZER] [init CachedStorage],maxCapacity=32,maxForwardBlock=10
info|2023-06-07 15:18:11.846370|[g:1][LEDGER][initLedger][initBlockChain]
info|2023-06-07 15:18:11.846941|[g:1][LEDGER]set enableHexBlock to be false,version=34144512
info|2023-06-07 15:18:11.847011|[g:1][BLOCKCHAIN][#checkAndBuildGenesisBlock],shouldBuild=false
info|2023-06-07 15:18:11.847443|[g:1][BLOCKCHAIN][#checkAndBuildGenesisBlock]Already have the 0th block, 0th groupMark is equal to file groupMark.
info|2023-06-07 15:18:11.847465|[g:1][LEDGER][initLedger]initBlockChain SUCC
info|2023-06-07 15:18:11.847524|[g:1][DBINITIALIZER] [createStateFactory],type=storage
info|2023-06-07 15:18:11.847547|[g:1][DBINITIALIZER] createStorageState SUCC
info|2023-06-07 15:18:11.847551|[g:1][DBINITIALIZER] [createStateFactory SUCC]
info|2023-06-07 15:18:11.847560|[g:1][DBINITIALIZER] createExecutiveContext...
info|2023-06-07 15:18:11.847598|[g:1][LEDGER]createGasMetric,vmFlagType=0
info|2023-06-07 15:18:11.847609|[g:1][LEDGER]createGasMetric
info|2023-06-07 15:18:11.847618|[g:1][DBINITIALIZER] create precompiledGasFactory and precompiledResultFactory
info|2023-06-07 15:18:11.847622|[g:1][DBINITIALIZER] createExecutiveContext SUCC
info|2023-06-07 15:18:11.847631|[g:1][DBINITIALIZER] [setSyncNumForCachedStorage],syncNum=11
info|2023-06-07 15:18:11.847645|[g:1][LEDGER][initNetworkBandWidthLimiter: outGoingBandwidthLimit has been disabled],groupId=1
info|2023-06-07 15:18:11.847665|[g:1][LEDGER][QPSLimit has been disabled],groupId=1
info|2023-06-07 15:18:11.847671|[g:1][LEDGER][initLedger][initBlockVerifier]
info|2023-06-07 15:18:11.847739|[g:1][LEDGER][initLedger][initBlockVerifier SUCC],evmFlags=0
info|2023-06-07 15:18:11.847751|[g:1][LEDGER][initLedger][initTxPool],txPoolLimit=150000
info|2023-06-07 15:18:11.850007|[g:1][LEDGER][initLedger]initTxPool SUCC
info|2023-06-07 15:18:11.850049|[g:1][LEDGER][initLedger][initSync],idleWaitMs=200,gossipInterval=1000,gossipPeers=3
info|2023-06-07 15:18:11.850060|[g:1][LEDGER]Init sync master,enableSendBlockStatusByTree=true,enableSendTxsByTree=true
info|2023-06-07 15:18:11.850887|[g:1][LEDGER][initLedger]initSync SUCC
info|2023-06-07 15:18:11.850908|[g:1][LEDGER][initLedger][consensusInitFactory]
info|2023-06-07 15:18:11.850915|[g:1][LEDGER][initLedger][createPBFTSealer]
info|2023-06-07 15:18:11.850930|[g:1][LEDGER][initLedger][createPBFTSealer],baseDir=data//group1,Protocol=65544
info|2023-06-07 15:18:11.850991|[g:1][LEDGER][initLedger]createPBFTSealer for PBFT or rPBFT,consensusType=pbft
info|2023-06-07 15:18:11.851011|[g:1][LEDGER]createConsensusEngine: create PBFTEngine
info|2023-06-07 15:18:11.851031|[g:1][CONSENSUS][PBFT]Register handler for PBFTEngine
info|2023-06-07 15:18:11.851636|[g:1][CONSENSUS][PBFT]setMinBlockGenerationTime,minBlockGenerationTime=500,consensusTime=1000
info|2023-06-07 15:18:11.851663|[g:1][LEDGER][initEventLogFilterManager]initEventLogFilterManager SUCC
info|2023-06-07 15:18:11.851672|[LedgerInitializer init group succ],groupID=1
info|2023-06-07 15:18:11.851926|[SafeHttpServer::StartListening]use default epoll
info|2023-06-07 15:18:11.852445|[INITIALIZER][RPCInitializer JsonrpcHttpServer started],jsonrpc_IP=127.0.0.1,jsonrpc_listen_port=8545,jsonrpc_thread_count=8,ipv6=false,disableDynamicGroup=false
info|2023-06-07 15:18:11.852471|[g:1][LEDGER]startAll...
info|2023-06-07 15:18:11.853583|[g:1][GossipBlockStatus]start GossipBlockStatus succ
info|2023-06-07 15:18:11.853616|[g:1][CONSENSUS][ConsensusEngine][Start ConsensusEngineBase]
info|2023-06-07 15:18:11.853991|[g:1][CONSENSUS][PBFT]^^^^^^^^Report,num=11,sealerIdx=3,hash=9080150b...,next=12,tx=1,nodeIdx=2
info|2023-06-07 15:18:11.854057|[g:1][ROCKSDB]open rocksDB handler,path=data//group1/pbftMsgBackup/RocksDB
info|2023-06-07 15:18:12.032992|[g:1][CONSENSUS][PBFT]FutureBlock,EINFO=handlePrepareMsg,reqIdx=3,view=8692,reqNum=12,curNum=11,consNum=12,curView=0,fromIp=127.0.0.1:30302,hash=54fbb85a...,nodeIdx=2,myNode=bbc5bfac...,curChangeCycle=0
info|2023-06-07 15:18:12.033098|[g:1][CONSENSUS]addFuturePrepareCache,height=12,reqView=8692,reqIdx=3,hash=54fbb85a...
info|2023-06-07 15:18:12.056879|[g:1][CONSENSUS][PBFT]Trigger fast-viewchange,view=0,toView=8692,minView=8693,INFO=,reqNum=11,curNum=11,GenIdx=3,Cview=8693,view=0,fromIdx=3,fromNode=c309ad65...,fromIp=127.0.0.1:30302,hash=9080150b...,nodeIdx=2,myNode=bbc5bfac...
info|2023-06-07 15:18:12.058396|[g:1][CONSENSUS][PBFT]checkAndChangeView: Reach consensus,org_view=0,cur_changeCycle=1,curView=0,view=8693
info|2023-06-07 15:18:12.058430|[g:1][CONSENSUS][PBFT]checkTimeout Succ,view=8693,toView=8693,nodeIdx=2,changeCycle=1,myNode=bbc5bfac...,timecost=2
info|2023-06-07 15:18:12.233562|[g:1][NodeTimeMaintenance]updateTimeInfo: update median time offset,updatedMedianTimeOffset=0,peer=c309ad65...,peerTime=1686122292233,peerOffset=0,utcTime=1686122292233
info|2023-06-07 15:18:12.318771|[g:1][NodeTimeMaintenance]updateTimeInfo: update median time offset,updatedMedianTimeOffset=0,peer=91a6062d...,peerTime=1686122292318,peerOffset=0,utcTime=1686122292318
info|2023-06-07 15:18:12.414572|[g:1][NodeTimeMaintenance]updateTimeInfo: update median time offset,updatedMedianTimeOffset=0,peer=7380ded5...,peerTime=1686122292414,peerOffset=0,utcTime=1686122292414
info|2023-06-07 15:18:12.956411|[g:1][CONSENSUS][PBFT][PBFT init env successfully]
info|2023-06-07 15:18:12.956452|[g:1][CONSENSUS][PBFT][Start PBFTEngine...]
info|2023-06-07 15:18:12.956460|[g:1][CONSENSUS][SEALER][Start sealer module]
info|2023-06-07 15:18:12.957204|[g:1][EVENT][EventLogFilterManager]start,m_maxBlockRange=0,m_maxBlockPerLoopFilter=3
info|2023-06-07 15:18:13.039084|[g:1][CONSENSUS]addRawPrepare,height=12,reqIdx=0,hash=91a66b77...,time=0
info|2023-06-07 15:18:13.039517|[g:1][CONSENSUS][PBFT]checkTimeout Succ,view=8693,toView=8694,nodeIdx=2,changeCycle=1,myNode=bbc5bfac...,timecost=0
info|2023-06-07 15:18:13.040541|[g:1][CONSENSUS][PBFT]checkAndChangeView: Reach consensus,org_view=8693,cur_changeCycle=1,curView=8693,view=8694
info|2023-06-07 15:18:13.067155|[NETWORK][Host]P2P Recv Connect, From=127.0.0.1:37114
info|2023-06-07 15:18:13.067236|[NETWORK][Host]P2P StartAccept,Host=0.0.0.0:30300
error|2023-06-07 15:18:13.074632|[NETWORK][Host]Get ca basic failed
info|2023-06-07 15:18:13.078459|[NETWORK][Host]handshakeServer succ,remote endpoint=127.0.0.1:37114
info|2023-06-07 15:18:13.078503|[NETWORK][Host]startPeerSession, Remote=127.0.0.1:37114,local endpoint=127.0.0.1:30300,nodeID=7380ded5...
info|2023-06-07 15:18:13.314642|[NETWORK][Host]P2P Recv Connect, From=127.0.0.1:37118
info|2023-06-07 15:18:13.314734|[NETWORK][Host]P2P StartAccept,Host=0.0.0.0:30300
error|2023-06-07 15:18:13.323733|[NETWORK][Host]Get ca basic failed
info|2023-06-07 15:18:13.328059|[NETWORK][Host]handshakeServer succ,remote endpoint=127.0.0.1:37118
info|2023-06-07 15:18:13.328105|[NETWORK][Host]startPeerSession, Remote=127.0.0.1:37118,local endpoint=127.0.0.1:30300,nodeID=c309ad65...
info|2023-06-07 15:18:14.043314|[g:1][CONSENSUS]addRawPrepare,height=12,reqIdx=1,hash=4e2fdf97...,time=0
info|2023-06-07 15:18:14.043722|[g:1][CONSENSUS][PBFT]checkTimeout Succ,view=8694,toView=8695,nodeIdx=2,changeCycle=1,myNode=bbc5bfac...,timecost=0
info|2023-06-07 15:18:14.047619|[g:1][CONSENSUS][PBFT]checkAndChangeView: Reach consensus,org_view=8694,cur_changeCycle=1,curView=8694,view=8695
info|2023-06-07 15:18:15.047703|[g:1][CONSENSUS][SEALER]++++++++++++++++ Generating seal on,blkNum=12,tx=0,nodeIdx=2,hash=351431f6...
info|2023-06-07 15:18:15.048674|[g:1][CONSENSUS][PBFT]checkTimeout Succ,view=8695,toView=8696,nodeIdx=2,changeCycle=1,myNode=bbc5bfac...,timecost=0
info|2023-06-07 15:18:15.052812|[g:1][CONSENSUS][PBFT]checkAndChangeView: Reach consensus,org_view=8695,cur_changeCycle=1,curView=8695,view=8696
info|2023-06-07 15:18:16.055492|[g:1][CONSENSUS]addRawPrepare,height=12,reqIdx=3,hash=439138c6...,time=0
info|2023-06-07 15:18:16.056719|[g:1][CONSENSUS][PBFT]checkTimeout Succ,view=8696,toView=8697,nodeIdx=2,changeCycle=1,myNode=bbc5bfac...,timecost=1
info|2023-06-07 15:18:16.058062|[g:1][CONSENSUS][PBFT]checkAndChangeView: Reach consensus,org_view=8696,cur_changeCycle=1,curView=8696,view=8697
info|2023-06-07 15:18:17.058354|[g:1][CONSENSUS]addRawPrepare,height=12,reqIdx=0,hash=a253620d...,time=0
info|2023-06-07 15:18:17.058712|[g:1][CONSENSUS][PBFT]checkTimeout Succ,view=8697,toView=8698,nodeIdx=2,changeCycle=1,myNode=bbc5bfac...,timecost=0
info|2023-06-07 15:18:17.060895|[g:1][CONSENSUS][PBFT]checkAndChangeView: Reach consensus,org_view=8697,cur_changeCycle=1,curView=8697,view=8698
info|2023-06-07 15:18:18.062794|[g:1][CONSENSUS]addRawPrepare,height=12,reqIdx=1,hash=a556c217...,time=0
info|2023-06-07 15:18:18.063675|[g:1][CONSENSUS][PBFT]checkTimeout Succ,view=8698,toView=8699,nodeIdx=2,changeCycle=1,myNode=bbc5bfac...,timecost=1
info|2023-06-07 15:18:18.064528|[g:1][CONSENSUS][PBFT]checkAndChangeView: Reach consensus,org_view=8698,cur_changeCycle=1,curView=8698,view=8699
info|2023-06-07 15:18:19.065211|[g:1][CONSENSUS][SEALER]++++++++++++++++ Generating seal on,blkNum=12,tx=0,nodeIdx=2,hash=502c1b96...
info|2023-06-07 15:18:19.068605|[g:1][CONSENSUS][PBFT]checkTimeout Succ,view=8699,toView=8700,nodeIdx=2,changeCycle=1,myNode=bbc5bfac...,timecost=0
info|2023-06-07 15:18:19.070679|[g:1][CONSENSUS][PBFT]checkAndChangeView: Reach consensus,org_view=8699,cur_changeCycle=1,curView=8699,view=8700
info|2023-06-07 15:18:20.072999|[g:1][CONSENSUS]addRawPrepare,height=12,reqIdx=3,hash=4b32662a...,time=1
info|2023-06-07 15:18:20.075257|[g:1][CONSENSUS][PBFT]checkTimeout Succ,view=8700,toView=8701,nodeIdx=2,changeCycle=1,myNode=bbc5bfac...,timecost=1
info|2023-06-07 15:18:20.076819|[g:1][CONSENSUS][PBFT]checkAndChangeView: Reach consensus,org_view=8700,cur_changeCycle=1,curView=8700,view=8701
info|2023-06-07 15:18:20.156885|[P2P][Service] heartBeat,connected count=3
info|2023-06-07 15:18:21.079036|[g:1][CONSENSUS]addRawPrepare,height=12,reqIdx=0,hash=d0eaa733...,time=0
info|2023-06-07 15:18:21.079995|[g:1][CONSENSUS][PBFT]checkTimeout Succ,view=8701,toView=8702,nodeIdx=2,changeCycle=1,myNode=bbc5bfac...,timecost=1
info|2023-06-07 15:18:21.080944|[g:1][CONSENSUS][PBFT]checkAndChangeView: Reach consensus,org_view=8701,cur_changeCycle=1,curView=8701,view=8702
info|2023-06-07 15:18:22.084032|[g:1][CONSENSUS]addRawPrepare,height=12,reqIdx=1,hash=99fd2420...,time=0
info|2023-06-07 15:18:22.084998|[g:1][CONSENSUS][PBFT]checkTimeout Succ,view=8702,toView=8703,nodeIdx=2,changeCycle=1,myNode=bbc5bfac...,timecost=1
info|2023-06-07 15:18:22.087198|[g:1][CONSENSUS][PBFT]checkAndChangeView: Reach consensus,org_view=8702,cur_changeCycle=1,curView=8702,view=8703
info|2023-06-07 15:18:23.087542|[g:1][CONSENSUS][SEALER]++++++++++++++++ Generating seal on,blkNum=12,tx=0,nodeIdx=2,hash=47ea2be5...
info|2023-06-07 15:18:23.090821|[g:1][CONSENSUS][PBFT]checkTimeout Succ,view=8703,toView=8704,nodeIdx=2,changeCycle=1,myNode=bbc5bfac...,timecost=2
info|2023-06-07 15:18:23.093148|[g:1][CONSENSUS][PBFT]checkAndChangeView: Reach consensus,org_view=8703,cur_changeCycle=1,curView=8703,view=8704
info|2023-06-07 15:18:24.095488|[g:1][CONSENSUS]addRawPrepare,height=12,reqIdx=3,hash=3af920b6...,time=0
info|2023-06-07 15:18:24.096359|[g:1][CONSENSUS][PBFT]checkTimeout Succ,view=8704,toView=8705,nodeIdx=2,changeCycle=1,myNode=bbc5bfac...,timecost=1
info|2023-06-07 15:18:24.098239|[g:1][CONSENSUS][PBFT]checkAndChangeView: Reach consensus,org_view=8704,cur_changeCycle=1,curView=8704,view=8705
info|2023-06-07 15:18:25.102462|[g:1][CONSENSUS]addRawPrepare,height=12,reqIdx=0,hash=08c516a5...,time=0
info|2023-06-07 15:18:25.103015|[g:1][CONSENSUS][PBFT]checkTimeout Succ,view=8705,toView=8706,nodeIdx=2,changeCycle=1,myNode=bbc5bfac...,timecost=1
info|2023-06-07 15:18:25.105752|[g:1][CONSENSUS][PBFT]checkAndChangeView: Reach consensus,org_view=8705,cur_changeCycle=1,curView=8705,view=8706
info|2023-06-07 15:18:26.109109|[g:1][CONSENSUS]addRawPrepare,height=12,reqIdx=1,hash=60362725...,time=0
info|2023-06-07 15:18:26.109736|[g:1][CONSENSUS][PBFT]checkTimeout Succ,view=8706,toView=8707,nodeIdx=2,changeCycle=1,myNode=bbc5bfac...,timecost=0
info|2023-06-07 15:18:26.111037|[g:1][CONSENSUS][PBFT]checkAndChangeView: Reach consensus,org_view=8706,cur_changeCycle=1,curView=8706,view=8707
info|2023-06-07 15:18:27.112038|[g:1][CONSENSUS][SEALER]++++++++++++++++ Generating seal on,blkNum=12,tx=0,nodeIdx=2,hash=e83e22ce...
info|2023-06-07 15:18:27.115966|[g:1][CONSENSUS][PBFT]checkTimeout Succ,view=8707,toView=8708,nodeIdx=2,changeCycle=1,myNode=bbc5bfac...,timecost=0
info|2023-06-07 15:18:27.117050|[g:1][CONSENSUS][PBFT]checkAndChangeView: Reach consensus,org_view=8707,cur_changeCycle=1,curView=8707,view=8708
info|2023-06-07 15:18:28.122054|[g:1][CONSENSUS]addRawPrepare,height=12,reqIdx=3,hash=ccd16ad9...,time=0
info|2023-06-07 15:18:28.122895|[g:1][CONSENSUS][PBFT]checkTimeout Succ,view=8708,toView=8709,nodeIdx=2,changeCycle=1,myNode=bbc5bfac...,timecost=0
info|2023-06-07 15:18:28.123707|[g:1][CONSENSUS][PBFT]checkAndChangeView: Reach consensus,org_view=8708,cur_changeCycle=1,curView=8708,view=8709
info|2023-06-07 15:18:29.128014|[g:1][CONSENSUS]addRawPrepare,height=12,reqIdx=0,hash=2ca401f0...,time=0
info|2023-06-07 15:18:29.128448|[g:1][CONSENSUS][PBFT]checkTimeout Succ,view=8709,toView=8710,nodeIdx=2,changeCycle=1,myNode=bbc5bfac...,timecost=0
info|2023-06-07 15:18:29.129686|[g:1][CONSENSUS][PBFT]checkAndChangeView: Reach consensus,org_view=8709,cur_changeCycle=1,curView=8709,view=8710
info|2023-06-07 15:18:30.134833|[g:1][CONSENSUS]addRawPrepare,height=12,reqIdx=1,hash=d21c4da3...,time=0
info|2023-06-07 15:18:30.135355|[g:1][CONSENSUS][PBFT]checkTimeout Succ,view=8710,toView=8711,nodeIdx=2,changeCycle=1,myNode=bbc5bfac...,timecost=0
info|2023-06-07 15:18:30.136381|[g:1][CONSENSUS][PBFT]checkAndChangeView: Reach consensus,org_view=8710,cur_changeCycle=1,curView=8710,view=8711
info|2023-06-07 15:18:30.157050|[P2P][Service] heartBeat,connected count=3
info|2023-06-07 15:18:31.136504|[g:1][CONSENSUS][SEALER]++++++++++++++++ Generating seal on,blkNum=12,tx=0,nodeIdx=2,hash=9bf07d55...
info|2023-06-07 15:18:31.137542|[g:1][CONSENSUS][PBFT]checkTimeout Succ,view=8711,toView=8712,nodeIdx=2,changeCycle=1,myNode=bbc5bfac...,timecost=0
info|2023-06-07 15:18:31.142631|[g:1][CONSENSUS][PBFT]checkAndChangeView: Reach consensus,org_view=8711,cur_changeCycle=1,curView=8711,view=8712
info|2023-06-07 15:18:32.143733|[g:1][CONSENSUS]addRawPrepare,height=12,reqIdx=3,hash=71a7bab1...,time=0
info|2023-06-07 15:18:32.144339|[g:1][CONSENSUS][PBFT]checkTimeout Succ,view=8712,toView=8713,nodeIdx=2,changeCycle=1,myNode=bbc5bfac...,timecost=1
info|2023-06-07 15:18:32.146165|[g:1][CONSENSUS][PBFT]checkAndChangeView: Reach consensus,org_view=8712,cur_changeCycle=1,curView=8712,view=8713
info|2023-06-07 15:18:33.156192|[g:1][CONSENSUS]addRawPrepare,height=12,reqIdx=0,hash=bf91bc81...,time=0
info|2023-06-07 15:18:33.157468|[g:1][CONSENSUS][PBFT]checkTimeout Succ,view=8713,toView=8714,nodeIdx=2,changeCycle=1,myNode=bbc5bfac...,timecost=1
info|2023-06-07 15:18:33.158938|[g:1][CONSENSUS][PBFT]checkAndChangeView: Reach consensus,org_view=8713,cur_changeCycle=1,curView=8713,view=8714
info|2023-06-07 15:18:34.161890|[g:1][CONSENSUS]addRawPrepare,height=12,reqIdx=1,hash=7eabeb19...,time=0
info|2023-06-07 15:18:34.162726|[g:1][CONSENSUS][PBFT]checkTimeout Succ,view=8714,toView=8715,nodeIdx=2,changeCycle=1,myNode=bbc5bfac...,timecost=0
info|2023-06-07 15:18:34.164638|[g:1][CONSENSUS][PBFT]checkAndChangeView: Reach consensus,org_view=8714,cur_changeCycle=1,curView=8714,view=8715
info|2023-06-07 15:18:35.164644|[g:1][CONSENSUS][SEALER]++++++++++++++++ Generating seal on,blkNum=12,tx=0,nodeIdx=2,hash=8a9f92ae...
info|2023-06-07 15:18:35.171095|[g:1][CONSENSUS][PBFT]checkTimeout Succ,view=8715,toView=8716,nodeIdx=2,changeCycle=1,myNode=bbc5bfac...,timecost=1
info|2023-06-07 15:18:35.171806|[g:1][CONSENSUS][PBFT]checkAndChangeView: Reach consensus,org_view=8715,cur_changeCycle=1,curView=8715,view=8716
info|2023-06-07 15:18:36.171882|[g:1][CONSENSUS]addRawPrepare,height=12,reqIdx=3,hash=576bc411...,time=0
info|2023-06-07 15:18:36.172302|[g:1][CONSENSUS][PBFT]checkTimeout Succ,view=8716,toView=8717,nodeIdx=2,changeCycle=1,myNode=bbc5bfac...,timecost=1
info|2023-06-07 15:18:36.174032|[g:1][CONSENSUS][PBFT]checkAndChangeView: Reach consensus,org_view=8716,cur_changeCycle=1,curView=8716,view=8717
info|2023-06-07 15:18:37.178049|[g:1][CONSENSUS]addRawPrepare,height=12,reqIdx=0,hash=2e16afaf...,time=0
info|2023-06-07 15:18:37.178930|[g:1][CONSENSUS][PBFT]checkTimeout Succ,view=8717,toView=8718,nodeIdx=2,changeCycle=1,myNode=bbc5bfac...,timecost=0
info|2023-06-07 15:18:37.181169|[g:1][CONSENSUS][PBFT]checkAndChangeView: Reach consensus,org_view=8717,cur_changeCycle=1,curView=8717,view=8718
info|2023-06-07 15:18:38.185760|[g:1][CONSENSUS]addRawPrepare,height=12,reqIdx=1,hash=47d609c0...,time=0
info|2023-06-07 15:18:38.186761|[g:1][CONSENSUS][PBFT]checkTimeout Succ,view=8718,toView=8719,nodeIdx=2,changeCycle=1,myNode=bbc5bfac...,timecost=0
info|2023-06-07 15:18:38.189432|[g:1][CONSENSUS][PBFT]checkAndChangeView: Reach consensus,org_view=8718,cur_changeCycle=1,curView=8718,view=8719
info|2023-06-07 15:18:39.189210|[g:1][CONSENSUS][SEALER]++++++++++++++++ Generating seal on,blkNum=12,tx=0,nodeIdx=2,hash=0a9c4005...
info|2023-06-07 15:18:39.190329|[g:1][CONSENSUS][PBFT]checkTimeout Succ,view=8719,toView=8720,nodeIdx=2,changeCycle=1,myNode=bbc5bfac...,timecost=1
info|2023-06-07 15:18:39.194914|[g:1][CONSENSUS][PBFT]checkAndChangeView: Reach consensus,org_view=8719,cur_changeCycle=1,curView=8719,view=8720
info|2023-06-07 15:18:40.157278|[P2P][Service] heartBeat,connected count=3
info|2023-06-07 15:18:40.196853|[g:1][CONSENSUS]addRawPrepare,height=12,reqIdx=3,hash=8edd17f8...,time=0
info|2023-06-07 15:18:40.197638|[g:1][CONSENSUS][PBFT]checkTimeout Succ,view=8720,toView=8721,nodeIdx=2,changeCycle=1,myNode=bbc5bfac...,timecost=0
info|2023-06-07 15:18:40.198975|[g:1][CONSENSUS][PBFT]checkAndChangeView: Reach consensus,org_view=8720,cur_changeCycle=1,curView=8720,view=8721
info|2023-06-07 15:18:41.201765|[g:1][CONSENSUS]addRawPrepare,height=12,reqIdx=0,hash=59328bba...,time=0
info|2023-06-07 15:18:41.202369|[g:1][CONSENSUS][PBFT]checkTimeout Succ,view=8721,toView=8722,nodeIdx=2,changeCycle=1,myNode=bbc5bfac...,timecost=1
info|2023-06-07 15:18:41.204877|[g:1][CONSENSUS][PBFT]checkAndChangeView: Reach consensus,org_view=8721,cur_changeCycle=1,curView=8721,view=8722
info|2023-06-07 15:18:42.208652|[g:1][CONSENSUS]addRawPrepare,height=12,reqIdx=1,hash=e75799b3...,time=0
info|2023-06-07 15:18:42.209180|[g:1][CONSENSUS][PBFT]checkTimeout Succ,view=8722,toView=8723,nodeIdx=2,changeCycle=1,myNode=bbc5bfac...,timecost=1
info|2023-06-07 15:18:42.210323|[g:1][CONSENSUS][PBFT]checkAndChangeView: Reach consensus,org_view=8722,cur_changeCycle=1,curView=8722,view=8723
info|2023-06-07 15:18:43.210502|[g:1][CONSENSUS][SEALER]++++++++++++++++ Generating seal on,blkNum=12,tx=0,nodeIdx=2,hash=94edff0b...
info|2023-06-07 15:18:43.216722|[g:1][CONSENSUS][PBFT]checkTimeout Succ,view=8723,toView=8724,nodeIdx=2,changeCycle=1,myNode=bbc5bfac...,timecost=0
info|2023-06-07 15:18:43.217743|[g:1][CONSENSUS][PBFT]checkAndChangeView: Reach consensus,org_view=8723,cur_changeCycle=1,curView=8723,view=8724
info|2023-06-07 15:18:44.221370|[g:1][CONSENSUS]addRawPrepare,height=12,reqIdx=3,hash=b08d7298...,time=0
info|2023-06-07 15:18:44.221709|[g:1][CONSENSUS][PBFT]checkTimeout Succ,view=8724,toView=8725,nodeIdx=2,changeCycle=1,myNode=bbc5bfac...,timecost=0
info|2023-06-07 15:18:44.225236|[g:1][CONSENSUS][PBFT]checkAndChangeView: Reach consensus,org_view=8724,cur_changeCycle=1,curView=8724,view=8725
info|2023-06-07 15:18:45.230338|[g:1][CONSENSUS]addRawPrepare,height=12,reqIdx=0,hash=90fc89a6...,time=0
info|2023-06-07 15:18:45.230974|[g:1][CONSENSUS][PBFT]checkTimeout Succ,view=8725,toView=8726,nodeIdx=2,changeCycle=1,myNode=bbc5bfac...,timecost=0
info|2023-06-07 15:18:45.232446|[g:1][CONSENSUS][PBFT]checkAndChangeView: Reach consensus,org_view=8725,cur_changeCycle=1,curView=8725,view=8726
info|2023-06-07 15:18:46.231040|[g:1][CONSENSUS]addRawPrepare,height=12,reqIdx=1,hash=abdf349c...,time=0
info|2023-06-07 15:18:46.231591|[g:1][CONSENSUS][PBFT]checkTimeout Succ,view=8726,toView=8727,nodeIdx=2,changeCycle=1,myNode=bbc5bfac...,timecost=0
info|2023-06-07 15:18:46.233586|[g:1][CONSENSUS][PBFT]checkAndChangeView: Reach consensus,org_view=8726,cur_changeCycle=1,curView=8726,view=8727
info|2023-06-07 15:18:47.234110|[g:1][CONSENSUS][SEALER]++++++++++++++++ Generating seal on,blkNum=12,tx=0,nodeIdx=2,hash=20634f6a...
info|2023-06-07 15:18:47.239949|[g:1][CONSENSUS][PBFT]checkTimeout Succ,view=8727,toView=8728,nodeIdx=2,changeCycle=1,myNode=bbc5bfac...,timecost=1
info|2023-06-07 15:18:47.240733|[g:1][CONSENSUS][PBFT]checkAndChangeView: Reach consensus,org_view=8727,cur_changeCycle=1,curView=8727,view=8728
info|2023-06-07 15:18:48.242299|[g:1][CONSENSUS]addRawPrepare,height=12,reqIdx=3,hash=7655f414...,time=0
info|2023-06-07 15:18:48.243170|[g:1][CONSENSUS][PBFT]checkTimeout Succ,view=8728,toView=8729,nodeIdx=2,changeCycle=1,myNode=bbc5bfac...,timecost=1
info|2023-06-07 15:18:48.244409|[g:1][CONSENSUS][PBFT]checkAndChangeView: Reach consensus,org_view=8728,cur_changeCycle=1,curView=8728,view=8729
info|2023-06-07 15:18:49.247821|[g:1][CONSENSUS]addRawPrepare,height=12,reqIdx=0,hash=36f2d5e9...,time=0
info|2023-06-07 15:18:49.249356|[g:1][CONSENSUS][PBFT]checkTimeout Succ,view=8729,toView=8730,nodeIdx=2,changeCycle=1,myNode=bbc5bfac...,timecost=1
info|2023-06-07 15:18:49.250999|[g:1][CONSENSUS][PBFT]checkAndChangeView: Reach consensus,org_view=8729,cur_changeCycle=1,curView=8729,view=8730
info|2023-06-07 15:18:50.157440|[P2P][Service] heartBeat,connected count=3
info|2023-06-07 15:18:50.251142|[g:1][CONSENSUS]addRawPrepare,height=12,reqIdx=1,hash=3e43efb2...,time=0
info|2023-06-07 15:18:50.251783|[g:1][CONSENSUS][PBFT]checkTimeout Succ,view=8730,toView=8731,nodeIdx=2,changeCycle=1,myNode=bbc5bfac...,timecost=0
info|2023-06-07 15:18:50.253902|[g:1][CONSENSUS][PBFT]checkAndChangeView: Reach consensus,org_view=8730,cur_changeCycle=1,curView=8730,view=8731
info|2023-06-07 15:18:51.253505|[g:1][CONSENSUS][SEALER]++++++++++++++++ Generating seal on,blkNum=12,tx=0,nodeIdx=2,hash=1e31ac6e...
info|2023-06-07 15:18:51.255715|[g:1][CONSENSUS][PBFT]checkTimeout Succ,view=8731,toView=8732,nodeIdx=2,changeCycle=1,myNode=bbc5bfac...,timecost=1
info|2023-06-07 15:18:51.259598|[g:1][CONSENSUS][PBFT]checkAndChangeView: Reach consensus,org_view=8731,cur_changeCycle=1,curView=8731,view=8732
info|2023-06-07 15:18:52.261847|[g:1][CONSENSUS]addRawPrepare,height=12,reqIdx=3,hash=4e4e1b5a...,time=0
info|2023-06-07 15:18:52.262612|[g:1][CONSENSUS][PBFT]checkTimeout Succ,view=8732,toView=8733,nodeIdx=2,changeCycle=1,myNode=bbc5bfac...,timecost=1
info|2023-06-07 15:18:52.264510|[g:1][CONSENSUS][PBFT]checkAndChangeView: Reach consensus,org_view=8732,cur_changeCycle=1,curView=8732,view=8733
info|2023-06-07 15:18:53.268648|[g:1][CONSENSUS]addRawPrepare,height=12,reqIdx=0,hash=ef100c20...,time=0
info|2023-06-07 15:18:53.269685|[g:1][CONSENSUS][PBFT]checkTimeout Succ,view=8733,toView=8734,nodeIdx=2,changeCycle=1,myNode=bbc5bfac...,timecost=1
info|2023-06-07 15:18:53.271585|[g:1][CONSENSUS][PBFT]checkAndChangeView: Reach consensus,org_view=8733,cur_changeCycle=1,curView=8733,view=8734
info|2023-06-07 15:18:54.277274|[g:1][CONSENSUS]addRawPrepare,height=12,reqIdx=1,hash=4963d3e4...,time=0
info|2023-06-07 15:18:54.277853|[g:1][CONSENSUS][PBFT]checkTimeout Succ,view=8734,toView=8735,nodeIdx=2,changeCycle=1,myNode=bbc5bfac...,timecost=0
info|2023-06-07 15:18:54.279621|[g:1][CONSENSUS][PBFT]checkAndChangeView: Reach consensus,org_view=8734,cur_changeCycle=1,curView=8734,view=8735
info|2023-06-07 15:18:55.279899|[g:1][CONSENSUS][SEALER]++++++++++++++++ Generating seal on,blkNum=12,tx=0,nodeIdx=2,hash=7f3b9605...
info|2023-06-07 15:18:55.281213|[g:1][CONSENSUS][PBFT]checkTimeout Succ,view=8735,toView=8736,nodeIdx=2,changeCycle=1,myNode=bbc5bfac...,timecost=1
info|2023-06-07 15:18:55.285365|[g:1][CONSENSUS][PBFT]checkAndChangeView: Reach consensus,org_view=8735,cur_changeCycle=1,curView=8735,view=8736
info|2023-06-07 15:18:56.286118|[g:1][CONSENSUS]addRawPrepare,height=12,reqIdx=3,hash=c79c220b...,time=0
info|2023-06-07 15:18:56.286730|[g:1][CONSENSUS][PBFT]checkTimeout Succ,view=8736,toView=8737,nodeIdx=2,changeCycle=1,myNode=bbc5bfac...,timecost=0
info|2023-06-07 15:18:56.290378|[g:1][CONSENSUS][PBFT]checkAndChangeView: Reach consensus,org_view=8736,cur_changeCycle=1,curView=8736,view=8737
info|2023-06-07 15:18:57.291953|[g:1][CONSENSUS]addRawPrepare,height=12,reqIdx=0,hash=4461ed37...,time=0
info|2023-06-07 15:18:57.292827|[g:1][CONSENSUS][PBFT]checkTimeout Succ,view=8737,toView=8738,nodeIdx=2,changeCycle=1,myNode=bbc5bfac...,timecost=0
info|2023-06-07 15:18:57.295210|[g:1][CONSENSUS][PBFT]checkAndChangeView: Reach consensus,org_view=8737,cur_changeCycle=1,curView=8737,view=8738
info|2023-06-07 15:18:58.296967|[g:1][CONSENSUS]addRawPrepare,height=12,reqIdx=1,hash=cefd9c59...,time=0
info|2023-06-07 15:18:58.297855|[g:1][CONSENSUS][PBFT]checkTimeout Succ,view=8738,toView=8739,nodeIdx=2,changeCycle=1,myNode=bbc5bfac...,timecost=0
info|2023-06-07 15:18:58.301411|[g:1][CONSENSUS][PBFT]checkAndChangeView: Reach consensus,org_view=8738,cur_changeCycle=1,curView=8738,view=8739
info|2023-06-07 15:18:59.302229|[g:1][CONSENSUS][SEALER]++++++++++++++++ Generating seal on,blkNum=12,tx=0,nodeIdx=2,hash=63db69ab...
info|2023-06-07 15:18:59.308141|[g:1][CONSENSUS][PBFT]checkTimeout Succ,view=8739,toView=8740,nodeIdx=2,changeCycle=1,myNode=bbc5bfac...,timecost=1
info|2023-06-07 15:18:59.309406|[g:1][CONSENSUS][PBFT]checkAndChangeView: Reach consensus,org_view=8739,cur_changeCycle=1,curView=8739,view=8740
info|2023-06-07 15:18:59.821274|[LEDGER]stop sealer,groupID=1
info|2023-06-07 15:18:59.821338|[CONSENSUS][SEALER]Stop sealer module...
info|2023-06-07 15:18:59.825381|[CONSENSUS][ConsensusEngine][Stop ConsensusEngineBase]
info|2023-06-07 15:18:59.829886|[CONSENSUS][ConsensusEngine]ConsensusEngineBase stopped
info|2023-06-07 15:18:59.829997|[LEDGER]sealer stopped. stop sync,groupID=1
info|2023-06-07 15:18:59.830698|[g:1] [SYNC][id:bbc5bfac...]SyncMsgEngine stopped
info|2023-06-07 15:18:59.881999|[GossipBlockStatus]stop GossipBlockStatus succ
info|2023-06-07 15:19:00.157655|[P2P][Service] heartBeat,connected count=3
info|2023-06-07 15:19:00.912458|[SYNC][id:bbc5bfac...][g:1]SyncMaster stopped
info|2023-06-07 15:19:00.912520|[LEDGER]sync stopped. stop event filter manager,groupID=1
info|2023-06-07 15:19:00.915900|[EVENT][EventLogFilterManager]stop
info|2023-06-07 15:19:00.915923|[LEDGER]event filter manager stopped. stop tx pool,groupID=1
info|2023-06-07 15:19:00.916461|[LEDGER]removeNetworkStatHandlerByGroupID and removeGroupBandwidthLimiter for service,groupID=1
info|2023-06-07 15:19:00.916497|[CHANNEL]removeSDKAllowListByGroupId,groupId=1
info|2023-06-07 15:19:00.916510|[INITIALIZER]ledgerInitializer stopped
warning|2023-06-07 15:19:00.916631|[CHANNEL]Accept failed,message=Operation canceled
info|2023-06-07 15:19:01.917509|[INITIALIZER]ChannelRPCHttpServer deleted.
info|2023-06-07 15:19:01.918485|[INITIALIZER]JsonrpcHttpServer deleted.
info|2023-06-07 15:19:01.918513|[INITIALIZER]RPCInitializer stopped
info|2023-06-07 15:19:01.918601|[NETWORK][Host]Host exit
info|2023-06-07 15:19:01.920047|[INITIALIZER]P2PInitializer stopped
info|2023-06-07 15:19:01.920093|[LEDGER]stop sealer,groupID=1
info|2023-06-07 15:19:01.920106|[LEDGER]sealer stopped. stop sync,groupID=1
info|2023-06-07 15:19:01.920121|[g:1] [SYNC][id:bbc5bfac...]SyncMsgEngine stopped
info|2023-06-07 15:19:01.920136|[GossipBlockStatus]GossipBlockStatus already stopped
info|2023-06-07 15:19:01.920143|[SYNC][id:bbc5bfac...][g:1]SyncMaster stopped
info|2023-06-07 15:19:01.920151|[LEDGER]sync stopped. stop event filter manager,groupID=1
info|2023-06-07 15:19:01.920157|[LEDGER]event filter manager stopped. stop tx pool,groupID=1
info|2023-06-07 15:19:01.920168|[LEDGER]removeNetworkStatHandlerByGroupID and removeGroupBandwidthLimiter for service,groupID=1
info|2023-06-07 15:19:01.920191|[g:1][STORAGE][CachedStorage]Stopping flushStorage thread
info|2023-06-07 15:19:02.858158|[g:1][STORAGE][CachedStorage]flushStorage thread stopped.
info|2023-06-07 15:19:02.858299|[DBINITIALIZER] storage stopped
info|2023-06-07 15:19:02.861359|[g:1] [SYNC][id:bbc5bfac...]SyncMsgEngine stopped
info|2023-06-07 15:19:02.861521|[GossipBlockStatus]GossipBlockStatus already stopped
info|2023-06-07 15:19:02.861661|[SYNC][id:bbc5bfac...][g:1]SyncMaster stopped
info|2023-06-07 15:19:02.861880|[g:1] [SYNC][id:bbc5bfac...]SyncMsgEngine stopped
