info|2023-05-28 13:04:51.025542|[INITIALIZER][initGlobalConfig],enableCompress=true,compatibilityVersion=2.9.1,versionNumber=34144512,enableStat=false,chainId=1,useSMCrypto=false
info|2023-05-28 13:04:51.025681|[INITIALIZER][SecureInitializer]loading privateKey
info|2023-05-28 13:04:51.048598|[INITIALIZER][SecureInitializer]get pub of node,nodeID=91a6062de58f2896dfb5e8a8df8897e524426008855a66b1e5fd4da89ce57c7c55bc9450af12dbd999da94ae9df34e8842d797464f09678e2e4b1352d499815b
info|2023-05-28 13:04:51.048933|[INITIALIZER][SecureInitializer]use user certificate,file=conf//node.crt
info|2023-05-28 13:04:51.049452|[INITIALIZER][SecureInitializer]use ca certificate,file=conf//ca.crt
info|2023-05-28 13:04:51.049598|[INITIALIZER][SecureInitializer]use ca,file=conf//
info|2023-05-28 13:04:51.049648|[INITIALIZER][SecureInitializer][initChannelCertConfig]enable rsa cert for channel ,conf//channel_cert/ certs will be used for channel ssl,dataPath=conf/
info|2023-05-28 13:04:51.050622|[NETWORK][Host]Connecting to node,endpoint=127.0.0.1:30300
info|2023-05-28 13:04:51.050683|[NETWORK][Host]P2P StartAccept,Host=0.0.0.0:30301
info|2023-05-28 13:04:51.054844|[NETWORK][Host]Connecting to node,endpoint=127.0.0.1:30301
info|2023-05-28 13:04:51.054902|[NETWORK][Host]Connecting to node,endpoint=127.0.0.1:30302
info|2023-05-28 13:04:51.054999|[NETWORK][Host]Connecting to node,endpoint=127.0.0.1:30303
info|2023-05-28 13:04:51.055159|[P2P][Service] heartBeat,connected count=0
info|2023-05-28 13:04:51.055258|[INITIALIZER][RPCInitializer],network_security.check_cert_issuer=true
info|2023-05-28 13:04:51.055772|[NETWORK][ASIO]asyncResolveConnect,endpoint=127.0.0.1:30300
info|2023-05-28 13:04:51.055931|[NETWORK][ASIO]asyncResolveConnect,endpoint=127.0.0.1:30301
info|2023-05-28 13:04:51.056066|[NETWORK][ASIO]asyncResolveConnect,endpoint=127.0.0.1:30302
info|2023-05-28 13:04:51.056175|[NETWORK][ASIO]asyncResolveConnect,endpoint=127.0.0.1:30303
info|2023-05-28 13:04:51.056385|[CHANNEL][ChannelServer::run],threadPoolSize=8
info|2023-05-28 13:04:51.056468|[CHANNEL]ChannelRPCServer started
info|2023-05-28 13:04:51.056482|[NETWORK][Host]P2P Recv Connect, From=127.0.0.1:56072
info|2023-05-28 13:04:51.056546|[INITIALIZER][RPCInitializer: ChannelRPCHttpServer started.],disableDynamicGroup=false,threadSize=8
info|2023-05-28 13:04:51.056568|[INITIALIZER][LedgerInitializer]initConfig
info|2023-05-28 13:04:51.056573|[NETWORK][Host]P2P StartAccept,Host=0.0.0.0:30301
error|2023-05-28 13:04:51.056641|[NETWORK][Host]TCP Connection refused by node,endpoint=127.0.0.1:30302,message=Connection refused
info|2023-05-28 13:04:51.056579|[LedgerInitializer],groupConfigPath=conf/
warning|2023-05-28 13:04:51.056735|[P2P][Service] onConnect,errorCode=5,nodeID=00000000...,nodeName=,endpoint=unknown,what=Connect failed
error|2023-05-28 13:04:51.056812|[NETWORK][Host]TCP Connection refused by node,endpoint=127.0.0.1:30303,message=Connection refused
warning|2023-05-28 13:04:51.056885|[P2P][Service] onConnect,errorCode=5,nodeID=00000000...,nodeName=,endpoint=unknown,what=Connect failed
info|2023-05-28 13:04:51.057084|[INITIALIZER][initSingleLedger] [GroupId], LedgerConstructor:  1,configFileName=conf/group.1.genesis,dataDir=data/
info|2023-05-28 13:04:51.057304|[g:1][LedgerParam][parseGenesisConfig]initConsensusConfig/initStorageConfig/initTxConfig,configFile=conf/group.1.genesis
info|2023-05-28 13:04:51.057336|[g:1][LedgerParam][initConsensusConfig],type=pbft,consensusTimeout=3,maxTxNum=1000,txGasLimit=300000000
info|2023-05-28 13:04:51.057363|[g:1][LedgerParam][parsePublicKeyListOfSection],sectionName=consensus,it.first=bbc5bfac274c036d71cf50892e87fb5e7781a05f4ac3bdd1b6c31b9b6f4ff2d748d9d3907bc06f111bd750b4cd14141564f3a90c404f8a88f5189227a3869016
info|2023-05-28 13:04:51.057445|[g:1][LedgerParam][parsePublicKeyListOfSection],sectionName=consensus,it.first=91a6062de58f2896dfb5e8a8df8897e524426008855a66b1e5fd4da89ce57c7c55bc9450af12dbd999da94ae9df34e8842d797464f09678e2e4b1352d499815b
info|2023-05-28 13:04:51.057529|[g:1][LedgerParam][parsePublicKeyListOfSection],sectionName=consensus,it.first=c309ad65daf962247d74dda65d286cdbe3df64e67cbe3707567d6dc6f6c927a4af3b1c6385d4e720abc9ce7b9ce2acc41d7296d7daf445e544b2b4fa28ff66be
info|2023-05-28 13:04:51.057604|[g:1][LedgerParam][parsePublicKeyListOfSection],sectionName=consensus,it.first=7380ded5ece4067c8b5468f5b8567f5f5b7c58b60c0b878f262418dc9cc5bb9adbdb4878ef61101fd464167a2160261153c1e5373cf0eb46540778a31de1c0c5
info|2023-05-28 13:04:51.057632|[g:1][LedgerParam][parsePublicKeyListOfSection],totalPubKeySize=4
info|2023-05-28 13:04:51.057717|[g:1][LedgerParam][max_block_range],maxBlockRange=0,maxBlockPerProcess=3
info|2023-05-28 13:04:51.057751|[g:1][LedgerParam][parseGenesisConfig],timestamp=1685249894000
info|2023-05-28 13:04:51.057776|[g:1][LedgerParam]setEVMFlags,enableFreeStorageVMSchedule=false,evmFlags=0
info|2023-05-28 13:04:51.057868|[g:1][LedgerParam]store evmFlag,evmFlag=0
info|2023-05-28 13:04:51.057892|[g:1][LedgerParam]store consensus time,consensusTimeout=3
info|2023-05-28 13:04:51.057899|[g:1][LedgerParam][initMark],genesisMark=1-7380ded5ece4067c8b5468f5b8567f5f5b7c58b60c0b878f262418dc9cc5bb9adbdb4878ef61101fd464167a2160261153c1e5373cf0eb46540778a31de1c0c5,91a6062de58f2896dfb5e8a8df8897e524426008855a66b1e5fd4da89ce57c7c55bc9450af12dbd999da94ae9df34e8842d797464f09678e2e4b1352d499815b,bbc5bfac274c036d71cf50892e87fb5e7781a05f4ac3bdd1b6c31b9b6f4ff2d748d9d3907bc06f111bd750b4cd14141564f3a90c404f8a88f5189227a3869016,c309ad65daf962247d74dda65d286cdbe3df64e67cbe3707567d6dc6f6c927a4af3b1c6385d4e720abc9ce7b9ce2acc41d7296d7daf445e544b2b4fa28ff66be,-pbft-storage-0-1000-300000000-3
info|2023-05-28 13:04:51.057907|[g:1][LedgerParam][initIniConfig]initTxPoolConfig/initSyncConfig/initTxExecuteConfig,configFile=conf/group.1.ini
info|2023-05-28 13:04:51.058258|[g:1][LedgerParam][initStorageConfig],stateType=storage,storageDB=rocksdb,storagePath=data//group1/block/RocksDB,baseDir=data//group1,dbtype=mysql,dbip=127.0.0.1,dbport=3306,dbcharset=utf8mb4,initconnections=15,maxconnections=50,scrollThreshold=2000
info|2023-05-28 13:04:51.058297|[g:1][LedgerParam][initTxPoolConfig],txPoolLimit=150000,memorySizeLimit(MB)=512,notifyWorkerNum=2,txsExpirationTime(ms)=600000
info|2023-05-28 13:04:51.058307|[g:1][LedgerParam][initSyncConfig],idleWaitMs=200
info|2023-05-28 13:04:51.058381|[g:1][LedgerParam][initSyncConfig],enableSendTxsByTree=true,enableSendBlockStatusByTree=true
info|2023-05-28 13:04:51.058415|[g:1][LedgerParam][initSyncConfig],gossipInterval=1000
info|2023-05-28 13:04:51.058487|[g:1][LedgerParam][initSyncConfig],enableSendBlockStatusByTree=true,gossipInterval=1000,gossipPeers=3,syncTreeWidth=3,maxQueueSizeForBlockSync=536870912,txsStatusGossipMaxPeers=5
info|2023-05-28 13:04:51.058530|[g:1][LedgerParam][InitTxExecuteConfig],enableParallel=true
info|2023-05-28 13:04:51.058616|[g:1][LedgerParam][initConsensusIniConfig],maxTTL=2,minBlockGenerationTime=500,enablDynamicBlockSize=true,blockSizeIncreaseRatio=0.5,enableTTLOptimize=true,enablePrepareWithTxsHash=true
error|2023-05-28 13:04:51.058655|[NETWORK][Host]Get ca basic failed
info|2023-05-28 13:04:51.058681|[g:1][LedgerParam][initRPBFTConsensusIniConfig],broadcastPrepareByTree=true,prepareStatusBroadcastPercent=33,maxRequestMissedTxsWaitTime=100,maxRequestPrepareWaitTime=100
info|2023-05-28 13:04:51.058693|[g:1][LedgerParam][initFlowControlConfig],maxQPS=9223372036854775807,outGoingBandwidth(Bytes)=9223372036854775807
info|2023-05-28 13:04:51.058699|[g:1][LedgerParam]parseSDKAllowList,sdkAllowList=[],enableSDKAllowListControl=false
info|2023-05-28 13:04:51.058828|[g:1][LEDGER][initLedger][DBInitializer]
info|2023-05-28 13:04:51.058861|[g:1][LEDGER]setSDKAllowList,groupId=1,sdkAllowListSize=0
info|2023-05-28 13:04:51.058868|[g:1][CHANNEL]registerSDKAllowListByGroupId,groupId=1,size=0
info|2023-05-28 13:04:51.058874|[g:1][CHANNEL]Disable group-level sdk permission control for sdk allowlist is empty
info|2023-05-28 13:04:51.058881|[g:1][DBINITIALIZER] [initStorageDB]
info|2023-05-28 13:04:51.058984|[g:1][DBINITIALIZER] [initRocksDBStorage]
info|2023-05-28 13:04:51.059615|[g:1][ROCKSDB]open rocksDB handler,path=data//group1/block/RocksDB
error|2023-05-28 13:04:51.064877|[NETWORK][Host]Get ca basic failed
error|2023-05-28 13:04:51.070849|[NETWORK][Host]Get ca basic failed
info|2023-05-28 13:04:51.075180|[NETWORK][Host]handshakeServer succ,remote endpoint=127.0.0.1:56072
info|2023-05-28 13:04:51.075287|[NETWORK][Host]startPeerSession, Remote=127.0.0.1:56072,local endpoint=127.0.0.1:30301,nodeID=91a6062d...
info|2023-05-28 13:04:51.075597|[NETWORK][Host]handshakeClient succ,local endpoint=127.0.0.1:56072
info|2023-05-28 13:04:51.075710|[NETWORK][Host]startPeerSession, Remote=127.0.0.1:30301,local endpoint=127.0.0.1:56072,nodeID=91a6062d...
info|2023-05-28 13:04:51.075939|[NETWORK][Host]handshakeClient succ,local endpoint=127.0.0.1:54410
info|2023-05-28 13:04:51.076076|[P2P][Service] Connection established,nodeID=bbc5bfac...,endpoint=127.0.0.1:30300
info|2023-05-28 13:04:51.076121|[NETWORK][Host]startPeerSession, Remote=127.0.0.1:30300,local endpoint=127.0.0.1:54410,nodeID=bbc5bfac...
info|2023-05-28 13:04:51.248955|[g:1][g:1][STORAGE][CachedStorage]Init flushStorage thread
info|2023-05-28 13:04:51.249102|[g:1][DBINITIALIZER] [init CachedStorage],maxCapacity=32,maxForwardBlock=10
info|2023-05-28 13:04:51.249124|[g:1][LEDGER][initLedger][initBlockChain]
info|2023-05-28 13:04:51.249497|[g:1][LEDGER]set enableHexBlock to be false,version=34144512
info|2023-05-28 13:04:51.249541|[g:1][BLOCKCHAIN][#checkAndBuildGenesisBlock],shouldBuild=true
warning|2023-05-28 13:04:51.249654|[g:1][BLOCKCHAIN][getBlock]Can't find block,number=0
info|2023-05-28 13:04:51.249855|[g:1][BLOCKCHAIN]init consensus timeout,consensus_timeout=3
info|2023-05-28 13:04:51.250891|[g:1][g:1][STORAGE][CachedStorage]commit: 5 num: 0
info|2023-05-28 13:04:51.251172|[g:1][g:1][STORAGE][CachedStorage]Submited block task: 0, current syncd block: 0
info|2023-05-28 13:04:51.251184|[g:1][g:1][STORAGE][CachedStorage]Start commit block: 0 to backend storage
info|2023-05-28 13:04:51.251218|[g:1][BLOCKCHAIN][#checkAndBuildGenesisBlock]Insert the 0th block
info|2023-05-28 13:04:51.251285|[g:1][LEDGER][initLedger]initBlockChain SUCC
info|2023-05-28 13:04:51.251531|[g:1][DBINITIALIZER] [createStateFactory],type=storage
info|2023-05-28 13:04:51.251555|[g:1][DBINITIALIZER] createStorageState SUCC
info|2023-05-28 13:04:51.251562|[g:1][DBINITIALIZER] [createStateFactory SUCC]
info|2023-05-28 13:04:51.251573|[g:1][DBINITIALIZER] createExecutiveContext...
info|2023-05-28 13:04:51.251606|[g:1][LEDGER]createGasMetric,vmFlagType=0
info|2023-05-28 13:04:51.251620|[g:1][LEDGER]createGasMetric
info|2023-05-28 13:04:51.251634|[g:1][DBINITIALIZER] create precompiledGasFactory and precompiledResultFactory
info|2023-05-28 13:04:51.251640|[g:1][DBINITIALIZER] createExecutiveContext SUCC
info|2023-05-28 13:04:51.251646|[g:1][DBINITIALIZER] [setSyncNumForCachedStorage],syncNum=0
info|2023-05-28 13:04:51.251655|[g:1][LEDGER][initNetworkBandWidthLimiter: outGoingBandwidthLimit has been disabled],groupId=1
info|2023-05-28 13:04:51.251662|[g:1][LEDGER][QPSLimit has been disabled],groupId=1
info|2023-05-28 13:04:51.251669|[g:1][LEDGER][initLedger][initBlockVerifier]
info|2023-05-28 13:04:51.251678|[g:1][LEDGER][initLedger][initBlockVerifier SUCC],evmFlags=0
info|2023-05-28 13:04:51.251685|[g:1][LEDGER][initLedger][initTxPool],txPoolLimit=150000
info|2023-05-28 13:04:51.252044|[g:1][LEDGER][initLedger]initTxPool SUCC
info|2023-05-28 13:04:51.252066|[g:1][LEDGER][initLedger][initSync],idleWaitMs=200,gossipInterval=1000,gossipPeers=3
info|2023-05-28 13:04:51.252077|[g:1][LEDGER]Init sync master,enableSendBlockStatusByTree=true,enableSendTxsByTree=true
info|2023-05-28 13:04:51.252973|[g:1][LEDGER][initLedger]initSync SUCC
info|2023-05-28 13:04:51.253002|[g:1][LEDGER][initLedger][consensusInitFactory]
info|2023-05-28 13:04:51.253011|[g:1][LEDGER][initLedger][createPBFTSealer]
info|2023-05-28 13:04:51.253016|[g:1][LEDGER][initLedger][createPBFTSealer],baseDir=data//group1,Protocol=65544
info|2023-05-28 13:04:51.253119|[g:1][LEDGER][initLedger]createPBFTSealer for PBFT or rPBFT,consensusType=pbft
info|2023-05-28 13:04:51.253139|[g:1][LEDGER]createConsensusEngine: create PBFTEngine
info|2023-05-28 13:04:51.253161|[g:1][CONSENSUS][PBFT]Register handler for PBFTEngine
info|2023-05-28 13:04:51.253909|[g:1][CONSENSUS][PBFT]setMinBlockGenerationTime,minBlockGenerationTime=500,consensusTime=1000
info|2023-05-28 13:04:51.253980|[g:1][LEDGER][initEventLogFilterManager]initEventLogFilterManager SUCC
info|2023-05-28 13:04:51.253994|[LedgerInitializer init group succ],groupID=1
info|2023-05-28 13:04:51.254322|[SafeHttpServer::StartListening]use default epoll
info|2023-05-28 13:04:51.254968|[INITIALIZER][RPCInitializer JsonrpcHttpServer started],jsonrpc_IP=127.0.0.1,jsonrpc_listen_port=8546,jsonrpc_thread_count=8,ipv6=false,disableDynamicGroup=false
info|2023-05-28 13:04:51.255000|[g:1][LEDGER]startAll...
info|2023-05-28 13:04:51.255522|[g:1][GossipBlockStatus]start GossipBlockStatus succ
info|2023-05-28 13:04:51.255568|[g:1][CONSENSUS][ConsensusEngine][Start ConsensusEngineBase]
info|2023-05-28 13:04:51.256355|[g:1][CONSENSUS][PBFT]^^^^^^^^Report,num=0,sealerIdx=0,hash=eeb77c15...,next=1,tx=0,nodeIdx=1
info|2023-05-28 13:04:51.256572|[g:1][ROCKSDB]open rocksDB handler,path=data//group1/pbftMsgBackup/RocksDB
info|2023-05-28 13:04:51.260141|[g:1][g:1][STORAGE][CachedStorage]
---------------------------------------------------------------------
Commit block: 0 to backend storage finished, current cached block: 0
Flush elapsed time: 0.0090s
---------------------------------------------------------------------

info|2023-05-28 13:04:51.448673|[NETWORK][Host]P2P Recv Connect, From=127.0.0.1:56078
info|2023-05-28 13:04:51.448969|[NETWORK][Host]P2P StartAccept,Host=0.0.0.0:30301
error|2023-05-28 13:04:51.457136|[NETWORK][Host]Get ca basic failed
info|2023-05-28 13:04:51.462032|[NETWORK][Host]handshakeServer succ,remote endpoint=127.0.0.1:56078
info|2023-05-28 13:04:51.462197|[NETWORK][Host]startPeerSession, Remote=127.0.0.1:56078,local endpoint=127.0.0.1:30301,nodeID=bbc5bfac...
info|2023-05-28 13:04:51.534981|[g:1][CONSENSUS][PBFT][PBFT init env successfully]
info|2023-05-28 13:04:51.535011|[g:1][CONSENSUS][PBFT][Start PBFTEngine...]
info|2023-05-28 13:04:51.535019|[g:1][CONSENSUS][SEALER][Start sealer module]
info|2023-05-28 13:04:51.535281|[g:1][CONSENSUS][PBFT]^^^^^^^^Report,num=0,sealerIdx=0,hash=eeb77c15...,next=1,tx=0,nodeIdx=1
info|2023-05-28 13:04:51.535688|[g:1][EVENT][EventLogFilterManager]start,m_maxBlockRange=0,m_maxBlockPerLoopFilter=3
info|2023-05-28 13:04:51.739559|[g:1][NodeTimeMaintenance]updateTimeInfo: update median time offset,updatedMedianTimeOffset=0,peer=bbc5bfac...,peerTime=1685250291739,peerOffset=0,utcTime=1685250291739
warning|2023-05-28 13:04:54.261366|[g:1][CONSENSUS][PBFT]ViewChangeWarning: not caused by omit empty block ,v=0,toV=1,curNum=0,hash=eeb77c15...,nodeIdx=1,myNode=91a6062d...
warning|2023-05-28 13:04:54.261426|[g:1][CONSENSUS][PBFT]Find disconnectedNode,disconnectedNodeSize=2,sessionSize=1,minValidNodes=3,connectedNodeList=127.0.0.1:30300, ,disconnectedNode=7380ded5..., c309ad65..., ,idx=1
info|2023-05-28 13:04:54.261517|[g:1][CONSENSUS][PBFT]checkTimeout Succ,view=0,toView=1,nodeIdx=1,changeCycle=1,myNode=91a6062d...,timecost=0
info|2023-05-28 13:04:58.640786|[NETWORK][Host]P2P Recv Connect, From=127.0.0.1:56090
info|2023-05-28 13:04:58.640846|[NETWORK][Host]P2P StartAccept,Host=0.0.0.0:30301
error|2023-05-28 13:04:58.660935|[NETWORK][Host]Get ca basic failed
info|2023-05-28 13:04:58.665387|[NETWORK][Host]handshakeServer succ,remote endpoint=127.0.0.1:56090
info|2023-05-28 13:04:58.665437|[NETWORK][Host]startPeerSession, Remote=127.0.0.1:56090,local endpoint=127.0.0.1:30301,nodeID=c309ad65...
info|2023-05-28 13:04:58.665569|[P2P][Service] Connection established,nodeID=c309ad65...,endpoint=127.0.0.1:56090
warning|2023-05-28 13:04:58.764156|[g:1][CONSENSUS][PBFT]ViewChangeWarning: not caused by omit empty block ,v=0,toV=2,curNum=0,hash=eeb77c15...,nodeIdx=1,myNode=91a6062d...
warning|2023-05-28 13:04:58.764205|[g:1][CONSENSUS][PBFT]Find disconnectedNode,disconnectedNodeSize=1,sessionSize=2,minValidNodes=3,connectedNodeList=127.0.0.1:56090, 127.0.0.1:30300, ,disconnectedNode=7380ded5..., ,idx=1
info|2023-05-28 13:04:58.764323|[g:1][CONSENSUS][PBFT]checkTimeout Succ,view=0,toView=2,nodeIdx=1,changeCycle=2,myNode=91a6062d...,timecost=1
info|2023-05-28 13:04:58.850941|[g:1][NodeTimeMaintenance]updateTimeInfo: update median time offset,updatedMedianTimeOffset=0,peer=c309ad65...,peerTime=1685250298850,peerOffset=0,utcTime=1685250298850
info|2023-05-28 13:05:01.055351|[NETWORK][Host]Connecting to node,endpoint=127.0.0.1:30302
info|2023-05-28 13:05:01.055524|[NETWORK][Host]Connecting to node,endpoint=127.0.0.1:30303
info|2023-05-28 13:05:01.055671|[P2P][Service] heartBeat,connected count=2
info|2023-05-28 13:05:01.055901|[NETWORK][ASIO]asyncResolveConnect,endpoint=127.0.0.1:30302
info|2023-05-28 13:05:01.056007|[NETWORK][ASIO]asyncResolveConnect,endpoint=127.0.0.1:30303
error|2023-05-28 13:05:01.056180|[NETWORK][Host]TCP Connection refused by node,endpoint=127.0.0.1:30303,message=Connection refused
warning|2023-05-28 13:05:01.056307|[P2P][Service] onConnect,errorCode=5,nodeID=00000000...,nodeName=,endpoint=unknown,what=Connect failed
error|2023-05-28 13:05:01.057713|[NETWORK][Host]Get ca basic failed
info|2023-05-28 13:05:01.067623|[NETWORK][Host]handshakeClient succ,local endpoint=127.0.0.1:51812
info|2023-05-28 13:05:01.067675|[NETWORK][Host]startPeerSession, Remote=127.0.0.1:30302,local endpoint=127.0.0.1:51812,nodeID=c309ad65...
warning|2023-05-28 13:05:05.518546|[g:1][CONSENSUS][PBFT]ViewChangeWarning: not caused by omit empty block ,v=0,toV=3,curNum=0,hash=eeb77c15...,nodeIdx=1,myNode=91a6062d...
warning|2023-05-28 13:05:05.518746|[g:1][CONSENSUS][PBFT]Find disconnectedNode,disconnectedNodeSize=1,sessionSize=2,minValidNodes=3,connectedNodeList=127.0.0.1:56090, 127.0.0.1:30300, ,disconnectedNode=7380ded5..., ,idx=1
info|2023-05-28 13:05:05.518926|[g:1][CONSENSUS][PBFT]checkTimeout Succ,view=0,toView=3,nodeIdx=1,changeCycle=3,myNode=91a6062d...,timecost=1
info|2023-05-28 13:05:08.379056|[NETWORK][Host]P2P Recv Connect, From=127.0.0.1:56110
info|2023-05-28 13:05:08.379125|[NETWORK][Host]P2P StartAccept,Host=0.0.0.0:30301
error|2023-05-28 13:05:08.395194|[NETWORK][Host]Get ca basic failed
info|2023-05-28 13:05:08.398353|[NETWORK][Host]handshakeServer succ,remote endpoint=127.0.0.1:56110
info|2023-05-28 13:05:08.398443|[P2P][Service] Connection established,nodeID=7380ded5...,endpoint=127.0.0.1:56110
info|2023-05-28 13:05:08.398466|[NETWORK][Host]startPeerSession, Remote=127.0.0.1:56110,local endpoint=127.0.0.1:30301,nodeID=7380ded5...
info|2023-05-28 13:05:08.544896|[g:1][NodeTimeMaintenance]updateTimeInfo: update median time offset,updatedMedianTimeOffset=0,peer=7380ded5...,peerTime=1685250308544,peerOffset=0,utcTime=1685250308544
info|2023-05-28 13:05:09.570303|[g:1][CONSENSUS][PBFT]catchupView,toView=3,INFO=,reqNum=0,curNum=0,GenIdx=0,Cview=1,view=0,fromIdx=0,fromNode=7380ded5...,fromIp=127.0.0.1:56110,hash=eeb77c15...,nodeIdx=1,myNode=91a6062d...
info|2023-05-28 13:05:09.570590|[g:1][CONSENSUS][PBFT]sendViewChangeMsg: send viewchange to started node,v=0,toV=3,curNum=0,peerNode=7380ded5...,hash=eeb77c15...,nodeIdx=1,myNode=91a6062d...
info|2023-05-28 13:05:09.571349|[g:1][CONSENSUS][PBFT]checkAndChangeView: Reach consensus,org_view=0,cur_changeCycle=3,curView=0,view=1
info|2023-05-28 13:05:09.572494|[g:1][CONSENSUS][PBFT]checkAndChangeView: Reach consensus,org_view=1,cur_changeCycle=3,curView=1,view=3
info|2023-05-28 13:05:10.576836|[g:1][CONSENSUS]addRawPrepare,height=1,reqIdx=3,hash=47b3f2b2...,time=0
info|2023-05-28 13:05:10.577959|[g:1][CONSENSUS][PBFT]checkTimeout Succ,view=3,toView=4,nodeIdx=1,changeCycle=1,myNode=91a6062d...,timecost=1
info|2023-05-28 13:05:10.579194|[g:1][CONSENSUS][PBFT]checkAndChangeView: Reach consensus,org_view=3,cur_changeCycle=1,curView=3,view=4
info|2023-05-28 13:05:11.055765|[NETWORK][Host]Connecting to node,endpoint=127.0.0.1:30303
info|2023-05-28 13:05:11.055898|[P2P][Service] heartBeat,connected count=3
info|2023-05-28 13:05:11.056299|[NETWORK][ASIO]asyncResolveConnect,endpoint=127.0.0.1:30303
error|2023-05-28 13:05:11.058389|[NETWORK][Host]Get ca basic failed
info|2023-05-28 13:05:11.068156|[NETWORK][Host]handshakeClient succ,local endpoint=127.0.0.1:36416
info|2023-05-28 13:05:11.068245|[NETWORK][Host]startPeerSession, Remote=127.0.0.1:30303,local endpoint=127.0.0.1:36416,nodeID=7380ded5...
info|2023-05-28 13:05:11.581407|[g:1][CONSENSUS]addRawPrepare,height=1,reqIdx=0,hash=035dafb7...,time=0
info|2023-05-28 13:05:11.582094|[g:1][CONSENSUS][PBFT]checkTimeout Succ,view=4,toView=5,nodeIdx=1,changeCycle=1,myNode=91a6062d...,timecost=1
info|2023-05-28 13:05:11.583429|[g:1][CONSENSUS][PBFT]checkAndChangeView: Reach consensus,org_view=4,cur_changeCycle=1,curView=4,view=5
info|2023-05-28 13:05:12.583672|[g:1][CONSENSUS][SEALER]++++++++++++++++ Generating seal on,blkNum=1,tx=0,nodeIdx=1,hash=d05f8722...
info|2023-05-28 13:05:12.587882|[g:1][CONSENSUS][PBFT]checkTimeout Succ,view=5,toView=6,nodeIdx=1,changeCycle=1,myNode=91a6062d...,timecost=0
info|2023-05-28 13:05:12.589281|[g:1][CONSENSUS][PBFT]checkAndChangeView: Reach consensus,org_view=5,cur_changeCycle=1,curView=5,view=6
info|2023-05-28 13:05:13.594058|[g:1][CONSENSUS]addRawPrepare,height=1,reqIdx=2,hash=fd89a0cc...,time=0
info|2023-05-28 13:05:13.594427|[g:1][CONSENSUS][PBFT]checkTimeout Succ,view=6,toView=7,nodeIdx=1,changeCycle=1,myNode=91a6062d...,timecost=0
info|2023-05-28 13:05:13.594852|[g:1][CONSENSUS][PBFT]checkAndChangeView: Reach consensus,org_view=6,cur_changeCycle=1,curView=6,view=7
info|2023-05-28 13:05:14.598854|[g:1][CONSENSUS]addRawPrepare,height=1,reqIdx=3,hash=4c37da4a...,time=0
info|2023-05-28 13:05:14.599442|[g:1][CONSENSUS][PBFT]checkTimeout Succ,view=7,toView=8,nodeIdx=1,changeCycle=1,myNode=91a6062d...,timecost=1
info|2023-05-28 13:05:14.602467|[g:1][CONSENSUS][PBFT]checkAndChangeView: Reach consensus,org_view=7,cur_changeCycle=1,curView=7,view=8
info|2023-05-28 13:05:15.605505|[g:1][CONSENSUS]addRawPrepare,height=1,reqIdx=0,hash=43572c23...,time=0
info|2023-05-28 13:05:15.606034|[g:1][CONSENSUS][PBFT]checkTimeout Succ,view=8,toView=9,nodeIdx=1,changeCycle=1,myNode=91a6062d...,timecost=1
info|2023-05-28 13:05:15.612805|[g:1][CONSENSUS][PBFT]checkAndChangeView: Reach consensus,org_view=8,cur_changeCycle=1,curView=8,view=9
info|2023-05-28 13:05:16.613279|[g:1][CONSENSUS][SEALER]++++++++++++++++ Generating seal on,blkNum=1,tx=0,nodeIdx=1,hash=49b65f66...
info|2023-05-28 13:05:16.615086|[g:1][CONSENSUS][PBFT]checkTimeout Succ,view=9,toView=10,nodeIdx=1,changeCycle=1,myNode=91a6062d...,timecost=1
info|2023-05-28 13:05:16.618843|[g:1][CONSENSUS][PBFT]checkAndChangeView: Reach consensus,org_view=9,cur_changeCycle=1,curView=9,view=10
info|2023-05-28 13:05:17.618823|[g:1][CONSENSUS]addRawPrepare,height=1,reqIdx=2,hash=e6f8700f...,time=0
info|2023-05-28 13:05:17.620321|[g:1][CONSENSUS][PBFT]checkTimeout Succ,view=10,toView=11,nodeIdx=1,changeCycle=1,myNode=91a6062d...,timecost=2
info|2023-05-28 13:05:17.621931|[g:1][CONSENSUS][PBFT]checkAndChangeView: Reach consensus,org_view=10,cur_changeCycle=1,curView=10,view=11
info|2023-05-28 13:05:18.629400|[g:1][CONSENSUS]addRawPrepare,height=1,reqIdx=3,hash=95600ccd...,time=0
info|2023-05-28 13:05:18.629998|[g:1][CONSENSUS][PBFT]checkTimeout Succ,view=11,toView=12,nodeIdx=1,changeCycle=1,myNode=91a6062d...,timecost=1
info|2023-05-28 13:05:18.631267|[g:1][CONSENSUS][PBFT]checkAndChangeView: Reach consensus,org_view=11,cur_changeCycle=1,curView=11,view=12
info|2023-05-28 13:05:19.631601|[g:1][CONSENSUS]addRawPrepare,height=1,reqIdx=0,hash=d9a9dbff...,time=0
info|2023-05-28 13:05:19.632280|[g:1][CONSENSUS][PBFT]checkTimeout Succ,view=12,toView=13,nodeIdx=1,changeCycle=1,myNode=91a6062d...,timecost=1
info|2023-05-28 13:05:19.633856|[g:1][CONSENSUS][PBFT]checkAndChangeView: Reach consensus,org_view=12,cur_changeCycle=1,curView=12,view=13
info|2023-05-28 13:05:20.633532|[g:1][CONSENSUS][SEALER]++++++++++++++++ Generating seal on,blkNum=1,tx=0,nodeIdx=1,hash=bccda5f2...
info|2023-05-28 13:05:20.635407|[g:1][CONSENSUS][PBFT]checkTimeout Succ,view=13,toView=14,nodeIdx=1,changeCycle=1,myNode=91a6062d...,timecost=1
info|2023-05-28 13:05:20.639912|[g:1][CONSENSUS][PBFT]checkAndChangeView: Reach consensus,org_view=13,cur_changeCycle=1,curView=13,view=14
info|2023-05-28 13:05:21.056015|[P2P][Service] heartBeat,connected count=3
info|2023-05-28 13:05:21.640626|[g:1][CONSENSUS]addRawPrepare,height=1,reqIdx=2,hash=f92ff2f7...,time=0
info|2023-05-28 13:05:21.641066|[g:1][CONSENSUS][PBFT]checkTimeout Succ,view=14,toView=15,nodeIdx=1,changeCycle=1,myNode=91a6062d...,timecost=1
info|2023-05-28 13:05:21.642908|[g:1][CONSENSUS][PBFT]checkAndChangeView: Reach consensus,org_view=14,cur_changeCycle=1,curView=14,view=15
info|2023-05-28 13:05:22.649389|[g:1][CONSENSUS]addRawPrepare,height=1,reqIdx=3,hash=5aa75fe1...,time=0
info|2023-05-28 13:05:22.650267|[g:1][CONSENSUS][PBFT]checkTimeout Succ,view=15,toView=16,nodeIdx=1,changeCycle=1,myNode=91a6062d...,timecost=1
info|2023-05-28 13:05:22.651050|[g:1][CONSENSUS][PBFT]checkAndChangeView: Reach consensus,org_view=15,cur_changeCycle=1,curView=15,view=16
info|2023-05-28 13:05:23.656383|[g:1][CONSENSUS]addRawPrepare,height=1,reqIdx=0,hash=211a6233...,time=0
info|2023-05-28 13:05:23.657256|[g:1][CONSENSUS][PBFT]checkTimeout Succ,view=16,toView=17,nodeIdx=1,changeCycle=1,myNode=91a6062d...,timecost=1
info|2023-05-28 13:05:23.658824|[g:1][CONSENSUS][PBFT]checkAndChangeView: Reach consensus,org_view=16,cur_changeCycle=1,curView=16,view=17
info|2023-05-28 13:05:24.658964|[g:1][CONSENSUS][SEALER]++++++++++++++++ Generating seal on,blkNum=1,tx=0,nodeIdx=1,hash=4d1ab218...
info|2023-05-28 13:05:24.660739|[g:1][CONSENSUS][PBFT]checkTimeout Succ,view=17,toView=18,nodeIdx=1,changeCycle=1,myNode=91a6062d...,timecost=1
info|2023-05-28 13:05:24.664361|[g:1][CONSENSUS][PBFT]checkAndChangeView: Reach consensus,org_view=17,cur_changeCycle=1,curView=17,view=18
info|2023-05-28 13:05:25.667509|[g:1][CONSENSUS]addRawPrepare,height=1,reqIdx=2,hash=4a568392...,time=0
info|2023-05-28 13:05:25.668057|[g:1][CONSENSUS][PBFT]checkTimeout Succ,view=18,toView=19,nodeIdx=1,changeCycle=1,myNode=91a6062d...,timecost=1
info|2023-05-28 13:05:25.669395|[g:1][CONSENSUS][PBFT]checkAndChangeView: Reach consensus,org_view=18,cur_changeCycle=1,curView=18,view=19
info|2023-05-28 13:05:26.671794|[g:1][CONSENSUS]addRawPrepare,height=1,reqIdx=3,hash=00e253ca...,time=0
info|2023-05-28 13:05:26.672218|[g:1][CONSENSUS][PBFT]checkTimeout Succ,view=19,toView=20,nodeIdx=1,changeCycle=1,myNode=91a6062d...,timecost=1
info|2023-05-28 13:05:26.674709|[g:1][CONSENSUS][PBFT]checkAndChangeView: Reach consensus,org_view=19,cur_changeCycle=1,curView=19,view=20
info|2023-05-28 13:05:27.677804|[g:1][CONSENSUS]addRawPrepare,height=1,reqIdx=0,hash=bcefcaf0...,time=0
info|2023-05-28 13:05:27.678575|[g:1][CONSENSUS][PBFT]checkTimeout Succ,view=20,toView=21,nodeIdx=1,changeCycle=1,myNode=91a6062d...,timecost=0
info|2023-05-28 13:05:27.680107|[g:1][CONSENSUS][PBFT]checkAndChangeView: Reach consensus,org_view=20,cur_changeCycle=1,curView=20,view=21
info|2023-05-28 13:05:28.680256|[g:1][CONSENSUS][SEALER]++++++++++++++++ Generating seal on,blkNum=1,tx=0,nodeIdx=1,hash=10bb635c...
info|2023-05-28 13:05:28.681474|[g:1][CONSENSUS][PBFT]checkTimeout Succ,view=21,toView=22,nodeIdx=1,changeCycle=1,myNode=91a6062d...,timecost=0
info|2023-05-28 13:05:28.685633|[g:1][CONSENSUS][PBFT]checkAndChangeView: Reach consensus,org_view=21,cur_changeCycle=1,curView=21,view=22
info|2023-05-28 13:05:29.689734|[g:1][CONSENSUS]addRawPrepare,height=1,reqIdx=2,hash=aff4c7e4...,time=0
info|2023-05-28 13:05:29.690165|[g:1][CONSENSUS][PBFT]checkTimeout Succ,view=22,toView=23,nodeIdx=1,changeCycle=1,myNode=91a6062d...,timecost=1
info|2023-05-28 13:05:29.692114|[g:1][CONSENSUS][PBFT]checkAndChangeView: Reach consensus,org_view=22,cur_changeCycle=1,curView=22,view=23
info|2023-05-28 13:05:30.695829|[g:1][CONSENSUS]addRawPrepare,height=1,reqIdx=3,hash=de6f934c...,time=0
info|2023-05-28 13:05:30.697112|[g:1][CONSENSUS][PBFT]checkTimeout Succ,view=23,toView=24,nodeIdx=1,changeCycle=1,myNode=91a6062d...,timecost=1
info|2023-05-28 13:05:30.699592|[g:1][CONSENSUS][PBFT]checkAndChangeView: Reach consensus,org_view=23,cur_changeCycle=1,curView=23,view=24
info|2023-05-28 13:05:31.056145|[P2P][Service] heartBeat,connected count=3
info|2023-05-28 13:05:31.702741|[g:1][CONSENSUS]addRawPrepare,height=1,reqIdx=0,hash=a3fc3fd8...,time=0
info|2023-05-28 13:05:31.703390|[g:1][CONSENSUS][PBFT]checkTimeout Succ,view=24,toView=25,nodeIdx=1,changeCycle=1,myNode=91a6062d...,timecost=1
info|2023-05-28 13:05:31.706370|[g:1][CONSENSUS][PBFT]checkAndChangeView: Reach consensus,org_view=24,cur_changeCycle=1,curView=24,view=25
info|2023-05-28 13:05:32.708399|[g:1][CONSENSUS][SEALER]++++++++++++++++ Generating seal on,blkNum=1,tx=0,nodeIdx=1,hash=2c37d3e9...
info|2023-05-28 13:05:32.712432|[g:1][CONSENSUS][PBFT]checkTimeout Succ,view=25,toView=26,nodeIdx=1,changeCycle=1,myNode=91a6062d...,timecost=0
info|2023-05-28 13:05:32.712919|[g:1][CONSENSUS][PBFT]checkAndChangeView: Reach consensus,org_view=25,cur_changeCycle=1,curView=25,view=26
info|2023-05-28 13:05:33.715235|[g:1][CONSENSUS]addRawPrepare,height=1,reqIdx=2,hash=19e675a3...,time=0
info|2023-05-28 13:05:33.715642|[g:1][CONSENSUS][PBFT]checkTimeout Succ,view=26,toView=27,nodeIdx=1,changeCycle=1,myNode=91a6062d...,timecost=0
info|2023-05-28 13:05:33.718514|[g:1][CONSENSUS][PBFT]checkAndChangeView: Reach consensus,org_view=26,cur_changeCycle=1,curView=26,view=27
info|2023-05-28 13:05:34.721793|[g:1][CONSENSUS]addRawPrepare,height=1,reqIdx=3,hash=ed88582e...,time=0
info|2023-05-28 13:05:34.722161|[g:1][CONSENSUS][PBFT]checkTimeout Succ,view=27,toView=28,nodeIdx=1,changeCycle=1,myNode=91a6062d...,timecost=1
info|2023-05-28 13:05:34.724970|[g:1][CONSENSUS][PBFT]checkAndChangeView: Reach consensus,org_view=27,cur_changeCycle=1,curView=27,view=28
info|2023-05-28 13:05:35.726306|[g:1][CONSENSUS]addRawPrepare,height=1,reqIdx=0,hash=103d2220...,time=0
info|2023-05-28 13:05:35.726736|[g:1][CONSENSUS][PBFT]checkTimeout Succ,view=28,toView=29,nodeIdx=1,changeCycle=1,myNode=91a6062d...,timecost=0
info|2023-05-28 13:05:35.730631|[g:1][CONSENSUS][PBFT]checkAndChangeView: Reach consensus,org_view=28,cur_changeCycle=1,curView=28,view=29
info|2023-05-28 13:05:36.730805|[g:1][CONSENSUS][SEALER]++++++++++++++++ Generating seal on,blkNum=1,tx=0,nodeIdx=1,hash=37bdb346...
info|2023-05-28 13:05:36.732408|[g:1][CONSENSUS][PBFT]checkTimeout Succ,view=29,toView=30,nodeIdx=1,changeCycle=1,myNode=91a6062d...,timecost=1
info|2023-05-28 13:05:36.737293|[g:1][CONSENSUS][PBFT]checkAndChangeView: Reach consensus,org_view=29,cur_changeCycle=1,curView=29,view=30
info|2023-05-28 13:05:37.738816|[g:1][CONSENSUS]addRawPrepare,height=1,reqIdx=2,hash=c8cf7eed...,time=0
info|2023-05-28 13:05:37.740329|[g:1][CONSENSUS][PBFT]checkTimeout Succ,view=30,toView=31,nodeIdx=1,changeCycle=1,myNode=91a6062d...,timecost=1
info|2023-05-28 13:05:37.742024|[g:1][CONSENSUS][PBFT]checkAndChangeView: Reach consensus,org_view=30,cur_changeCycle=1,curView=30,view=31
info|2023-05-28 13:05:38.745278|[g:1][CONSENSUS]addRawPrepare,height=1,reqIdx=3,hash=07341cd3...,time=0
info|2023-05-28 13:05:38.745771|[g:1][CONSENSUS][PBFT]checkTimeout Succ,view=31,toView=32,nodeIdx=1,changeCycle=1,myNode=91a6062d...,timecost=0
info|2023-05-28 13:05:38.747242|[g:1][CONSENSUS][PBFT]checkAndChangeView: Reach consensus,org_view=31,cur_changeCycle=1,curView=31,view=32
info|2023-05-28 13:05:39.747836|[g:1][CONSENSUS]addRawPrepare,height=1,reqIdx=0,hash=1af82ae8...,time=0
info|2023-05-28 13:05:39.749449|[g:1][CONSENSUS][PBFT]checkTimeout Succ,view=32,toView=33,nodeIdx=1,changeCycle=1,myNode=91a6062d...,timecost=1
info|2023-05-28 13:05:39.751512|[g:1][CONSENSUS][PBFT]checkAndChangeView: Reach consensus,org_view=32,cur_changeCycle=1,curView=32,view=33
info|2023-05-28 13:05:40.752144|[g:1][CONSENSUS][SEALER]++++++++++++++++ Generating seal on,blkNum=1,tx=0,nodeIdx=1,hash=ffac22b8...
info|2023-05-28 13:05:40.753268|[g:1][CONSENSUS][PBFT]checkTimeout Succ,view=33,toView=34,nodeIdx=1,changeCycle=1,myNode=91a6062d...,timecost=1
info|2023-05-28 13:05:40.756526|[g:1][CONSENSUS][PBFT]checkAndChangeView: Reach consensus,org_view=33,cur_changeCycle=1,curView=33,view=34
info|2023-05-28 13:05:41.056337|[P2P][Service] heartBeat,connected count=3
info|2023-05-28 13:05:41.759349|[g:1][CONSENSUS]addRawPrepare,height=1,reqIdx=2,hash=e724971e...,time=0
info|2023-05-28 13:05:41.760251|[g:1][CONSENSUS][PBFT]checkTimeout Succ,view=34,toView=35,nodeIdx=1,changeCycle=1,myNode=91a6062d...,timecost=1
info|2023-05-28 13:05:41.762240|[g:1][CONSENSUS][PBFT]checkAndChangeView: Reach consensus,org_view=34,cur_changeCycle=1,curView=34,view=35
info|2023-05-28 13:05:42.763868|[g:1][CONSENSUS]addRawPrepare,height=1,reqIdx=3,hash=981894e9...,time=0
info|2023-05-28 13:05:42.764800|[g:1][CONSENSUS][PBFT]checkTimeout Succ,view=35,toView=36,nodeIdx=1,changeCycle=1,myNode=91a6062d...,timecost=0
info|2023-05-28 13:05:42.766517|[g:1][CONSENSUS][PBFT]checkAndChangeView: Reach consensus,org_view=35,cur_changeCycle=1,curView=35,view=36
info|2023-05-28 13:05:43.769287|[g:1][CONSENSUS]addRawPrepare,height=1,reqIdx=0,hash=4559f421...,time=0
info|2023-05-28 13:05:43.769877|[g:1][CONSENSUS][PBFT]checkTimeout Succ,view=36,toView=37,nodeIdx=1,changeCycle=1,myNode=91a6062d...,timecost=0
info|2023-05-28 13:05:43.771401|[g:1][CONSENSUS][PBFT]checkAndChangeView: Reach consensus,org_view=36,cur_changeCycle=1,curView=36,view=37
info|2023-05-28 13:05:44.772030|[g:1][CONSENSUS][SEALER]++++++++++++++++ Generating seal on,blkNum=1,tx=0,nodeIdx=1,hash=d465e7af...
info|2023-05-28 13:05:44.776255|[g:1][CONSENSUS][PBFT]checkTimeout Succ,view=37,toView=38,nodeIdx=1,changeCycle=1,myNode=91a6062d...,timecost=1
info|2023-05-28 13:05:44.777135|[g:1][CONSENSUS][PBFT]checkAndChangeView: Reach consensus,org_view=37,cur_changeCycle=1,curView=37,view=38
info|2023-05-28 13:05:45.798893|[g:1][CONSENSUS][PBFT]Trigger fast-viewchange,view=38,toView=38,minView=39,INFO=,reqNum=0,curNum=0,GenIdx=2,Cview=39,view=38,fromIdx=2,fromNode=bbc5bfac...,fromIp=127.0.0.1:30300,hash=eeb77c15...,nodeIdx=1,myNode=91a6062d...
info|2023-05-28 13:05:45.799782|[g:1][CONSENSUS][PBFT]checkAndChangeView: Reach consensus,org_view=38,cur_changeCycle=2,curView=38,view=39
info|2023-05-28 13:05:45.799826|[g:1][CONSENSUS][PBFT]checkTimeout Succ,view=39,toView=39,nodeIdx=1,changeCycle=2,myNode=91a6062d...,timecost=1
info|2023-05-28 13:05:46.803295|[g:1][CONSENSUS]addRawPrepare,height=1,reqIdx=3,hash=773dbd14...,time=0
info|2023-05-28 13:05:46.804007|[g:1][CONSENSUS][PBFT]checkTimeout Succ,view=39,toView=40,nodeIdx=1,changeCycle=1,myNode=91a6062d...,timecost=1
info|2023-05-28 13:05:46.805739|[g:1][CONSENSUS][PBFT]checkAndChangeView: Reach consensus,org_view=39,cur_changeCycle=1,curView=39,view=40
info|2023-05-28 13:05:47.808073|[g:1][CONSENSUS]addRawPrepare,height=1,reqIdx=0,hash=1aa5e3cc...,time=0
info|2023-05-28 13:05:47.808698|[g:1][CONSENSUS][PBFT]checkTimeout Succ,view=40,toView=41,nodeIdx=1,changeCycle=1,myNode=91a6062d...,timecost=0
info|2023-05-28 13:05:47.811359|[g:1][CONSENSUS][PBFT]checkAndChangeView: Reach consensus,org_view=40,cur_changeCycle=1,curView=40,view=41
info|2023-05-28 13:05:48.811570|[g:1][CONSENSUS][SEALER]++++++++++++++++ Generating seal on,blkNum=1,tx=0,nodeIdx=1,hash=63c6e263...
info|2023-05-28 13:05:48.812675|[g:1][CONSENSUS][PBFT]checkTimeout Succ,view=41,toView=42,nodeIdx=1,changeCycle=1,myNode=91a6062d...,timecost=0
info|2023-05-28 13:05:48.814816|[g:1][CONSENSUS][PBFT]checkAndChangeView: Reach consensus,org_view=41,cur_changeCycle=1,curView=41,view=42
info|2023-05-28 13:05:49.819179|[g:1][CONSENSUS]addRawPrepare,height=1,reqIdx=2,hash=6bb897a4...,time=0
info|2023-05-28 13:05:49.822299|[g:1][CONSENSUS][PBFT]checkTimeout Succ,view=42,toView=43,nodeIdx=1,changeCycle=1,myNode=91a6062d...,timecost=3
info|2023-05-28 13:05:49.824122|[g:1][CONSENSUS][PBFT]checkAndChangeView: Reach consensus,org_view=42,cur_changeCycle=1,curView=42,view=43
info|2023-05-28 13:05:50.826952|[g:1][CONSENSUS]addRawPrepare,height=1,reqIdx=3,hash=475ac2be...,time=0
info|2023-05-28 13:05:50.827766|[g:1][CONSENSUS][PBFT]checkTimeout Succ,view=43,toView=44,nodeIdx=1,changeCycle=1,myNode=91a6062d...,timecost=0
info|2023-05-28 13:05:50.828897|[g:1][CONSENSUS][PBFT]checkAndChangeView: Reach consensus,org_view=43,cur_changeCycle=1,curView=43,view=44
info|2023-05-28 13:05:51.056548|[P2P][Service] heartBeat,connected count=3
info|2023-05-28 13:05:51.831017|[g:1][CONSENSUS]addRawPrepare,height=1,reqIdx=0,hash=11506163...,time=1
info|2023-05-28 13:05:51.831510|[g:1][CONSENSUS][PBFT]checkTimeout Succ,view=44,toView=45,nodeIdx=1,changeCycle=1,myNode=91a6062d...,timecost=0
info|2023-05-28 13:05:51.833537|[g:1][CONSENSUS][PBFT]checkAndChangeView: Reach consensus,org_view=44,cur_changeCycle=1,curView=44,view=45
info|2023-05-28 13:05:52.833815|[g:1][CONSENSUS][SEALER]++++++++++++++++ Generating seal on,blkNum=1,tx=0,nodeIdx=1,hash=85688e9e...
info|2023-05-28 13:05:52.834916|[g:1][CONSENSUS][PBFT]checkTimeout Succ,view=45,toView=46,nodeIdx=1,changeCycle=1,myNode=91a6062d...,timecost=0
info|2023-05-28 13:05:52.839648|[g:1][CONSENSUS][PBFT]checkAndChangeView: Reach consensus,org_view=45,cur_changeCycle=1,curView=45,view=46
info|2023-05-28 13:05:53.841984|[g:1][CONSENSUS]addRawPrepare,height=1,reqIdx=2,hash=69ea4c4b...,time=0
info|2023-05-28 13:05:53.842964|[g:1][CONSENSUS][PBFT]checkTimeout Succ,view=46,toView=47,nodeIdx=1,changeCycle=1,myNode=91a6062d...,timecost=0
info|2023-05-28 13:05:53.844896|[g:1][CONSENSUS][PBFT]checkAndChangeView: Reach consensus,org_view=46,cur_changeCycle=1,curView=46,view=47
info|2023-05-28 13:05:54.847594|[g:1][CONSENSUS]addRawPrepare,height=1,reqIdx=3,hash=423e7600...,time=0
info|2023-05-28 13:05:54.848372|[g:1][CONSENSUS][PBFT]checkTimeout Succ,view=47,toView=48,nodeIdx=1,changeCycle=1,myNode=91a6062d...,timecost=1
info|2023-05-28 13:05:54.850289|[g:1][CONSENSUS][PBFT]checkAndChangeView: Reach consensus,org_view=47,cur_changeCycle=1,curView=47,view=48
info|2023-05-28 13:05:55.854190|[g:1][CONSENSUS]addRawPrepare,height=1,reqIdx=0,hash=9b54807b...,time=0
info|2023-05-28 13:05:55.854881|[g:1][CONSENSUS][PBFT]checkTimeout Succ,view=48,toView=49,nodeIdx=1,changeCycle=1,myNode=91a6062d...,timecost=0
info|2023-05-28 13:05:55.857003|[g:1][CONSENSUS][PBFT]checkAndChangeView: Reach consensus,org_view=48,cur_changeCycle=1,curView=48,view=49
info|2023-05-28 13:05:56.857352|[g:1][CONSENSUS][SEALER]++++++++++++++++ Generating seal on,blkNum=1,tx=0,nodeIdx=1,hash=78021885...
info|2023-05-28 13:05:56.860882|[g:1][CONSENSUS][PBFT]checkTimeout Succ,view=49,toView=50,nodeIdx=1,changeCycle=1,myNode=91a6062d...,timecost=0
info|2023-05-28 13:05:56.862631|[g:1][CONSENSUS][PBFT]checkAndChangeView: Reach consensus,org_view=49,cur_changeCycle=1,curView=49,view=50
info|2023-05-28 13:05:57.868484|[g:1][CONSENSUS]addRawPrepare,height=1,reqIdx=2,hash=a6f638ce...,time=0
info|2023-05-28 13:05:57.869272|[g:1][CONSENSUS][PBFT]checkTimeout Succ,view=50,toView=51,nodeIdx=1,changeCycle=1,myNode=91a6062d...,timecost=1
info|2023-05-28 13:05:57.870117|[g:1][CONSENSUS][PBFT]checkAndChangeView: Reach consensus,org_view=50,cur_changeCycle=1,curView=50,view=51
info|2023-05-28 13:05:58.873110|[g:1][CONSENSUS]addRawPrepare,height=1,reqIdx=3,hash=9753f13c...,time=0
info|2023-05-28 13:05:58.874417|[g:1][CONSENSUS][PBFT]checkTimeout Succ,view=51,toView=52,nodeIdx=1,changeCycle=1,myNode=91a6062d...,timecost=1
info|2023-05-28 13:05:58.876224|[g:1][CONSENSUS][PBFT]checkAndChangeView: Reach consensus,org_view=51,cur_changeCycle=1,curView=51,view=52
info|2023-05-28 13:05:59.876831|[g:1][CONSENSUS]addRawPrepare,height=1,reqIdx=0,hash=43535c7f...,time=0
info|2023-05-28 13:05:59.877377|[g:1][CONSENSUS][PBFT]checkTimeout Succ,view=52,toView=53,nodeIdx=1,changeCycle=1,myNode=91a6062d...,timecost=0
info|2023-05-28 13:05:59.878884|[g:1][CONSENSUS][PBFT]checkAndChangeView: Reach consensus,org_view=52,cur_changeCycle=1,curView=52,view=53
info|2023-05-28 13:06:00.878608|[g:1][CONSENSUS][SEALER]++++++++++++++++ Generating seal on,blkNum=1,tx=0,nodeIdx=1,hash=0591c632...
info|2023-05-28 13:06:00.881988|[g:1][CONSENSUS][PBFT]checkTimeout Succ,view=53,toView=54,nodeIdx=1,changeCycle=1,myNode=91a6062d...,timecost=1
info|2023-05-28 13:06:00.882488|[g:1][CONSENSUS][PBFT]checkAndChangeView: Reach consensus,org_view=53,cur_changeCycle=1,curView=53,view=54
info|2023-05-28 13:06:01.056723|[P2P][Service] heartBeat,connected count=3
info|2023-05-28 13:06:01.886528|[g:1][CONSENSUS]addRawPrepare,height=1,reqIdx=2,hash=b974bcca...,time=0
info|2023-05-28 13:06:01.887049|[g:1][CONSENSUS][PBFT]checkTimeout Succ,view=54,toView=55,nodeIdx=1,changeCycle=1,myNode=91a6062d...,timecost=1
info|2023-05-28 13:06:01.887662|[g:1][CONSENSUS][PBFT]checkAndChangeView: Reach consensus,org_view=54,cur_changeCycle=1,curView=54,view=55
info|2023-05-28 13:06:02.890340|[g:1][CONSENSUS]addRawPrepare,height=1,reqIdx=3,hash=f1111242...,time=0
info|2023-05-28 13:06:02.890984|[g:1][CONSENSUS][PBFT]checkTimeout Succ,view=55,toView=56,nodeIdx=1,changeCycle=1,myNode=91a6062d...,timecost=0
info|2023-05-28 13:06:02.893218|[g:1][CONSENSUS][PBFT]checkAndChangeView: Reach consensus,org_view=55,cur_changeCycle=1,curView=55,view=56
info|2023-05-28 13:06:03.897530|[g:1][CONSENSUS]addRawPrepare,height=1,reqIdx=0,hash=29150b39...,time=0
info|2023-05-28 13:06:03.898179|[g:1][CONSENSUS][PBFT]checkTimeout Succ,view=56,toView=57,nodeIdx=1,changeCycle=1,myNode=91a6062d...,timecost=1
info|2023-05-28 13:06:03.899331|[g:1][CONSENSUS][PBFT]checkAndChangeView: Reach consensus,org_view=56,cur_changeCycle=1,curView=56,view=57
info|2023-05-28 13:06:04.899376|[g:1][CONSENSUS][SEALER]++++++++++++++++ Generating seal on,blkNum=1,tx=0,nodeIdx=1,hash=2ebe1da9...
info|2023-05-28 13:06:04.901093|[g:1][CONSENSUS][PBFT]checkTimeout Succ,view=57,toView=58,nodeIdx=1,changeCycle=1,myNode=91a6062d...,timecost=1
info|2023-05-28 13:06:04.903764|[g:1][CONSENSUS][PBFT]checkAndChangeView: Reach consensus,org_view=57,cur_changeCycle=1,curView=57,view=58
info|2023-05-28 13:06:05.907077|[g:1][CONSENSUS]addRawPrepare,height=1,reqIdx=2,hash=dbe4c1e5...,time=0
info|2023-05-28 13:06:05.907699|[g:1][CONSENSUS][PBFT]checkTimeout Succ,view=58,toView=59,nodeIdx=1,changeCycle=1,myNode=91a6062d...,timecost=0
info|2023-05-28 13:06:05.911252|[g:1][CONSENSUS][PBFT]checkAndChangeView: Reach consensus,org_view=58,cur_changeCycle=1,curView=58,view=59
info|2023-05-28 13:06:06.915567|[g:1][CONSENSUS]addRawPrepare,height=1,reqIdx=3,hash=07f94d72...,time=0
info|2023-05-28 13:06:06.915967|[g:1][CONSENSUS][PBFT]checkTimeout Succ,view=59,toView=60,nodeIdx=1,changeCycle=1,myNode=91a6062d...,timecost=0
info|2023-05-28 13:06:06.917048|[g:1][CONSENSUS][PBFT]checkAndChangeView: Reach consensus,org_view=59,cur_changeCycle=1,curView=59,view=60
info|2023-05-28 13:06:07.918610|[g:1][CONSENSUS]addRawPrepare,height=1,reqIdx=0,hash=2fd7a23a...,time=0
info|2023-05-28 13:06:07.918979|[g:1][CONSENSUS][PBFT]checkTimeout Succ,view=60,toView=61,nodeIdx=1,changeCycle=1,myNode=91a6062d...,timecost=0
info|2023-05-28 13:06:07.920399|[g:1][CONSENSUS][PBFT]checkAndChangeView: Reach consensus,org_view=60,cur_changeCycle=1,curView=60,view=61
info|2023-05-28 13:06:08.921107|[g:1][CONSENSUS][SEALER]++++++++++++++++ Generating seal on,blkNum=1,tx=0,nodeIdx=1,hash=75d6ea99...
info|2023-05-28 13:06:08.924885|[g:1][CONSENSUS][PBFT]checkTimeout Succ,view=61,toView=62,nodeIdx=1,changeCycle=1,myNode=91a6062d...,timecost=2
info|2023-05-28 13:06:08.926842|[g:1][CONSENSUS][PBFT]checkAndChangeView: Reach consensus,org_view=61,cur_changeCycle=1,curView=61,view=62
info|2023-05-28 13:06:09.929490|[g:1][CONSENSUS]addRawPrepare,height=1,reqIdx=2,hash=df7d62c7...,time=0
info|2023-05-28 13:06:09.930085|[g:1][CONSENSUS][PBFT]checkTimeout Succ,view=62,toView=63,nodeIdx=1,changeCycle=1,myNode=91a6062d...,timecost=1
info|2023-05-28 13:06:09.931303|[g:1][CONSENSUS][PBFT]checkAndChangeView: Reach consensus,org_view=62,cur_changeCycle=1,curView=62,view=63
info|2023-05-28 13:06:10.936627|[g:1][CONSENSUS]addRawPrepare,height=1,reqIdx=3,hash=c5cb9ebc...,time=0
info|2023-05-28 13:06:10.937378|[g:1][CONSENSUS][PBFT]checkTimeout Succ,view=63,toView=64,nodeIdx=1,changeCycle=1,myNode=91a6062d...,timecost=1
info|2023-05-28 13:06:10.938461|[g:1][CONSENSUS][PBFT]checkAndChangeView: Reach consensus,org_view=63,cur_changeCycle=1,curView=63,view=64
info|2023-05-28 13:06:11.056884|[P2P][Service] heartBeat,connected count=3
info|2023-05-28 13:06:11.943225|[g:1][CONSENSUS]addRawPrepare,height=1,reqIdx=0,hash=64f33f1b...,time=0
info|2023-05-28 13:06:11.944159|[g:1][CONSENSUS][PBFT]checkTimeout Succ,view=64,toView=65,nodeIdx=1,changeCycle=1,myNode=91a6062d...,timecost=1
info|2023-05-28 13:06:11.946351|[g:1][CONSENSUS][PBFT]checkAndChangeView: Reach consensus,org_view=64,cur_changeCycle=1,curView=64,view=65
info|2023-05-28 13:06:12.946267|[g:1][CONSENSUS][SEALER]++++++++++++++++ Generating seal on,blkNum=1,tx=0,nodeIdx=1,hash=4b7a150a...
info|2023-05-28 13:06:12.948029|[g:1][CONSENSUS][PBFT]checkTimeout Succ,view=65,toView=66,nodeIdx=1,changeCycle=1,myNode=91a6062d...,timecost=1
info|2023-05-28 13:06:12.951436|[g:1][CONSENSUS][PBFT]checkAndChangeView: Reach consensus,org_view=65,cur_changeCycle=1,curView=65,view=66
info|2023-05-28 13:06:13.953462|[g:1][CONSENSUS]addRawPrepare,height=1,reqIdx=2,hash=0d74feaf...,time=0
info|2023-05-28 13:06:13.955844|[g:1][CONSENSUS][PBFT]checkTimeout Succ,view=66,toView=67,nodeIdx=1,changeCycle=1,myNode=91a6062d...,timecost=2
info|2023-05-28 13:06:13.957597|[g:1][CONSENSUS][PBFT]checkAndChangeView: Reach consensus,org_view=66,cur_changeCycle=1,curView=66,view=67
info|2023-05-28 13:06:14.958844|[g:1][CONSENSUS]addRawPrepare,height=1,reqIdx=3,hash=d6eaa7cf...,time=0
info|2023-05-28 13:06:14.959601|[g:1][CONSENSUS][PBFT]checkTimeout Succ,view=67,toView=68,nodeIdx=1,changeCycle=1,myNode=91a6062d...,timecost=1
info|2023-05-28 13:06:14.961025|[g:1][CONSENSUS][PBFT]checkAndChangeView: Reach consensus,org_view=67,cur_changeCycle=1,curView=67,view=68
info|2023-05-28 13:06:15.965025|[g:1][CONSENSUS]addRawPrepare,height=1,reqIdx=0,hash=a303057e...,time=0
info|2023-05-28 13:06:15.966350|[g:1][CONSENSUS][PBFT]checkTimeout Succ,view=68,toView=69,nodeIdx=1,changeCycle=1,myNode=91a6062d...,timecost=1
info|2023-05-28 13:06:15.968703|[g:1][CONSENSUS][PBFT]checkAndChangeView: Reach consensus,org_view=68,cur_changeCycle=1,curView=68,view=69
info|2023-05-28 13:06:16.968785|[g:1][CONSENSUS][SEALER]++++++++++++++++ Generating seal on,blkNum=1,tx=0,nodeIdx=1,hash=a9826c5f...
info|2023-05-28 13:06:16.974602|[g:1][CONSENSUS][PBFT]checkTimeout Succ,view=69,toView=70,nodeIdx=1,changeCycle=1,myNode=91a6062d...,timecost=0
info|2023-05-28 13:06:16.975930|[g:1][CONSENSUS][PBFT]checkAndChangeView: Reach consensus,org_view=69,cur_changeCycle=1,curView=69,view=70
info|2023-05-28 13:06:17.976964|[g:1][CONSENSUS]addRawPrepare,height=1,reqIdx=2,hash=7e235230...,time=0
info|2023-05-28 13:06:17.977507|[g:1][CONSENSUS][PBFT]checkTimeout Succ,view=70,toView=71,nodeIdx=1,changeCycle=1,myNode=91a6062d...,timecost=0
info|2023-05-28 13:06:17.978758|[g:1][CONSENSUS][PBFT]checkAndChangeView: Reach consensus,org_view=70,cur_changeCycle=1,curView=70,view=71
info|2023-05-28 13:06:18.982297|[g:1][CONSENSUS]addRawPrepare,height=1,reqIdx=3,hash=4fd59faf...,time=0
info|2023-05-28 13:06:18.983014|[g:1][CONSENSUS][PBFT]checkTimeout Succ,view=71,toView=72,nodeIdx=1,changeCycle=1,myNode=91a6062d...,timecost=1
info|2023-05-28 13:06:18.984466|[g:1][CONSENSUS][PBFT]checkAndChangeView: Reach consensus,org_view=71,cur_changeCycle=1,curView=71,view=72
info|2023-05-28 13:06:19.989638|[g:1][CONSENSUS]addRawPrepare,height=1,reqIdx=0,hash=87a79373...,time=0
info|2023-05-28 13:06:19.990746|[g:1][CONSENSUS][PBFT]checkTimeout Succ,view=72,toView=73,nodeIdx=1,changeCycle=1,myNode=91a6062d...,timecost=1
info|2023-05-28 13:06:19.992398|[g:1][CONSENSUS][PBFT]checkAndChangeView: Reach consensus,org_view=72,cur_changeCycle=1,curView=72,view=73
info|2023-05-28 13:06:20.993172|[g:1][CONSENSUS][SEALER]++++++++++++++++ Generating seal on,blkNum=1,tx=0,nodeIdx=1,hash=f64e5601...
info|2023-05-28 13:06:20.999790|[g:1][CONSENSUS][PBFT]checkTimeout Succ,view=73,toView=74,nodeIdx=1,changeCycle=1,myNode=91a6062d...,timecost=0
info|2023-05-28 13:06:21.001333|[g:1][CONSENSUS][PBFT]checkAndChangeView: Reach consensus,org_view=73,cur_changeCycle=1,curView=73,view=74
info|2023-05-28 13:06:21.056991|[P2P][Service] heartBeat,connected count=3
info|2023-05-28 13:06:22.002410|[g:1][CONSENSUS]addRawPrepare,height=1,reqIdx=2,hash=91ba973c...,time=0
info|2023-05-28 13:06:22.003262|[g:1][CONSENSUS][PBFT]checkTimeout Succ,view=74,toView=75,nodeIdx=1,changeCycle=1,myNode=91a6062d...,timecost=1
info|2023-05-28 13:06:22.004917|[g:1][CONSENSUS][PBFT]checkAndChangeView: Reach consensus,org_view=74,cur_changeCycle=1,curView=74,view=75
info|2023-05-28 13:06:23.012920|[g:1][CONSENSUS]addRawPrepare,height=1,reqIdx=3,hash=6740657f...,time=0
info|2023-05-28 13:06:23.013492|[g:1][CONSENSUS][PBFT]checkTimeout Succ,view=75,toView=76,nodeIdx=1,changeCycle=1,myNode=91a6062d...,timecost=0
info|2023-05-28 13:06:23.014330|[g:1][CONSENSUS][PBFT]checkAndChangeView: Reach consensus,org_view=75,cur_changeCycle=1,curView=75,view=76
info|2023-05-28 13:06:24.017212|[g:1][CONSENSUS]addRawPrepare,height=1,reqIdx=0,hash=0bfa875a...,time=0
info|2023-05-28 13:06:24.018142|[g:1][CONSENSUS][PBFT]checkTimeout Succ,view=76,toView=77,nodeIdx=1,changeCycle=1,myNode=91a6062d...,timecost=1
info|2023-05-28 13:06:24.020433|[g:1][CONSENSUS][PBFT]checkAndChangeView: Reach consensus,org_view=76,cur_changeCycle=1,curView=76,view=77
info|2023-05-28 13:06:25.021021|[g:1][CONSENSUS][SEALER]++++++++++++++++ Generating seal on,blkNum=1,tx=0,nodeIdx=1,hash=ec019b07...
info|2023-05-28 13:06:25.021739|[g:1][CONSENSUS][PBFT]checkTimeout Succ,view=77,toView=78,nodeIdx=1,changeCycle=1,myNode=91a6062d...,timecost=0
info|2023-05-28 13:06:25.025491|[g:1][CONSENSUS][PBFT]checkAndChangeView: Reach consensus,org_view=77,cur_changeCycle=1,curView=77,view=78
info|2023-05-28 13:06:26.029258|[g:1][CONSENSUS]addRawPrepare,height=1,reqIdx=2,hash=d1af3379...,time=0
info|2023-05-28 13:06:26.029928|[g:1][CONSENSUS][PBFT]checkTimeout Succ,view=78,toView=79,nodeIdx=1,changeCycle=1,myNode=91a6062d...,timecost=0
info|2023-05-28 13:06:26.031855|[g:1][CONSENSUS][PBFT]checkAndChangeView: Reach consensus,org_view=78,cur_changeCycle=1,curView=78,view=79
info|2023-05-28 13:06:27.035970|[g:1][CONSENSUS]addRawPrepare,height=1,reqIdx=3,hash=ed1c8719...,time=0
info|2023-05-28 13:06:27.036583|[g:1][CONSENSUS][PBFT]checkTimeout Succ,view=79,toView=80,nodeIdx=1,changeCycle=1,myNode=91a6062d...,timecost=0
info|2023-05-28 13:06:27.038151|[g:1][CONSENSUS][PBFT]checkAndChangeView: Reach consensus,org_view=79,cur_changeCycle=1,curView=79,view=80
info|2023-05-28 13:06:28.042898|[g:1][CONSENSUS]addRawPrepare,height=1,reqIdx=0,hash=c8f6cd13...,time=0
info|2023-05-28 13:06:28.043606|[g:1][CONSENSUS][PBFT]checkTimeout Succ,view=80,toView=81,nodeIdx=1,changeCycle=1,myNode=91a6062d...,timecost=0
info|2023-05-28 13:06:28.045127|[g:1][CONSENSUS][PBFT]checkAndChangeView: Reach consensus,org_view=80,cur_changeCycle=1,curView=80,view=81
info|2023-05-28 13:06:29.045580|[g:1][CONSENSUS][SEALER]++++++++++++++++ Generating seal on,blkNum=1,tx=0,nodeIdx=1,hash=5b949ead...
info|2023-05-28 13:06:29.046920|[g:1][CONSENSUS][PBFT]checkTimeout Succ,view=81,toView=82,nodeIdx=1,changeCycle=1,myNode=91a6062d...,timecost=0
info|2023-05-28 13:06:29.060830|[g:1][CONSENSUS][PBFT]checkAndChangeView: Reach consensus,org_view=81,cur_changeCycle=1,curView=81,view=82
info|2023-05-28 13:06:30.052765|[g:1][CONSENSUS]addRawPrepare,height=1,reqIdx=2,hash=9f6163f8...,time=0
info|2023-05-28 13:06:30.053887|[g:1][CONSENSUS][PBFT]checkTimeout Succ,view=82,toView=83,nodeIdx=1,changeCycle=1,myNode=91a6062d...,timecost=0
info|2023-05-28 13:06:30.056309|[g:1][CONSENSUS][PBFT]checkAndChangeView: Reach consensus,org_view=82,cur_changeCycle=1,curView=82,view=83
info|2023-05-28 13:06:31.057182|[P2P][Service] heartBeat,connected count=3
info|2023-05-28 13:06:31.058781|[g:1][CONSENSUS]addRawPrepare,height=1,reqIdx=3,hash=88dba989...,time=0
info|2023-05-28 13:06:31.059805|[g:1][CONSENSUS][PBFT]checkTimeout Succ,view=83,toView=84,nodeIdx=1,changeCycle=1,myNode=91a6062d...,timecost=0
info|2023-05-28 13:06:31.061537|[g:1][CONSENSUS][PBFT]checkAndChangeView: Reach consensus,org_view=83,cur_changeCycle=1,curView=83,view=84
info|2023-05-28 13:06:32.064137|[g:1][CONSENSUS]addRawPrepare,height=1,reqIdx=0,hash=254c9e08...,time=0
info|2023-05-28 13:06:32.064787|[g:1][CONSENSUS][PBFT]checkTimeout Succ,view=84,toView=85,nodeIdx=1,changeCycle=1,myNode=91a6062d...,timecost=0
info|2023-05-28 13:06:32.068189|[g:1][CONSENSUS][PBFT]checkAndChangeView: Reach consensus,org_view=84,cur_changeCycle=1,curView=84,view=85
info|2023-05-28 13:06:33.068278|[g:1][CONSENSUS][SEALER]++++++++++++++++ Generating seal on,blkNum=1,tx=0,nodeIdx=1,hash=e9a38dbb...
info|2023-05-28 13:06:33.070416|[g:1][CONSENSUS][PBFT]checkTimeout Succ,view=85,toView=86,nodeIdx=1,changeCycle=1,myNode=91a6062d...,timecost=1
info|2023-05-28 13:06:33.071878|[g:1][CONSENSUS][PBFT]checkAndChangeView: Reach consensus,org_view=85,cur_changeCycle=1,curView=85,view=86
info|2023-05-28 13:06:34.076879|[g:1][CONSENSUS]addRawPrepare,height=1,reqIdx=2,hash=8a12c60a...,time=0
info|2023-05-28 13:06:34.077755|[g:1][CONSENSUS][PBFT]checkTimeout Succ,view=86,toView=87,nodeIdx=1,changeCycle=1,myNode=91a6062d...,timecost=1
info|2023-05-28 13:06:34.081738|[g:1][CONSENSUS][PBFT]checkAndChangeView: Reach consensus,org_view=86,cur_changeCycle=1,curView=86,view=87
info|2023-05-28 13:06:35.082930|[g:1][CONSENSUS]addRawPrepare,height=1,reqIdx=3,hash=23ced2e1...,time=0
info|2023-05-28 13:06:35.083798|[g:1][CONSENSUS][PBFT]checkTimeout Succ,view=87,toView=88,nodeIdx=1,changeCycle=1,myNode=91a6062d...,timecost=0
info|2023-05-28 13:06:35.085238|[g:1][CONSENSUS][PBFT]checkAndChangeView: Reach consensus,org_view=87,cur_changeCycle=1,curView=87,view=88
info|2023-05-28 13:06:36.087381|[g:1][CONSENSUS]addRawPrepare,height=1,reqIdx=0,hash=ef336668...,time=0
info|2023-05-28 13:06:36.088192|[g:1][CONSENSUS][PBFT]checkTimeout Succ,view=88,toView=89,nodeIdx=1,changeCycle=1,myNode=91a6062d...,timecost=1
info|2023-05-28 13:06:36.090154|[g:1][CONSENSUS][PBFT]checkAndChangeView: Reach consensus,org_view=88,cur_changeCycle=1,curView=88,view=89
info|2023-05-28 13:06:37.090651|[g:1][CONSENSUS][SEALER]++++++++++++++++ Generating seal on,blkNum=1,tx=0,nodeIdx=1,hash=55dc139e...
info|2023-05-28 13:06:37.094584|[g:1][CONSENSUS][PBFT]checkTimeout Succ,view=89,toView=90,nodeIdx=1,changeCycle=1,myNode=91a6062d...,timecost=1
info|2023-05-28 13:06:37.096294|[g:1][CONSENSUS][PBFT]checkAndChangeView: Reach consensus,org_view=89,cur_changeCycle=1,curView=89,view=90
info|2023-05-28 13:06:38.100756|[g:1][CONSENSUS]addRawPrepare,height=1,reqIdx=2,hash=7efe1787...,time=0
info|2023-05-28 13:06:38.102767|[g:1][CONSENSUS][PBFT]checkTimeout Succ,view=90,toView=91,nodeIdx=1,changeCycle=1,myNode=91a6062d...,timecost=0
info|2023-05-28 13:06:38.104372|[g:1][CONSENSUS][PBFT]checkAndChangeView: Reach consensus,org_view=90,cur_changeCycle=1,curView=90,view=91
info|2023-05-28 13:06:39.103528|[g:1][CONSENSUS]addRawPrepare,height=1,reqIdx=3,hash=9679d5f3...,time=0
info|2023-05-28 13:06:39.104438|[g:1][CONSENSUS][PBFT]checkTimeout Succ,view=91,toView=92,nodeIdx=1,changeCycle=1,myNode=91a6062d...,timecost=1
info|2023-05-28 13:06:39.108689|[g:1][CONSENSUS][PBFT]checkAndChangeView: Reach consensus,org_view=91,cur_changeCycle=1,curView=91,view=92
info|2023-05-28 13:06:40.109184|[g:1][CONSENSUS]addRawPrepare,height=1,reqIdx=0,hash=34e51aca...,time=0
info|2023-05-28 13:06:40.111712|[g:1][CONSENSUS][PBFT]checkTimeout Succ,view=92,toView=93,nodeIdx=1,changeCycle=1,myNode=91a6062d...,timecost=0
info|2023-05-28 13:06:40.112709|[g:1][CONSENSUS][PBFT]checkAndChangeView: Reach consensus,org_view=92,cur_changeCycle=1,curView=92,view=93
info|2023-05-28 13:06:41.057288|[P2P][Service] heartBeat,connected count=3
info|2023-05-28 13:06:41.113155|[g:1][CONSENSUS][SEALER]++++++++++++++++ Generating seal on,blkNum=1,tx=0,nodeIdx=1,hash=3cb5e3c4...
info|2023-05-28 13:06:41.114398|[g:1][CONSENSUS][PBFT]checkTimeout Succ,view=93,toView=94,nodeIdx=1,changeCycle=1,myNode=91a6062d...,timecost=1
info|2023-05-28 13:06:41.119819|[g:1][CONSENSUS][PBFT]checkAndChangeView: Reach consensus,org_view=93,cur_changeCycle=1,curView=93,view=94
info|2023-05-28 13:06:42.124042|[g:1][CONSENSUS]addRawPrepare,height=1,reqIdx=2,hash=ddca2930...,time=0
info|2023-05-28 13:06:42.124874|[g:1][CONSENSUS][PBFT]checkTimeout Succ,view=94,toView=95,nodeIdx=1,changeCycle=1,myNode=91a6062d...,timecost=0
info|2023-05-28 13:06:42.126110|[g:1][CONSENSUS][PBFT]checkAndChangeView: Reach consensus,org_view=94,cur_changeCycle=1,curView=94,view=95
info|2023-05-28 13:06:43.125519|[g:1][CONSENSUS]addRawPrepare,height=1,reqIdx=3,hash=e2c45e00...,time=0
info|2023-05-28 13:06:43.127829|[g:1][CONSENSUS][PBFT]checkTimeout Succ,view=95,toView=96,nodeIdx=1,changeCycle=1,myNode=91a6062d...,timecost=2
info|2023-05-28 13:06:43.129785|[g:1][CONSENSUS][PBFT]checkAndChangeView: Reach consensus,org_view=95,cur_changeCycle=1,curView=95,view=96
info|2023-05-28 13:06:44.132055|[g:1][CONSENSUS]addRawPrepare,height=1,reqIdx=0,hash=9e5e381f...,time=0
info|2023-05-28 13:06:44.133676|[g:1][CONSENSUS][PBFT]checkTimeout Succ,view=96,toView=97,nodeIdx=1,changeCycle=1,myNode=91a6062d...,timecost=1
info|2023-05-28 13:06:44.135927|[g:1][CONSENSUS][PBFT]checkAndChangeView: Reach consensus,org_view=96,cur_changeCycle=1,curView=96,view=97
info|2023-05-28 13:06:45.136219|[g:1][CONSENSUS][SEALER]++++++++++++++++ Generating seal on,blkNum=1,tx=0,nodeIdx=1,hash=b93a4248...
info|2023-05-28 13:06:45.138087|[g:1][CONSENSUS][PBFT]checkTimeout Succ,view=97,toView=98,nodeIdx=1,changeCycle=1,myNode=91a6062d...,timecost=1
info|2023-05-28 13:06:45.144836|[g:1][CONSENSUS][PBFT]checkAndChangeView: Reach consensus,org_view=97,cur_changeCycle=1,curView=97,view=98
info|2023-05-28 13:06:46.146336|[g:1][CONSENSUS]addRawPrepare,height=1,reqIdx=2,hash=50c8e249...,time=0
info|2023-05-28 13:06:46.146879|[g:1][CONSENSUS][PBFT]checkTimeout Succ,view=98,toView=99,nodeIdx=1,changeCycle=1,myNode=91a6062d...,timecost=0
info|2023-05-28 13:06:46.148501|[g:1][CONSENSUS][PBFT]checkAndChangeView: Reach consensus,org_view=98,cur_changeCycle=1,curView=98,view=99
info|2023-05-28 13:06:47.152011|[g:1][CONSENSUS]addRawPrepare,height=1,reqIdx=3,hash=cf6eb478...,time=1
info|2023-05-28 13:06:47.152551|[g:1][CONSENSUS][PBFT]checkTimeout Succ,view=99,toView=100,nodeIdx=1,changeCycle=1,myNode=91a6062d...,timecost=0
info|2023-05-28 13:06:47.155746|[g:1][CONSENSUS][PBFT]checkAndChangeView: Reach consensus,org_view=99,cur_changeCycle=1,curView=99,view=100
info|2023-05-28 13:06:48.159487|[g:1][CONSENSUS]addRawPrepare,height=1,reqIdx=0,hash=90409058...,time=0
info|2023-05-28 13:06:48.160235|[g:1][CONSENSUS][PBFT]checkTimeout Succ,view=100,toView=101,nodeIdx=1,changeCycle=1,myNode=91a6062d...,timecost=1
info|2023-05-28 13:06:48.162238|[g:1][CONSENSUS][PBFT]checkAndChangeView: Reach consensus,org_view=100,cur_changeCycle=1,curView=100,view=101
info|2023-05-28 13:06:49.162742|[g:1][CONSENSUS][SEALER]++++++++++++++++ Generating seal on,blkNum=1,tx=0,nodeIdx=1,hash=ee5cb339...
info|2023-05-28 13:06:49.168002|[g:1][CONSENSUS][PBFT]checkTimeout Succ,view=101,toView=102,nodeIdx=1,changeCycle=1,myNode=91a6062d...,timecost=3
info|2023-05-28 13:06:49.169190|[g:1][CONSENSUS][PBFT]checkAndChangeView: Reach consensus,org_view=101,cur_changeCycle=1,curView=101,view=102
info|2023-05-28 13:06:50.171007|[g:1][CONSENSUS]addRawPrepare,height=1,reqIdx=2,hash=085b6ae0...,time=1
info|2023-05-28 13:06:50.172380|[g:1][CONSENSUS][PBFT]checkTimeout Succ,view=102,toView=103,nodeIdx=1,changeCycle=1,myNode=91a6062d...,timecost=1
info|2023-05-28 13:06:50.174227|[g:1][CONSENSUS][PBFT]checkAndChangeView: Reach consensus,org_view=102,cur_changeCycle=1,curView=102,view=103
info|2023-05-28 13:06:51.057547|[P2P][Service] heartBeat,connected count=3
info|2023-05-28 13:06:51.176680|[g:1][CONSENSUS]addRawPrepare,height=1,reqIdx=3,hash=3eafb802...,time=0
info|2023-05-28 13:06:51.178139|[g:1][CONSENSUS][PBFT]checkTimeout Succ,view=103,toView=104,nodeIdx=1,changeCycle=1,myNode=91a6062d...,timecost=2
info|2023-05-28 13:06:51.179559|[g:1][CONSENSUS][PBFT]checkAndChangeView: Reach consensus,org_view=103,cur_changeCycle=1,curView=103,view=104
info|2023-05-28 13:06:52.183492|[g:1][CONSENSUS]addRawPrepare,height=1,reqIdx=0,hash=5f586593...,time=0
info|2023-05-28 13:06:52.184404|[g:1][CONSENSUS][PBFT]checkTimeout Succ,view=104,toView=105,nodeIdx=1,changeCycle=1,myNode=91a6062d...,timecost=1
info|2023-05-28 13:06:52.185395|[g:1][CONSENSUS][PBFT]checkAndChangeView: Reach consensus,org_view=104,cur_changeCycle=1,curView=104,view=105
info|2023-05-28 13:06:53.185242|[g:1][CONSENSUS][SEALER]++++++++++++++++ Generating seal on,blkNum=1,tx=0,nodeIdx=1,hash=0cb76eb8...
info|2023-05-28 13:06:53.186384|[g:1][CONSENSUS][PBFT]checkTimeout Succ,view=105,toView=106,nodeIdx=1,changeCycle=1,myNode=91a6062d...,timecost=1
info|2023-05-28 13:06:53.192894|[g:1][CONSENSUS][PBFT]checkAndChangeView: Reach consensus,org_view=105,cur_changeCycle=1,curView=105,view=106
info|2023-05-28 13:06:54.196080|[g:1][CONSENSUS]addRawPrepare,height=1,reqIdx=2,hash=abccd91b...,time=0
info|2023-05-28 13:06:54.197238|[g:1][CONSENSUS][PBFT]checkTimeout Succ,view=106,toView=107,nodeIdx=1,changeCycle=1,myNode=91a6062d...,timecost=1
info|2023-05-28 13:06:54.199167|[g:1][CONSENSUS][PBFT]checkAndChangeView: Reach consensus,org_view=106,cur_changeCycle=1,curView=106,view=107
info|2023-05-28 13:06:55.199973|[g:1][CONSENSUS]addRawPrepare,height=1,reqIdx=3,hash=db69329d...,time=0
info|2023-05-28 13:06:55.200579|[g:1][CONSENSUS][PBFT]checkTimeout Succ,view=107,toView=108,nodeIdx=1,changeCycle=1,myNode=91a6062d...,timecost=0
info|2023-05-28 13:06:55.203877|[g:1][CONSENSUS][PBFT]checkAndChangeView: Reach consensus,org_view=107,cur_changeCycle=1,curView=107,view=108
info|2023-05-28 13:06:56.203892|[g:1][CONSENSUS]addRawPrepare,height=1,reqIdx=0,hash=612679e4...,time=0
info|2023-05-28 13:06:56.204322|[g:1][CONSENSUS][PBFT]checkTimeout Succ,view=108,toView=109,nodeIdx=1,changeCycle=1,myNode=91a6062d...,timecost=1
info|2023-05-28 13:06:56.206511|[g:1][CONSENSUS][PBFT]checkAndChangeView: Reach consensus,org_view=108,cur_changeCycle=1,curView=108,view=109
info|2023-05-28 13:06:57.207016|[g:1][CONSENSUS][SEALER]++++++++++++++++ Generating seal on,blkNum=1,tx=0,nodeIdx=1,hash=3769fcb9...
info|2023-05-28 13:06:57.210872|[g:1][CONSENSUS][PBFT]checkTimeout Succ,view=109,toView=110,nodeIdx=1,changeCycle=1,myNode=91a6062d...,timecost=0
info|2023-05-28 13:06:57.211322|[g:1][CONSENSUS][PBFT]checkAndChangeView: Reach consensus,org_view=109,cur_changeCycle=1,curView=109,view=110
info|2023-05-28 13:06:58.215890|[g:1][CONSENSUS]addRawPrepare,height=1,reqIdx=2,hash=2291fb14...,time=0
info|2023-05-28 13:06:58.216291|[g:1][CONSENSUS][PBFT]checkTimeout Succ,view=110,toView=111,nodeIdx=1,changeCycle=1,myNode=91a6062d...,timecost=0
info|2023-05-28 13:06:58.218897|[g:1][CONSENSUS][PBFT]checkAndChangeView: Reach consensus,org_view=110,cur_changeCycle=1,curView=110,view=111
info|2023-05-28 13:06:59.219612|[g:1][CONSENSUS]addRawPrepare,height=1,reqIdx=3,hash=f0193a77...,time=0
info|2023-05-28 13:06:59.220924|[g:1][CONSENSUS][PBFT]checkTimeout Succ,view=111,toView=112,nodeIdx=1,changeCycle=1,myNode=91a6062d...,timecost=2
info|2023-05-28 13:06:59.223535|[g:1][CONSENSUS][PBFT]checkAndChangeView: Reach consensus,org_view=111,cur_changeCycle=1,curView=111,view=112
info|2023-05-28 13:07:00.224238|[g:1][CONSENSUS]addRawPrepare,height=1,reqIdx=0,hash=303be6a1...,time=0
info|2023-05-28 13:07:00.224630|[g:1][CONSENSUS][PBFT]checkTimeout Succ,view=112,toView=113,nodeIdx=1,changeCycle=1,myNode=91a6062d...,timecost=0
info|2023-05-28 13:07:00.226247|[g:1][CONSENSUS][PBFT]checkAndChangeView: Reach consensus,org_view=112,cur_changeCycle=1,curView=112,view=113
info|2023-05-28 13:07:01.057805|[P2P][Service] heartBeat,connected count=3
info|2023-05-28 13:07:01.226998|[g:1][CONSENSUS][SEALER]++++++++++++++++ Generating seal on,blkNum=1,tx=0,nodeIdx=1,hash=a4c2c503...
info|2023-05-28 13:07:01.229551|[g:1][CONSENSUS][PBFT]checkTimeout Succ,view=113,toView=114,nodeIdx=1,changeCycle=1,myNode=91a6062d...,timecost=2
info|2023-05-28 13:07:01.231574|[g:1][CONSENSUS][PBFT]checkAndChangeView: Reach consensus,org_view=113,cur_changeCycle=1,curView=113,view=114
info|2023-05-28 13:07:02.235234|[g:1][CONSENSUS]addRawPrepare,height=1,reqIdx=2,hash=aa6dc0fb...,time=0
info|2023-05-28 13:07:02.235935|[g:1][CONSENSUS][PBFT]checkTimeout Succ,view=114,toView=115,nodeIdx=1,changeCycle=1,myNode=91a6062d...,timecost=0
info|2023-05-28 13:07:02.238207|[g:1][CONSENSUS][PBFT]checkAndChangeView: Reach consensus,org_view=114,cur_changeCycle=1,curView=114,view=115
info|2023-05-28 13:07:03.243407|[g:1][CONSENSUS]addRawPrepare,height=1,reqIdx=3,hash=6382f51c...,time=0
info|2023-05-28 13:07:03.244280|[g:1][CONSENSUS][PBFT]checkTimeout Succ,view=115,toView=116,nodeIdx=1,changeCycle=1,myNode=91a6062d...,timecost=1
info|2023-05-28 13:07:03.247661|[g:1][CONSENSUS][PBFT]checkAndChangeView: Reach consensus,org_view=115,cur_changeCycle=1,curView=115,view=116
info|2023-05-28 13:07:04.249382|[g:1][CONSENSUS]addRawPrepare,height=1,reqIdx=0,hash=2d69263d...,time=0
info|2023-05-28 13:07:04.250233|[g:1][CONSENSUS][PBFT]checkTimeout Succ,view=116,toView=117,nodeIdx=1,changeCycle=1,myNode=91a6062d...,timecost=1
info|2023-05-28 13:07:04.251700|[g:1][CONSENSUS][PBFT]checkAndChangeView: Reach consensus,org_view=116,cur_changeCycle=1,curView=116,view=117
info|2023-05-28 13:07:05.252144|[g:1][CONSENSUS][SEALER]++++++++++++++++ Generating seal on,blkNum=1,tx=0,nodeIdx=1,hash=e299209a...
info|2023-05-28 13:07:05.257924|[g:1][CONSENSUS][PBFT]checkTimeout Succ,view=117,toView=118,nodeIdx=1,changeCycle=1,myNode=91a6062d...,timecost=0
info|2023-05-28 13:07:05.259054|[g:1][CONSENSUS][PBFT]checkAndChangeView: Reach consensus,org_view=117,cur_changeCycle=1,curView=117,view=118
info|2023-05-28 13:07:06.263204|[g:1][CONSENSUS]addRawPrepare,height=1,reqIdx=2,hash=7699e735...,time=0
info|2023-05-28 13:07:06.265271|[g:1][CONSENSUS][PBFT]checkTimeout Succ,view=118,toView=119,nodeIdx=1,changeCycle=1,myNode=91a6062d...,timecost=2
info|2023-05-28 13:07:06.266678|[g:1][CONSENSUS][PBFT]checkAndChangeView: Reach consensus,org_view=118,cur_changeCycle=1,curView=118,view=119
info|2023-05-28 13:07:07.267571|[g:1][CONSENSUS]addRawPrepare,height=1,reqIdx=3,hash=df257648...,time=0
info|2023-05-28 13:07:07.268230|[g:1][CONSENSUS][PBFT]checkTimeout Succ,view=119,toView=120,nodeIdx=1,changeCycle=1,myNode=91a6062d...,timecost=1
info|2023-05-28 13:07:07.270715|[g:1][CONSENSUS][PBFT]checkAndChangeView: Reach consensus,org_view=119,cur_changeCycle=1,curView=119,view=120
info|2023-05-28 13:07:08.273506|[g:1][CONSENSUS]addRawPrepare,height=1,reqIdx=0,hash=b0201ced...,time=0
info|2023-05-28 13:07:08.274339|[g:1][CONSENSUS][PBFT]checkTimeout Succ,view=120,toView=121,nodeIdx=1,changeCycle=1,myNode=91a6062d...,timecost=1
info|2023-05-28 13:07:08.276512|[g:1][CONSENSUS][PBFT]checkAndChangeView: Reach consensus,org_view=120,cur_changeCycle=1,curView=120,view=121
info|2023-05-28 13:07:09.276932|[g:1][CONSENSUS][SEALER]++++++++++++++++ Generating seal on,blkNum=1,tx=0,nodeIdx=1,hash=28a4b2ba...
info|2023-05-28 13:07:09.280622|[g:1][CONSENSUS][PBFT]checkTimeout Succ,view=121,toView=122,nodeIdx=1,changeCycle=1,myNode=91a6062d...,timecost=0
info|2023-05-28 13:07:09.282255|[g:1][CONSENSUS][PBFT]checkAndChangeView: Reach consensus,org_view=121,cur_changeCycle=1,curView=121,view=122
info|2023-05-28 13:07:10.285830|[g:1][CONSENSUS]addRawPrepare,height=1,reqIdx=2,hash=81290777...,time=0
info|2023-05-28 13:07:10.286976|[g:1][CONSENSUS][PBFT]checkTimeout Succ,view=122,toView=123,nodeIdx=1,changeCycle=1,myNode=91a6062d...,timecost=2
info|2023-05-28 13:07:10.288097|[g:1][CONSENSUS][PBFT]checkAndChangeView: Reach consensus,org_view=122,cur_changeCycle=1,curView=122,view=123
info|2023-05-28 13:07:11.058010|[P2P][Service] heartBeat,connected count=3
info|2023-05-28 13:07:11.293820|[g:1][CONSENSUS]addRawPrepare,height=1,reqIdx=3,hash=a9ae2300...,time=0
info|2023-05-28 13:07:11.295114|[g:1][CONSENSUS][PBFT]checkTimeout Succ,view=123,toView=124,nodeIdx=1,changeCycle=1,myNode=91a6062d...,timecost=1
info|2023-05-28 13:07:11.296151|[g:1][CONSENSUS][PBFT]checkAndChangeView: Reach consensus,org_view=123,cur_changeCycle=1,curView=123,view=124
info|2023-05-28 13:07:12.300319|[g:1][CONSENSUS]addRawPrepare,height=1,reqIdx=0,hash=24bc1726...,time=0
info|2023-05-28 13:07:12.301920|[g:1][CONSENSUS][PBFT]checkTimeout Succ,view=124,toView=125,nodeIdx=1,changeCycle=1,myNode=91a6062d...,timecost=0
info|2023-05-28 13:07:12.304073|[g:1][CONSENSUS][PBFT]checkAndChangeView: Reach consensus,org_view=124,cur_changeCycle=1,curView=124,view=125
info|2023-05-28 13:07:13.304443|[g:1][CONSENSUS][SEALER]++++++++++++++++ Generating seal on,blkNum=1,tx=0,nodeIdx=1,hash=630dda0c...
info|2023-05-28 13:07:13.305778|[g:1][CONSENSUS][PBFT]checkTimeout Succ,view=125,toView=126,nodeIdx=1,changeCycle=1,myNode=91a6062d...,timecost=0
info|2023-05-28 13:07:13.309969|[g:1][CONSENSUS][PBFT]checkAndChangeView: Reach consensus,org_view=125,cur_changeCycle=1,curView=125,view=126
info|2023-05-28 13:07:14.312381|[g:1][CONSENSUS]addRawPrepare,height=1,reqIdx=2,hash=213bed40...,time=0
info|2023-05-28 13:07:14.312928|[g:1][CONSENSUS][PBFT]checkTimeout Succ,view=126,toView=127,nodeIdx=1,changeCycle=1,myNode=91a6062d...,timecost=0
info|2023-05-28 13:07:14.315388|[g:1][CONSENSUS][PBFT]checkAndChangeView: Reach consensus,org_view=126,cur_changeCycle=1,curView=126,view=127
info|2023-05-28 13:07:15.318944|[g:1][CONSENSUS]addRawPrepare,height=1,reqIdx=3,hash=1aa7d3c1...,time=0
info|2023-05-28 13:07:15.319647|[g:1][CONSENSUS][PBFT]checkTimeout Succ,view=127,toView=128,nodeIdx=1,changeCycle=1,myNode=91a6062d...,timecost=0
info|2023-05-28 13:07:15.320822|[g:1][CONSENSUS][PBFT]checkAndChangeView: Reach consensus,org_view=127,cur_changeCycle=1,curView=127,view=128
info|2023-05-28 13:07:16.336085|[g:1][CONSENSUS][PBFT]Trigger fast-viewchange,view=128,toView=128,minView=129,INFO=,reqNum=0,curNum=0,GenIdx=2,Cview=129,view=128,fromIdx=2,fromNode=bbc5bfac...,fromIp=127.0.0.1:30300,hash=eeb77c15...,nodeIdx=1,myNode=91a6062d...
info|2023-05-28 13:07:16.336668|[g:1][CONSENSUS][PBFT]checkAndChangeView: Reach consensus,org_view=128,cur_changeCycle=2,curView=128,view=129
info|2023-05-28 13:07:16.336710|[g:1][CONSENSUS][PBFT]checkTimeout Succ,view=129,toView=129,nodeIdx=1,changeCycle=2,myNode=91a6062d...,timecost=0
info|2023-05-28 13:07:17.336501|[g:1][CONSENSUS][SEALER]++++++++++++++++ Generating seal on,blkNum=1,tx=0,nodeIdx=1,hash=99aef4c9...
info|2023-05-28 13:07:17.339853|[g:1][CONSENSUS][PBFT]checkTimeout Succ,view=129,toView=130,nodeIdx=1,changeCycle=1,myNode=91a6062d...,timecost=0
info|2023-05-28 13:07:17.340267|[g:1][CONSENSUS][PBFT]checkAndChangeView: Reach consensus,org_view=129,cur_changeCycle=1,curView=129,view=130
info|2023-05-28 13:07:18.344433|[g:1][CONSENSUS]addRawPrepare,height=1,reqIdx=2,hash=baf4474b...,time=0
info|2023-05-28 13:07:18.345727|[g:1][CONSENSUS][PBFT]checkTimeout Succ,view=130,toView=131,nodeIdx=1,changeCycle=1,myNode=91a6062d...,timecost=1
info|2023-05-28 13:07:18.347064|[g:1][CONSENSUS][PBFT]checkAndChangeView: Reach consensus,org_view=130,cur_changeCycle=1,curView=130,view=131
info|2023-05-28 13:07:19.348723|[g:1][CONSENSUS]addRawPrepare,height=1,reqIdx=3,hash=d756f7ef...,time=0
info|2023-05-28 13:07:19.350468|[g:1][CONSENSUS][PBFT]checkTimeout Succ,view=131,toView=132,nodeIdx=1,changeCycle=1,myNode=91a6062d...,timecost=2
info|2023-05-28 13:07:19.352924|[g:1][CONSENSUS][PBFT]checkAndChangeView: Reach consensus,org_view=131,cur_changeCycle=1,curView=131,view=132
info|2023-05-28 13:07:20.356091|[g:1][CONSENSUS]addRawPrepare,height=1,reqIdx=0,hash=3cc6d03d...,time=0
info|2023-05-28 13:07:20.357108|[g:1][CONSENSUS][PBFT]checkTimeout Succ,view=132,toView=133,nodeIdx=1,changeCycle=1,myNode=91a6062d...,timecost=1
info|2023-05-28 13:07:20.357848|[g:1][CONSENSUS][PBFT]checkAndChangeView: Reach consensus,org_view=132,cur_changeCycle=1,curView=132,view=133
info|2023-05-28 13:07:21.058185|[P2P][Service] heartBeat,connected count=3
info|2023-05-28 13:07:21.357328|[g:1][CONSENSUS][SEALER]++++++++++++++++ Generating seal on,blkNum=1,tx=0,nodeIdx=1,hash=76f335a5...
info|2023-05-28 13:07:21.359103|[g:1][CONSENSUS][PBFT]checkTimeout Succ,view=133,toView=134,nodeIdx=1,changeCycle=1,myNode=91a6062d...,timecost=1
info|2023-05-28 13:07:21.362676|[g:1][CONSENSUS][PBFT]checkAndChangeView: Reach consensus,org_view=133,cur_changeCycle=1,curView=133,view=134
info|2023-05-28 13:07:22.366342|[g:1][CONSENSUS]addRawPrepare,height=1,reqIdx=2,hash=ac5d4a7e...,time=0
info|2023-05-28 13:07:22.367704|[g:1][CONSENSUS][PBFT]checkTimeout Succ,view=134,toView=135,nodeIdx=1,changeCycle=1,myNode=91a6062d...,timecost=0
info|2023-05-28 13:07:22.369201|[g:1][CONSENSUS][PBFT]checkAndChangeView: Reach consensus,org_view=134,cur_changeCycle=1,curView=134,view=135
info|2023-05-28 13:07:23.373809|[g:1][CONSENSUS]addRawPrepare,height=1,reqIdx=3,hash=35a317cf...,time=0
info|2023-05-28 13:07:23.374643|[g:1][CONSENSUS][PBFT]checkTimeout Succ,view=135,toView=136,nodeIdx=1,changeCycle=1,myNode=91a6062d...,timecost=1
info|2023-05-28 13:07:23.376003|[g:1][CONSENSUS][PBFT]checkAndChangeView: Reach consensus,org_view=135,cur_changeCycle=1,curView=135,view=136
info|2023-05-28 13:07:24.380595|[g:1][CONSENSUS]addRawPrepare,height=1,reqIdx=0,hash=ffc29f66...,time=0
info|2023-05-28 13:07:24.381494|[g:1][CONSENSUS][PBFT]checkTimeout Succ,view=136,toView=137,nodeIdx=1,changeCycle=1,myNode=91a6062d...,timecost=0
info|2023-05-28 13:07:24.383629|[g:1][CONSENSUS][PBFT]checkAndChangeView: Reach consensus,org_view=136,cur_changeCycle=1,curView=136,view=137
info|2023-05-28 13:07:25.383369|[g:1][CONSENSUS][SEALER]++++++++++++++++ Generating seal on,blkNum=1,tx=0,nodeIdx=1,hash=e5c5f0aa...
info|2023-05-28 13:07:25.386334|[g:1][CONSENSUS][PBFT]checkTimeout Succ,view=137,toView=138,nodeIdx=1,changeCycle=1,myNode=91a6062d...,timecost=1
info|2023-05-28 13:07:25.389821|[g:1][CONSENSUS][PBFT]checkAndChangeView: Reach consensus,org_view=137,cur_changeCycle=1,curView=137,view=138
info|2023-05-28 13:07:26.399298|[g:1][CONSENSUS]addRawPrepare,height=1,reqIdx=2,hash=65e6ed3a...,time=0
info|2023-05-28 13:07:26.400196|[g:1][CONSENSUS][PBFT]checkTimeout Succ,view=138,toView=139,nodeIdx=1,changeCycle=1,myNode=91a6062d...,timecost=1
info|2023-05-28 13:07:26.401594|[g:1][CONSENSUS][PBFT]checkAndChangeView: Reach consensus,org_view=138,cur_changeCycle=1,curView=138,view=139
info|2023-05-28 13:07:27.403431|[g:1][CONSENSUS]addRawPrepare,height=1,reqIdx=3,hash=107c549a...,time=0
info|2023-05-28 13:07:27.404364|[g:1][CONSENSUS][PBFT]checkTimeout Succ,view=139,toView=140,nodeIdx=1,changeCycle=1,myNode=91a6062d...,timecost=1
info|2023-05-28 13:07:27.406827|[g:1][CONSENSUS][PBFT]checkAndChangeView: Reach consensus,org_view=139,cur_changeCycle=1,curView=139,view=140
info|2023-05-28 13:07:28.408721|[g:1][CONSENSUS]addRawPrepare,height=1,reqIdx=0,hash=7e8520b5...,time=0
info|2023-05-28 13:07:28.409799|[g:1][CONSENSUS][PBFT]checkTimeout Succ,view=140,toView=141,nodeIdx=1,changeCycle=1,myNode=91a6062d...,timecost=0
info|2023-05-28 13:07:28.411656|[g:1][CONSENSUS][PBFT]checkAndChangeView: Reach consensus,org_view=140,cur_changeCycle=1,curView=140,view=141
info|2023-05-28 13:07:29.412241|[g:1][CONSENSUS][SEALER]++++++++++++++++ Generating seal on,blkNum=1,tx=0,nodeIdx=1,hash=27b75c8a...
info|2023-05-28 13:07:29.416456|[g:1][CONSENSUS][PBFT]checkTimeout Succ,view=141,toView=142,nodeIdx=1,changeCycle=1,myNode=91a6062d...,timecost=0
info|2023-05-28 13:07:29.418261|[g:1][CONSENSUS][PBFT]checkAndChangeView: Reach consensus,org_view=141,cur_changeCycle=1,curView=141,view=142
info|2023-05-28 13:07:30.420352|[g:1][CONSENSUS]addRawPrepare,height=1,reqIdx=2,hash=0c52a7bd...,time=0
info|2023-05-28 13:07:30.420887|[g:1][CONSENSUS][PBFT]checkTimeout Succ,view=142,toView=143,nodeIdx=1,changeCycle=1,myNode=91a6062d...,timecost=0
info|2023-05-28 13:07:30.422130|[g:1][CONSENSUS][PBFT]checkAndChangeView: Reach consensus,org_view=142,cur_changeCycle=1,curView=142,view=143
info|2023-05-28 13:07:31.058334|[P2P][Service] heartBeat,connected count=3
info|2023-05-28 13:07:31.425548|[g:1][CONSENSUS]addRawPrepare,height=1,reqIdx=3,hash=a7408c7f...,time=0
info|2023-05-28 13:07:31.426198|[g:1][CONSENSUS][PBFT]checkTimeout Succ,view=143,toView=144,nodeIdx=1,changeCycle=1,myNode=91a6062d...,timecost=1
info|2023-05-28 13:07:31.427453|[g:1][CONSENSUS][PBFT]checkAndChangeView: Reach consensus,org_view=143,cur_changeCycle=1,curView=143,view=144
info|2023-05-28 13:07:32.429385|[g:1][CONSENSUS]addRawPrepare,height=1,reqIdx=0,hash=d1e6563a...,time=0
info|2023-05-28 13:07:32.430069|[g:1][CONSENSUS][PBFT]checkTimeout Succ,view=144,toView=145,nodeIdx=1,changeCycle=1,myNode=91a6062d...,timecost=1
info|2023-05-28 13:07:32.432778|[g:1][CONSENSUS][PBFT]checkAndChangeView: Reach consensus,org_view=144,cur_changeCycle=1,curView=144,view=145
info|2023-05-28 13:07:33.432403|[g:1][CONSENSUS][SEALER]++++++++++++++++ Generating seal on,blkNum=1,tx=0,nodeIdx=1,hash=143c66d7...
info|2023-05-28 13:07:33.437859|[g:1][CONSENSUS][PBFT]checkTimeout Succ,view=145,toView=146,nodeIdx=1,changeCycle=1,myNode=91a6062d...,timecost=0
info|2023-05-28 13:07:33.438641|[g:1][CONSENSUS][PBFT]checkAndChangeView: Reach consensus,org_view=145,cur_changeCycle=1,curView=145,view=146
info|2023-05-28 13:07:34.443963|[g:1][CONSENSUS]addRawPrepare,height=1,reqIdx=2,hash=75be1cb1...,time=0
info|2023-05-28 13:07:34.444825|[g:1][CONSENSUS][PBFT]checkTimeout Succ,view=146,toView=147,nodeIdx=1,changeCycle=1,myNode=91a6062d...,timecost=0
info|2023-05-28 13:07:34.446216|[g:1][CONSENSUS][PBFT]checkAndChangeView: Reach consensus,org_view=146,cur_changeCycle=1,curView=146,view=147
info|2023-05-28 13:07:35.447551|[g:1][CONSENSUS]addRawPrepare,height=1,reqIdx=3,hash=6cd58614...,time=0
info|2023-05-28 13:07:35.448885|[g:1][CONSENSUS][PBFT]checkTimeout Succ,view=147,toView=148,nodeIdx=1,changeCycle=1,myNode=91a6062d...,timecost=1
info|2023-05-28 13:07:35.450532|[g:1][CONSENSUS][PBFT]checkAndChangeView: Reach consensus,org_view=147,cur_changeCycle=1,curView=147,view=148
info|2023-05-28 13:07:36.451205|[g:1][CONSENSUS]addRawPrepare,height=1,reqIdx=0,hash=6aa904ef...,time=0
info|2023-05-28 13:07:36.452631|[g:1][CONSENSUS][PBFT]checkTimeout Succ,view=148,toView=149,nodeIdx=1,changeCycle=1,myNode=91a6062d...,timecost=1
info|2023-05-28 13:07:36.453935|[g:1][CONSENSUS][PBFT]checkAndChangeView: Reach consensus,org_view=148,cur_changeCycle=1,curView=148,view=149
info|2023-05-28 13:07:37.455143|[g:1][CONSENSUS][SEALER]++++++++++++++++ Generating seal on,blkNum=1,tx=0,nodeIdx=1,hash=a09d85af...
info|2023-05-28 13:07:37.456872|[g:1][CONSENSUS][PBFT]checkTimeout Succ,view=149,toView=150,nodeIdx=1,changeCycle=1,myNode=91a6062d...,timecost=0
info|2023-05-28 13:07:37.460835|[g:1][CONSENSUS][PBFT]checkAndChangeView: Reach consensus,org_view=149,cur_changeCycle=1,curView=149,view=150
info|2023-05-28 13:07:38.464835|[g:1][CONSENSUS]addRawPrepare,height=1,reqIdx=2,hash=1026b6de...,time=0
info|2023-05-28 13:07:38.465967|[g:1][CONSENSUS][PBFT]checkTimeout Succ,view=150,toView=151,nodeIdx=1,changeCycle=1,myNode=91a6062d...,timecost=0
info|2023-05-28 13:07:38.467593|[g:1][CONSENSUS][PBFT]checkAndChangeView: Reach consensus,org_view=150,cur_changeCycle=1,curView=150,view=151
info|2023-05-28 13:07:39.471127|[g:1][CONSENSUS]addRawPrepare,height=1,reqIdx=3,hash=a5bd62ab...,time=0
info|2023-05-28 13:07:39.471523|[g:1][CONSENSUS][PBFT]checkTimeout Succ,view=151,toView=152,nodeIdx=1,changeCycle=1,myNode=91a6062d...,timecost=0
info|2023-05-28 13:07:39.473189|[g:1][CONSENSUS][PBFT]checkAndChangeView: Reach consensus,org_view=151,cur_changeCycle=1,curView=151,view=152
info|2023-05-28 13:07:40.476296|[g:1][CONSENSUS]addRawPrepare,height=1,reqIdx=0,hash=1cd6380e...,time=0
info|2023-05-28 13:07:40.477769|[g:1][CONSENSUS][PBFT]checkTimeout Succ,view=152,toView=153,nodeIdx=1,changeCycle=1,myNode=91a6062d...,timecost=1
info|2023-05-28 13:07:40.479658|[g:1][CONSENSUS][PBFT]checkAndChangeView: Reach consensus,org_view=152,cur_changeCycle=1,curView=152,view=153
info|2023-05-28 13:07:41.058518|[P2P][Service] heartBeat,connected count=3
info|2023-05-28 13:07:41.479429|[g:1][CONSENSUS][SEALER]++++++++++++++++ Generating seal on,blkNum=1,tx=0,nodeIdx=1,hash=6d1dca7d...
info|2023-05-28 13:07:41.480655|[g:1][CONSENSUS][PBFT]checkTimeout Succ,view=153,toView=154,nodeIdx=1,changeCycle=1,myNode=91a6062d...,timecost=1
info|2023-05-28 13:07:41.486348|[g:1][CONSENSUS][PBFT]checkAndChangeView: Reach consensus,org_view=153,cur_changeCycle=1,curView=153,view=154
info|2023-05-28 13:07:42.485552|[g:1][CONSENSUS]addRawPrepare,height=1,reqIdx=2,hash=7996111b...,time=0
info|2023-05-28 13:07:42.486003|[g:1][CONSENSUS][PBFT]checkTimeout Succ,view=154,toView=155,nodeIdx=1,changeCycle=1,myNode=91a6062d...,timecost=1
info|2023-05-28 13:07:42.488412|[g:1][CONSENSUS][PBFT]checkAndChangeView: Reach consensus,org_view=154,cur_changeCycle=1,curView=154,view=155
info|2023-05-28 13:07:43.489702|[g:1][CONSENSUS]addRawPrepare,height=1,reqIdx=3,hash=3c0ec58a...,time=0
info|2023-05-28 13:07:43.490317|[g:1][CONSENSUS][PBFT]checkTimeout Succ,view=155,toView=156,nodeIdx=1,changeCycle=1,myNode=91a6062d...,timecost=1
info|2023-05-28 13:07:43.491392|[g:1][CONSENSUS][PBFT]checkAndChangeView: Reach consensus,org_view=155,cur_changeCycle=1,curView=155,view=156
info|2023-05-28 13:07:44.496144|[g:1][CONSENSUS]addRawPrepare,height=1,reqIdx=0,hash=7551d0f1...,time=0
info|2023-05-28 13:07:44.496667|[g:1][CONSENSUS][PBFT]checkTimeout Succ,view=156,toView=157,nodeIdx=1,changeCycle=1,myNode=91a6062d...,timecost=0
info|2023-05-28 13:07:44.497546|[g:1][CONSENSUS][PBFT]checkAndChangeView: Reach consensus,org_view=156,cur_changeCycle=1,curView=156,view=157
info|2023-05-28 13:07:45.497486|[g:1][CONSENSUS][SEALER]++++++++++++++++ Generating seal on,blkNum=1,tx=0,nodeIdx=1,hash=458b80fe...
info|2023-05-28 13:07:45.499287|[g:1][CONSENSUS][PBFT]checkTimeout Succ,view=157,toView=158,nodeIdx=1,changeCycle=1,myNode=91a6062d...,timecost=1
info|2023-05-28 13:07:45.505323|[g:1][CONSENSUS][PBFT]checkAndChangeView: Reach consensus,org_view=157,cur_changeCycle=1,curView=157,view=158
info|2023-05-28 13:07:46.506160|[g:1][CONSENSUS]addRawPrepare,height=1,reqIdx=2,hash=cd636c89...,time=0
info|2023-05-28 13:07:46.506685|[g:1][CONSENSUS][PBFT]checkTimeout Succ,view=158,toView=159,nodeIdx=1,changeCycle=1,myNode=91a6062d...,timecost=0
info|2023-05-28 13:07:46.509078|[g:1][CONSENSUS][PBFT]checkAndChangeView: Reach consensus,org_view=158,cur_changeCycle=1,curView=158,view=159
info|2023-05-28 13:07:47.512224|[g:1][CONSENSUS]addRawPrepare,height=1,reqIdx=3,hash=94beb246...,time=0
info|2023-05-28 13:07:47.512740|[g:1][CONSENSUS][PBFT]checkTimeout Succ,view=159,toView=160,nodeIdx=1,changeCycle=1,myNode=91a6062d...,timecost=0
info|2023-05-28 13:07:47.517174|[g:1][CONSENSUS][PBFT]checkAndChangeView: Reach consensus,org_view=159,cur_changeCycle=1,curView=159,view=160
info|2023-05-28 13:07:48.517751|[g:1][CONSENSUS]addRawPrepare,height=1,reqIdx=0,hash=40a39b66...,time=0
info|2023-05-28 13:07:48.518241|[g:1][CONSENSUS][PBFT]checkTimeout Succ,view=160,toView=161,nodeIdx=1,changeCycle=1,myNode=91a6062d...,timecost=1
info|2023-05-28 13:07:48.520263|[g:1][CONSENSUS][PBFT]checkAndChangeView: Reach consensus,org_view=160,cur_changeCycle=1,curView=160,view=161
info|2023-05-28 13:07:49.520339|[g:1][CONSENSUS][SEALER]++++++++++++++++ Generating seal on,blkNum=1,tx=0,nodeIdx=1,hash=61463f43...
info|2023-05-28 13:07:49.524174|[g:1][CONSENSUS][PBFT]checkTimeout Succ,view=161,toView=162,nodeIdx=1,changeCycle=1,myNode=91a6062d...,timecost=1
info|2023-05-28 13:07:49.525429|[g:1][CONSENSUS][PBFT]checkAndChangeView: Reach consensus,org_view=161,cur_changeCycle=1,curView=161,view=162
warning|2023-05-28 13:07:49.533031|[NETWORK][Session]doRead error,endpoint=127.0.0.1:56110,message=Connection reset by peer
info|2023-05-28 13:07:49.533153|[NETWORK][Session]drop, call and erase all callbackFunc in this session!,endpoint=127.0.0.1:56110
warning|2023-05-28 13:07:49.533190|[NETWORK][Session][drop] closing remote 0.0.0.0:0,reason=Low-level TCP communication error.,endpoint=127.0.0.1:56110
error|2023-05-28 13:07:49.533251|[NETWORK][Session]Session inactived
error|2023-05-28 13:07:49.533266|[NETWORK][Session]Session inactived
warning|2023-05-28 13:07:49.533287|[NETWORK][Session][drop] shutdown failed ,errorValue=9,message=Bad file descriptor
warning|2023-05-28 13:07:49.533305|[P2P][Service] disconnect error P2PSession,nodeID=7380ded5...,endpoint=127.0.0.1:56110,errorCode=3,what=Disconnect
warning|2023-05-28 13:07:49.533364|[P2P][Service] onDisconnect,errorCode=3,what=Dynamic exception type: dev::network::NetworkException
std::exception::what: Disconnect

info|2023-05-28 13:07:50.528346|[g:1][CONSENSUS]addRawPrepare,height=1,reqIdx=2,hash=41a1c6f4...,time=0
info|2023-05-28 13:07:50.528896|[g:1][CONSENSUS][PBFT]checkTimeout Succ,view=162,toView=163,nodeIdx=1,changeCycle=1,myNode=91a6062d...,timecost=0
info|2023-05-28 13:07:50.530611|[g:1][CONSENSUS][PBFT]checkAndChangeView: Reach consensus,org_view=162,cur_changeCycle=1,curView=162,view=163
info|2023-05-28 13:07:51.058715|[NETWORK][Host]Connecting to node,endpoint=127.0.0.1:30303
info|2023-05-28 13:07:51.058936|[P2P][Service] heartBeat,connected count=2
info|2023-05-28 13:07:51.059257|[NETWORK][ASIO]asyncResolveConnect,endpoint=127.0.0.1:30303
error|2023-05-28 13:07:51.059316|[NETWORK][Host]TCP Connection refused by node,endpoint=127.0.0.1:30303,message=Connection refused
warning|2023-05-28 13:07:51.059459|[P2P][Service] onConnect,errorCode=5,nodeID=00000000...,nodeName=,endpoint=unknown,what=Connect failed
info|2023-05-28 13:07:51.531935|[g:1][CONSENSUS]addRawPrepare,height=1,reqIdx=3,hash=62dc2465...,time=0
info|2023-05-28 13:07:51.532574|[g:1][CONSENSUS][PBFT]checkTimeout Succ,view=163,toView=164,nodeIdx=1,changeCycle=1,myNode=91a6062d...,timecost=0
info|2023-05-28 13:07:51.534192|[g:1][CONSENSUS][PBFT]checkAndChangeView: Reach consensus,org_view=163,cur_changeCycle=1,curView=163,view=164
warning|2023-05-28 13:07:56.036407|[g:1][CONSENSUS][PBFT]ViewChangeWarning: not caused by omit empty block ,v=164,toV=165,curNum=0,hash=eeb77c15...,nodeIdx=1,myNode=91a6062d...
warning|2023-05-28 13:07:56.036496|[g:1][CONSENSUS][PBFT]Find disconnectedNode,disconnectedNodeSize=1,sessionSize=2,minValidNodes=3,connectedNodeList=127.0.0.1:56090, 127.0.0.1:30300, ,disconnectedNode=7380ded5..., ,idx=1
info|2023-05-28 13:07:56.036600|[g:1][CONSENSUS][PBFT]checkTimeout Succ,view=164,toView=165,nodeIdx=1,changeCycle=2,myNode=91a6062d...,timecost=0
info|2023-05-28 13:07:56.038701|[g:1][CONSENSUS][PBFT]checkAndChangeView: Reach consensus,org_view=164,cur_changeCycle=2,curView=164,view=165
info|2023-05-28 13:07:57.038323|[g:1][CONSENSUS][SEALER]++++++++++++++++ Generating seal on,blkNum=1,tx=0,nodeIdx=1,hash=db47fc5d...
info|2023-05-28 13:07:57.040029|[g:1][CONSENSUS][PBFT]checkTimeout Succ,view=165,toView=166,nodeIdx=1,changeCycle=1,myNode=91a6062d...,timecost=1
info|2023-05-28 13:07:57.043096|[g:1][CONSENSUS][PBFT]checkAndChangeView: Reach consensus,org_view=165,cur_changeCycle=1,curView=165,view=166
info|2023-05-28 13:07:58.043581|[g:1][CONSENSUS]addRawPrepare,height=1,reqIdx=2,hash=6b60ee1f...,time=0
info|2023-05-28 13:07:58.044185|[g:1][CONSENSUS][PBFT]checkTimeout Succ,view=166,toView=167,nodeIdx=1,changeCycle=1,myNode=91a6062d...,timecost=1
info|2023-05-28 13:07:58.047501|[g:1][CONSENSUS][PBFT]checkAndChangeView: Reach consensus,org_view=166,cur_changeCycle=1,curView=166,view=167
warning|2023-05-28 13:07:58.562887|[NETWORK][Session]doRead error,endpoint=127.0.0.1:56090,message=short read
info|2023-05-28 13:07:58.562992|[NETWORK][Session]drop, call and erase all callbackFunc in this session!,endpoint=127.0.0.1:56090
warning|2023-05-28 13:07:58.563012|[NETWORK][Session][drop] closing remote 127.0.0.1:56090,reason=Low-level TCP communication error.,endpoint=127.0.0.1:56090
error|2023-05-28 13:07:58.563187|[NETWORK][Session]Session inactived
error|2023-05-28 13:07:58.563197|[NETWORK][Session]Session inactived
warning|2023-05-28 13:07:58.563202|[NETWORK][Session][drop] shutdown failed ,errorValue=9,message=Bad file descriptor
warning|2023-05-28 13:07:58.563269|[P2P][Service] disconnect error P2PSession,nodeID=c309ad65...,endpoint=127.0.0.1:56090,errorCode=3,what=Disconnect
warning|2023-05-28 13:07:58.563331|[P2P][Service] onDisconnect,errorCode=3,what=Dynamic exception type: dev::network::NetworkException
std::exception::what: Disconnect

info|2023-05-28 13:08:01.059062|[NETWORK][Host]Connecting to node,endpoint=127.0.0.1:30302
info|2023-05-28 13:08:01.059252|[NETWORK][Host]Connecting to node,endpoint=127.0.0.1:30303
info|2023-05-28 13:08:01.059375|[P2P][Service] heartBeat,connected count=1
info|2023-05-28 13:08:01.059909|[NETWORK][ASIO]asyncResolveConnect,endpoint=127.0.0.1:30302
info|2023-05-28 13:08:01.059985|[NETWORK][ASIO]asyncResolveConnect,endpoint=127.0.0.1:30303
error|2023-05-28 13:08:01.060001|[NETWORK][Host]TCP Connection refused by node,endpoint=127.0.0.1:30302,message=Connection refused
error|2023-05-28 13:08:01.060051|[NETWORK][Host]TCP Connection refused by node,endpoint=127.0.0.1:30303,message=Connection refused
warning|2023-05-28 13:08:01.060215|[P2P][Service] onConnect,errorCode=5,nodeID=00000000...,nodeName=,endpoint=unknown,what=Connect failed
warning|2023-05-28 13:08:01.060238|[P2P][Service] onConnect,errorCode=5,nodeID=00000000...,nodeName=,endpoint=unknown,what=Connect failed
warning|2023-05-28 13:08:02.556192|[g:1][CONSENSUS][PBFT]ViewChangeWarning: not caused by omit empty block ,v=167,toV=168,curNum=0,hash=eeb77c15...,nodeIdx=1,myNode=91a6062d...
warning|2023-05-28 13:08:02.556494|[g:1][CONSENSUS][PBFT]Find disconnectedNode,disconnectedNodeSize=2,sessionSize=1,minValidNodes=3,connectedNodeList=127.0.0.1:30300, ,disconnectedNode=7380ded5..., c309ad65..., ,idx=1
info|2023-05-28 13:08:02.556986|[g:1][CONSENSUS][PBFT]checkTimeout Succ,view=167,toView=168,nodeIdx=1,changeCycle=2,myNode=91a6062d...,timecost=2
