info|2023-06-07 13:00:00.667088|[g:1][CONSENSUS]addRawPrepare,height=12,reqIdx=2,hash=19242d05...,time=0
info|2023-06-07 13:00:00.669173|[g:1][CONSENSUS][PBFT]checkTimeout Succ,view=547,toView=548,nodeIdx=1,changeCycle=1,myNode=91a6062d...,timecost=1
info|2023-06-07 13:00:00.670947|[g:1][CONSENSUS][PBFT]checkAndChangeView: Reach consensus,org_view=547,cur_changeCycle=1,curView=547,view=548
info|2023-06-07 13:00:01.671211|[g:1][CONSENSUS]addRawPrepare,height=12,reqIdx=3,hash=40ece44a...,time=0
info|2023-06-07 13:00:01.672375|[g:1][CONSENSUS][PBFT]checkTimeout Succ,view=548,toView=549,nodeIdx=1,changeCycle=1,myNode=91a6062d...,timecost=1
info|2023-06-07 13:00:01.674888|[g:1][CONSENSUS][PBFT]checkAndChangeView: Reach consensus,org_view=548,cur_changeCycle=1,curView=548,view=549
info|2023-06-07 13:00:02.676512|[g:1][CONSENSUS]addRawPrepare,height=12,reqIdx=0,hash=be05f1cb...,time=0
info|2023-06-07 13:00:02.677830|[g:1][CONSENSUS][PBFT]checkTimeout Succ,view=549,toView=550,nodeIdx=1,changeCycle=1,myNode=91a6062d...,timecost=0
info|2023-06-07 13:00:02.679836|[g:1][CONSENSUS][PBFT]checkAndChangeView: Reach consensus,org_view=549,cur_changeCycle=1,curView=549,view=550
info|2023-06-07 13:00:02.892534|[P2P][Service] heartBeat,connected count=3
info|2023-06-07 13:00:03.680640|[g:1][CONSENSUS][SEALER]++++++++++++++++ Generating seal on,blkNum=12,tx=0,nodeIdx=1,hash=cef3682e...
info|2023-06-07 13:00:03.683812|[g:1][CONSENSUS][PBFT]checkTimeout Succ,view=550,toView=551,nodeIdx=1,changeCycle=1,myNode=91a6062d...,timecost=0
info|2023-06-07 13:00:03.684713|[g:1][CONSENSUS][PBFT]checkAndChangeView: Reach consensus,org_view=550,cur_changeCycle=1,curView=550,view=551
info|2023-06-07 13:00:04.690453|[g:1][CONSENSUS]addRawPrepare,height=12,reqIdx=2,hash=92f0d75d...,time=0
info|2023-06-07 13:00:04.691106|[g:1][CONSENSUS][PBFT]checkTimeout Succ,view=551,toView=552,nodeIdx=1,changeCycle=1,myNode=91a6062d...,timecost=1
info|2023-06-07 13:00:04.692224|[g:1][CONSENSUS][PBFT]checkAndChangeView: Reach consensus,org_view=551,cur_changeCycle=1,curView=551,view=552
info|2023-06-07 13:00:05.694100|[g:1][CONSENSUS]addRawPrepare,height=12,reqIdx=3,hash=f65c312b...,time=0
info|2023-06-07 13:00:05.694796|[g:1][CONSENSUS][PBFT]checkTimeout Succ,view=552,toView=553,nodeIdx=1,changeCycle=1,myNode=91a6062d...,timecost=0
info|2023-06-07 13:00:05.696862|[g:1][CONSENSUS][PBFT]checkAndChangeView: Reach consensus,org_view=552,cur_changeCycle=1,curView=552,view=553
info|2023-06-07 13:00:06.705097|[g:1][CONSENSUS]addRawPrepare,height=12,reqIdx=0,hash=a34072e9...,time=0
info|2023-06-07 13:00:06.706358|[g:1][CONSENSUS][PBFT]checkTimeout Succ,view=553,toView=554,nodeIdx=1,changeCycle=1,myNode=91a6062d...,timecost=1
info|2023-06-07 13:00:06.710097|[g:1][CONSENSUS][PBFT]checkAndChangeView: Reach consensus,org_view=553,cur_changeCycle=1,curView=553,view=554
info|2023-06-07 13:00:07.711171|[g:1][CONSENSUS][SEALER]++++++++++++++++ Generating seal on,blkNum=12,tx=0,nodeIdx=1,hash=f6855d78...
info|2023-06-07 13:00:07.715865|[g:1][CONSENSUS][PBFT]checkTimeout Succ,view=554,toView=555,nodeIdx=1,changeCycle=1,myNode=91a6062d...,timecost=1
info|2023-06-07 13:00:07.723132|[g:1][CONSENSUS][PBFT]checkAndChangeView: Reach consensus,org_view=554,cur_changeCycle=1,curView=554,view=555
info|2023-06-07 13:00:08.720270|[g:1][CONSENSUS]addRawPrepare,height=12,reqIdx=2,hash=6c84cf44...,time=0
info|2023-06-07 13:00:08.720826|[g:1][CONSENSUS][PBFT]checkTimeout Succ,view=555,toView=556,nodeIdx=1,changeCycle=1,myNode=91a6062d...,timecost=0
info|2023-06-07 13:00:08.722833|[g:1][CONSENSUS][PBFT]checkAndChangeView: Reach consensus,org_view=555,cur_changeCycle=1,curView=555,view=556
info|2023-06-07 13:00:09.724762|[g:1][CONSENSUS]addRawPrepare,height=12,reqIdx=3,hash=faab1534...,time=0
info|2023-06-07 13:00:09.725370|[g:1][CONSENSUS][PBFT]checkTimeout Succ,view=556,toView=557,nodeIdx=1,changeCycle=1,myNode=91a6062d...,timecost=1
info|2023-06-07 13:00:09.728653|[g:1][CONSENSUS][PBFT]checkAndChangeView: Reach consensus,org_view=556,cur_changeCycle=1,curView=556,view=557
info|2023-06-07 13:00:10.732080|[g:1][CONSENSUS]addRawPrepare,height=12,reqIdx=0,hash=301ba77a...,time=0
info|2023-06-07 13:00:10.733170|[g:1][CONSENSUS][PBFT]checkTimeout Succ,view=557,toView=558,nodeIdx=1,changeCycle=1,myNode=91a6062d...,timecost=1
info|2023-06-07 13:00:10.736013|[g:1][CONSENSUS][PBFT]checkAndChangeView: Reach consensus,org_view=557,cur_changeCycle=1,curView=557,view=558
info|2023-06-07 13:00:11.736972|[g:1][CONSENSUS][SEALER]++++++++++++++++ Generating seal on,blkNum=12,tx=0,nodeIdx=1,hash=6d753382...
info|2023-06-07 13:00:11.740383|[g:1][CONSENSUS][PBFT]checkTimeout Succ,view=558,toView=559,nodeIdx=1,changeCycle=1,myNode=91a6062d...,timecost=3
info|2023-06-07 13:00:11.742397|[g:1][CONSENSUS][PBFT]checkAndChangeView: Reach consensus,org_view=558,cur_changeCycle=1,curView=558,view=559
info|2023-06-07 13:00:12.745526|[g:1][CONSENSUS]addRawPrepare,height=12,reqIdx=2,hash=26d7af01...,time=0
info|2023-06-07 13:00:12.746027|[g:1][CONSENSUS][PBFT]checkTimeout Succ,view=559,toView=560,nodeIdx=1,changeCycle=1,myNode=91a6062d...,timecost=1
info|2023-06-07 13:00:12.748562|[g:1][CONSENSUS][PBFT]checkAndChangeView: Reach consensus,org_view=559,cur_changeCycle=1,curView=559,view=560
info|2023-06-07 13:00:12.892734|[P2P][Service] heartBeat,connected count=3
info|2023-06-07 13:00:13.751434|[g:1][CONSENSUS]addRawPrepare,height=12,reqIdx=3,hash=17dc5021...,time=0
info|2023-06-07 13:00:13.752080|[g:1][CONSENSUS][PBFT]checkTimeout Succ,view=560,toView=561,nodeIdx=1,changeCycle=1,myNode=91a6062d...,timecost=1
info|2023-06-07 13:00:13.754291|[g:1][CONSENSUS][PBFT]checkAndChangeView: Reach consensus,org_view=560,cur_changeCycle=1,curView=560,view=561
info|2023-06-07 13:00:14.755928|[g:1][CONSENSUS]addRawPrepare,height=12,reqIdx=0,hash=544ab4ec...,time=0
info|2023-06-07 13:00:14.756586|[g:1][CONSENSUS][PBFT]checkTimeout Succ,view=561,toView=562,nodeIdx=1,changeCycle=1,myNode=91a6062d...,timecost=0
info|2023-06-07 13:00:14.758233|[g:1][CONSENSUS][PBFT]checkAndChangeView: Reach consensus,org_view=561,cur_changeCycle=1,curView=561,view=562
info|2023-06-07 13:00:15.758726|[g:1][CONSENSUS][SEALER]++++++++++++++++ Generating seal on,blkNum=12,tx=0,nodeIdx=1,hash=1dcd220e...
info|2023-06-07 13:00:15.760217|[g:1][CONSENSUS][PBFT]checkTimeout Succ,view=562,toView=563,nodeIdx=1,changeCycle=1,myNode=91a6062d...,timecost=1
info|2023-06-07 13:00:15.764178|[g:1][CONSENSUS][PBFT]checkAndChangeView: Reach consensus,org_view=562,cur_changeCycle=1,curView=562,view=563
info|2023-06-07 13:00:16.768276|[g:1][CONSENSUS]addRawPrepare,height=12,reqIdx=2,hash=09dc30a9...,time=0
info|2023-06-07 13:00:16.769155|[g:1][CONSENSUS][PBFT]checkTimeout Succ,view=563,toView=564,nodeIdx=1,changeCycle=1,myNode=91a6062d...,timecost=1
info|2023-06-07 13:00:16.772175|[g:1][CONSENSUS][PBFT]checkAndChangeView: Reach consensus,org_view=563,cur_changeCycle=1,curView=563,view=564
info|2023-06-07 13:00:17.773321|[g:1][CONSENSUS]addRawPrepare,height=12,reqIdx=3,hash=4f7d39d3...,time=0
info|2023-06-07 13:00:17.774113|[g:1][CONSENSUS][PBFT]checkTimeout Succ,view=564,toView=565,nodeIdx=1,changeCycle=1,myNode=91a6062d...,timecost=1
info|2023-06-07 13:00:17.775799|[g:1][CONSENSUS][PBFT]checkAndChangeView: Reach consensus,org_view=564,cur_changeCycle=1,curView=564,view=565
info|2023-06-07 13:00:18.780445|[g:1][CONSENSUS]addRawPrepare,height=12,reqIdx=0,hash=5209d630...,time=0
info|2023-06-07 13:00:18.781455|[g:1][CONSENSUS][PBFT]checkTimeout Succ,view=565,toView=566,nodeIdx=1,changeCycle=1,myNode=91a6062d...,timecost=1
info|2023-06-07 13:00:18.783075|[g:1][CONSENSUS][PBFT]checkAndChangeView: Reach consensus,org_view=565,cur_changeCycle=1,curView=565,view=566
info|2023-06-07 13:00:19.784169|[g:1][CONSENSUS][SEALER]++++++++++++++++ Generating seal on,blkNum=12,tx=0,nodeIdx=1,hash=01458df4...
info|2023-06-07 13:00:19.788629|[g:1][CONSENSUS][PBFT]checkTimeout Succ,view=566,toView=567,nodeIdx=1,changeCycle=1,myNode=91a6062d...,timecost=0
info|2023-06-07 13:00:19.789301|[g:1][CONSENSUS][PBFT]checkAndChangeView: Reach consensus,org_view=566,cur_changeCycle=1,curView=566,view=567
info|2023-06-07 13:00:20.792338|[g:1][CONSENSUS]addRawPrepare,height=12,reqIdx=2,hash=e9d283a5...,time=0
info|2023-06-07 13:00:20.793078|[g:1][CONSENSUS][PBFT]checkTimeout Succ,view=567,toView=568,nodeIdx=1,changeCycle=1,myNode=91a6062d...,timecost=1
info|2023-06-07 13:00:20.795362|[g:1][CONSENSUS][PBFT]checkAndChangeView: Reach consensus,org_view=567,cur_changeCycle=1,curView=567,view=568
info|2023-06-07 13:00:21.795802|[g:1][CONSENSUS]addRawPrepare,height=12,reqIdx=3,hash=c0eeb4e3...,time=0
info|2023-06-07 13:00:21.796890|[g:1][CONSENSUS][PBFT]checkTimeout Succ,view=568,toView=569,nodeIdx=1,changeCycle=1,myNode=91a6062d...,timecost=0
info|2023-06-07 13:00:21.825026|[g:1][CONSENSUS][PBFT]checkAndChangeView: Reach consensus,org_view=568,cur_changeCycle=1,curView=568,view=569
info|2023-06-07 13:00:22.827439|[g:1][CONSENSUS]addRawPrepare,height=12,reqIdx=0,hash=f36ee744...,time=0
info|2023-06-07 13:00:22.828306|[g:1][CONSENSUS][PBFT]checkTimeout Succ,view=569,toView=570,nodeIdx=1,changeCycle=1,myNode=91a6062d...,timecost=1
info|2023-06-07 13:00:22.831008|[g:1][CONSENSUS][PBFT]checkAndChangeView: Reach consensus,org_view=569,cur_changeCycle=1,curView=569,view=570
info|2023-06-07 13:00:22.892942|[P2P][Service] heartBeat,connected count=3
info|2023-06-07 13:00:23.832251|[g:1][CONSENSUS][SEALER]++++++++++++++++ Generating seal on,blkNum=12,tx=0,nodeIdx=1,hash=16b21775...
info|2023-06-07 13:00:23.834196|[g:1][CONSENSUS][PBFT]checkTimeout Succ,view=570,toView=571,nodeIdx=1,changeCycle=1,myNode=91a6062d...,timecost=1
info|2023-06-07 13:00:23.841904|[g:1][CONSENSUS][PBFT]checkAndChangeView: Reach consensus,org_view=570,cur_changeCycle=1,curView=570,view=571
info|2023-06-07 13:00:24.843324|[g:1][CONSENSUS]addRawPrepare,height=12,reqIdx=2,hash=faa7c8bd...,time=0
info|2023-06-07 13:00:24.843924|[g:1][CONSENSUS][PBFT]checkTimeout Succ,view=571,toView=572,nodeIdx=1,changeCycle=1,myNode=91a6062d...,timecost=0
info|2023-06-07 13:00:24.846817|[g:1][CONSENSUS][PBFT]checkAndChangeView: Reach consensus,org_view=571,cur_changeCycle=1,curView=571,view=572
info|2023-06-07 13:00:25.853552|[g:1][CONSENSUS]addRawPrepare,height=12,reqIdx=3,hash=6087f538...,time=0
info|2023-06-07 13:00:25.854161|[g:1][CONSENSUS][PBFT]checkTimeout Succ,view=572,toView=573,nodeIdx=1,changeCycle=1,myNode=91a6062d...,timecost=1
info|2023-06-07 13:00:25.855615|[g:1][CONSENSUS][PBFT]checkAndChangeView: Reach consensus,org_view=572,cur_changeCycle=1,curView=572,view=573
info|2023-06-07 13:00:26.859646|[g:1][CONSENSUS]addRawPrepare,height=12,reqIdx=0,hash=dae350da...,time=0
info|2023-06-07 13:00:26.860150|[g:1][CONSENSUS][PBFT]checkTimeout Succ,view=573,toView=574,nodeIdx=1,changeCycle=1,myNode=91a6062d...,timecost=1
info|2023-06-07 13:00:26.861601|[g:1][CONSENSUS][PBFT]checkAndChangeView: Reach consensus,org_view=573,cur_changeCycle=1,curView=573,view=574
info|2023-06-07 13:00:27.861896|[g:1][CONSENSUS][SEALER]++++++++++++++++ Generating seal on,blkNum=12,tx=0,nodeIdx=1,hash=f39a0d51...
info|2023-06-07 13:00:27.863447|[g:1][CONSENSUS][PBFT]checkTimeout Succ,view=574,toView=575,nodeIdx=1,changeCycle=1,myNode=91a6062d...,timecost=1
info|2023-06-07 13:00:27.868772|[g:1][CONSENSUS][PBFT]checkAndChangeView: Reach consensus,org_view=574,cur_changeCycle=1,curView=574,view=575
info|2023-06-07 13:00:28.870788|[g:1][CONSENSUS]addRawPrepare,height=12,reqIdx=2,hash=6c79b22a...,time=0
info|2023-06-07 13:00:28.871569|[g:1][CONSENSUS][PBFT]checkTimeout Succ,view=575,toView=576,nodeIdx=1,changeCycle=1,myNode=91a6062d...,timecost=1
info|2023-06-07 13:00:28.873380|[g:1][CONSENSUS][PBFT]checkAndChangeView: Reach consensus,org_view=575,cur_changeCycle=1,curView=575,view=576
info|2023-06-07 13:00:29.877751|[g:1][CONSENSUS]addRawPrepare,height=12,reqIdx=3,hash=7b90b064...,time=0
info|2023-06-07 13:00:29.878540|[g:1][CONSENSUS][PBFT]checkTimeout Succ,view=576,toView=577,nodeIdx=1,changeCycle=1,myNode=91a6062d...,timecost=1
info|2023-06-07 13:00:29.881091|[g:1][CONSENSUS][PBFT]checkAndChangeView: Reach consensus,org_view=576,cur_changeCycle=1,curView=576,view=577
info|2023-06-07 13:00:30.884152|[g:1][CONSENSUS]addRawPrepare,height=12,reqIdx=0,hash=53482f87...,time=0
info|2023-06-07 13:00:30.885350|[g:1][CONSENSUS][PBFT]checkTimeout Succ,view=577,toView=578,nodeIdx=1,changeCycle=1,myNode=91a6062d...,timecost=1
info|2023-06-07 13:00:30.887624|[g:1][CONSENSUS][PBFT]checkAndChangeView: Reach consensus,org_view=577,cur_changeCycle=1,curView=577,view=578
info|2023-06-07 13:00:31.887605|[g:1][CONSENSUS][SEALER]++++++++++++++++ Generating seal on,blkNum=12,tx=0,nodeIdx=1,hash=7991297e...
info|2023-06-07 13:00:31.889568|[g:1][CONSENSUS][PBFT]checkTimeout Succ,view=578,toView=579,nodeIdx=1,changeCycle=1,myNode=91a6062d...,timecost=1
info|2023-06-07 13:00:31.893298|[g:1][CONSENSUS][PBFT]checkAndChangeView: Reach consensus,org_view=578,cur_changeCycle=1,curView=578,view=579
info|2023-06-07 13:00:32.893128|[P2P][Service] heartBeat,connected count=3
info|2023-06-07 13:00:32.894493|[g:1][CONSENSUS]addRawPrepare,height=12,reqIdx=2,hash=0c6980a4...,time=0
info|2023-06-07 13:00:32.895668|[g:1][CONSENSUS][PBFT]checkTimeout Succ,view=579,toView=580,nodeIdx=1,changeCycle=1,myNode=91a6062d...,timecost=1
info|2023-06-07 13:00:32.897170|[g:1][CONSENSUS][PBFT]checkAndChangeView: Reach consensus,org_view=579,cur_changeCycle=1,curView=579,view=580
info|2023-06-07 13:00:33.899536|[g:1][CONSENSUS]addRawPrepare,height=12,reqIdx=3,hash=95fc2f50...,time=0
info|2023-06-07 13:00:33.900197|[g:1][CONSENSUS][PBFT]checkTimeout Succ,view=580,toView=581,nodeIdx=1,changeCycle=1,myNode=91a6062d...,timecost=1
info|2023-06-07 13:00:33.901509|[g:1][CONSENSUS][PBFT]checkAndChangeView: Reach consensus,org_view=580,cur_changeCycle=1,curView=580,view=581
info|2023-06-07 13:00:34.906498|[g:1][CONSENSUS]addRawPrepare,height=12,reqIdx=0,hash=05e0b4c8...,time=0
info|2023-06-07 13:00:34.907329|[g:1][CONSENSUS][PBFT]checkTimeout Succ,view=581,toView=582,nodeIdx=1,changeCycle=1,myNode=91a6062d...,timecost=1
info|2023-06-07 13:00:34.910039|[g:1][CONSENSUS][PBFT]checkAndChangeView: Reach consensus,org_view=581,cur_changeCycle=1,curView=581,view=582
info|2023-06-07 13:00:35.911229|[g:1][CONSENSUS][SEALER]++++++++++++++++ Generating seal on,blkNum=12,tx=0,nodeIdx=1,hash=38a010e3...
info|2023-06-07 13:00:35.913664|[g:1][CONSENSUS][PBFT]checkTimeout Succ,view=582,toView=583,nodeIdx=1,changeCycle=1,myNode=91a6062d...,timecost=2
info|2023-06-07 13:00:35.915643|[g:1][CONSENSUS][PBFT]checkAndChangeView: Reach consensus,org_view=582,cur_changeCycle=1,curView=582,view=583
info|2023-06-07 13:00:36.921027|[g:1][CONSENSUS]addRawPrepare,height=12,reqIdx=2,hash=cd5df788...,time=0
info|2023-06-07 13:00:36.921623|[g:1][CONSENSUS][PBFT]checkTimeout Succ,view=583,toView=584,nodeIdx=1,changeCycle=1,myNode=91a6062d...,timecost=0
info|2023-06-07 13:00:36.923289|[g:1][CONSENSUS][PBFT]checkAndChangeView: Reach consensus,org_view=583,cur_changeCycle=1,curView=583,view=584
info|2023-06-07 13:00:37.924710|[g:1][CONSENSUS]addRawPrepare,height=12,reqIdx=3,hash=61c01a5f...,time=0
info|2023-06-07 13:00:37.925213|[g:1][CONSENSUS][PBFT]checkTimeout Succ,view=584,toView=585,nodeIdx=1,changeCycle=1,myNode=91a6062d...,timecost=1
info|2023-06-07 13:00:37.926988|[g:1][CONSENSUS][PBFT]checkAndChangeView: Reach consensus,org_view=584,cur_changeCycle=1,curView=584,view=585
info|2023-06-07 13:00:38.930859|[g:1][CONSENSUS]addRawPrepare,height=12,reqIdx=0,hash=1617b5fc...,time=0
info|2023-06-07 13:00:38.932135|[g:1][CONSENSUS][PBFT]checkTimeout Succ,view=585,toView=586,nodeIdx=1,changeCycle=1,myNode=91a6062d...,timecost=1
info|2023-06-07 13:00:38.935442|[g:1][CONSENSUS][PBFT]checkAndChangeView: Reach consensus,org_view=585,cur_changeCycle=1,curView=585,view=586
info|2023-06-07 13:00:39.935626|[g:1][CONSENSUS][SEALER]++++++++++++++++ Generating seal on,blkNum=12,tx=0,nodeIdx=1,hash=6de60853...
info|2023-06-07 13:00:39.938255|[g:1][CONSENSUS][PBFT]checkTimeout Succ,view=586,toView=587,nodeIdx=1,changeCycle=1,myNode=91a6062d...,timecost=2
info|2023-06-07 13:00:39.941555|[g:1][CONSENSUS][PBFT]checkAndChangeView: Reach consensus,org_view=586,cur_changeCycle=1,curView=586,view=587
info|2023-06-07 13:00:40.945045|[g:1][CONSENSUS]addRawPrepare,height=12,reqIdx=2,hash=45b0334a...,time=0
info|2023-06-07 13:00:40.945843|[g:1][CONSENSUS][PBFT]checkTimeout Succ,view=587,toView=588,nodeIdx=1,changeCycle=1,myNode=91a6062d...,timecost=0
info|2023-06-07 13:00:40.946793|[g:1][CONSENSUS][PBFT]checkAndChangeView: Reach consensus,org_view=587,cur_changeCycle=1,curView=587,view=588
info|2023-06-07 13:00:41.949433|[g:1][CONSENSUS]addRawPrepare,height=12,reqIdx=3,hash=4f752ac7...,time=0
info|2023-06-07 13:00:41.950207|[g:1][CONSENSUS][PBFT]checkTimeout Succ,view=588,toView=589,nodeIdx=1,changeCycle=1,myNode=91a6062d...,timecost=1
info|2023-06-07 13:00:41.953242|[g:1][CONSENSUS][PBFT]checkAndChangeView: Reach consensus,org_view=588,cur_changeCycle=1,curView=588,view=589
info|2023-06-07 13:00:42.893295|[P2P][Service] heartBeat,connected count=3
info|2023-06-07 13:00:42.957141|[g:1][CONSENSUS]addRawPrepare,height=12,reqIdx=0,hash=57e467d3...,time=0
info|2023-06-07 13:00:42.957577|[g:1][CONSENSUS][PBFT]checkTimeout Succ,view=589,toView=590,nodeIdx=1,changeCycle=1,myNode=91a6062d...,timecost=0
info|2023-06-07 13:00:42.958524|[g:1][CONSENSUS][PBFT]checkAndChangeView: Reach consensus,org_view=589,cur_changeCycle=1,curView=589,view=590
info|2023-06-07 13:00:43.959277|[g:1][CONSENSUS][SEALER]++++++++++++++++ Generating seal on,blkNum=12,tx=0,nodeIdx=1,hash=0f0562ad...
info|2023-06-07 13:00:43.960945|[g:1][CONSENSUS][PBFT]checkTimeout Succ,view=590,toView=591,nodeIdx=1,changeCycle=1,myNode=91a6062d...,timecost=0
info|2023-06-07 13:00:43.966899|[g:1][CONSENSUS][PBFT]checkAndChangeView: Reach consensus,org_view=590,cur_changeCycle=1,curView=590,view=591
info|2023-06-07 13:00:44.969721|[g:1][CONSENSUS]addRawPrepare,height=12,reqIdx=2,hash=ab9acb57...,time=0
info|2023-06-07 13:00:44.970485|[g:1][CONSENSUS][PBFT]checkTimeout Succ,view=591,toView=592,nodeIdx=1,changeCycle=1,myNode=91a6062d...,timecost=1
info|2023-06-07 13:00:44.971123|[g:1][CONSENSUS][PBFT]checkAndChangeView: Reach consensus,org_view=591,cur_changeCycle=1,curView=591,view=592
info|2023-06-07 13:00:45.972454|[g:1][CONSENSUS]addRawPrepare,height=12,reqIdx=3,hash=a31e41ec...,time=0
info|2023-06-07 13:00:45.973829|[g:1][CONSENSUS][PBFT]checkTimeout Succ,view=592,toView=593,nodeIdx=1,changeCycle=1,myNode=91a6062d...,timecost=0
info|2023-06-07 13:00:45.975956|[g:1][CONSENSUS][PBFT]checkAndChangeView: Reach consensus,org_view=592,cur_changeCycle=1,curView=592,view=593
info|2023-06-07 13:00:46.978538|[g:1][CONSENSUS]addRawPrepare,height=12,reqIdx=0,hash=4f5aa261...,time=0
info|2023-06-07 13:00:46.978925|[g:1][CONSENSUS][PBFT]checkTimeout Succ,view=593,toView=594,nodeIdx=1,changeCycle=1,myNode=91a6062d...,timecost=0
info|2023-06-07 13:00:46.980501|[g:1][CONSENSUS][PBFT]checkAndChangeView: Reach consensus,org_view=593,cur_changeCycle=1,curView=593,view=594
info|2023-06-07 13:00:47.980623|[g:1][CONSENSUS][SEALER]++++++++++++++++ Generating seal on,blkNum=12,tx=0,nodeIdx=1,hash=725298a4...
info|2023-06-07 13:00:47.982413|[g:1][CONSENSUS][PBFT]checkTimeout Succ,view=594,toView=595,nodeIdx=1,changeCycle=1,myNode=91a6062d...,timecost=0
info|2023-06-07 13:00:47.984869|[g:1][CONSENSUS][PBFT]checkAndChangeView: Reach consensus,org_view=594,cur_changeCycle=1,curView=594,view=595
info|2023-06-07 13:00:48.987804|[g:1][CONSENSUS]addRawPrepare,height=12,reqIdx=2,hash=a0ce31f2...,time=0
info|2023-06-07 13:00:48.988465|[g:1][CONSENSUS][PBFT]checkTimeout Succ,view=595,toView=596,nodeIdx=1,changeCycle=1,myNode=91a6062d...,timecost=0
info|2023-06-07 13:00:48.989459|[g:1][CONSENSUS][PBFT]checkAndChangeView: Reach consensus,org_view=595,cur_changeCycle=1,curView=595,view=596
info|2023-06-07 13:00:49.994539|[g:1][CONSENSUS][PBFT]Trigger fast-viewchange,view=596,toView=596,minView=597,INFO=,reqNum=11,curNum=11,GenIdx=0,Cview=597,view=596,fromIdx=0,fromNode=7380ded5...,fromIp=127.0.0.1:55354,hash=9080150b...,nodeIdx=1,myNode=91a6062d...
info|2023-06-07 13:00:49.996062|[g:1][CONSENSUS][PBFT]checkAndChangeView: Reach consensus,org_view=596,cur_changeCycle=2,curView=596,view=597
info|2023-06-07 13:00:49.996208|[g:1][CONSENSUS][PBFT]checkTimeout Succ,view=597,toView=597,nodeIdx=1,changeCycle=2,myNode=91a6062d...,timecost=2
info|2023-06-07 13:00:50.999269|[g:1][CONSENSUS]addRawPrepare,height=12,reqIdx=0,hash=68611265...,time=0
info|2023-06-07 13:00:51.000055|[g:1][CONSENSUS][PBFT]checkTimeout Succ,view=597,toView=598,nodeIdx=1,changeCycle=1,myNode=91a6062d...,timecost=1
info|2023-06-07 13:00:51.002054|[g:1][CONSENSUS][PBFT]checkAndChangeView: Reach consensus,org_view=597,cur_changeCycle=1,curView=597,view=598
info|2023-06-07 13:00:52.002909|[g:1][CONSENSUS][SEALER]++++++++++++++++ Generating seal on,blkNum=12,tx=0,nodeIdx=1,hash=f71fd3a8...
info|2023-06-07 13:00:52.007580|[g:1][CONSENSUS][PBFT]checkTimeout Succ,view=598,toView=599,nodeIdx=1,changeCycle=1,myNode=91a6062d...,timecost=0
info|2023-06-07 13:00:52.008226|[g:1][CONSENSUS][PBFT]checkAndChangeView: Reach consensus,org_view=598,cur_changeCycle=1,curView=598,view=599
info|2023-06-07 13:00:52.893433|[P2P][Service] heartBeat,connected count=3
info|2023-06-07 13:00:53.011805|[g:1][CONSENSUS]addRawPrepare,height=12,reqIdx=2,hash=1badb481...,time=0
info|2023-06-07 13:00:53.012749|[g:1][CONSENSUS][PBFT]checkTimeout Succ,view=599,toView=600,nodeIdx=1,changeCycle=1,myNode=91a6062d...,timecost=0
info|2023-06-07 13:00:53.014305|[g:1][CONSENSUS][PBFT]checkAndChangeView: Reach consensus,org_view=599,cur_changeCycle=1,curView=599,view=600
info|2023-06-07 13:00:54.020564|[g:1][CONSENSUS]addRawPrepare,height=12,reqIdx=3,hash=bc55a74d...,time=0
info|2023-06-07 13:00:54.021097|[g:1][CONSENSUS][PBFT]checkTimeout Succ,view=600,toView=601,nodeIdx=1,changeCycle=1,myNode=91a6062d...,timecost=1
info|2023-06-07 13:00:54.022741|[g:1][CONSENSUS][PBFT]checkAndChangeView: Reach consensus,org_view=600,cur_changeCycle=1,curView=600,view=601
info|2023-06-07 13:00:55.028115|[g:1][CONSENSUS]addRawPrepare,height=12,reqIdx=0,hash=fc690309...,time=0
info|2023-06-07 13:00:55.028708|[g:1][CONSENSUS][PBFT]checkTimeout Succ,view=601,toView=602,nodeIdx=1,changeCycle=1,myNode=91a6062d...,timecost=0
info|2023-06-07 13:00:55.030060|[g:1][CONSENSUS][PBFT]checkAndChangeView: Reach consensus,org_view=601,cur_changeCycle=1,curView=601,view=602
info|2023-06-07 13:00:56.030465|[g:1][CONSENSUS][SEALER]++++++++++++++++ Generating seal on,blkNum=12,tx=0,nodeIdx=1,hash=07b0e541...
info|2023-06-07 13:00:56.035671|[g:1][CONSENSUS][PBFT]checkTimeout Succ,view=602,toView=603,nodeIdx=1,changeCycle=1,myNode=91a6062d...,timecost=0
info|2023-06-07 13:00:56.037156|[g:1][CONSENSUS][PBFT]checkAndChangeView: Reach consensus,org_view=602,cur_changeCycle=1,curView=602,view=603
info|2023-06-07 13:00:57.038779|[g:1][CONSENSUS]addRawPrepare,height=12,reqIdx=2,hash=e960439c...,time=0
info|2023-06-07 13:00:57.039709|[g:1][CONSENSUS][PBFT]checkTimeout Succ,view=603,toView=604,nodeIdx=1,changeCycle=1,myNode=91a6062d...,timecost=1
info|2023-06-07 13:00:57.041341|[g:1][CONSENSUS][PBFT]checkAndChangeView: Reach consensus,org_view=603,cur_changeCycle=1,curView=603,view=604
info|2023-06-07 13:00:58.046186|[g:1][CONSENSUS]addRawPrepare,height=12,reqIdx=3,hash=30d6d6df...,time=0
info|2023-06-07 13:00:58.047085|[g:1][CONSENSUS][PBFT]checkTimeout Succ,view=604,toView=605,nodeIdx=1,changeCycle=1,myNode=91a6062d...,timecost=1
info|2023-06-07 13:00:58.049456|[g:1][CONSENSUS][PBFT]checkAndChangeView: Reach consensus,org_view=604,cur_changeCycle=1,curView=604,view=605
info|2023-06-07 13:00:59.053191|[g:1][CONSENSUS]addRawPrepare,height=12,reqIdx=0,hash=18072d51...,time=0
info|2023-06-07 13:00:59.053673|[g:1][CONSENSUS][PBFT]checkTimeout Succ,view=605,toView=606,nodeIdx=1,changeCycle=1,myNode=91a6062d...,timecost=0
info|2023-06-07 13:00:59.055148|[g:1][CONSENSUS][PBFT]checkAndChangeView: Reach consensus,org_view=605,cur_changeCycle=1,curView=605,view=606
info|2023-06-07 13:01:00.056069|[g:1][CONSENSUS][SEALER]++++++++++++++++ Generating seal on,blkNum=12,tx=0,nodeIdx=1,hash=efa29208...
info|2023-06-07 13:01:00.059348|[g:1][CONSENSUS][PBFT]checkTimeout Succ,view=606,toView=607,nodeIdx=1,changeCycle=1,myNode=91a6062d...,timecost=2
info|2023-06-07 13:01:00.062300|[g:1][CONSENSUS][PBFT]checkAndChangeView: Reach consensus,org_view=606,cur_changeCycle=1,curView=606,view=607
info|2023-06-07 13:01:01.065101|[g:1][CONSENSUS]addRawPrepare,height=12,reqIdx=2,hash=14982a85...,time=0
info|2023-06-07 13:01:01.065923|[g:1][CONSENSUS][PBFT]checkTimeout Succ,view=607,toView=608,nodeIdx=1,changeCycle=1,myNode=91a6062d...,timecost=0
info|2023-06-07 13:01:01.067757|[g:1][CONSENSUS][PBFT]checkAndChangeView: Reach consensus,org_view=607,cur_changeCycle=1,curView=607,view=608
info|2023-06-07 13:01:02.075020|[g:1][CONSENSUS]addRawPrepare,height=12,reqIdx=3,hash=40d3fc5c...,time=1
info|2023-06-07 13:01:02.075404|[g:1][CONSENSUS][PBFT]checkTimeout Succ,view=608,toView=609,nodeIdx=1,changeCycle=1,myNode=91a6062d...,timecost=0
info|2023-06-07 13:01:02.076237|[g:1][CONSENSUS][PBFT]checkAndChangeView: Reach consensus,org_view=608,cur_changeCycle=1,curView=608,view=609
info|2023-06-07 13:01:02.893643|[P2P][Service] heartBeat,connected count=3
info|2023-06-07 13:01:03.079043|[g:1][CONSENSUS]addRawPrepare,height=12,reqIdx=0,hash=36a6b8ff...,time=0
info|2023-06-07 13:01:03.079531|[g:1][CONSENSUS][PBFT]checkTimeout Succ,view=609,toView=610,nodeIdx=1,changeCycle=1,myNode=91a6062d...,timecost=0
info|2023-06-07 13:01:03.080567|[g:1][CONSENSUS][PBFT]checkAndChangeView: Reach consensus,org_view=609,cur_changeCycle=1,curView=609,view=610
info|2023-06-07 13:01:04.080606|[g:1][CONSENSUS][SEALER]++++++++++++++++ Generating seal on,blkNum=12,tx=0,nodeIdx=1,hash=a43c9e48...
info|2023-06-07 13:01:04.082313|[g:1][CONSENSUS][PBFT]checkTimeout Succ,view=610,toView=611,nodeIdx=1,changeCycle=1,myNode=91a6062d...,timecost=1
info|2023-06-07 13:01:04.086054|[g:1][CONSENSUS][PBFT]checkAndChangeView: Reach consensus,org_view=610,cur_changeCycle=1,curView=610,view=611
info|2023-06-07 13:01:05.087853|[g:1][CONSENSUS]addRawPrepare,height=12,reqIdx=2,hash=4d8ca4ba...,time=0
info|2023-06-07 13:01:05.088334|[g:1][CONSENSUS][PBFT]checkTimeout Succ,view=611,toView=612,nodeIdx=1,changeCycle=1,myNode=91a6062d...,timecost=0
info|2023-06-07 13:01:05.090360|[g:1][CONSENSUS][PBFT]checkAndChangeView: Reach consensus,org_view=611,cur_changeCycle=1,curView=611,view=612
info|2023-06-07 13:01:06.092011|[g:1][CONSENSUS]addRawPrepare,height=12,reqIdx=3,hash=af158b00...,time=1
info|2023-06-07 13:01:06.092403|[g:1][CONSENSUS][PBFT]checkTimeout Succ,view=612,toView=613,nodeIdx=1,changeCycle=1,myNode=91a6062d...,timecost=0
info|2023-06-07 13:01:06.095468|[g:1][CONSENSUS][PBFT]checkAndChangeView: Reach consensus,org_view=612,cur_changeCycle=1,curView=612,view=613
info|2023-06-07 13:01:07.097588|[g:1][CONSENSUS]addRawPrepare,height=12,reqIdx=0,hash=5f5e0feb...,time=0
info|2023-06-07 13:01:07.098885|[g:1][CONSENSUS][PBFT]checkTimeout Succ,view=613,toView=614,nodeIdx=1,changeCycle=1,myNode=91a6062d...,timecost=1
info|2023-06-07 13:01:07.100240|[g:1][CONSENSUS][PBFT]checkAndChangeView: Reach consensus,org_view=613,cur_changeCycle=1,curView=613,view=614
info|2023-06-07 13:01:08.101186|[g:1][CONSENSUS][SEALER]++++++++++++++++ Generating seal on,blkNum=12,tx=0,nodeIdx=1,hash=4bf9f399...
info|2023-06-07 13:01:08.105395|[g:1][CONSENSUS][PBFT]checkTimeout Succ,view=614,toView=615,nodeIdx=1,changeCycle=1,myNode=91a6062d...,timecost=4
info|2023-06-07 13:01:08.106803|[g:1][CONSENSUS][PBFT]checkAndChangeView: Reach consensus,org_view=614,cur_changeCycle=1,curView=614,view=615
info|2023-06-07 13:01:09.107682|[g:1][CONSENSUS]addRawPrepare,height=12,reqIdx=2,hash=f831155e...,time=0
info|2023-06-07 13:01:09.108397|[g:1][CONSENSUS][PBFT]checkTimeout Succ,view=615,toView=616,nodeIdx=1,changeCycle=1,myNode=91a6062d...,timecost=1
info|2023-06-07 13:01:09.109854|[g:1][CONSENSUS][PBFT]checkAndChangeView: Reach consensus,org_view=615,cur_changeCycle=1,curView=615,view=616
info|2023-06-07 13:01:10.115322|[g:1][CONSENSUS]addRawPrepare,height=12,reqIdx=3,hash=a2a9f152...,time=0
info|2023-06-07 13:01:10.115846|[g:1][CONSENSUS][PBFT]checkTimeout Succ,view=616,toView=617,nodeIdx=1,changeCycle=1,myNode=91a6062d...,timecost=0
info|2023-06-07 13:01:10.117604|[g:1][CONSENSUS][PBFT]checkAndChangeView: Reach consensus,org_view=616,cur_changeCycle=1,curView=616,view=617
info|2023-06-07 13:01:11.120776|[g:1][CONSENSUS]addRawPrepare,height=12,reqIdx=0,hash=43a00323...,time=0
info|2023-06-07 13:01:11.121436|[g:1][CONSENSUS][PBFT]checkTimeout Succ,view=617,toView=618,nodeIdx=1,changeCycle=1,myNode=91a6062d...,timecost=1
info|2023-06-07 13:01:11.123619|[g:1][CONSENSUS][PBFT]checkAndChangeView: Reach consensus,org_view=617,cur_changeCycle=1,curView=617,view=618
info|2023-06-07 13:01:12.123567|[g:1][CONSENSUS][SEALER]++++++++++++++++ Generating seal on,blkNum=12,tx=0,nodeIdx=1,hash=f4944b72...
info|2023-06-07 13:01:12.125140|[g:1][CONSENSUS][PBFT]checkTimeout Succ,view=618,toView=619,nodeIdx=1,changeCycle=1,myNode=91a6062d...,timecost=1
info|2023-06-07 13:01:12.131260|[g:1][CONSENSUS][PBFT]checkAndChangeView: Reach consensus,org_view=618,cur_changeCycle=1,curView=618,view=619
info|2023-06-07 13:01:12.893872|[P2P][Service] heartBeat,connected count=3
info|2023-06-07 13:01:13.131083|[g:1][CONSENSUS]addRawPrepare,height=12,reqIdx=2,hash=98a28072...,time=0
info|2023-06-07 13:01:13.131813|[g:1][CONSENSUS][PBFT]checkTimeout Succ,view=619,toView=620,nodeIdx=1,changeCycle=1,myNode=91a6062d...,timecost=0
info|2023-06-07 13:01:13.134287|[g:1][CONSENSUS][PBFT]checkAndChangeView: Reach consensus,org_view=619,cur_changeCycle=1,curView=619,view=620
info|2023-06-07 13:01:14.136117|[g:1][CONSENSUS]addRawPrepare,height=12,reqIdx=3,hash=187e3105...,time=0
info|2023-06-07 13:01:14.136606|[g:1][CONSENSUS][PBFT]checkTimeout Succ,view=620,toView=621,nodeIdx=1,changeCycle=1,myNode=91a6062d...,timecost=0
info|2023-06-07 13:01:14.140181|[g:1][CONSENSUS][PBFT]checkAndChangeView: Reach consensus,org_view=620,cur_changeCycle=1,curView=620,view=621
info|2023-06-07 13:01:15.141796|[g:1][CONSENSUS]addRawPrepare,height=12,reqIdx=0,hash=9680f07a...,time=0
info|2023-06-07 13:01:15.143072|[g:1][CONSENSUS][PBFT]checkTimeout Succ,view=621,toView=622,nodeIdx=1,changeCycle=1,myNode=91a6062d...,timecost=2
info|2023-06-07 13:01:15.144500|[g:1][CONSENSUS][PBFT]checkAndChangeView: Reach consensus,org_view=621,cur_changeCycle=1,curView=621,view=622
info|2023-06-07 13:01:16.146476|[g:1][CONSENSUS][SEALER]++++++++++++++++ Generating seal on,blkNum=12,tx=0,nodeIdx=1,hash=d9ba88bf...
info|2023-06-07 13:01:16.147722|[g:1][CONSENSUS][PBFT]checkTimeout Succ,view=622,toView=623,nodeIdx=1,changeCycle=1,myNode=91a6062d...,timecost=0
info|2023-06-07 13:01:16.151713|[g:1][CONSENSUS][PBFT]checkAndChangeView: Reach consensus,org_view=622,cur_changeCycle=1,curView=622,view=623
info|2023-06-07 13:01:17.154412|[g:1][CONSENSUS]addRawPrepare,height=12,reqIdx=2,hash=1af03729...,time=0
info|2023-06-07 13:01:17.155230|[g:1][CONSENSUS][PBFT]checkTimeout Succ,view=623,toView=624,nodeIdx=1,changeCycle=1,myNode=91a6062d...,timecost=1
info|2023-06-07 13:01:17.157839|[g:1][CONSENSUS][PBFT]checkAndChangeView: Reach consensus,org_view=623,cur_changeCycle=1,curView=623,view=624
info|2023-06-07 13:01:18.167501|[g:1][CONSENSUS][PBFT]Trigger fast-viewchange,view=624,toView=624,minView=625,INFO=,reqNum=11,curNum=11,GenIdx=3,Cview=625,view=624,fromIdx=3,fromNode=c309ad65...,fromIp=127.0.0.1:55348,hash=9080150b...,nodeIdx=1,myNode=91a6062d...
info|2023-06-07 13:01:18.169169|[g:1][CONSENSUS][PBFT]checkAndChangeView: Reach consensus,org_view=624,cur_changeCycle=2,curView=624,view=625
info|2023-06-07 13:01:18.169572|[g:1][CONSENSUS][PBFT]checkTimeout Succ,view=625,toView=625,nodeIdx=1,changeCycle=2,myNode=91a6062d...,timecost=2
info|2023-06-07 13:01:19.171762|[g:1][CONSENSUS]addRawPrepare,height=12,reqIdx=0,hash=c8a86989...,time=0
info|2023-06-07 13:01:19.172354|[g:1][CONSENSUS][PBFT]checkTimeout Succ,view=625,toView=626,nodeIdx=1,changeCycle=1,myNode=91a6062d...,timecost=1
info|2023-06-07 13:01:19.174014|[g:1][CONSENSUS][PBFT]checkAndChangeView: Reach consensus,org_view=625,cur_changeCycle=1,curView=625,view=626
info|2023-06-07 13:01:20.174698|[g:1][CONSENSUS][SEALER]++++++++++++++++ Generating seal on,blkNum=12,tx=0,nodeIdx=1,hash=5425493e...
info|2023-06-07 13:01:20.181876|[g:1][CONSENSUS][PBFT]checkTimeout Succ,view=626,toView=627,nodeIdx=1,changeCycle=1,myNode=91a6062d...,timecost=0
info|2023-06-07 13:01:20.182828|[g:1][CONSENSUS][PBFT]checkAndChangeView: Reach consensus,org_view=626,cur_changeCycle=1,curView=626,view=627
info|2023-06-07 13:01:21.183068|[g:1][CONSENSUS]addRawPrepare,height=12,reqIdx=2,hash=34dc5718...,time=0
info|2023-06-07 13:01:21.183633|[g:1][CONSENSUS][PBFT]checkTimeout Succ,view=627,toView=628,nodeIdx=1,changeCycle=1,myNode=91a6062d...,timecost=0
info|2023-06-07 13:01:21.184429|[g:1][CONSENSUS][PBFT]checkAndChangeView: Reach consensus,org_view=627,cur_changeCycle=1,curView=627,view=628
info|2023-06-07 13:01:22.187900|[g:1][CONSENSUS]addRawPrepare,height=12,reqIdx=3,hash=37ff2730...,time=0
info|2023-06-07 13:01:22.188711|[g:1][CONSENSUS][PBFT]checkTimeout Succ,view=628,toView=629,nodeIdx=1,changeCycle=1,myNode=91a6062d...,timecost=0
info|2023-06-07 13:01:22.190992|[g:1][CONSENSUS][PBFT]checkAndChangeView: Reach consensus,org_view=628,cur_changeCycle=1,curView=628,view=629
info|2023-06-07 13:01:22.894039|[P2P][Service] heartBeat,connected count=3
info|2023-06-07 13:01:23.194385|[g:1][CONSENSUS]addRawPrepare,height=12,reqIdx=0,hash=7eb3d212...,time=0
info|2023-06-07 13:01:23.194947|[g:1][CONSENSUS][PBFT]checkTimeout Succ,view=629,toView=630,nodeIdx=1,changeCycle=1,myNode=91a6062d...,timecost=0
info|2023-06-07 13:01:23.197139|[g:1][CONSENSUS][PBFT]checkAndChangeView: Reach consensus,org_view=629,cur_changeCycle=1,curView=629,view=630
info|2023-06-07 13:01:24.198100|[g:1][CONSENSUS][SEALER]++++++++++++++++ Generating seal on,blkNum=12,tx=0,nodeIdx=1,hash=d67e869c...
info|2023-06-07 13:01:24.199067|[g:1][CONSENSUS][PBFT]checkTimeout Succ,view=630,toView=631,nodeIdx=1,changeCycle=1,myNode=91a6062d...,timecost=1
info|2023-06-07 13:01:24.201896|[g:1][CONSENSUS][PBFT]checkAndChangeView: Reach consensus,org_view=630,cur_changeCycle=1,curView=630,view=631
info|2023-06-07 13:01:25.205622|[g:1][CONSENSUS]addRawPrepare,height=12,reqIdx=2,hash=2f64934b...,time=0
info|2023-06-07 13:01:25.206222|[g:1][CONSENSUS][PBFT]checkTimeout Succ,view=631,toView=632,nodeIdx=1,changeCycle=1,myNode=91a6062d...,timecost=1
info|2023-06-07 13:01:25.208052|[g:1][CONSENSUS][PBFT]checkAndChangeView: Reach consensus,org_view=631,cur_changeCycle=1,curView=631,view=632
info|2023-06-07 13:01:26.209111|[g:1][CONSENSUS]addRawPrepare,height=12,reqIdx=3,hash=3af97a36...,time=0
info|2023-06-07 13:01:26.209530|[g:1][CONSENSUS][PBFT]checkTimeout Succ,view=632,toView=633,nodeIdx=1,changeCycle=1,myNode=91a6062d...,timecost=0
info|2023-06-07 13:01:26.211176|[g:1][CONSENSUS][PBFT]checkAndChangeView: Reach consensus,org_view=632,cur_changeCycle=1,curView=632,view=633
info|2023-06-07 13:01:27.215237|[g:1][CONSENSUS]addRawPrepare,height=12,reqIdx=0,hash=012ce08b...,time=0
info|2023-06-07 13:01:27.216574|[g:1][CONSENSUS][PBFT]checkTimeout Succ,view=633,toView=634,nodeIdx=1,changeCycle=1,myNode=91a6062d...,timecost=1
info|2023-06-07 13:01:27.218955|[g:1][CONSENSUS][PBFT]checkAndChangeView: Reach consensus,org_view=633,cur_changeCycle=1,curView=633,view=634
info|2023-06-07 13:01:28.219795|[g:1][CONSENSUS][SEALER]++++++++++++++++ Generating seal on,blkNum=12,tx=0,nodeIdx=1,hash=92219432...
info|2023-06-07 13:01:28.221238|[g:1][CONSENSUS][PBFT]checkTimeout Succ,view=634,toView=635,nodeIdx=1,changeCycle=1,myNode=91a6062d...,timecost=1
info|2023-06-07 13:01:28.225943|[g:1][CONSENSUS][PBFT]checkAndChangeView: Reach consensus,org_view=634,cur_changeCycle=1,curView=634,view=635
info|2023-06-07 13:01:29.229100|[g:1][CONSENSUS]addRawPrepare,height=12,reqIdx=2,hash=d810faec...,time=0
info|2023-06-07 13:01:29.229472|[g:1][CONSENSUS][PBFT]checkTimeout Succ,view=635,toView=636,nodeIdx=1,changeCycle=1,myNode=91a6062d...,timecost=0
info|2023-06-07 13:01:29.230267|[g:1][CONSENSUS][PBFT]checkAndChangeView: Reach consensus,org_view=635,cur_changeCycle=1,curView=635,view=636
info|2023-06-07 13:01:30.232306|[g:1][CONSENSUS]addRawPrepare,height=12,reqIdx=3,hash=c7f99d09...,time=0
info|2023-06-07 13:01:30.232935|[g:1][CONSENSUS][PBFT]checkTimeout Succ,view=636,toView=637,nodeIdx=1,changeCycle=1,myNode=91a6062d...,timecost=0
info|2023-06-07 13:01:30.235214|[g:1][CONSENSUS][PBFT]checkAndChangeView: Reach consensus,org_view=636,cur_changeCycle=1,curView=636,view=637
info|2023-06-07 13:01:31.237962|[g:1][CONSENSUS]addRawPrepare,height=12,reqIdx=0,hash=31c3104b...,time=1
info|2023-06-07 13:01:31.238460|[g:1][CONSENSUS][PBFT]checkTimeout Succ,view=637,toView=638,nodeIdx=1,changeCycle=1,myNode=91a6062d...,timecost=0
info|2023-06-07 13:01:31.241444|[g:1][CONSENSUS][PBFT]checkAndChangeView: Reach consensus,org_view=637,cur_changeCycle=1,curView=637,view=638
info|2023-06-07 13:01:32.241905|[g:1][CONSENSUS][SEALER]++++++++++++++++ Generating seal on,blkNum=12,tx=0,nodeIdx=1,hash=be8202a2...
info|2023-06-07 13:01:32.243304|[g:1][CONSENSUS][PBFT]checkTimeout Succ,view=638,toView=639,nodeIdx=1,changeCycle=1,myNode=91a6062d...,timecost=1
info|2023-06-07 13:01:32.248565|[g:1][CONSENSUS][PBFT]checkAndChangeView: Reach consensus,org_view=638,cur_changeCycle=1,curView=638,view=639
info|2023-06-07 13:01:32.894167|[P2P][Service] heartBeat,connected count=3
info|2023-06-07 13:01:33.249598|[g:1][CONSENSUS]addRawPrepare,height=12,reqIdx=2,hash=507175ac...,time=0
info|2023-06-07 13:01:33.250234|[g:1][CONSENSUS][PBFT]checkTimeout Succ,view=639,toView=640,nodeIdx=1,changeCycle=1,myNode=91a6062d...,timecost=1
info|2023-06-07 13:01:33.251100|[g:1][CONSENSUS][PBFT]checkAndChangeView: Reach consensus,org_view=639,cur_changeCycle=1,curView=639,view=640
info|2023-06-07 13:01:34.253220|[g:1][CONSENSUS]addRawPrepare,height=12,reqIdx=3,hash=52960819...,time=0
info|2023-06-07 13:01:34.254168|[g:1][CONSENSUS][PBFT]checkTimeout Succ,view=640,toView=641,nodeIdx=1,changeCycle=1,myNode=91a6062d...,timecost=1
info|2023-06-07 13:01:34.256090|[g:1][CONSENSUS][PBFT]checkAndChangeView: Reach consensus,org_view=640,cur_changeCycle=1,curView=640,view=641
info|2023-06-07 13:01:35.257736|[g:1][CONSENSUS]addRawPrepare,height=12,reqIdx=0,hash=94f02e91...,time=0
info|2023-06-07 13:01:35.258145|[g:1][CONSENSUS][PBFT]checkTimeout Succ,view=641,toView=642,nodeIdx=1,changeCycle=1,myNode=91a6062d...,timecost=1
info|2023-06-07 13:01:35.258916|[g:1][CONSENSUS][PBFT]checkAndChangeView: Reach consensus,org_view=641,cur_changeCycle=1,curView=641,view=642
info|2023-06-07 13:01:36.259811|[g:1][CONSENSUS][SEALER]++++++++++++++++ Generating seal on,blkNum=12,tx=0,nodeIdx=1,hash=217ab41f...
info|2023-06-07 13:01:36.264797|[g:1][CONSENSUS][PBFT]checkTimeout Succ,view=642,toView=643,nodeIdx=1,changeCycle=1,myNode=91a6062d...,timecost=0
info|2023-06-07 13:01:36.265193|[g:1][CONSENSUS][PBFT]checkAndChangeView: Reach consensus,org_view=642,cur_changeCycle=1,curView=642,view=643
info|2023-06-07 13:01:37.269205|[g:1][CONSENSUS]addRawPrepare,height=12,reqIdx=2,hash=10a1d32a...,time=0
info|2023-06-07 13:01:37.269998|[g:1][CONSENSUS][PBFT]checkTimeout Succ,view=643,toView=644,nodeIdx=1,changeCycle=1,myNode=91a6062d...,timecost=1
info|2023-06-07 13:01:37.271600|[g:1][CONSENSUS][PBFT]checkAndChangeView: Reach consensus,org_view=643,cur_changeCycle=1,curView=643,view=644
info|2023-06-07 13:01:38.272735|[g:1][CONSENSUS]addRawPrepare,height=12,reqIdx=3,hash=d1eb097a...,time=0
info|2023-06-07 13:01:38.273458|[g:1][CONSENSUS][PBFT]checkTimeout Succ,view=644,toView=645,nodeIdx=1,changeCycle=1,myNode=91a6062d...,timecost=1
info|2023-06-07 13:01:38.275767|[g:1][CONSENSUS][PBFT]checkAndChangeView: Reach consensus,org_view=644,cur_changeCycle=1,curView=644,view=645
info|2023-06-07 13:01:39.278666|[g:1][CONSENSUS]addRawPrepare,height=12,reqIdx=0,hash=c09ea81b...,time=0
info|2023-06-07 13:01:39.279167|[g:1][CONSENSUS][PBFT]checkTimeout Succ,view=645,toView=646,nodeIdx=1,changeCycle=1,myNode=91a6062d...,timecost=1
info|2023-06-07 13:01:39.280520|[g:1][CONSENSUS][PBFT]checkAndChangeView: Reach consensus,org_view=645,cur_changeCycle=1,curView=645,view=646
info|2023-06-07 13:01:40.280818|[g:1][CONSENSUS][SEALER]++++++++++++++++ Generating seal on,blkNum=12,tx=0,nodeIdx=1,hash=c40c2c66...
info|2023-06-07 13:01:40.282044|[g:1][CONSENSUS][PBFT]checkTimeout Succ,view=646,toView=647,nodeIdx=1,changeCycle=1,myNode=91a6062d...,timecost=1
info|2023-06-07 13:01:40.285916|[g:1][CONSENSUS][PBFT]checkAndChangeView: Reach consensus,org_view=646,cur_changeCycle=1,curView=646,view=647
info|2023-06-07 13:01:41.289775|[g:1][CONSENSUS]addRawPrepare,height=12,reqIdx=2,hash=3b25fb5e...,time=0
info|2023-06-07 13:01:41.290526|[g:1][CONSENSUS][PBFT]checkTimeout Succ,view=647,toView=648,nodeIdx=1,changeCycle=1,myNode=91a6062d...,timecost=0
info|2023-06-07 13:01:41.292501|[g:1][CONSENSUS][PBFT]checkAndChangeView: Reach consensus,org_view=647,cur_changeCycle=1,curView=647,view=648
info|2023-06-07 13:01:42.295203|[g:1][CONSENSUS]addRawPrepare,height=12,reqIdx=3,hash=e8202857...,time=0
info|2023-06-07 13:01:42.296008|[g:1][CONSENSUS][PBFT]checkTimeout Succ,view=648,toView=649,nodeIdx=1,changeCycle=1,myNode=91a6062d...,timecost=1
info|2023-06-07 13:01:42.298731|[g:1][CONSENSUS][PBFT]checkAndChangeView: Reach consensus,org_view=648,cur_changeCycle=1,curView=648,view=649
info|2023-06-07 13:01:42.894317|[P2P][Service] heartBeat,connected count=3
info|2023-06-07 13:01:43.301771|[g:1][CONSENSUS]addRawPrepare,height=12,reqIdx=0,hash=def723b1...,time=0
info|2023-06-07 13:01:43.302191|[g:1][CONSENSUS][PBFT]checkTimeout Succ,view=649,toView=650,nodeIdx=1,changeCycle=1,myNode=91a6062d...,timecost=1
info|2023-06-07 13:01:43.303753|[g:1][CONSENSUS][PBFT]checkAndChangeView: Reach consensus,org_view=649,cur_changeCycle=1,curView=649,view=650
info|2023-06-07 13:01:44.303879|[g:1][CONSENSUS][SEALER]++++++++++++++++ Generating seal on,blkNum=12,tx=0,nodeIdx=1,hash=48eb1449...
info|2023-06-07 13:01:44.304885|[g:1][CONSENSUS][PBFT]checkTimeout Succ,view=650,toView=651,nodeIdx=1,changeCycle=1,myNode=91a6062d...,timecost=0
info|2023-06-07 13:01:44.309178|[g:1][CONSENSUS][PBFT]checkAndChangeView: Reach consensus,org_view=650,cur_changeCycle=1,curView=650,view=651
info|2023-06-07 13:01:45.310876|[g:1][CONSENSUS]addRawPrepare,height=12,reqIdx=2,hash=bfdb621b...,time=0
info|2023-06-07 13:01:45.311801|[g:1][CONSENSUS][PBFT]checkTimeout Succ,view=651,toView=652,nodeIdx=1,changeCycle=1,myNode=91a6062d...,timecost=0
info|2023-06-07 13:01:45.313226|[g:1][CONSENSUS][PBFT]checkAndChangeView: Reach consensus,org_view=651,cur_changeCycle=1,curView=651,view=652
info|2023-06-07 13:01:46.317443|[g:1][CONSENSUS]addRawPrepare,height=12,reqIdx=3,hash=eec1078d...,time=0
info|2023-06-07 13:01:46.319075|[g:1][CONSENSUS][PBFT]checkTimeout Succ,view=652,toView=653,nodeIdx=1,changeCycle=1,myNode=91a6062d...,timecost=2
info|2023-06-07 13:01:46.320759|[g:1][CONSENSUS][PBFT]checkAndChangeView: Reach consensus,org_view=652,cur_changeCycle=1,curView=652,view=653
info|2023-06-07 13:01:47.321308|[g:1][CONSENSUS]addRawPrepare,height=12,reqIdx=0,hash=d9a7323c...,time=0
info|2023-06-07 13:01:47.321865|[g:1][CONSENSUS][PBFT]checkTimeout Succ,view=653,toView=654,nodeIdx=1,changeCycle=1,myNode=91a6062d...,timecost=0
info|2023-06-07 13:01:47.324334|[g:1][CONSENSUS][PBFT]checkAndChangeView: Reach consensus,org_view=653,cur_changeCycle=1,curView=653,view=654
info|2023-06-07 13:01:48.324671|[g:1][CONSENSUS][SEALER]++++++++++++++++ Generating seal on,blkNum=12,tx=0,nodeIdx=1,hash=0e4f7c99...
info|2023-06-07 13:01:48.326278|[g:1][CONSENSUS][PBFT]checkTimeout Succ,view=654,toView=655,nodeIdx=1,changeCycle=1,myNode=91a6062d...,timecost=1
info|2023-06-07 13:01:48.331720|[g:1][CONSENSUS][PBFT]checkAndChangeView: Reach consensus,org_view=654,cur_changeCycle=1,curView=654,view=655
info|2023-06-07 13:01:49.332912|[g:1][CONSENSUS]addRawPrepare,height=12,reqIdx=2,hash=4ba6d039...,time=0
info|2023-06-07 13:01:49.333455|[g:1][CONSENSUS][PBFT]checkTimeout Succ,view=655,toView=656,nodeIdx=1,changeCycle=1,myNode=91a6062d...,timecost=0
info|2023-06-07 13:01:49.335666|[g:1][CONSENSUS][PBFT]checkAndChangeView: Reach consensus,org_view=655,cur_changeCycle=1,curView=655,view=656
info|2023-06-07 13:01:50.341475|[g:1][CONSENSUS]addRawPrepare,height=12,reqIdx=3,hash=e8c4d07e...,time=0
info|2023-06-07 13:01:50.342035|[g:1][CONSENSUS][PBFT]checkTimeout Succ,view=656,toView=657,nodeIdx=1,changeCycle=1,myNode=91a6062d...,timecost=1
info|2023-06-07 13:01:50.344131|[g:1][CONSENSUS][PBFT]checkAndChangeView: Reach consensus,org_view=656,cur_changeCycle=1,curView=656,view=657
info|2023-06-07 13:01:51.345637|[g:1][CONSENSUS]addRawPrepare,height=12,reqIdx=0,hash=dbf8712d...,time=0
info|2023-06-07 13:01:51.346396|[g:1][CONSENSUS][PBFT]checkTimeout Succ,view=657,toView=658,nodeIdx=1,changeCycle=1,myNode=91a6062d...,timecost=1
info|2023-06-07 13:01:51.348212|[g:1][CONSENSUS][PBFT]checkAndChangeView: Reach consensus,org_view=657,cur_changeCycle=1,curView=657,view=658
info|2023-06-07 13:01:52.349012|[g:1][CONSENSUS][SEALER]++++++++++++++++ Generating seal on,blkNum=12,tx=0,nodeIdx=1,hash=ec7e46c9...
info|2023-06-07 13:01:52.354742|[g:1][CONSENSUS][PBFT]checkTimeout Succ,view=658,toView=659,nodeIdx=1,changeCycle=1,myNode=91a6062d...,timecost=0
info|2023-06-07 13:01:52.355796|[g:1][CONSENSUS][PBFT]checkAndChangeView: Reach consensus,org_view=658,cur_changeCycle=1,curView=658,view=659
info|2023-06-07 13:01:52.894582|[P2P][Service] heartBeat,connected count=3
info|2023-06-07 13:01:53.356549|[g:1][CONSENSUS]addRawPrepare,height=12,reqIdx=2,hash=960ec5f8...,time=0
info|2023-06-07 13:01:53.357288|[g:1][CONSENSUS][PBFT]checkTimeout Succ,view=659,toView=660,nodeIdx=1,changeCycle=1,myNode=91a6062d...,timecost=1
info|2023-06-07 13:01:53.359720|[g:1][CONSENSUS][PBFT]checkAndChangeView: Reach consensus,org_view=659,cur_changeCycle=1,curView=659,view=660
info|2023-06-07 13:01:54.364541|[g:1][CONSENSUS]addRawPrepare,height=12,reqIdx=3,hash=64684850...,time=0
info|2023-06-07 13:01:54.364940|[g:1][CONSENSUS][PBFT]checkTimeout Succ,view=660,toView=661,nodeIdx=1,changeCycle=1,myNode=91a6062d...,timecost=0
info|2023-06-07 13:01:54.367096|[g:1][CONSENSUS][PBFT]checkAndChangeView: Reach consensus,org_view=660,cur_changeCycle=1,curView=660,view=661
info|2023-06-07 13:01:55.370730|[g:1][CONSENSUS]addRawPrepare,height=12,reqIdx=0,hash=f5c72039...,time=0
info|2023-06-07 13:01:55.371739|[g:1][CONSENSUS][PBFT]checkTimeout Succ,view=661,toView=662,nodeIdx=1,changeCycle=1,myNode=91a6062d...,timecost=1
info|2023-06-07 13:01:55.373589|[g:1][CONSENSUS][PBFT]checkAndChangeView: Reach consensus,org_view=661,cur_changeCycle=1,curView=661,view=662
info|2023-06-07 13:01:56.374163|[g:1][CONSENSUS][SEALER]++++++++++++++++ Generating seal on,blkNum=12,tx=0,nodeIdx=1,hash=ef604a38...
info|2023-06-07 13:01:56.375463|[g:1][CONSENSUS][PBFT]checkTimeout Succ,view=662,toView=663,nodeIdx=1,changeCycle=1,myNode=91a6062d...,timecost=0
info|2023-06-07 13:01:56.380718|[g:1][CONSENSUS][PBFT]checkAndChangeView: Reach consensus,org_view=662,cur_changeCycle=1,curView=662,view=663
info|2023-06-07 13:01:57.383242|[g:1][CONSENSUS]addRawPrepare,height=12,reqIdx=2,hash=d8e8c257...,time=0
info|2023-06-07 13:01:57.383794|[g:1][CONSENSUS][PBFT]checkTimeout Succ,view=663,toView=664,nodeIdx=1,changeCycle=1,myNode=91a6062d...,timecost=0
info|2023-06-07 13:01:57.384324|[g:1][CONSENSUS][PBFT]checkAndChangeView: Reach consensus,org_view=663,cur_changeCycle=1,curView=663,view=664
info|2023-06-07 13:01:58.386847|[g:1][CONSENSUS]addRawPrepare,height=12,reqIdx=3,hash=a7af0fca...,time=0
info|2023-06-07 13:01:58.388053|[g:1][CONSENSUS][PBFT]checkTimeout Succ,view=664,toView=665,nodeIdx=1,changeCycle=1,myNode=91a6062d...,timecost=1
info|2023-06-07 13:01:58.389880|[g:1][CONSENSUS][PBFT]checkAndChangeView: Reach consensus,org_view=664,cur_changeCycle=1,curView=664,view=665
info|2023-06-07 13:01:59.392219|[g:1][CONSENSUS]addRawPrepare,height=12,reqIdx=0,hash=e7ab696e...,time=0
info|2023-06-07 13:01:59.392654|[g:1][CONSENSUS][PBFT]checkTimeout Succ,view=665,toView=666,nodeIdx=1,changeCycle=1,myNode=91a6062d...,timecost=0
info|2023-06-07 13:01:59.393947|[g:1][CONSENSUS][PBFT]checkAndChangeView: Reach consensus,org_view=665,cur_changeCycle=1,curView=665,view=666
info|2023-06-07 13:02:00.395145|[g:1][CONSENSUS][SEALER]++++++++++++++++ Generating seal on,blkNum=12,tx=0,nodeIdx=1,hash=60af293a...
info|2023-06-07 13:02:00.396380|[g:1][CONSENSUS][PBFT]checkTimeout Succ,view=666,toView=667,nodeIdx=1,changeCycle=1,myNode=91a6062d...,timecost=0
info|2023-06-07 13:02:00.399437|[g:1][CONSENSUS][PBFT]checkAndChangeView: Reach consensus,org_view=666,cur_changeCycle=1,curView=666,view=667
info|2023-06-07 13:02:01.404637|[g:1][CONSENSUS]addRawPrepare,height=12,reqIdx=2,hash=90c34d06...,time=0
info|2023-06-07 13:02:01.405136|[g:1][CONSENSUS][PBFT]checkTimeout Succ,view=667,toView=668,nodeIdx=1,changeCycle=1,myNode=91a6062d...,timecost=1
info|2023-06-07 13:02:01.406850|[g:1][CONSENSUS][PBFT]checkAndChangeView: Reach consensus,org_view=667,cur_changeCycle=1,curView=667,view=668
info|2023-06-07 13:02:02.410657|[g:1][CONSENSUS]addRawPrepare,height=12,reqIdx=3,hash=765ec3da...,time=0
info|2023-06-07 13:02:02.412083|[g:1][CONSENSUS][PBFT]checkTimeout Succ,view=668,toView=669,nodeIdx=1,changeCycle=1,myNode=91a6062d...,timecost=2
info|2023-06-07 13:02:02.414948|[g:1][CONSENSUS][PBFT]checkAndChangeView: Reach consensus,org_view=668,cur_changeCycle=1,curView=668,view=669
info|2023-06-07 13:02:02.894773|[P2P][Service] heartBeat,connected count=3
info|2023-06-07 13:02:03.414695|[g:1][CONSENSUS]addRawPrepare,height=12,reqIdx=0,hash=79449858...,time=0
info|2023-06-07 13:02:03.416475|[g:1][CONSENSUS][PBFT]checkTimeout Succ,view=669,toView=670,nodeIdx=1,changeCycle=1,myNode=91a6062d...,timecost=2
info|2023-06-07 13:02:03.419265|[g:1][CONSENSUS][PBFT]checkAndChangeView: Reach consensus,org_view=669,cur_changeCycle=1,curView=669,view=670
info|2023-06-07 13:02:04.419702|[g:1][CONSENSUS][SEALER]++++++++++++++++ Generating seal on,blkNum=12,tx=0,nodeIdx=1,hash=0bebf684...
info|2023-06-07 13:02:04.421814|[g:1][CONSENSUS][PBFT]checkTimeout Succ,view=670,toView=671,nodeIdx=1,changeCycle=1,myNode=91a6062d...,timecost=1
info|2023-06-07 13:02:04.424935|[g:1][CONSENSUS][PBFT]checkAndChangeView: Reach consensus,org_view=670,cur_changeCycle=1,curView=670,view=671
info|2023-06-07 13:02:05.428336|[g:1][CONSENSUS]addRawPrepare,height=12,reqIdx=2,hash=b225d523...,time=0
info|2023-06-07 13:02:05.429487|[g:1][CONSENSUS][PBFT]checkTimeout Succ,view=671,toView=672,nodeIdx=1,changeCycle=1,myNode=91a6062d...,timecost=1
info|2023-06-07 13:02:05.431434|[g:1][CONSENSUS][PBFT]checkAndChangeView: Reach consensus,org_view=671,cur_changeCycle=1,curView=671,view=672
info|2023-06-07 13:02:06.433884|[g:1][CONSENSUS]addRawPrepare,height=12,reqIdx=3,hash=2f38059a...,time=0
info|2023-06-07 13:02:06.434465|[g:1][CONSENSUS][PBFT]checkTimeout Succ,view=672,toView=673,nodeIdx=1,changeCycle=1,myNode=91a6062d...,timecost=0
info|2023-06-07 13:02:06.438347|[g:1][CONSENSUS][PBFT]checkAndChangeView: Reach consensus,org_view=672,cur_changeCycle=1,curView=672,view=673
info|2023-06-07 13:02:07.438963|[g:1][CONSENSUS]addRawPrepare,height=12,reqIdx=0,hash=2c87367c...,time=1
info|2023-06-07 13:02:07.440818|[g:1][CONSENSUS][PBFT]checkTimeout Succ,view=673,toView=674,nodeIdx=1,changeCycle=1,myNode=91a6062d...,timecost=1
info|2023-06-07 13:02:07.448535|[g:1][CONSENSUS][PBFT]checkAndChangeView: Reach consensus,org_view=673,cur_changeCycle=1,curView=673,view=674
info|2023-06-07 13:02:08.448314|[g:1][CONSENSUS][SEALER]++++++++++++++++ Generating seal on,blkNum=12,tx=0,nodeIdx=1,hash=d1a510b3...
info|2023-06-07 13:02:08.451404|[g:1][CONSENSUS][PBFT]checkTimeout Succ,view=674,toView=675,nodeIdx=1,changeCycle=1,myNode=91a6062d...,timecost=3
info|2023-06-07 13:02:08.453931|[g:1][CONSENSUS][PBFT]checkAndChangeView: Reach consensus,org_view=674,cur_changeCycle=1,curView=674,view=675
info|2023-06-07 13:02:09.457014|[g:1][CONSENSUS]addRawPrepare,height=12,reqIdx=2,hash=dd7884f0...,time=0
info|2023-06-07 13:02:09.457467|[g:1][CONSENSUS][PBFT]checkTimeout Succ,view=675,toView=676,nodeIdx=1,changeCycle=1,myNode=91a6062d...,timecost=0
info|2023-06-07 13:02:09.461919|[g:1][CONSENSUS][PBFT]checkAndChangeView: Reach consensus,org_view=675,cur_changeCycle=1,curView=675,view=676
info|2023-06-07 13:02:10.466000|[g:1][CONSENSUS]addRawPrepare,height=12,reqIdx=3,hash=5fcbc883...,time=1
info|2023-06-07 13:02:10.466614|[g:1][CONSENSUS][PBFT]checkTimeout Succ,view=676,toView=677,nodeIdx=1,changeCycle=1,myNode=91a6062d...,timecost=0
info|2023-06-07 13:02:10.467354|[g:1][CONSENSUS][PBFT]checkAndChangeView: Reach consensus,org_view=676,cur_changeCycle=1,curView=676,view=677
info|2023-06-07 13:02:11.470045|[g:1][CONSENSUS]addRawPrepare,height=12,reqIdx=0,hash=afddc6eb...,time=0
info|2023-06-07 13:02:11.470957|[g:1][CONSENSUS][PBFT]checkTimeout Succ,view=677,toView=678,nodeIdx=1,changeCycle=1,myNode=91a6062d...,timecost=0
info|2023-06-07 13:02:11.475006|[g:1][CONSENSUS][PBFT]checkAndChangeView: Reach consensus,org_view=677,cur_changeCycle=1,curView=677,view=678
info|2023-06-07 13:02:12.475858|[g:1][CONSENSUS][SEALER]++++++++++++++++ Generating seal on,blkNum=12,tx=0,nodeIdx=1,hash=2c91c467...
info|2023-06-07 13:02:12.479443|[g:1][CONSENSUS][PBFT]checkTimeout Succ,view=678,toView=679,nodeIdx=1,changeCycle=1,myNode=91a6062d...,timecost=1
info|2023-06-07 13:02:12.481058|[g:1][CONSENSUS][PBFT]checkAndChangeView: Reach consensus,org_view=678,cur_changeCycle=1,curView=678,view=679
info|2023-06-07 13:02:12.895005|[P2P][Service] heartBeat,connected count=3
info|2023-06-07 13:02:13.481788|[g:1][CONSENSUS]addRawPrepare,height=12,reqIdx=2,hash=1458a26e...,time=0
info|2023-06-07 13:02:13.482656|[g:1][CONSENSUS][PBFT]checkTimeout Succ,view=679,toView=680,nodeIdx=1,changeCycle=1,myNode=91a6062d...,timecost=0
info|2023-06-07 13:02:13.484396|[g:1][CONSENSUS][PBFT]checkAndChangeView: Reach consensus,org_view=679,cur_changeCycle=1,curView=679,view=680
info|2023-06-07 13:02:14.487323|[g:1][CONSENSUS]addRawPrepare,height=12,reqIdx=3,hash=cde40aa1...,time=0
info|2023-06-07 13:02:14.488587|[g:1][CONSENSUS][PBFT]checkTimeout Succ,view=680,toView=681,nodeIdx=1,changeCycle=1,myNode=91a6062d...,timecost=1
info|2023-06-07 13:02:14.491650|[g:1][CONSENSUS][PBFT]checkAndChangeView: Reach consensus,org_view=680,cur_changeCycle=1,curView=680,view=681
info|2023-06-07 13:02:15.494409|[g:1][CONSENSUS]addRawPrepare,height=12,reqIdx=0,hash=d79461c3...,time=0
info|2023-06-07 13:02:15.494905|[g:1][CONSENSUS][PBFT]checkTimeout Succ,view=681,toView=682,nodeIdx=1,changeCycle=1,myNode=91a6062d...,timecost=0
info|2023-06-07 13:02:15.497441|[g:1][CONSENSUS][PBFT]checkAndChangeView: Reach consensus,org_view=681,cur_changeCycle=1,curView=681,view=682
info|2023-06-07 13:02:16.498176|[g:1][CONSENSUS][SEALER]++++++++++++++++ Generating seal on,blkNum=12,tx=0,nodeIdx=1,hash=4d2f5e95...
info|2023-06-07 13:02:16.499127|[g:1][CONSENSUS][PBFT]checkTimeout Succ,view=682,toView=683,nodeIdx=1,changeCycle=1,myNode=91a6062d...,timecost=1
info|2023-06-07 13:02:16.501593|[g:1][CONSENSUS][PBFT]checkAndChangeView: Reach consensus,org_view=682,cur_changeCycle=1,curView=682,view=683
info|2023-06-07 13:02:17.505867|[g:1][CONSENSUS]addRawPrepare,height=12,reqIdx=2,hash=f64dc948...,time=0
info|2023-06-07 13:02:17.507405|[g:1][CONSENSUS][PBFT]checkTimeout Succ,view=683,toView=684,nodeIdx=1,changeCycle=1,myNode=91a6062d...,timecost=1
info|2023-06-07 13:02:17.509032|[g:1][CONSENSUS][PBFT]checkAndChangeView: Reach consensus,org_view=683,cur_changeCycle=1,curView=683,view=684
info|2023-06-07 13:02:18.519757|[g:1][CONSENSUS]addRawPrepare,height=12,reqIdx=3,hash=dc7da63d...,time=0
info|2023-06-07 13:02:18.520286|[g:1][CONSENSUS][PBFT]checkTimeout Succ,view=684,toView=685,nodeIdx=1,changeCycle=1,myNode=91a6062d...,timecost=1
info|2023-06-07 13:02:18.525297|[g:1][CONSENSUS][PBFT]checkAndChangeView: Reach consensus,org_view=684,cur_changeCycle=1,curView=684,view=685
info|2023-06-07 13:02:19.527235|[g:1][CONSENSUS]addRawPrepare,height=12,reqIdx=0,hash=8cb842d1...,time=0
info|2023-06-07 13:02:19.528176|[g:1][CONSENSUS][PBFT]checkTimeout Succ,view=685,toView=686,nodeIdx=1,changeCycle=1,myNode=91a6062d...,timecost=1
info|2023-06-07 13:02:19.529717|[g:1][CONSENSUS][PBFT]checkAndChangeView: Reach consensus,org_view=685,cur_changeCycle=1,curView=685,view=686
info|2023-06-07 13:02:20.529193|[g:1][CONSENSUS][SEALER]++++++++++++++++ Generating seal on,blkNum=12,tx=0,nodeIdx=1,hash=2d89dc49...
info|2023-06-07 13:02:20.530505|[g:1][CONSENSUS][PBFT]checkTimeout Succ,view=686,toView=687,nodeIdx=1,changeCycle=1,myNode=91a6062d...,timecost=0
info|2023-06-07 13:02:20.534748|[g:1][CONSENSUS][PBFT]checkAndChangeView: Reach consensus,org_view=686,cur_changeCycle=1,curView=686,view=687
info|2023-06-07 13:02:21.538313|[g:1][CONSENSUS]addRawPrepare,height=12,reqIdx=2,hash=58016a36...,time=0
info|2023-06-07 13:02:21.539222|[g:1][CONSENSUS][PBFT]checkTimeout Succ,view=687,toView=688,nodeIdx=1,changeCycle=1,myNode=91a6062d...,timecost=1
info|2023-06-07 13:02:21.540778|[g:1][CONSENSUS][PBFT]checkAndChangeView: Reach consensus,org_view=687,cur_changeCycle=1,curView=687,view=688
info|2023-06-07 13:02:22.542542|[g:1][CONSENSUS]addRawPrepare,height=12,reqIdx=3,hash=14a8e6c4...,time=0
info|2023-06-07 13:02:22.543004|[g:1][CONSENSUS][PBFT]checkTimeout Succ,view=688,toView=689,nodeIdx=1,changeCycle=1,myNode=91a6062d...,timecost=1
info|2023-06-07 13:02:22.544793|[g:1][CONSENSUS][PBFT]checkAndChangeView: Reach consensus,org_view=688,cur_changeCycle=1,curView=688,view=689
info|2023-06-07 13:02:22.895140|[P2P][Service] heartBeat,connected count=3
info|2023-06-07 13:02:23.549295|[g:1][CONSENSUS]addRawPrepare,height=12,reqIdx=0,hash=c864797e...,time=0
info|2023-06-07 13:02:23.550138|[g:1][CONSENSUS][PBFT]checkTimeout Succ,view=689,toView=690,nodeIdx=1,changeCycle=1,myNode=91a6062d...,timecost=1
info|2023-06-07 13:02:23.551665|[g:1][CONSENSUS][PBFT]checkAndChangeView: Reach consensus,org_view=689,cur_changeCycle=1,curView=689,view=690
info|2023-06-07 13:02:24.551296|[g:1][CONSENSUS][SEALER]++++++++++++++++ Generating seal on,blkNum=12,tx=0,nodeIdx=1,hash=481dc67d...
info|2023-06-07 13:02:24.553211|[g:1][CONSENSUS][PBFT]checkTimeout Succ,view=690,toView=691,nodeIdx=1,changeCycle=1,myNode=91a6062d...,timecost=1
info|2023-06-07 13:02:24.556492|[g:1][CONSENSUS][PBFT]checkAndChangeView: Reach consensus,org_view=690,cur_changeCycle=1,curView=690,view=691
info|2023-06-07 13:02:25.557705|[g:1][CONSENSUS]addRawPrepare,height=12,reqIdx=2,hash=1f9b8367...,time=0
info|2023-06-07 13:02:25.558642|[g:1][CONSENSUS][PBFT]checkTimeout Succ,view=691,toView=692,nodeIdx=1,changeCycle=1,myNode=91a6062d...,timecost=0
info|2023-06-07 13:02:25.563285|[g:1][CONSENSUS][PBFT]checkAndChangeView: Reach consensus,org_view=691,cur_changeCycle=1,curView=691,view=692
info|2023-06-07 13:02:26.566390|[g:1][CONSENSUS]addRawPrepare,height=12,reqIdx=3,hash=9ae1089d...,time=0
info|2023-06-07 13:02:26.566800|[g:1][CONSENSUS][PBFT]checkTimeout Succ,view=692,toView=693,nodeIdx=1,changeCycle=1,myNode=91a6062d...,timecost=0
info|2023-06-07 13:02:26.568778|[g:1][CONSENSUS][PBFT]checkAndChangeView: Reach consensus,org_view=692,cur_changeCycle=1,curView=692,view=693
info|2023-06-07 13:02:27.572291|[g:1][CONSENSUS]addRawPrepare,height=12,reqIdx=0,hash=b18cb3f9...,time=0
info|2023-06-07 13:02:27.574370|[g:1][CONSENSUS][PBFT]checkTimeout Succ,view=693,toView=694,nodeIdx=1,changeCycle=1,myNode=91a6062d...,timecost=2
info|2023-06-07 13:02:27.576213|[g:1][CONSENSUS][PBFT]checkAndChangeView: Reach consensus,org_view=693,cur_changeCycle=1,curView=693,view=694
info|2023-06-07 13:02:28.576836|[g:1][CONSENSUS][SEALER]++++++++++++++++ Generating seal on,blkNum=12,tx=0,nodeIdx=1,hash=2a110e4b...
info|2023-06-07 13:02:28.580577|[g:1][CONSENSUS][PBFT]checkTimeout Succ,view=694,toView=695,nodeIdx=1,changeCycle=1,myNode=91a6062d...,timecost=0
info|2023-06-07 13:02:28.581524|[g:1][CONSENSUS][PBFT]checkAndChangeView: Reach consensus,org_view=694,cur_changeCycle=1,curView=694,view=695
info|2023-06-07 13:02:29.585174|[g:1][CONSENSUS]addRawPrepare,height=12,reqIdx=2,hash=5a7459c2...,time=0
info|2023-06-07 13:02:29.586199|[g:1][CONSENSUS][PBFT]checkTimeout Succ,view=695,toView=696,nodeIdx=1,changeCycle=1,myNode=91a6062d...,timecost=1
info|2023-06-07 13:02:29.587817|[g:1][CONSENSUS][PBFT]checkAndChangeView: Reach consensus,org_view=695,cur_changeCycle=1,curView=695,view=696
info|2023-06-07 13:02:30.590579|[g:1][CONSENSUS]addRawPrepare,height=12,reqIdx=3,hash=ee60fac7...,time=0
info|2023-06-07 13:02:30.591585|[g:1][CONSENSUS][PBFT]checkTimeout Succ,view=696,toView=697,nodeIdx=1,changeCycle=1,myNode=91a6062d...,timecost=0
info|2023-06-07 13:02:30.593564|[g:1][CONSENSUS][PBFT]checkAndChangeView: Reach consensus,org_view=696,cur_changeCycle=1,curView=696,view=697
info|2023-06-07 13:02:31.595706|[g:1][CONSENSUS]addRawPrepare,height=12,reqIdx=0,hash=0deb1bc8...,time=0
info|2023-06-07 13:02:31.597203|[g:1][CONSENSUS][PBFT]checkTimeout Succ,view=697,toView=698,nodeIdx=1,changeCycle=1,myNode=91a6062d...,timecost=2
info|2023-06-07 13:02:31.600912|[g:1][CONSENSUS][PBFT]checkAndChangeView: Reach consensus,org_view=697,cur_changeCycle=1,curView=697,view=698
info|2023-06-07 13:02:32.601247|[g:1][CONSENSUS][SEALER]++++++++++++++++ Generating seal on,blkNum=12,tx=0,nodeIdx=1,hash=667b5ed9...
info|2023-06-07 13:02:32.605167|[g:1][CONSENSUS][PBFT]checkTimeout Succ,view=698,toView=699,nodeIdx=1,changeCycle=1,myNode=91a6062d...,timecost=3
info|2023-06-07 13:02:32.607768|[g:1][CONSENSUS][PBFT]checkAndChangeView: Reach consensus,org_view=698,cur_changeCycle=1,curView=698,view=699
info|2023-06-07 13:02:32.895534|[P2P][Service] heartBeat,connected count=3
info|2023-06-07 13:02:33.610458|[g:1][CONSENSUS]addRawPrepare,height=12,reqIdx=2,hash=881de2c5...,time=0
info|2023-06-07 13:02:33.611043|[g:1][CONSENSUS][PBFT]checkTimeout Succ,view=699,toView=700,nodeIdx=1,changeCycle=1,myNode=91a6062d...,timecost=1
info|2023-06-07 13:02:33.614240|[g:1][CONSENSUS][PBFT]checkAndChangeView: Reach consensus,org_view=699,cur_changeCycle=1,curView=699,view=700
warning|2023-06-07 13:02:34.003754|[NETWORK][Session]doRead error,endpoint=127.0.0.1:35108,message=short read
info|2023-06-07 13:02:34.003841|[NETWORK][Session]drop, call and erase all callbackFunc in this session!,endpoint=127.0.0.1:35108
warning|2023-06-07 13:02:34.003866|[NETWORK][Session][drop] closing remote 127.0.0.1:35108,reason=Low-level TCP communication error.,endpoint=127.0.0.1:35108
error|2023-06-07 13:02:34.003992|[NETWORK][Session]Session inactived
error|2023-06-07 13:02:34.004008|[NETWORK][Session]Session inactived
warning|2023-06-07 13:02:34.004019|[NETWORK][Session][drop] shutdown failed ,errorValue=9,message=Bad file descriptor
warning|2023-06-07 13:02:34.004062|[P2P][Service] disconnect error P2PSession,nodeID=bbc5bfac...,endpoint=127.0.0.1:35108,errorCode=3,what=Disconnect
warning|2023-06-07 13:02:34.004145|[P2P][Service] onDisconnect,errorCode=3,what=Dynamic exception type: dev::network::NetworkException
std::exception::what: Disconnect

info|2023-06-07 13:02:34.615763|[g:1][CONSENSUS]addRawPrepare,height=12,reqIdx=3,hash=070578b9...,time=0
info|2023-06-07 13:02:34.616197|[g:1][CONSENSUS][PBFT]checkTimeout Succ,view=700,toView=701,nodeIdx=1,changeCycle=1,myNode=91a6062d...,timecost=1
info|2023-06-07 13:02:34.619069|[g:1][CONSENSUS][PBFT]checkAndChangeView: Reach consensus,org_view=700,cur_changeCycle=1,curView=700,view=701
info|2023-06-07 13:02:35.621384|[g:1][CONSENSUS]addRawPrepare,height=12,reqIdx=0,hash=ecace04a...,time=0
info|2023-06-07 13:02:35.621993|[g:1][CONSENSUS][PBFT]checkTimeout Succ,view=701,toView=702,nodeIdx=1,changeCycle=1,myNode=91a6062d...,timecost=1
info|2023-06-07 13:02:35.625777|[g:1][CONSENSUS][PBFT]checkAndChangeView: Reach consensus,org_view=701,cur_changeCycle=1,curView=701,view=702
info|2023-06-07 13:02:36.626670|[g:1][CONSENSUS][SEALER]++++++++++++++++ Generating seal on,blkNum=12,tx=0,nodeIdx=1,hash=ca0d68c2...
info|2023-06-07 13:02:36.631807|[g:1][CONSENSUS][PBFT]checkTimeout Succ,view=702,toView=703,nodeIdx=1,changeCycle=1,myNode=91a6062d...,timecost=0
info|2023-06-07 13:02:36.632633|[g:1][CONSENSUS][PBFT]checkAndChangeView: Reach consensus,org_view=702,cur_changeCycle=1,curView=702,view=703
warning|2023-06-07 13:02:41.133810|[g:1][CONSENSUS][PBFT]ViewChangeWarning: not caused by omit empty block ,v=703,toV=704,curNum=11,hash=9080150b...,nodeIdx=1,myNode=91a6062d...
warning|2023-06-07 13:02:41.134163|[g:1][CONSENSUS][PBFT]Find disconnectedNode,disconnectedNodeSize=1,sessionSize=2,minValidNodes=3,connectedNodeList=127.0.0.1:55354, 127.0.0.1:55348, ,disconnectedNode=bbc5bfac..., ,idx=1
info|2023-06-07 13:02:41.134440|[g:1][CONSENSUS][PBFT]checkTimeout Succ,view=703,toView=704,nodeIdx=1,changeCycle=2,myNode=91a6062d...,timecost=1
info|2023-06-07 13:02:41.138105|[g:1][CONSENSUS][PBFT]checkAndChangeView: Reach consensus,org_view=703,cur_changeCycle=2,curView=703,view=704
info|2023-06-07 13:02:42.140712|[g:1][CONSENSUS]addRawPrepare,height=12,reqIdx=3,hash=15fbf385...,time=0
info|2023-06-07 13:02:42.141448|[g:1][CONSENSUS][PBFT]checkTimeout Succ,view=704,toView=705,nodeIdx=1,changeCycle=1,myNode=91a6062d...,timecost=0
info|2023-06-07 13:02:42.142701|[g:1][CONSENSUS][PBFT]checkAndChangeView: Reach consensus,org_view=704,cur_changeCycle=1,curView=704,view=705
info|2023-06-07 13:02:42.895798|[NETWORK][Host]Connecting to node,endpoint=127.0.0.1:30300
info|2023-06-07 13:02:42.896112|[P2P][Service] heartBeat,connected count=2
info|2023-06-07 13:02:42.896626|[NETWORK][ASIO]asyncResolveConnect,endpoint=127.0.0.1:30300
error|2023-06-07 13:02:42.896721|[NETWORK][Host]TCP Connection refused by node,endpoint=127.0.0.1:30300,message=Connection refused
warning|2023-06-07 13:02:42.896935|[P2P][Service] onConnect,errorCode=5,nodeID=00000000...,nodeName=,endpoint=unknown,what=Connect failed
info|2023-06-07 13:02:43.144458|[g:1][CONSENSUS]addRawPrepare,height=12,reqIdx=0,hash=7db9a192...,time=0
info|2023-06-07 13:02:43.144822|[g:1][CONSENSUS][PBFT]checkTimeout Succ,view=705,toView=706,nodeIdx=1,changeCycle=1,myNode=91a6062d...,timecost=0
info|2023-06-07 13:02:43.147114|[g:1][CONSENSUS][PBFT]checkAndChangeView: Reach consensus,org_view=705,cur_changeCycle=1,curView=705,view=706
