info|2023-05-28 13:04:58.618737|[INITIALIZER][initGlobalConfig],enableCompress=true,compatibilityVersion=2.9.1,versionNumber=34144512,enableStat=false,chainId=1,useSMCrypto=false
info|2023-05-28 13:04:58.618902|[INITIALIZER][SecureInitializer]loading privateKey
info|2023-05-28 13:04:58.638519|[INITIALIZER][SecureInitializer]get pub of node,nodeID=c309ad65daf962247d74dda65d286cdbe3df64e67cbe3707567d6dc6f6c927a4af3b1c6385d4e720abc9ce7b9ce2acc41d7296d7daf445e544b2b4fa28ff66be
info|2023-05-28 13:04:58.638711|[INITIALIZER][SecureInitializer]use user certificate,file=conf//node.crt
info|2023-05-28 13:04:58.639012|[INITIALIZER][SecureInitializer]use ca certificate,file=conf//ca.crt
info|2023-05-28 13:04:58.639086|[INITIALIZER][SecureInitializer]use ca,file=conf//
info|2023-05-28 13:04:58.639116|[INITIALIZER][SecureInitializer][initChannelCertConfig]enable rsa cert for channel ,conf//channel_cert/ certs will be used for channel ssl,dataPath=conf/
info|2023-05-28 13:04:58.639881|[NETWORK][Host]Connecting to node,endpoint=127.0.0.1:30300
info|2023-05-28 13:04:58.640020|[NETWORK][Host]P2P StartAccept,Host=0.0.0.0:30302
info|2023-05-28 13:04:58.640066|[NETWORK][Host]Connecting to node,endpoint=127.0.0.1:30301
info|2023-05-28 13:04:58.640136|[NETWORK][Host]Connecting to node,endpoint=127.0.0.1:30302
info|2023-05-28 13:04:58.640192|[NETWORK][Host]Connecting to node,endpoint=127.0.0.1:30303
info|2023-05-28 13:04:58.640285|[P2P][Service] heartBeat,connected count=0
info|2023-05-28 13:04:58.640325|[INITIALIZER][RPCInitializer],network_security.check_cert_issuer=true
info|2023-05-28 13:04:58.640503|[NETWORK][ASIO]asyncResolveConnect,endpoint=127.0.0.1:30300
info|2023-05-28 13:04:58.640649|[NETWORK][ASIO]asyncResolveConnect,endpoint=127.0.0.1:30301
info|2023-05-28 13:04:58.640829|[NETWORK][ASIO]asyncResolveConnect,endpoint=127.0.0.1:30302
info|2023-05-28 13:04:58.640964|[NETWORK][ASIO]asyncResolveConnect,endpoint=127.0.0.1:30303
info|2023-05-28 13:04:58.641391|[NETWORK][Host]P2P Recv Connect, From=127.0.0.1:51808
info|2023-05-28 13:04:58.641477|[NETWORK][Host]P2P StartAccept,Host=0.0.0.0:30302
info|2023-05-28 13:04:58.642481|[CHANNEL][ChannelServer::run],threadPoolSize=8
info|2023-05-28 13:04:58.642550|[CHANNEL]ChannelRPCServer started
info|2023-05-28 13:04:58.642558|[INITIALIZER][RPCInitializer: ChannelRPCHttpServer started.],disableDynamicGroup=false,threadSize=8
info|2023-05-28 13:04:58.642565|[INITIALIZER][LedgerInitializer]initConfig
info|2023-05-28 13:04:58.642574|[LedgerInitializer],groupConfigPath=conf/
info|2023-05-28 13:04:58.642764|[INITIALIZER][initSingleLedger] [GroupId], LedgerConstructor:  1,configFileName=conf/group.1.genesis,dataDir=data/
info|2023-05-28 13:04:58.642852|[g:1][LedgerParam][parseGenesisConfig]initConsensusConfig/initStorageConfig/initTxConfig,configFile=conf/group.1.genesis
info|2023-05-28 13:04:58.642874|[g:1][LedgerParam][initConsensusConfig],type=pbft,consensusTimeout=3,maxTxNum=1000,txGasLimit=300000000
info|2023-05-28 13:04:58.642889|[g:1][LedgerParam][parsePublicKeyListOfSection],sectionName=consensus,it.first=bbc5bfac274c036d71cf50892e87fb5e7781a05f4ac3bdd1b6c31b9b6f4ff2d748d9d3907bc06f111bd750b4cd14141564f3a90c404f8a88f5189227a3869016
info|2023-05-28 13:04:58.642905|[g:1][LedgerParam][parsePublicKeyListOfSection],sectionName=consensus,it.first=91a6062de58f2896dfb5e8a8df8897e524426008855a66b1e5fd4da89ce57c7c55bc9450af12dbd999da94ae9df34e8842d797464f09678e2e4b1352d499815b
info|2023-05-28 13:04:58.642915|[g:1][LedgerParam][parsePublicKeyListOfSection],sectionName=consensus,it.first=c309ad65daf962247d74dda65d286cdbe3df64e67cbe3707567d6dc6f6c927a4af3b1c6385d4e720abc9ce7b9ce2acc41d7296d7daf445e544b2b4fa28ff66be
info|2023-05-28 13:04:58.642932|[g:1][LedgerParam][parsePublicKeyListOfSection],sectionName=consensus,it.first=7380ded5ece4067c8b5468f5b8567f5f5b7c58b60c0b878f262418dc9cc5bb9adbdb4878ef61101fd464167a2160261153c1e5373cf0eb46540778a31de1c0c5
info|2023-05-28 13:04:58.642941|[g:1][LedgerParam][parsePublicKeyListOfSection],totalPubKeySize=4
info|2023-05-28 13:04:58.642971|[g:1][LedgerParam][max_block_range],maxBlockRange=0,maxBlockPerProcess=3
info|2023-05-28 13:04:58.642987|[g:1][LedgerParam][parseGenesisConfig],timestamp=1685249894000
info|2023-05-28 13:04:58.642999|[g:1][LedgerParam]setEVMFlags,enableFreeStorageVMSchedule=false,evmFlags=0
info|2023-05-28 13:04:58.643012|[g:1][LedgerParam]store evmFlag,evmFlag=0
info|2023-05-28 13:04:58.643017|[g:1][LedgerParam]store consensus time,consensusTimeout=3
info|2023-05-28 13:04:58.643021|[g:1][LedgerParam][initMark],genesisMark=1-7380ded5ece4067c8b5468f5b8567f5f5b7c58b60c0b878f262418dc9cc5bb9adbdb4878ef61101fd464167a2160261153c1e5373cf0eb46540778a31de1c0c5,91a6062de58f2896dfb5e8a8df8897e524426008855a66b1e5fd4da89ce57c7c55bc9450af12dbd999da94ae9df34e8842d797464f09678e2e4b1352d499815b,bbc5bfac274c036d71cf50892e87fb5e7781a05f4ac3bdd1b6c31b9b6f4ff2d748d9d3907bc06f111bd750b4cd14141564f3a90c404f8a88f5189227a3869016,c309ad65daf962247d74dda65d286cdbe3df64e67cbe3707567d6dc6f6c927a4af3b1c6385d4e720abc9ce7b9ce2acc41d7296d7daf445e544b2b4fa28ff66be,-pbft-storage-0-1000-300000000-3
info|2023-05-28 13:04:58.643026|[g:1][LedgerParam][initIniConfig]initTxPoolConfig/initSyncConfig/initTxExecuteConfig,configFile=conf/group.1.ini
info|2023-05-28 13:04:58.643201|[g:1][LedgerParam][initStorageConfig],stateType=storage,storageDB=rocksdb,storagePath=data//group1/block/RocksDB,baseDir=data//group1,dbtype=mysql,dbip=127.0.0.1,dbport=3306,dbcharset=utf8mb4,initconnections=15,maxconnections=50,scrollThreshold=2000
info|2023-05-28 13:04:58.643240|[g:1][LedgerParam][initTxPoolConfig],txPoolLimit=150000,memorySizeLimit(MB)=512,notifyWorkerNum=2,txsExpirationTime(ms)=600000
info|2023-05-28 13:04:58.643252|[g:1][LedgerParam][initSyncConfig],idleWaitMs=200
info|2023-05-28 13:04:58.643266|[g:1][LedgerParam][initSyncConfig],enableSendTxsByTree=true,enableSendBlockStatusByTree=true
info|2023-05-28 13:04:58.643273|[g:1][LedgerParam][initSyncConfig],gossipInterval=1000
info|2023-05-28 13:04:58.643284|[g:1][LedgerParam][initSyncConfig],enableSendBlockStatusByTree=true,gossipInterval=1000,gossipPeers=3,syncTreeWidth=3,maxQueueSizeForBlockSync=536870912,txsStatusGossipMaxPeers=5
info|2023-05-28 13:04:58.643290|[g:1][LedgerParam][InitTxExecuteConfig],enableParallel=true
info|2023-05-28 13:04:58.643306|[g:1][LedgerParam][initConsensusIniConfig],maxTTL=2,minBlockGenerationTime=500,enablDynamicBlockSize=true,blockSizeIncreaseRatio=0.5,enableTTLOptimize=true,enablePrepareWithTxsHash=true
info|2023-05-28 13:04:58.643342|[g:1][LedgerParam][initRPBFTConsensusIniConfig],broadcastPrepareByTree=true,prepareStatusBroadcastPercent=33,maxRequestMissedTxsWaitTime=100,maxRequestPrepareWaitTime=100
info|2023-05-28 13:04:58.643355|[g:1][LedgerParam][initFlowControlConfig],maxQPS=9223372036854775807,outGoingBandwidth(Bytes)=9223372036854775807
info|2023-05-28 13:04:58.643361|[g:1][LedgerParam]parseSDKAllowList,sdkAllowList=[],enableSDKAllowListControl=false
info|2023-05-28 13:04:58.643387|[g:1][LEDGER][initLedger][DBInitializer]
info|2023-05-28 13:04:58.643392|[g:1][LEDGER]setSDKAllowList,groupId=1,sdkAllowListSize=0
info|2023-05-28 13:04:58.643397|[g:1][CHANNEL]registerSDKAllowListByGroupId,groupId=1,size=0
info|2023-05-28 13:04:58.643401|[g:1][CHANNEL]Disable group-level sdk permission control for sdk allowlist is empty
info|2023-05-28 13:04:58.643406|[g:1][DBINITIALIZER] [initStorageDB]
info|2023-05-28 13:04:58.643414|[g:1][DBINITIALIZER] [initRocksDBStorage]
info|2023-05-28 13:04:58.643613|[g:1][ROCKSDB]open rocksDB handler,path=data//group1/block/RocksDB
error|2023-05-28 13:04:58.646347|[NETWORK][Host]TCP Connection refused by node,endpoint=127.0.0.1:30303,message=Connection refused
warning|2023-05-28 13:04:58.646481|[P2P][Service] onConnect,errorCode=5,nodeID=00000000...,nodeName=,endpoint=unknown,what=Connect failed
error|2023-05-28 13:04:58.646966|[NETWORK][Host]Get ca basic failed
error|2023-05-28 13:04:58.654216|[NETWORK][Host]Get ca basic failed
error|2023-05-28 13:04:58.660886|[NETWORK][Host]Get ca basic failed
error|2023-05-28 13:04:58.667257|[NETWORK][Host]Get ca basic failed
info|2023-05-28 13:04:58.671543|[NETWORK][Host]handshakeClient succ,local endpoint=127.0.0.1:54428
info|2023-05-28 13:04:58.671595|[NETWORK][Host]startPeerSession, Remote=127.0.0.1:30300,local endpoint=127.0.0.1:54428,nodeID=bbc5bfac...
info|2023-05-28 13:04:58.671695|[NETWORK][Host]handshakeClient succ,local endpoint=127.0.0.1:56090
info|2023-05-28 13:04:58.671706|[P2P][Service] Connection established,nodeID=bbc5bfac...,endpoint=127.0.0.1:30300
info|2023-05-28 13:04:58.671733|[NETWORK][Host]startPeerSession, Remote=127.0.0.1:30301,local endpoint=127.0.0.1:56090,nodeID=91a6062d...
info|2023-05-28 13:04:58.671767|[P2P][Service] Connection established,nodeID=91a6062d...,endpoint=127.0.0.1:30301
info|2023-05-28 13:04:58.671777|[NETWORK][Host]handshakeServer succ,remote endpoint=127.0.0.1:51808
info|2023-05-28 13:04:58.671799|[NETWORK][Host]startPeerSession, Remote=127.0.0.1:51808,local endpoint=127.0.0.1:30302,nodeID=c309ad65...
info|2023-05-28 13:04:58.672001|[NETWORK][Host]handshakeClient succ,local endpoint=127.0.0.1:51808
info|2023-05-28 13:04:58.672053|[NETWORK][Host]startPeerSession, Remote=127.0.0.1:30302,local endpoint=127.0.0.1:51808,nodeID=c309ad65...
info|2023-05-28 13:04:58.844614|[g:1][g:1][STORAGE][CachedStorage]Init flushStorage thread
info|2023-05-28 13:04:58.844779|[g:1][DBINITIALIZER] [init CachedStorage],maxCapacity=32,maxForwardBlock=10
info|2023-05-28 13:04:58.844792|[g:1][LEDGER][initLedger][initBlockChain]
info|2023-05-28 13:04:58.845062|[g:1][LEDGER]set enableHexBlock to be false,version=34144512
info|2023-05-28 13:04:58.845081|[g:1][BLOCKCHAIN][#checkAndBuildGenesisBlock],shouldBuild=true
warning|2023-05-28 13:04:58.845168|[g:1][BLOCKCHAIN][getBlock]Can't find block,number=0
info|2023-05-28 13:04:58.845358|[g:1][BLOCKCHAIN]init consensus timeout,consensus_timeout=3
info|2023-05-28 13:04:58.846316|[g:1][g:1][STORAGE][CachedStorage]commit: 5 num: 0
info|2023-05-28 13:04:58.846669|[g:1][g:1][STORAGE][CachedStorage]Submited block task: 0, current syncd block: 0
info|2023-05-28 13:04:58.846682|[g:1][g:1][STORAGE][CachedStorage]Start commit block: 0 to backend storage
info|2023-05-28 13:04:58.846718|[g:1][BLOCKCHAIN][#checkAndBuildGenesisBlock]Insert the 0th block
info|2023-05-28 13:04:58.846750|[g:1][LEDGER][initLedger]initBlockChain SUCC
info|2023-05-28 13:04:58.846956|[g:1][DBINITIALIZER] [createStateFactory],type=storage
info|2023-05-28 13:04:58.846965|[g:1][DBINITIALIZER] createStorageState SUCC
info|2023-05-28 13:04:58.846969|[g:1][DBINITIALIZER] [createStateFactory SUCC]
info|2023-05-28 13:04:58.846974|[g:1][DBINITIALIZER] createExecutiveContext...
info|2023-05-28 13:04:58.847010|[g:1][LEDGER]createGasMetric,vmFlagType=0
info|2023-05-28 13:04:58.847016|[g:1][LEDGER]createGasMetric
info|2023-05-28 13:04:58.847028|[g:1][DBINITIALIZER] create precompiledGasFactory and precompiledResultFactory
info|2023-05-28 13:04:58.847033|[g:1][DBINITIALIZER] createExecutiveContext SUCC
info|2023-05-28 13:04:58.847038|[g:1][DBINITIALIZER] [setSyncNumForCachedStorage],syncNum=0
info|2023-05-28 13:04:58.847052|[g:1][LEDGER][initNetworkBandWidthLimiter: outGoingBandwidthLimit has been disabled],groupId=1
info|2023-05-28 13:04:58.847058|[g:1][LEDGER][QPSLimit has been disabled],groupId=1
info|2023-05-28 13:04:58.847071|[g:1][LEDGER][initLedger][initBlockVerifier]
info|2023-05-28 13:04:58.847100|[g:1][LEDGER][initLedger][initBlockVerifier SUCC],evmFlags=0
info|2023-05-28 13:04:58.847118|[g:1][LEDGER][initLedger][initTxPool],txPoolLimit=150000
info|2023-05-28 13:04:58.847455|[g:1][LEDGER][initLedger]initTxPool SUCC
info|2023-05-28 13:04:58.847469|[g:1][LEDGER][initLedger][initSync],idleWaitMs=200,gossipInterval=1000,gossipPeers=3
info|2023-05-28 13:04:58.847476|[g:1][LEDGER]Init sync master,enableSendBlockStatusByTree=true,enableSendTxsByTree=true
info|2023-05-28 13:04:58.848352|[g:1][LEDGER][initLedger]initSync SUCC
info|2023-05-28 13:04:58.848365|[g:1][LEDGER][initLedger][consensusInitFactory]
info|2023-05-28 13:04:58.848390|[g:1][LEDGER][initLedger][createPBFTSealer]
info|2023-05-28 13:04:58.848398|[g:1][LEDGER][initLedger][createPBFTSealer],baseDir=data//group1,Protocol=65544
info|2023-05-28 13:04:58.848473|[g:1][LEDGER][initLedger]createPBFTSealer for PBFT or rPBFT,consensusType=pbft
info|2023-05-28 13:04:58.848483|[g:1][LEDGER]createConsensusEngine: create PBFTEngine
info|2023-05-28 13:04:58.848499|[g:1][CONSENSUS][PBFT]Register handler for PBFTEngine
info|2023-05-28 13:04:58.849075|[g:1][CONSENSUS][PBFT]setMinBlockGenerationTime,minBlockGenerationTime=500,consensusTime=1000
info|2023-05-28 13:04:58.849092|[g:1][LEDGER][initEventLogFilterManager]initEventLogFilterManager SUCC
info|2023-05-28 13:04:58.849099|[LedgerInitializer init group succ],groupID=1
info|2023-05-28 13:04:58.849433|[SafeHttpServer::StartListening]use default epoll
info|2023-05-28 13:04:58.850036|[INITIALIZER][RPCInitializer JsonrpcHttpServer started],jsonrpc_IP=127.0.0.1,jsonrpc_listen_port=8547,jsonrpc_thread_count=8,ipv6=false,disableDynamicGroup=false
info|2023-05-28 13:04:58.850058|[g:1][LEDGER]startAll...
info|2023-05-28 13:04:58.851571|[g:1][GossipBlockStatus]start GossipBlockStatus succ
info|2023-05-28 13:04:58.851635|[g:1][CONSENSUS][ConsensusEngine][Start ConsensusEngineBase]
info|2023-05-28 13:04:58.851988|[g:1][CONSENSUS][PBFT]^^^^^^^^Report,num=0,sealerIdx=0,hash=eeb77c15...,next=1,tx=0,nodeIdx=3
info|2023-05-28 13:04:58.852173|[g:1][ROCKSDB]open rocksDB handler,path=data//group1/pbftMsgBackup/RocksDB
info|2023-05-28 13:04:58.861602|[g:1][g:1][STORAGE][CachedStorage]
---------------------------------------------------------------------
Commit block: 0 to backend storage finished, current cached block: 0
Flush elapsed time: 0.0149s
---------------------------------------------------------------------

info|2023-05-28 13:04:59.072067|[g:1][CONSENSUS][PBFT][PBFT init env successfully]
info|2023-05-28 13:04:59.072099|[g:1][CONSENSUS][PBFT][Start PBFTEngine...]
info|2023-05-28 13:04:59.072107|[g:1][CONSENSUS][SEALER][Start sealer module]
info|2023-05-28 13:04:59.072334|[g:1][CONSENSUS][PBFT]^^^^^^^^Report,num=0,sealerIdx=0,hash=eeb77c15...,next=1,tx=0,nodeIdx=3
info|2023-05-28 13:04:59.072666|[g:1][EVENT][EventLogFilterManager]start,m_maxBlockRange=0,m_maxBlockPerLoopFilter=3
info|2023-05-28 13:04:59.258731|[g:1][NodeTimeMaintenance]updateTimeInfo: update median time offset,updatedMedianTimeOffset=0,peer=91a6062d...,peerTime=1685250299258,peerOffset=0,utcTime=1685250299258
info|2023-05-28 13:04:59.742376|[g:1][NodeTimeMaintenance]updateTimeInfo: update median time offset,updatedMedianTimeOffset=0,peer=bbc5bfac...,peerTime=1685250299741,peerOffset=-1,utcTime=1685250299742
info|2023-05-28 13:05:01.055985|[NETWORK][Host]P2P Recv Connect, From=127.0.0.1:51812
info|2023-05-28 13:05:01.056180|[NETWORK][Host]P2P StartAccept,Host=0.0.0.0:30302
error|2023-05-28 13:05:01.064095|[NETWORK][Host]Get ca basic failed
info|2023-05-28 13:05:01.067452|[NETWORK][Host]handshakeServer succ,remote endpoint=127.0.0.1:51812
info|2023-05-28 13:05:01.067542|[NETWORK][Host]startPeerSession, Remote=127.0.0.1:51812,local endpoint=127.0.0.1:30302,nodeID=91a6062d...
info|2023-05-28 13:05:01.448857|[NETWORK][Host]P2P Recv Connect, From=127.0.0.1:51816
info|2023-05-28 13:05:01.448936|[NETWORK][Host]P2P StartAccept,Host=0.0.0.0:30302
error|2023-05-28 13:05:01.455889|[NETWORK][Host]Get ca basic failed
info|2023-05-28 13:05:01.459121|[NETWORK][Host]handshakeServer succ,remote endpoint=127.0.0.1:51816
info|2023-05-28 13:05:01.459159|[NETWORK][Host]startPeerSession, Remote=127.0.0.1:51816,local endpoint=127.0.0.1:30302,nodeID=bbc5bfac...
warning|2023-05-28 13:05:01.869842|[g:1][CONSENSUS][PBFT]ViewChangeWarning: not caused by omit empty block ,v=0,toV=1,curNum=0,hash=eeb77c15...,nodeIdx=3,myNode=c309ad65...
warning|2023-05-28 13:05:01.870089|[g:1][CONSENSUS][PBFT]Find disconnectedNode,disconnectedNodeSize=1,sessionSize=2,minValidNodes=3,connectedNodeList=127.0.0.1:30301, 127.0.0.1:30300, ,disconnectedNode=7380ded5..., ,idx=3
info|2023-05-28 13:05:01.870348|[g:1][CONSENSUS][PBFT]checkTimeout Succ,view=0,toView=1,nodeIdx=3,changeCycle=1,myNode=c309ad65...,timecost=17
info|2023-05-28 13:05:05.520142|[g:1][CONSENSUS][PBFT]Trigger fast-viewchange,view=0,toView=2,minView=3,INFO=,reqNum=0,curNum=0,GenIdx=1,Cview=3,view=0,fromIdx=1,fromNode=91a6062d...,fromIp=127.0.0.1:30301,hash=eeb77c15...,nodeIdx=3,myNode=c309ad65...
info|2023-05-28 13:05:05.521070|[g:1][CONSENSUS][PBFT]checkTimeout Succ,view=0,toView=3,nodeIdx=3,changeCycle=2,myNode=c309ad65...,timecost=1
info|2023-05-28 13:05:08.379139|[NETWORK][Host]P2P Recv Connect, From=127.0.0.1:51828
info|2023-05-28 13:05:08.379230|[NETWORK][Host]P2P StartAccept,Host=0.0.0.0:30302
error|2023-05-28 13:05:08.399804|[NETWORK][Host]Get ca basic failed
info|2023-05-28 13:05:08.403117|[NETWORK][Host]handshakeServer succ,remote endpoint=127.0.0.1:51828
info|2023-05-28 13:05:08.403242|[P2P][Service] Connection established,nodeID=7380ded5...,endpoint=127.0.0.1:51828
info|2023-05-28 13:05:08.403259|[NETWORK][Host]startPeerSession, Remote=127.0.0.1:51828,local endpoint=127.0.0.1:30302,nodeID=7380ded5...
info|2023-05-28 13:05:08.545291|[g:1][NodeTimeMaintenance]updateTimeInfo: update median time offset,updatedMedianTimeOffset=-1,peer=7380ded5...,peerTime=1685250308544,peerOffset=-1,utcTime=1685250308545
info|2023-05-28 13:05:08.640406|[NETWORK][Host]Connecting to node,endpoint=127.0.0.1:30303
info|2023-05-28 13:05:08.640570|[P2P][Service] heartBeat,connected count=3
info|2023-05-28 13:05:08.640813|[NETWORK][ASIO]asyncResolveConnect,endpoint=127.0.0.1:30303
error|2023-05-28 13:05:08.642673|[NETWORK][Host]Get ca basic failed
info|2023-05-28 13:05:08.653744|[NETWORK][Host]handshakeClient succ,local endpoint=127.0.0.1:36414
info|2023-05-28 13:05:08.653816|[NETWORK][Host]startPeerSession, Remote=127.0.0.1:30303,local endpoint=127.0.0.1:36414,nodeID=7380ded5...
info|2023-05-28 13:05:09.569912|[g:1][CONSENSUS][PBFT]catchupView,toView=3,INFO=,reqNum=0,curNum=0,GenIdx=0,Cview=1,view=0,fromIdx=0,fromNode=7380ded5...,fromIp=127.0.0.1:51828,hash=eeb77c15...,nodeIdx=3,myNode=c309ad65...
info|2023-05-28 13:05:09.570483|[g:1][CONSENSUS][PBFT]sendViewChangeMsg: send viewchange to started node,v=0,toV=3,curNum=0,peerNode=7380ded5...,hash=eeb77c15...,nodeIdx=3,myNode=c309ad65...
info|2023-05-28 13:05:09.572563|[g:1][CONSENSUS][PBFT]checkAndChangeView: Reach consensus,org_view=0,cur_changeCycle=2,curView=0,view=3
info|2023-05-28 13:05:10.572819|[g:1][CONSENSUS][SEALER]++++++++++++++++ Generating seal on,blkNum=1,tx=0,nodeIdx=3,hash=222c4066...
info|2023-05-28 13:05:10.575370|[g:1][CONSENSUS][PBFT]checkTimeout Succ,view=3,toView=4,nodeIdx=3,changeCycle=1,myNode=c309ad65...,timecost=2
info|2023-05-28 13:05:10.578389|[g:1][CONSENSUS][PBFT]checkAndChangeView: Reach consensus,org_view=3,cur_changeCycle=1,curView=3,view=4
info|2023-05-28 13:05:11.583730|[g:1][CONSENSUS][PBFT]Trigger fast-viewchange,view=4,toView=4,minView=5,INFO=,reqNum=0,curNum=0,GenIdx=1,Cview=5,view=4,fromIdx=1,fromNode=91a6062d...,fromIp=127.0.0.1:30301,hash=eeb77c15...,nodeIdx=3,myNode=c309ad65...
info|2023-05-28 13:05:11.584710|[g:1][CONSENSUS][PBFT]checkAndChangeView: Reach consensus,org_view=4,cur_changeCycle=2,curView=4,view=5
info|2023-05-28 13:05:11.584840|[g:1][CONSENSUS][PBFT]checkTimeout Succ,view=5,toView=5,nodeIdx=3,changeCycle=2,myNode=c309ad65...,timecost=0
info|2023-05-28 13:05:12.585872|[g:1][CONSENSUS]addRawPrepare,height=1,reqIdx=1,hash=a80bbeda...,time=0
info|2023-05-28 13:05:12.586557|[g:1][CONSENSUS][PBFT]checkTimeout Succ,view=5,toView=6,nodeIdx=3,changeCycle=1,myNode=c309ad65...,timecost=0
info|2023-05-28 13:05:12.587969|[g:1][CONSENSUS][PBFT]checkAndChangeView: Reach consensus,org_view=5,cur_changeCycle=1,curView=5,view=6
info|2023-05-28 13:05:13.592533|[g:1][CONSENSUS]addRawPrepare,height=1,reqIdx=2,hash=fd89a0cc...,time=0
info|2023-05-28 13:05:13.592904|[g:1][CONSENSUS][PBFT]checkTimeout Succ,view=6,toView=7,nodeIdx=3,changeCycle=1,myNode=c309ad65...,timecost=0
info|2023-05-28 13:05:13.596527|[g:1][CONSENSUS][PBFT]checkAndChangeView: Reach consensus,org_view=6,cur_changeCycle=1,curView=6,view=7
info|2023-05-28 13:05:14.596343|[g:1][CONSENSUS][SEALER]++++++++++++++++ Generating seal on,blkNum=1,tx=0,nodeIdx=3,hash=7646d000...
info|2023-05-28 13:05:14.600894|[g:1][CONSENSUS][PBFT]checkTimeout Succ,view=7,toView=8,nodeIdx=3,changeCycle=1,myNode=c309ad65...,timecost=3
info|2023-05-28 13:05:14.602957|[g:1][CONSENSUS][PBFT]checkAndChangeView: Reach consensus,org_view=7,cur_changeCycle=1,curView=7,view=8
info|2023-05-28 13:05:15.606612|[g:1][CONSENSUS]addRawPrepare,height=1,reqIdx=0,hash=43572c23...,time=0
info|2023-05-28 13:05:15.607689|[g:1][CONSENSUS][PBFT]checkTimeout Succ,view=8,toView=9,nodeIdx=3,changeCycle=1,myNode=c309ad65...,timecost=0
info|2023-05-28 13:05:15.608472|[g:1][CONSENSUS][PBFT]checkAndChangeView: Reach consensus,org_view=8,cur_changeCycle=1,curView=8,view=9
info|2023-05-28 13:05:16.615605|[g:1][CONSENSUS]addRawPrepare,height=1,reqIdx=1,hash=43ba05a7...,time=0
info|2023-05-28 13:05:16.616033|[g:1][CONSENSUS][PBFT]checkTimeout Succ,view=9,toView=10,nodeIdx=3,changeCycle=1,myNode=c309ad65...,timecost=1
info|2023-05-28 13:05:16.617626|[g:1][CONSENSUS][PBFT]checkAndChangeView: Reach consensus,org_view=9,cur_changeCycle=1,curView=9,view=10
info|2023-05-28 13:05:17.619304|[g:1][CONSENSUS]addRawPrepare,height=1,reqIdx=2,hash=e6f8700f...,time=0
info|2023-05-28 13:05:17.619861|[g:1][CONSENSUS][PBFT]checkTimeout Succ,view=10,toView=11,nodeIdx=3,changeCycle=1,myNode=c309ad65...,timecost=0
info|2023-05-28 13:05:17.622291|[g:1][CONSENSUS][PBFT]checkAndChangeView: Reach consensus,org_view=10,cur_changeCycle=1,curView=10,view=11
info|2023-05-28 13:05:18.622668|[g:1][CONSENSUS][SEALER]++++++++++++++++ Generating seal on,blkNum=1,tx=0,nodeIdx=3,hash=63ffa6f6...
info|2023-05-28 13:05:18.624674|[g:1][CONSENSUS][PBFT]checkTimeout Succ,view=11,toView=12,nodeIdx=3,changeCycle=1,myNode=c309ad65...,timecost=0
info|2023-05-28 13:05:18.631788|[g:1][CONSENSUS][PBFT]checkAndChangeView: Reach consensus,org_view=11,cur_changeCycle=1,curView=11,view=12
info|2023-05-28 13:05:18.640698|[P2P][Service] heartBeat,connected count=3
info|2023-05-28 13:05:19.631078|[g:1][CONSENSUS]addRawPrepare,height=1,reqIdx=0,hash=d9a9dbff...,time=0
info|2023-05-28 13:05:19.631576|[g:1][CONSENSUS][PBFT]checkTimeout Succ,view=12,toView=13,nodeIdx=3,changeCycle=1,myNode=c309ad65...,timecost=0
info|2023-05-28 13:05:19.634176|[g:1][CONSENSUS][PBFT]checkAndChangeView: Reach consensus,org_view=12,cur_changeCycle=1,curView=12,view=13
info|2023-05-28 13:05:20.636567|[g:1][CONSENSUS]addRawPrepare,height=1,reqIdx=1,hash=6c25772a...,time=0
info|2023-05-28 13:05:20.637114|[g:1][CONSENSUS][PBFT]checkTimeout Succ,view=13,toView=14,nodeIdx=3,changeCycle=1,myNode=c309ad65...,timecost=1
info|2023-05-28 13:05:20.639337|[g:1][CONSENSUS][PBFT]checkAndChangeView: Reach consensus,org_view=13,cur_changeCycle=1,curView=13,view=14
info|2023-05-28 13:05:21.643345|[g:1][CONSENSUS]addRawPrepare,height=1,reqIdx=2,hash=f92ff2f7...,time=0
info|2023-05-28 13:05:21.644399|[g:1][CONSENSUS][PBFT]checkTimeout Succ,view=14,toView=15,nodeIdx=3,changeCycle=1,myNode=c309ad65...,timecost=1
info|2023-05-28 13:05:21.645647|[g:1][CONSENSUS][PBFT]checkAndChangeView: Reach consensus,org_view=14,cur_changeCycle=1,curView=14,view=15
info|2023-05-28 13:05:22.646108|[g:1][CONSENSUS][SEALER]++++++++++++++++ Generating seal on,blkNum=1,tx=0,nodeIdx=3,hash=7775b8d7...
info|2023-05-28 13:05:22.647353|[g:1][CONSENSUS][PBFT]checkTimeout Succ,view=15,toView=16,nodeIdx=3,changeCycle=1,myNode=c309ad65...,timecost=1
info|2023-05-28 13:05:22.653330|[g:1][CONSENSUS][PBFT]checkAndChangeView: Reach consensus,org_view=15,cur_changeCycle=1,curView=15,view=16
info|2023-05-28 13:05:23.658403|[g:1][CONSENSUS][PBFT]Trigger fast-viewchange,view=16,toView=16,minView=17,INFO=,reqNum=0,curNum=0,GenIdx=2,Cview=17,view=16,fromIdx=2,fromNode=bbc5bfac...,fromIp=127.0.0.1:30300,hash=eeb77c15...,nodeIdx=3,myNode=c309ad65...
info|2023-05-28 13:05:23.659158|[g:1][CONSENSUS][PBFT]checkAndChangeView: Reach consensus,org_view=16,cur_changeCycle=2,curView=16,view=17
info|2023-05-28 13:05:23.659382|[g:1][CONSENSUS][PBFT]checkTimeout Succ,view=17,toView=17,nodeIdx=3,changeCycle=2,myNode=c309ad65...,timecost=1
info|2023-05-28 13:05:24.661920|[g:1][CONSENSUS]addRawPrepare,height=1,reqIdx=1,hash=5acd11b6...,time=0
info|2023-05-28 13:05:24.662720|[g:1][CONSENSUS][PBFT]checkTimeout Succ,view=17,toView=18,nodeIdx=3,changeCycle=1,myNode=c309ad65...,timecost=0
info|2023-05-28 13:05:24.663735|[g:1][CONSENSUS][PBFT]checkAndChangeView: Reach consensus,org_view=17,cur_changeCycle=1,curView=17,view=18
info|2023-05-28 13:05:25.666225|[g:1][CONSENSUS]addRawPrepare,height=1,reqIdx=2,hash=4a568392...,time=0
info|2023-05-28 13:05:25.666622|[g:1][CONSENSUS][PBFT]checkTimeout Succ,view=18,toView=19,nodeIdx=3,changeCycle=1,myNode=c309ad65...,timecost=0
info|2023-05-28 13:05:25.668794|[g:1][CONSENSUS][PBFT]checkAndChangeView: Reach consensus,org_view=18,cur_changeCycle=1,curView=18,view=19
info|2023-05-28 13:05:26.668730|[g:1][CONSENSUS][SEALER]++++++++++++++++ Generating seal on,blkNum=1,tx=0,nodeIdx=3,hash=069fa514...
info|2023-05-28 13:05:26.672421|[g:1][CONSENSUS][PBFT]checkTimeout Succ,view=19,toView=20,nodeIdx=3,changeCycle=1,myNode=c309ad65...,timecost=1
info|2023-05-28 13:05:26.675527|[g:1][CONSENSUS][PBFT]checkAndChangeView: Reach consensus,org_view=19,cur_changeCycle=1,curView=19,view=20
info|2023-05-28 13:05:27.677649|[g:1][CONSENSUS]addRawPrepare,height=1,reqIdx=0,hash=bcefcaf0...,time=0
info|2023-05-28 13:05:27.678138|[g:1][CONSENSUS][PBFT]checkTimeout Succ,view=20,toView=21,nodeIdx=3,changeCycle=1,myNode=c309ad65...,timecost=1
info|2023-05-28 13:05:27.680042|[g:1][CONSENSUS][PBFT]checkAndChangeView: Reach consensus,org_view=20,cur_changeCycle=1,curView=20,view=21
info|2023-05-28 13:05:28.640817|[P2P][Service] heartBeat,connected count=3
info|2023-05-28 13:05:28.683540|[g:1][CONSENSUS]addRawPrepare,height=1,reqIdx=1,hash=132aceee...,time=0
info|2023-05-28 13:05:28.686131|[g:1][CONSENSUS][PBFT]checkTimeout Succ,view=21,toView=22,nodeIdx=3,changeCycle=1,myNode=c309ad65...,timecost=3
info|2023-05-28 13:05:28.688044|[g:1][CONSENSUS][PBFT]checkAndChangeView: Reach consensus,org_view=21,cur_changeCycle=1,curView=21,view=22
info|2023-05-28 13:05:29.690416|[g:1][CONSENSUS]addRawPrepare,height=1,reqIdx=2,hash=aff4c7e4...,time=0
info|2023-05-28 13:05:29.691455|[g:1][CONSENSUS][PBFT]checkTimeout Succ,view=22,toView=23,nodeIdx=3,changeCycle=1,myNode=c309ad65...,timecost=1
info|2023-05-28 13:05:29.692897|[g:1][CONSENSUS][PBFT]checkAndChangeView: Reach consensus,org_view=22,cur_changeCycle=1,curView=22,view=23
info|2023-05-28 13:05:30.693003|[g:1][CONSENSUS][SEALER]++++++++++++++++ Generating seal on,blkNum=1,tx=0,nodeIdx=3,hash=e63d24f6...
info|2023-05-28 13:05:30.695047|[g:1][CONSENSUS][PBFT]checkTimeout Succ,view=23,toView=24,nodeIdx=3,changeCycle=1,myNode=c309ad65...,timecost=1
info|2023-05-28 13:05:30.700791|[g:1][CONSENSUS][PBFT]checkAndChangeView: Reach consensus,org_view=23,cur_changeCycle=1,curView=23,view=24
info|2023-05-28 13:05:31.703412|[g:1][CONSENSUS]addRawPrepare,height=1,reqIdx=0,hash=a3fc3fd8...,time=1
info|2023-05-28 13:05:31.705818|[g:1][CONSENSUS][PBFT]checkTimeout Succ,view=24,toView=25,nodeIdx=3,changeCycle=1,myNode=c309ad65...,timecost=1
info|2023-05-28 13:05:31.707571|[g:1][CONSENSUS][PBFT]checkAndChangeView: Reach consensus,org_view=24,cur_changeCycle=1,curView=24,view=25
info|2023-05-28 13:05:32.710605|[g:1][CONSENSUS]addRawPrepare,height=1,reqIdx=1,hash=66b5aca9...,time=0
info|2023-05-28 13:05:32.711406|[g:1][CONSENSUS][PBFT]checkTimeout Succ,view=25,toView=26,nodeIdx=3,changeCycle=1,myNode=c309ad65...,timecost=1
info|2023-05-28 13:05:32.712727|[g:1][CONSENSUS][PBFT]checkAndChangeView: Reach consensus,org_view=25,cur_changeCycle=1,curView=25,view=26
info|2023-05-28 13:05:33.715515|[g:1][CONSENSUS]addRawPrepare,height=1,reqIdx=2,hash=19e675a3...,time=0
info|2023-05-28 13:05:33.717133|[g:1][CONSENSUS][PBFT]checkTimeout Succ,view=26,toView=27,nodeIdx=3,changeCycle=1,myNode=c309ad65...,timecost=1
info|2023-05-28 13:05:33.718941|[g:1][CONSENSUS][PBFT]checkAndChangeView: Reach consensus,org_view=26,cur_changeCycle=1,curView=26,view=27
info|2023-05-28 13:05:34.719752|[g:1][CONSENSUS][SEALER]++++++++++++++++ Generating seal on,blkNum=1,tx=0,nodeIdx=3,hash=aa14c0e1...
info|2023-05-28 13:05:34.722623|[g:1][CONSENSUS][PBFT]checkTimeout Succ,view=27,toView=28,nodeIdx=3,changeCycle=1,myNode=c309ad65...,timecost=2
info|2023-05-28 13:05:34.723933|[g:1][CONSENSUS][PBFT]checkAndChangeView: Reach consensus,org_view=27,cur_changeCycle=1,curView=27,view=28
info|2023-05-28 13:05:35.726292|[g:1][CONSENSUS]addRawPrepare,height=1,reqIdx=0,hash=103d2220...,time=0
info|2023-05-28 13:05:35.727155|[g:1][CONSENSUS][PBFT]checkTimeout Succ,view=28,toView=29,nodeIdx=3,changeCycle=1,myNode=c309ad65...,timecost=1
info|2023-05-28 13:05:35.729888|[g:1][CONSENSUS][PBFT]checkAndChangeView: Reach consensus,org_view=28,cur_changeCycle=1,curView=28,view=29
info|2023-05-28 13:05:36.734522|[g:1][CONSENSUS]addRawPrepare,height=1,reqIdx=1,hash=a662a310...,time=0
info|2023-05-28 13:05:36.735045|[g:1][CONSENSUS][PBFT]checkTimeout Succ,view=29,toView=30,nodeIdx=3,changeCycle=1,myNode=c309ad65...,timecost=1
info|2023-05-28 13:05:36.735830|[g:1][CONSENSUS][PBFT]checkAndChangeView: Reach consensus,org_view=29,cur_changeCycle=1,curView=29,view=30
info|2023-05-28 13:05:37.738653|[g:1][CONSENSUS]addRawPrepare,height=1,reqIdx=2,hash=c8cf7eed...,time=0
info|2023-05-28 13:05:37.739472|[g:1][CONSENSUS][PBFT]checkTimeout Succ,view=30,toView=31,nodeIdx=3,changeCycle=1,myNode=c309ad65...,timecost=0
info|2023-05-28 13:05:37.741425|[g:1][CONSENSUS][PBFT]checkAndChangeView: Reach consensus,org_view=30,cur_changeCycle=1,curView=30,view=31
info|2023-05-28 13:05:38.640960|[P2P][Service] heartBeat,connected count=3
info|2023-05-28 13:05:38.741963|[g:1][CONSENSUS][SEALER]++++++++++++++++ Generating seal on,blkNum=1,tx=0,nodeIdx=3,hash=7d1aaa31...
info|2023-05-28 13:05:38.743534|[g:1][CONSENSUS][PBFT]checkTimeout Succ,view=31,toView=32,nodeIdx=3,changeCycle=1,myNode=c309ad65...,timecost=1
info|2023-05-28 13:05:38.746923|[g:1][CONSENSUS][PBFT]checkAndChangeView: Reach consensus,org_view=31,cur_changeCycle=1,curView=31,view=32
info|2023-05-28 13:05:39.747799|[g:1][CONSENSUS]addRawPrepare,height=1,reqIdx=0,hash=1af82ae8...,time=0
info|2023-05-28 13:05:39.749019|[g:1][CONSENSUS][PBFT]checkTimeout Succ,view=32,toView=33,nodeIdx=3,changeCycle=1,myNode=c309ad65...,timecost=1
info|2023-05-28 13:05:39.751487|[g:1][CONSENSUS][PBFT]checkAndChangeView: Reach consensus,org_view=32,cur_changeCycle=1,curView=32,view=33
info|2023-05-28 13:05:40.754305|[g:1][CONSENSUS]addRawPrepare,height=1,reqIdx=1,hash=f166b669...,time=0
info|2023-05-28 13:05:40.754743|[g:1][CONSENSUS][PBFT]checkTimeout Succ,view=33,toView=34,nodeIdx=3,changeCycle=1,myNode=c309ad65...,timecost=0
info|2023-05-28 13:05:40.758981|[g:1][CONSENSUS][PBFT]checkAndChangeView: Reach consensus,org_view=33,cur_changeCycle=1,curView=33,view=34
info|2023-05-28 13:05:41.759048|[g:1][CONSENSUS]addRawPrepare,height=1,reqIdx=2,hash=e724971e...,time=0
info|2023-05-28 13:05:41.759890|[g:1][CONSENSUS][PBFT]checkTimeout Succ,view=34,toView=35,nodeIdx=3,changeCycle=1,myNode=c309ad65...,timecost=0
info|2023-05-28 13:05:41.762672|[g:1][CONSENSUS][PBFT]checkAndChangeView: Reach consensus,org_view=34,cur_changeCycle=1,curView=34,view=35
info|2023-05-28 13:05:42.762200|[g:1][CONSENSUS][SEALER]++++++++++++++++ Generating seal on,blkNum=1,tx=0,nodeIdx=3,hash=dff21e24...
info|2023-05-28 13:05:42.763113|[g:1][CONSENSUS][PBFT]checkTimeout Succ,view=35,toView=36,nodeIdx=3,changeCycle=1,myNode=c309ad65...,timecost=1
info|2023-05-28 13:05:42.766043|[g:1][CONSENSUS][PBFT]checkAndChangeView: Reach consensus,org_view=35,cur_changeCycle=1,curView=35,view=36
info|2023-05-28 13:05:43.769375|[g:1][CONSENSUS]addRawPrepare,height=1,reqIdx=0,hash=4559f421...,time=0
info|2023-05-28 13:05:43.770895|[g:1][CONSENSUS][PBFT]checkTimeout Succ,view=36,toView=37,nodeIdx=3,changeCycle=1,myNode=c309ad65...,timecost=0
info|2023-05-28 13:05:43.772412|[g:1][CONSENSUS][PBFT]checkAndChangeView: Reach consensus,org_view=36,cur_changeCycle=1,curView=36,view=37
info|2023-05-28 13:05:44.774091|[g:1][CONSENSUS]addRawPrepare,height=1,reqIdx=1,hash=167c8bb4...,time=0
info|2023-05-28 13:05:44.774665|[g:1][CONSENSUS][PBFT]checkTimeout Succ,view=37,toView=38,nodeIdx=3,changeCycle=1,myNode=c309ad65...,timecost=0
info|2023-05-28 13:05:44.778989|[g:1][CONSENSUS][PBFT]checkAndChangeView: Reach consensus,org_view=37,cur_changeCycle=1,curView=37,view=38
info|2023-05-28 13:05:45.779839|[g:1][CONSENSUS]addRawPrepare,height=1,reqIdx=2,hash=428a07b9...,time=0
info|2023-05-28 13:05:45.780686|[g:1][CONSENSUS][PBFT]checkTimeout Succ,view=38,toView=39,nodeIdx=3,changeCycle=1,myNode=c309ad65...,timecost=1
info|2023-05-28 13:05:45.800345|[g:1][CONSENSUS][PBFT]checkAndChangeView: Reach consensus,org_view=38,cur_changeCycle=1,curView=38,view=39
info|2023-05-28 13:05:46.801031|[g:1][CONSENSUS][SEALER]++++++++++++++++ Generating seal on,blkNum=1,tx=0,nodeIdx=3,hash=5b331187...
info|2023-05-28 13:05:46.802651|[g:1][CONSENSUS][PBFT]checkTimeout Succ,view=39,toView=40,nodeIdx=3,changeCycle=1,myNode=c309ad65...,timecost=1
info|2023-05-28 13:05:46.805755|[g:1][CONSENSUS][PBFT]checkAndChangeView: Reach consensus,org_view=39,cur_changeCycle=1,curView=39,view=40
info|2023-05-28 13:05:47.807842|[g:1][CONSENSUS]addRawPrepare,height=1,reqIdx=0,hash=1aa5e3cc...,time=0
info|2023-05-28 13:05:47.808617|[g:1][CONSENSUS][PBFT]checkTimeout Succ,view=40,toView=41,nodeIdx=3,changeCycle=1,myNode=c309ad65...,timecost=0
info|2023-05-28 13:05:47.812521|[g:1][CONSENSUS][PBFT]checkAndChangeView: Reach consensus,org_view=40,cur_changeCycle=1,curView=40,view=41
info|2023-05-28 13:05:48.641119|[P2P][Service] heartBeat,connected count=3
info|2023-05-28 13:05:48.813253|[g:1][CONSENSUS]addRawPrepare,height=1,reqIdx=1,hash=32547330...,time=0
info|2023-05-28 13:05:48.813899|[g:1][CONSENSUS][PBFT]checkTimeout Succ,view=41,toView=42,nodeIdx=3,changeCycle=1,myNode=c309ad65...,timecost=0
info|2023-05-28 13:05:48.815713|[g:1][CONSENSUS][PBFT]checkAndChangeView: Reach consensus,org_view=41,cur_changeCycle=1,curView=41,view=42
info|2023-05-28 13:05:49.819074|[g:1][CONSENSUS]addRawPrepare,height=1,reqIdx=2,hash=6bb897a4...,time=0
info|2023-05-28 13:05:49.820706|[g:1][CONSENSUS][PBFT]checkTimeout Succ,view=42,toView=43,nodeIdx=3,changeCycle=1,myNode=c309ad65...,timecost=1
info|2023-05-28 13:05:49.823519|[g:1][CONSENSUS][PBFT]checkAndChangeView: Reach consensus,org_view=42,cur_changeCycle=1,curView=42,view=43
info|2023-05-28 13:05:50.823630|[g:1][CONSENSUS][SEALER]++++++++++++++++ Generating seal on,blkNum=1,tx=0,nodeIdx=3,hash=e2b13f6a...
info|2023-05-28 13:05:50.829724|[g:1][CONSENSUS][PBFT]checkTimeout Succ,view=43,toView=44,nodeIdx=3,changeCycle=1,myNode=c309ad65...,timecost=0
info|2023-05-28 13:05:50.830658|[g:1][CONSENSUS][PBFT]checkAndChangeView: Reach consensus,org_view=43,cur_changeCycle=1,curView=43,view=44
info|2023-05-28 13:05:51.830212|[g:1][CONSENSUS]addRawPrepare,height=1,reqIdx=0,hash=11506163...,time=0
info|2023-05-28 13:05:51.830593|[g:1][CONSENSUS][PBFT]checkTimeout Succ,view=44,toView=45,nodeIdx=3,changeCycle=1,myNode=c309ad65...,timecost=0
info|2023-05-28 13:05:51.832061|[g:1][CONSENSUS][PBFT]checkAndChangeView: Reach consensus,org_view=44,cur_changeCycle=1,curView=44,view=45
info|2023-05-28 13:05:52.835486|[g:1][CONSENSUS]addRawPrepare,height=1,reqIdx=1,hash=b6a53536...,time=0
info|2023-05-28 13:05:52.836372|[g:1][CONSENSUS][PBFT]checkTimeout Succ,view=45,toView=46,nodeIdx=3,changeCycle=1,myNode=c309ad65...,timecost=1
info|2023-05-28 13:05:52.838282|[g:1][CONSENSUS][PBFT]checkAndChangeView: Reach consensus,org_view=45,cur_changeCycle=1,curView=45,view=46
info|2023-05-28 13:05:53.841079|[g:1][CONSENSUS]addRawPrepare,height=1,reqIdx=2,hash=69ea4c4b...,time=0
info|2023-05-28 13:05:53.841617|[g:1][CONSENSUS][PBFT]checkTimeout Succ,view=46,toView=47,nodeIdx=3,changeCycle=1,myNode=c309ad65...,timecost=0
info|2023-05-28 13:05:53.845066|[g:1][CONSENSUS][PBFT]checkAndChangeView: Reach consensus,org_view=46,cur_changeCycle=1,curView=46,view=47
info|2023-05-28 13:05:54.845886|[g:1][CONSENSUS][SEALER]++++++++++++++++ Generating seal on,blkNum=1,tx=0,nodeIdx=3,hash=c8015b67...
info|2023-05-28 13:05:54.848892|[g:1][CONSENSUS][PBFT]checkTimeout Succ,view=47,toView=48,nodeIdx=3,changeCycle=1,myNode=c309ad65...,timecost=0
info|2023-05-28 13:05:54.849848|[g:1][CONSENSUS][PBFT]checkAndChangeView: Reach consensus,org_view=47,cur_changeCycle=1,curView=47,view=48
info|2023-05-28 13:05:55.856367|[g:1][CONSENSUS]addRawPrepare,height=1,reqIdx=0,hash=9b54807b...,time=0
info|2023-05-28 13:05:55.857004|[g:1][CONSENSUS][PBFT]checkTimeout Succ,view=48,toView=49,nodeIdx=3,changeCycle=1,myNode=c309ad65...,timecost=1
info|2023-05-28 13:05:55.858777|[g:1][CONSENSUS][PBFT]checkAndChangeView: Reach consensus,org_view=48,cur_changeCycle=1,curView=48,view=49
info|2023-05-28 13:05:56.859250|[g:1][CONSENSUS]addRawPrepare,height=1,reqIdx=1,hash=2e4af131...,time=0
info|2023-05-28 13:05:56.859956|[g:1][CONSENSUS][PBFT]checkTimeout Succ,view=49,toView=50,nodeIdx=3,changeCycle=1,myNode=c309ad65...,timecost=0
info|2023-05-28 13:05:56.862532|[g:1][CONSENSUS][PBFT]checkAndChangeView: Reach consensus,org_view=49,cur_changeCycle=1,curView=49,view=50
info|2023-05-28 13:05:57.865473|[g:1][CONSENSUS]addRawPrepare,height=1,reqIdx=2,hash=a6f638ce...,time=0
info|2023-05-28 13:05:57.866006|[g:1][CONSENSUS][PBFT]checkTimeout Succ,view=50,toView=51,nodeIdx=3,changeCycle=1,myNode=c309ad65...,timecost=1
info|2023-05-28 13:05:57.870256|[g:1][CONSENSUS][PBFT]checkAndChangeView: Reach consensus,org_view=50,cur_changeCycle=1,curView=50,view=51
info|2023-05-28 13:05:58.641299|[P2P][Service] heartBeat,connected count=3
info|2023-05-28 13:05:58.870900|[g:1][CONSENSUS][SEALER]++++++++++++++++ Generating seal on,blkNum=1,tx=0,nodeIdx=3,hash=3f3e09f0...
info|2023-05-28 13:05:58.872199|[g:1][CONSENSUS][PBFT]checkTimeout Succ,view=51,toView=52,nodeIdx=3,changeCycle=1,myNode=c309ad65...,timecost=1
info|2023-05-28 13:05:58.875025|[g:1][CONSENSUS][PBFT]checkAndChangeView: Reach consensus,org_view=51,cur_changeCycle=1,curView=51,view=52
info|2023-05-28 13:05:59.877449|[g:1][CONSENSUS]addRawPrepare,height=1,reqIdx=0,hash=43535c7f...,time=0
info|2023-05-28 13:05:59.878191|[g:1][CONSENSUS][PBFT]checkTimeout Succ,view=52,toView=53,nodeIdx=3,changeCycle=1,myNode=c309ad65...,timecost=1
info|2023-05-28 13:05:59.879807|[g:1][CONSENSUS][PBFT]checkAndChangeView: Reach consensus,org_view=52,cur_changeCycle=1,curView=52,view=53
info|2023-05-28 13:06:00.880151|[g:1][CONSENSUS]addRawPrepare,height=1,reqIdx=1,hash=3f613772...,time=0
info|2023-05-28 13:06:00.880830|[g:1][CONSENSUS][PBFT]checkTimeout Succ,view=53,toView=54,nodeIdx=3,changeCycle=1,myNode=c309ad65...,timecost=0
info|2023-05-28 13:06:00.883446|[g:1][CONSENSUS][PBFT]checkAndChangeView: Reach consensus,org_view=53,cur_changeCycle=1,curView=53,view=54
info|2023-05-28 13:06:01.886158|[g:1][CONSENSUS]addRawPrepare,height=1,reqIdx=2,hash=b974bcca...,time=0
info|2023-05-28 13:06:01.886627|[g:1][CONSENSUS][PBFT]checkTimeout Succ,view=54,toView=55,nodeIdx=3,changeCycle=1,myNode=c309ad65...,timecost=0
info|2023-05-28 13:06:01.888181|[g:1][CONSENSUS][PBFT]checkAndChangeView: Reach consensus,org_view=54,cur_changeCycle=1,curView=54,view=55
info|2023-05-28 13:06:02.888632|[g:1][CONSENSUS][SEALER]++++++++++++++++ Generating seal on,blkNum=1,tx=0,nodeIdx=3,hash=388a8263...
info|2023-05-28 13:06:02.894218|[g:1][CONSENSUS][PBFT]checkTimeout Succ,view=55,toView=56,nodeIdx=3,changeCycle=1,myNode=c309ad65...,timecost=1
info|2023-05-28 13:06:02.895483|[g:1][CONSENSUS][PBFT]checkAndChangeView: Reach consensus,org_view=55,cur_changeCycle=1,curView=55,view=56
info|2023-05-28 13:06:03.895985|[g:1][CONSENSUS]addRawPrepare,height=1,reqIdx=0,hash=29150b39...,time=0
info|2023-05-28 13:06:03.896388|[g:1][CONSENSUS][PBFT]checkTimeout Succ,view=56,toView=57,nodeIdx=3,changeCycle=1,myNode=c309ad65...,timecost=0
info|2023-05-28 13:06:03.898703|[g:1][CONSENSUS][PBFT]checkAndChangeView: Reach consensus,org_view=56,cur_changeCycle=1,curView=56,view=57
info|2023-05-28 13:06:04.901385|[g:1][CONSENSUS]addRawPrepare,height=1,reqIdx=1,hash=edcf3f5d...,time=0
info|2023-05-28 13:06:04.902292|[g:1][CONSENSUS][PBFT]checkTimeout Succ,view=57,toView=58,nodeIdx=3,changeCycle=1,myNode=c309ad65...,timecost=1
info|2023-05-28 13:06:04.903373|[g:1][CONSENSUS][PBFT]checkAndChangeView: Reach consensus,org_view=57,cur_changeCycle=1,curView=57,view=58
info|2023-05-28 13:06:05.908278|[g:1][CONSENSUS]addRawPrepare,height=1,reqIdx=2,hash=dbe4c1e5...,time=0
info|2023-05-28 13:06:05.908929|[g:1][CONSENSUS][PBFT]checkTimeout Succ,view=58,toView=59,nodeIdx=3,changeCycle=1,myNode=c309ad65...,timecost=0
info|2023-05-28 13:06:05.909794|[g:1][CONSENSUS][PBFT]checkAndChangeView: Reach consensus,org_view=58,cur_changeCycle=1,curView=58,view=59
info|2023-05-28 13:06:06.910251|[g:1][CONSENSUS][SEALER]++++++++++++++++ Generating seal on,blkNum=1,tx=0,nodeIdx=3,hash=f940a5c7...
info|2023-05-28 13:06:06.911472|[g:1][CONSENSUS][PBFT]checkTimeout Succ,view=59,toView=60,nodeIdx=3,changeCycle=1,myNode=c309ad65...,timecost=0
info|2023-05-28 13:06:06.914750|[g:1][CONSENSUS][PBFT]checkAndChangeView: Reach consensus,org_view=59,cur_changeCycle=1,curView=59,view=60
info|2023-05-28 13:06:07.917954|[g:1][CONSENSUS]addRawPrepare,height=1,reqIdx=0,hash=2fd7a23a...,time=0
info|2023-05-28 13:06:07.918622|[g:1][CONSENSUS][PBFT]checkTimeout Succ,view=60,toView=61,nodeIdx=3,changeCycle=1,myNode=c309ad65...,timecost=0
info|2023-05-28 13:06:07.919766|[g:1][CONSENSUS][PBFT]checkAndChangeView: Reach consensus,org_view=60,cur_changeCycle=1,curView=60,view=61
info|2023-05-28 13:06:08.641456|[P2P][Service] heartBeat,connected count=3
info|2023-05-28 13:06:08.922965|[g:1][CONSENSUS]addRawPrepare,height=1,reqIdx=1,hash=4ba58220...,time=0
info|2023-05-28 13:06:08.923767|[g:1][CONSENSUS][PBFT]checkTimeout Succ,view=61,toView=62,nodeIdx=3,changeCycle=1,myNode=c309ad65...,timecost=0
info|2023-05-28 13:06:08.925536|[g:1][CONSENSUS][PBFT]checkAndChangeView: Reach consensus,org_view=61,cur_changeCycle=1,curView=61,view=62
info|2023-05-28 13:06:09.929979|[g:1][CONSENSUS]addRawPrepare,height=1,reqIdx=2,hash=df7d62c7...,time=1
info|2023-05-28 13:06:09.931093|[g:1][CONSENSUS][PBFT]checkTimeout Succ,view=62,toView=63,nodeIdx=3,changeCycle=1,myNode=c309ad65...,timecost=1
info|2023-05-28 13:06:09.933476|[g:1][CONSENSUS][PBFT]checkAndChangeView: Reach consensus,org_view=62,cur_changeCycle=1,curView=62,view=63
info|2023-05-28 13:06:10.934817|[g:1][CONSENSUS][SEALER]++++++++++++++++ Generating seal on,blkNum=1,tx=0,nodeIdx=3,hash=506d0d5e...
info|2023-05-28 13:06:10.938664|[g:1][CONSENSUS][PBFT]checkTimeout Succ,view=63,toView=64,nodeIdx=3,changeCycle=1,myNode=c309ad65...,timecost=0
info|2023-05-28 13:06:10.939387|[g:1][CONSENSUS][PBFT]checkAndChangeView: Reach consensus,org_view=63,cur_changeCycle=1,curView=63,view=64
info|2023-05-28 13:06:11.943627|[g:1][CONSENSUS]addRawPrepare,height=1,reqIdx=0,hash=64f33f1b...,time=0
info|2023-05-28 13:06:11.944145|[g:1][CONSENSUS][PBFT]checkTimeout Succ,view=64,toView=65,nodeIdx=3,changeCycle=1,myNode=c309ad65...,timecost=1
info|2023-05-28 13:06:11.945648|[g:1][CONSENSUS][PBFT]checkAndChangeView: Reach consensus,org_view=64,cur_changeCycle=1,curView=64,view=65
info|2023-05-28 13:06:12.951903|[g:1][CONSENSUS]addRawPrepare,height=1,reqIdx=1,hash=e1d5ba4a...,time=0
info|2023-05-28 13:06:12.952819|[g:1][CONSENSUS][PBFT]checkTimeout Succ,view=65,toView=66,nodeIdx=3,changeCycle=1,myNode=c309ad65...,timecost=0
info|2023-05-28 13:06:12.954645|[g:1][CONSENSUS][PBFT]checkAndChangeView: Reach consensus,org_view=65,cur_changeCycle=1,curView=65,view=66
info|2023-05-28 13:06:13.953078|[g:1][CONSENSUS]addRawPrepare,height=1,reqIdx=2,hash=0d74feaf...,time=0
info|2023-05-28 13:06:13.954226|[g:1][CONSENSUS][PBFT]checkTimeout Succ,view=66,toView=67,nodeIdx=3,changeCycle=1,myNode=c309ad65...,timecost=1
info|2023-05-28 13:06:13.956629|[g:1][CONSENSUS][PBFT]checkAndChangeView: Reach consensus,org_view=66,cur_changeCycle=1,curView=66,view=67
info|2023-05-28 13:06:14.956941|[g:1][CONSENSUS][SEALER]++++++++++++++++ Generating seal on,blkNum=1,tx=0,nodeIdx=3,hash=e7335061...
info|2023-05-28 13:06:14.958306|[g:1][CONSENSUS][PBFT]checkTimeout Succ,view=67,toView=68,nodeIdx=3,changeCycle=1,myNode=c309ad65...,timecost=1
info|2023-05-28 13:06:14.962769|[g:1][CONSENSUS][PBFT]checkAndChangeView: Reach consensus,org_view=67,cur_changeCycle=1,curView=67,view=68
info|2023-05-28 13:06:15.964511|[g:1][CONSENSUS]addRawPrepare,height=1,reqIdx=0,hash=a303057e...,time=0
info|2023-05-28 13:06:15.965363|[g:1][CONSENSUS][PBFT]checkTimeout Succ,view=68,toView=69,nodeIdx=3,changeCycle=1,myNode=c309ad65...,timecost=1
info|2023-05-28 13:06:15.967006|[g:1][CONSENSUS][PBFT]checkAndChangeView: Reach consensus,org_view=68,cur_changeCycle=1,curView=68,view=69
info|2023-05-28 13:06:16.970799|[g:1][CONSENSUS]addRawPrepare,height=1,reqIdx=1,hash=9a1a01c5...,time=0
info|2023-05-28 13:06:16.971525|[g:1][CONSENSUS][PBFT]checkTimeout Succ,view=69,toView=70,nodeIdx=3,changeCycle=1,myNode=c309ad65...,timecost=0
info|2023-05-28 13:06:16.973897|[g:1][CONSENSUS][PBFT]checkAndChangeView: Reach consensus,org_view=69,cur_changeCycle=1,curView=69,view=70
info|2023-05-28 13:06:17.975355|[g:1][CONSENSUS]addRawPrepare,height=1,reqIdx=2,hash=7e235230...,time=0
info|2023-05-28 13:06:17.975999|[g:1][CONSENSUS][PBFT]checkTimeout Succ,view=70,toView=71,nodeIdx=3,changeCycle=1,myNode=c309ad65...,timecost=1
info|2023-05-28 13:06:17.979042|[g:1][CONSENSUS][PBFT]checkAndChangeView: Reach consensus,org_view=70,cur_changeCycle=1,curView=70,view=71
info|2023-05-28 13:06:18.641659|[P2P][Service] heartBeat,connected count=3
info|2023-05-28 13:06:18.979686|[g:1][CONSENSUS][SEALER]++++++++++++++++ Generating seal on,blkNum=1,tx=0,nodeIdx=3,hash=b4dc2a49...
info|2023-05-28 13:06:18.981358|[g:1][CONSENSUS][PBFT]checkTimeout Succ,view=71,toView=72,nodeIdx=3,changeCycle=1,myNode=c309ad65...,timecost=1
info|2023-05-28 13:06:18.984559|[g:1][CONSENSUS][PBFT]checkAndChangeView: Reach consensus,org_view=71,cur_changeCycle=1,curView=71,view=72
info|2023-05-28 13:06:19.986912|[g:1][CONSENSUS]addRawPrepare,height=1,reqIdx=0,hash=87a79373...,time=0
info|2023-05-28 13:06:19.987739|[g:1][CONSENSUS][PBFT]checkTimeout Succ,view=72,toView=73,nodeIdx=3,changeCycle=1,myNode=c309ad65...,timecost=0
info|2023-05-28 13:06:19.989260|[g:1][CONSENSUS][PBFT]checkAndChangeView: Reach consensus,org_view=72,cur_changeCycle=1,curView=72,view=73
info|2023-05-28 13:06:20.997557|[g:1][CONSENSUS]addRawPrepare,height=1,reqIdx=1,hash=9a76db53...,time=0
info|2023-05-28 13:06:20.998540|[g:1][CONSENSUS][PBFT]checkTimeout Succ,view=73,toView=74,nodeIdx=3,changeCycle=1,myNode=c309ad65...,timecost=1
info|2023-05-28 13:06:21.000013|[g:1][CONSENSUS][PBFT]checkAndChangeView: Reach consensus,org_view=73,cur_changeCycle=1,curView=73,view=74
info|2023-05-28 13:06:22.006129|[g:1][CONSENSUS]addRawPrepare,height=1,reqIdx=2,hash=91ba973c...,time=0
info|2023-05-28 13:06:22.007273|[g:1][CONSENSUS][PBFT]checkTimeout Succ,view=74,toView=75,nodeIdx=3,changeCycle=1,myNode=c309ad65...,timecost=1
info|2023-05-28 13:06:22.008974|[g:1][CONSENSUS][PBFT]checkAndChangeView: Reach consensus,org_view=74,cur_changeCycle=1,curView=74,view=75
info|2023-05-28 13:06:23.010059|[g:1][CONSENSUS][SEALER]++++++++++++++++ Generating seal on,blkNum=1,tx=0,nodeIdx=3,hash=fbea3653...
info|2023-05-28 13:06:23.011229|[g:1][CONSENSUS][PBFT]checkTimeout Succ,view=75,toView=76,nodeIdx=3,changeCycle=1,myNode=c309ad65...,timecost=1
info|2023-05-28 13:06:23.014889|[g:1][CONSENSUS][PBFT]checkAndChangeView: Reach consensus,org_view=75,cur_changeCycle=1,curView=75,view=76
info|2023-05-28 13:06:24.016869|[g:1][CONSENSUS]addRawPrepare,height=1,reqIdx=0,hash=0bfa875a...,time=0
info|2023-05-28 13:06:24.017491|[g:1][CONSENSUS][PBFT]checkTimeout Succ,view=76,toView=77,nodeIdx=3,changeCycle=1,myNode=c309ad65...,timecost=0
info|2023-05-28 13:06:24.020562|[g:1][CONSENSUS][PBFT]checkAndChangeView: Reach consensus,org_view=76,cur_changeCycle=1,curView=76,view=77
info|2023-05-28 13:06:25.023356|[g:1][CONSENSUS]addRawPrepare,height=1,reqIdx=1,hash=c046646a...,time=0
info|2023-05-28 13:06:25.024067|[g:1][CONSENSUS][PBFT]checkTimeout Succ,view=77,toView=78,nodeIdx=3,changeCycle=1,myNode=c309ad65...,timecost=1
info|2023-05-28 13:06:25.025075|[g:1][CONSENSUS][PBFT]checkAndChangeView: Reach consensus,org_view=77,cur_changeCycle=1,curView=77,view=78
info|2023-05-28 13:06:26.029367|[g:1][CONSENSUS]addRawPrepare,height=1,reqIdx=2,hash=d1af3379...,time=0
info|2023-05-28 13:06:26.030138|[g:1][CONSENSUS][PBFT]checkTimeout Succ,view=78,toView=79,nodeIdx=3,changeCycle=1,myNode=c309ad65...,timecost=1
info|2023-05-28 13:06:26.033790|[g:1][CONSENSUS][PBFT]checkAndChangeView: Reach consensus,org_view=78,cur_changeCycle=1,curView=78,view=79
info|2023-05-28 13:06:27.033979|[g:1][CONSENSUS][SEALER]++++++++++++++++ Generating seal on,blkNum=1,tx=0,nodeIdx=3,hash=2389c8f4...
info|2023-05-28 13:06:27.039264|[g:1][CONSENSUS][PBFT]checkTimeout Succ,view=79,toView=80,nodeIdx=3,changeCycle=1,myNode=c309ad65...,timecost=1
info|2023-05-28 13:06:27.039673|[g:1][CONSENSUS][PBFT]checkAndChangeView: Reach consensus,org_view=79,cur_changeCycle=1,curView=79,view=80
info|2023-05-28 13:06:28.040495|[g:1][CONSENSUS]addRawPrepare,height=1,reqIdx=0,hash=c8f6cd13...,time=0
info|2023-05-28 13:06:28.041222|[g:1][CONSENSUS][PBFT]checkTimeout Succ,view=80,toView=81,nodeIdx=3,changeCycle=1,myNode=c309ad65...,timecost=1
info|2023-05-28 13:06:28.043521|[g:1][CONSENSUS][PBFT]checkAndChangeView: Reach consensus,org_view=80,cur_changeCycle=1,curView=80,view=81
info|2023-05-28 13:06:28.641829|[P2P][Service] heartBeat,connected count=3
info|2023-05-28 13:06:29.048160|[g:1][CONSENSUS]addRawPrepare,height=1,reqIdx=1,hash=f0f32440...,time=0
info|2023-05-28 13:06:29.049077|[g:1][CONSENSUS][PBFT]checkTimeout Succ,view=81,toView=82,nodeIdx=3,changeCycle=1,myNode=c309ad65...,timecost=1
info|2023-05-28 13:06:29.059722|[g:1][CONSENSUS][PBFT]checkAndChangeView: Reach consensus,org_view=81,cur_changeCycle=1,curView=81,view=82
info|2023-05-28 13:06:30.053346|[g:1][CONSENSUS]addRawPrepare,height=1,reqIdx=2,hash=9f6163f8...,time=0
info|2023-05-28 13:06:30.053954|[g:1][CONSENSUS][PBFT]checkTimeout Succ,view=82,toView=83,nodeIdx=3,changeCycle=1,myNode=c309ad65...,timecost=0
info|2023-05-28 13:06:30.055931|[g:1][CONSENSUS][PBFT]checkAndChangeView: Reach consensus,org_view=82,cur_changeCycle=1,curView=82,view=83
info|2023-05-28 13:06:31.056990|[g:1][CONSENSUS][SEALER]++++++++++++++++ Generating seal on,blkNum=1,tx=0,nodeIdx=3,hash=be5f5221...
info|2023-05-28 13:06:31.058161|[g:1][CONSENSUS][PBFT]checkTimeout Succ,view=83,toView=84,nodeIdx=3,changeCycle=1,myNode=c309ad65...,timecost=1
info|2023-05-28 13:06:31.061589|[g:1][CONSENSUS][PBFT]checkAndChangeView: Reach consensus,org_view=83,cur_changeCycle=1,curView=83,view=84
info|2023-05-28 13:06:32.064780|[g:1][CONSENSUS]addRawPrepare,height=1,reqIdx=0,hash=254c9e08...,time=0
info|2023-05-28 13:06:32.065466|[g:1][CONSENSUS][PBFT]checkTimeout Succ,view=84,toView=85,nodeIdx=3,changeCycle=1,myNode=c309ad65...,timecost=1
info|2023-05-28 13:06:32.066883|[g:1][CONSENSUS][PBFT]checkAndChangeView: Reach consensus,org_view=84,cur_changeCycle=1,curView=84,view=85
info|2023-05-28 13:06:33.069933|[g:1][CONSENSUS]addRawPrepare,height=1,reqIdx=1,hash=bae58282...,time=0
info|2023-05-28 13:06:33.070884|[g:1][CONSENSUS][PBFT]checkTimeout Succ,view=85,toView=86,nodeIdx=3,changeCycle=1,myNode=c309ad65...,timecost=0
info|2023-05-28 13:06:33.071866|[g:1][CONSENSUS][PBFT]checkAndChangeView: Reach consensus,org_view=85,cur_changeCycle=1,curView=85,view=86
info|2023-05-28 13:06:34.076641|[g:1][CONSENSUS]addRawPrepare,height=1,reqIdx=2,hash=8a12c60a...,time=0
info|2023-05-28 13:06:34.077034|[g:1][CONSENSUS][PBFT]checkTimeout Succ,view=86,toView=87,nodeIdx=3,changeCycle=1,myNode=c309ad65...,timecost=1
info|2023-05-28 13:06:34.079385|[g:1][CONSENSUS][PBFT]checkAndChangeView: Reach consensus,org_view=86,cur_changeCycle=1,curView=86,view=87
info|2023-05-28 13:06:35.080105|[g:1][CONSENSUS][SEALER]++++++++++++++++ Generating seal on,blkNum=1,tx=0,nodeIdx=3,hash=4c85adc5...
info|2023-05-28 13:06:35.081809|[g:1][CONSENSUS][PBFT]checkTimeout Succ,view=87,toView=88,nodeIdx=3,changeCycle=1,myNode=c309ad65...,timecost=0
info|2023-05-28 13:06:35.086426|[g:1][CONSENSUS][PBFT]checkAndChangeView: Reach consensus,org_view=87,cur_changeCycle=1,curView=87,view=88
info|2023-05-28 13:06:36.087248|[g:1][CONSENSUS]addRawPrepare,height=1,reqIdx=0,hash=ef336668...,time=0
info|2023-05-28 13:06:36.088055|[g:1][CONSENSUS][PBFT]checkTimeout Succ,view=88,toView=89,nodeIdx=3,changeCycle=1,myNode=c309ad65...,timecost=1
info|2023-05-28 13:06:36.090608|[g:1][CONSENSUS][PBFT]checkAndChangeView: Reach consensus,org_view=88,cur_changeCycle=1,curView=88,view=89
info|2023-05-28 13:06:37.092546|[g:1][CONSENSUS]addRawPrepare,height=1,reqIdx=1,hash=4b196723...,time=0
info|2023-05-28 13:06:37.093081|[g:1][CONSENSUS][PBFT]checkTimeout Succ,view=89,toView=90,nodeIdx=3,changeCycle=1,myNode=c309ad65...,timecost=1
info|2023-05-28 13:06:37.097601|[g:1][CONSENSUS][PBFT]checkAndChangeView: Reach consensus,org_view=89,cur_changeCycle=1,curView=89,view=90
info|2023-05-28 13:06:38.099190|[g:1][CONSENSUS]addRawPrepare,height=1,reqIdx=2,hash=7efe1787...,time=0
info|2023-05-28 13:06:38.099765|[g:1][CONSENSUS][PBFT]checkTimeout Succ,view=90,toView=91,nodeIdx=3,changeCycle=1,myNode=c309ad65...,timecost=0
info|2023-05-28 13:06:38.101758|[g:1][CONSENSUS][PBFT]checkAndChangeView: Reach consensus,org_view=90,cur_changeCycle=1,curView=90,view=91
info|2023-05-28 13:06:38.642014|[P2P][Service] heartBeat,connected count=3
info|2023-05-28 13:06:39.101539|[g:1][CONSENSUS][SEALER]++++++++++++++++ Generating seal on,blkNum=1,tx=0,nodeIdx=3,hash=3a53cfa4...
info|2023-05-28 13:06:39.102663|[g:1][CONSENSUS][PBFT]checkTimeout Succ,view=91,toView=92,nodeIdx=3,changeCycle=1,myNode=c309ad65...,timecost=0
info|2023-05-28 13:06:39.107451|[g:1][CONSENSUS][PBFT]checkAndChangeView: Reach consensus,org_view=91,cur_changeCycle=1,curView=91,view=92
info|2023-05-28 13:06:40.110394|[g:1][CONSENSUS]addRawPrepare,height=1,reqIdx=0,hash=34e51aca...,time=0
info|2023-05-28 13:06:40.110809|[g:1][CONSENSUS][PBFT]checkTimeout Succ,view=92,toView=93,nodeIdx=3,changeCycle=1,myNode=c309ad65...,timecost=0
info|2023-05-28 13:06:40.113337|[g:1][CONSENSUS][PBFT]checkAndChangeView: Reach consensus,org_view=92,cur_changeCycle=1,curView=92,view=93
info|2023-05-28 13:06:41.115800|[g:1][CONSENSUS]addRawPrepare,height=1,reqIdx=1,hash=c738d0d5...,time=0
info|2023-05-28 13:06:41.117170|[g:1][CONSENSUS][PBFT]checkTimeout Succ,view=93,toView=94,nodeIdx=3,changeCycle=1,myNode=c309ad65...,timecost=1
info|2023-05-28 13:06:41.117974|[g:1][CONSENSUS][PBFT]checkAndChangeView: Reach consensus,org_view=93,cur_changeCycle=1,curView=93,view=94
info|2023-05-28 13:06:42.120657|[g:1][CONSENSUS]addRawPrepare,height=1,reqIdx=2,hash=ddca2930...,time=0
info|2023-05-28 13:06:42.121030|[g:1][CONSENSUS][PBFT]checkTimeout Succ,view=94,toView=95,nodeIdx=3,changeCycle=1,myNode=c309ad65...,timecost=1
info|2023-05-28 13:06:42.123052|[g:1][CONSENSUS][PBFT]checkAndChangeView: Reach consensus,org_view=94,cur_changeCycle=1,curView=94,view=95
info|2023-05-28 13:06:43.123374|[g:1][CONSENSUS][SEALER]++++++++++++++++ Generating seal on,blkNum=1,tx=0,nodeIdx=3,hash=4cc6781f...
info|2023-05-28 13:06:43.126951|[g:1][CONSENSUS][PBFT]checkTimeout Succ,view=95,toView=96,nodeIdx=3,changeCycle=1,myNode=c309ad65...,timecost=0
info|2023-05-28 13:06:43.128432|[g:1][CONSENSUS][PBFT]checkAndChangeView: Reach consensus,org_view=95,cur_changeCycle=1,curView=95,view=96
info|2023-05-28 13:06:44.131632|[g:1][CONSENSUS]addRawPrepare,height=1,reqIdx=0,hash=9e5e381f...,time=0
info|2023-05-28 13:06:44.132331|[g:1][CONSENSUS][PBFT]checkTimeout Succ,view=96,toView=97,nodeIdx=3,changeCycle=1,myNode=c309ad65...,timecost=1
info|2023-05-28 13:06:44.135611|[g:1][CONSENSUS][PBFT]checkAndChangeView: Reach consensus,org_view=96,cur_changeCycle=1,curView=96,view=97
info|2023-05-28 13:06:45.139603|[g:1][CONSENSUS]addRawPrepare,height=1,reqIdx=1,hash=c657fbcd...,time=0
info|2023-05-28 13:06:45.140348|[g:1][CONSENSUS][PBFT]checkTimeout Succ,view=97,toView=98,nodeIdx=3,changeCycle=1,myNode=c309ad65...,timecost=1
info|2023-05-28 13:06:45.142005|[g:1][CONSENSUS][PBFT]checkAndChangeView: Reach consensus,org_view=97,cur_changeCycle=1,curView=97,view=98
info|2023-05-28 13:06:46.146170|[g:1][CONSENSUS]addRawPrepare,height=1,reqIdx=2,hash=50c8e249...,time=0
info|2023-05-28 13:06:46.147655|[g:1][CONSENSUS][PBFT]checkTimeout Succ,view=98,toView=99,nodeIdx=3,changeCycle=1,myNode=c309ad65...,timecost=1
info|2023-05-28 13:06:46.149663|[g:1][CONSENSUS][PBFT]checkAndChangeView: Reach consensus,org_view=98,cur_changeCycle=1,curView=98,view=99
info|2023-05-28 13:06:47.149627|[g:1][CONSENSUS][SEALER]++++++++++++++++ Generating seal on,blkNum=1,tx=0,nodeIdx=3,hash=02c24ff7...
info|2023-05-28 13:06:47.155246|[g:1][CONSENSUS][PBFT]checkTimeout Succ,view=99,toView=100,nodeIdx=3,changeCycle=1,myNode=c309ad65...,timecost=2
info|2023-05-28 13:06:47.156602|[g:1][CONSENSUS][PBFT]checkAndChangeView: Reach consensus,org_view=99,cur_changeCycle=1,curView=99,view=100
info|2023-05-28 13:06:48.159546|[g:1][CONSENSUS]addRawPrepare,height=1,reqIdx=0,hash=90409058...,time=0
info|2023-05-28 13:06:48.160270|[g:1][CONSENSUS][PBFT]checkTimeout Succ,view=100,toView=101,nodeIdx=3,changeCycle=1,myNode=c309ad65...,timecost=1
info|2023-05-28 13:06:48.163798|[g:1][CONSENSUS][PBFT]checkAndChangeView: Reach consensus,org_view=100,cur_changeCycle=1,curView=100,view=101
info|2023-05-28 13:06:48.642207|[P2P][Service] heartBeat,connected count=3
info|2023-05-28 13:06:49.166116|[g:1][CONSENSUS]addRawPrepare,height=1,reqIdx=1,hash=18eac24f...,time=0
info|2023-05-28 13:06:49.166620|[g:1][CONSENSUS][PBFT]checkTimeout Succ,view=101,toView=102,nodeIdx=3,changeCycle=1,myNode=c309ad65...,timecost=0
info|2023-05-28 13:06:49.168415|[g:1][CONSENSUS][PBFT]checkAndChangeView: Reach consensus,org_view=101,cur_changeCycle=1,curView=101,view=102
info|2023-05-28 13:06:50.170711|[g:1][CONSENSUS]addRawPrepare,height=1,reqIdx=2,hash=085b6ae0...,time=0
info|2023-05-28 13:06:50.172014|[g:1][CONSENSUS][PBFT]checkTimeout Succ,view=102,toView=103,nodeIdx=3,changeCycle=1,myNode=c309ad65...,timecost=2
info|2023-05-28 13:06:50.174152|[g:1][CONSENSUS][PBFT]checkAndChangeView: Reach consensus,org_view=102,cur_changeCycle=1,curView=102,view=103
info|2023-05-28 13:06:51.174893|[g:1][CONSENSUS][SEALER]++++++++++++++++ Generating seal on,blkNum=1,tx=0,nodeIdx=3,hash=3a5a51fb...
info|2023-05-28 13:06:51.181259|[g:1][CONSENSUS][PBFT]checkTimeout Succ,view=103,toView=104,nodeIdx=3,changeCycle=1,myNode=c309ad65...,timecost=1
info|2023-05-28 13:06:51.182575|[g:1][CONSENSUS][PBFT]checkAndChangeView: Reach consensus,org_view=103,cur_changeCycle=1,curView=103,view=104
info|2023-05-28 13:06:52.183527|[g:1][CONSENSUS]addRawPrepare,height=1,reqIdx=0,hash=5f586593...,time=0
info|2023-05-28 13:06:52.183990|[g:1][CONSENSUS][PBFT]checkTimeout Succ,view=104,toView=105,nodeIdx=3,changeCycle=1,myNode=c309ad65...,timecost=1
info|2023-05-28 13:06:52.184983|[g:1][CONSENSUS][PBFT]checkAndChangeView: Reach consensus,org_view=104,cur_changeCycle=1,curView=104,view=105
info|2023-05-28 13:06:53.187083|[g:1][CONSENSUS]addRawPrepare,height=1,reqIdx=1,hash=47518da2...,time=0
info|2023-05-28 13:06:53.189799|[g:1][CONSENSUS][PBFT]checkTimeout Succ,view=105,toView=106,nodeIdx=3,changeCycle=1,myNode=c309ad65...,timecost=2
info|2023-05-28 13:06:53.191729|[g:1][CONSENSUS][PBFT]checkAndChangeView: Reach consensus,org_view=105,cur_changeCycle=1,curView=105,view=106
info|2023-05-28 13:06:54.195809|[g:1][CONSENSUS]addRawPrepare,height=1,reqIdx=2,hash=abccd91b...,time=0
info|2023-05-28 13:06:54.196598|[g:1][CONSENSUS][PBFT]checkTimeout Succ,view=106,toView=107,nodeIdx=3,changeCycle=1,myNode=c309ad65...,timecost=0
info|2023-05-28 13:06:54.198577|[g:1][CONSENSUS][PBFT]checkAndChangeView: Reach consensus,org_view=106,cur_changeCycle=1,curView=106,view=107
info|2023-05-28 13:06:55.198318|[g:1][CONSENSUS][SEALER]++++++++++++++++ Generating seal on,blkNum=1,tx=0,nodeIdx=3,hash=5ee90310...
info|2023-05-28 13:06:55.201513|[g:1][CONSENSUS][PBFT]checkTimeout Succ,view=107,toView=108,nodeIdx=3,changeCycle=1,myNode=c309ad65...,timecost=0
info|2023-05-28 13:06:55.204110|[g:1][CONSENSUS][PBFT]checkAndChangeView: Reach consensus,org_view=107,cur_changeCycle=1,curView=107,view=108
info|2023-05-28 13:06:56.204129|[g:1][CONSENSUS]addRawPrepare,height=1,reqIdx=0,hash=612679e4...,time=0
info|2023-05-28 13:06:56.205627|[g:1][CONSENSUS][PBFT]checkTimeout Succ,view=108,toView=109,nodeIdx=3,changeCycle=1,myNode=c309ad65...,timecost=1
info|2023-05-28 13:06:56.207396|[g:1][CONSENSUS][PBFT]checkAndChangeView: Reach consensus,org_view=108,cur_changeCycle=1,curView=108,view=109
info|2023-05-28 13:06:57.209886|[g:1][CONSENSUS]addRawPrepare,height=1,reqIdx=1,hash=7f49b1d0...,time=0
info|2023-05-28 13:06:57.210257|[g:1][CONSENSUS][PBFT]checkTimeout Succ,view=109,toView=110,nodeIdx=3,changeCycle=1,myNode=c309ad65...,timecost=1
info|2023-05-28 13:06:57.212462|[g:1][CONSENSUS][PBFT]checkAndChangeView: Reach consensus,org_view=109,cur_changeCycle=1,curView=109,view=110
info|2023-05-28 13:06:58.215733|[g:1][CONSENSUS]addRawPrepare,height=1,reqIdx=2,hash=2291fb14...,time=0
info|2023-05-28 13:06:58.217013|[g:1][CONSENSUS][PBFT]checkTimeout Succ,view=110,toView=111,nodeIdx=3,changeCycle=1,myNode=c309ad65...,timecost=1
info|2023-05-28 13:06:58.217883|[g:1][CONSENSUS][PBFT]checkAndChangeView: Reach consensus,org_view=110,cur_changeCycle=1,curView=110,view=111
info|2023-05-28 13:06:58.642600|[P2P][Service] heartBeat,connected count=3
info|2023-05-28 13:06:59.217665|[g:1][CONSENSUS][SEALER]++++++++++++++++ Generating seal on,blkNum=1,tx=0,nodeIdx=3,hash=4c814c7d...
info|2023-05-28 13:06:59.220901|[g:1][CONSENSUS][PBFT]checkTimeout Succ,view=111,toView=112,nodeIdx=3,changeCycle=1,myNode=c309ad65...,timecost=2
info|2023-05-28 13:06:59.224139|[g:1][CONSENSUS][PBFT]checkAndChangeView: Reach consensus,org_view=111,cur_changeCycle=1,curView=111,view=112
info|2023-05-28 13:07:00.224233|[g:1][CONSENSUS]addRawPrepare,height=1,reqIdx=0,hash=303be6a1...,time=0
info|2023-05-28 13:07:00.224786|[g:1][CONSENSUS][PBFT]checkTimeout Succ,view=112,toView=113,nodeIdx=3,changeCycle=1,myNode=c309ad65...,timecost=0
info|2023-05-28 13:07:00.227759|[g:1][CONSENSUS][PBFT]checkAndChangeView: Reach consensus,org_view=112,cur_changeCycle=1,curView=112,view=113
info|2023-05-28 13:07:01.228357|[g:1][CONSENSUS]addRawPrepare,height=1,reqIdx=1,hash=d6726b21...,time=0
info|2023-05-28 13:07:01.229243|[g:1][CONSENSUS][PBFT]checkTimeout Succ,view=113,toView=114,nodeIdx=3,changeCycle=1,myNode=c309ad65...,timecost=1
info|2023-05-28 13:07:01.231393|[g:1][CONSENSUS][PBFT]checkAndChangeView: Reach consensus,org_view=113,cur_changeCycle=1,curView=113,view=114
info|2023-05-28 13:07:02.235150|[g:1][CONSENSUS]addRawPrepare,height=1,reqIdx=2,hash=aa6dc0fb...,time=0
info|2023-05-28 13:07:02.236155|[g:1][CONSENSUS][PBFT]checkTimeout Succ,view=114,toView=115,nodeIdx=3,changeCycle=1,myNode=c309ad65...,timecost=1
info|2023-05-28 13:07:02.239291|[g:1][CONSENSUS][PBFT]checkAndChangeView: Reach consensus,org_view=114,cur_changeCycle=1,curView=114,view=115
info|2023-05-28 13:07:03.240678|[g:1][CONSENSUS][SEALER]++++++++++++++++ Generating seal on,blkNum=1,tx=0,nodeIdx=3,hash=b04f3af6...
info|2023-05-28 13:07:03.242454|[g:1][CONSENSUS][PBFT]checkTimeout Succ,view=115,toView=116,nodeIdx=3,changeCycle=1,myNode=c309ad65...,timecost=0
info|2023-05-28 13:07:03.245783|[g:1][CONSENSUS][PBFT]checkAndChangeView: Reach consensus,org_view=115,cur_changeCycle=1,curView=115,view=116
info|2023-05-28 13:07:04.248778|[g:1][CONSENSUS]addRawPrepare,height=1,reqIdx=0,hash=2d69263d...,time=0
info|2023-05-28 13:07:04.249857|[g:1][CONSENSUS][PBFT]checkTimeout Succ,view=116,toView=117,nodeIdx=3,changeCycle=1,myNode=c309ad65...,timecost=1
info|2023-05-28 13:07:04.251585|[g:1][CONSENSUS][PBFT]checkAndChangeView: Reach consensus,org_view=116,cur_changeCycle=1,curView=116,view=117
info|2023-05-28 13:07:05.255791|[g:1][CONSENSUS]addRawPrepare,height=1,reqIdx=1,hash=837fc2f5...,time=0
info|2023-05-28 13:07:05.256559|[g:1][CONSENSUS][PBFT]checkTimeout Succ,view=117,toView=118,nodeIdx=3,changeCycle=1,myNode=c309ad65...,timecost=0
info|2023-05-28 13:07:05.258905|[g:1][CONSENSUS][PBFT]checkAndChangeView: Reach consensus,org_view=117,cur_changeCycle=1,curView=117,view=118
info|2023-05-28 13:07:06.261975|[g:1][CONSENSUS]addRawPrepare,height=1,reqIdx=2,hash=7699e735...,time=0
info|2023-05-28 13:07:06.262433|[g:1][CONSENSUS][PBFT]checkTimeout Succ,view=118,toView=119,nodeIdx=3,changeCycle=1,myNode=c309ad65...,timecost=0
info|2023-05-28 13:07:06.264945|[g:1][CONSENSUS][PBFT]checkAndChangeView: Reach consensus,org_view=118,cur_changeCycle=1,curView=118,view=119
info|2023-05-28 13:07:07.265409|[g:1][CONSENSUS][SEALER]++++++++++++++++ Generating seal on,blkNum=1,tx=0,nodeIdx=3,hash=c94344d7...
info|2023-05-28 13:07:07.266440|[g:1][CONSENSUS][PBFT]checkTimeout Succ,view=119,toView=120,nodeIdx=3,changeCycle=1,myNode=c309ad65...,timecost=0
info|2023-05-28 13:07:07.271542|[g:1][CONSENSUS][PBFT]checkAndChangeView: Reach consensus,org_view=119,cur_changeCycle=1,curView=119,view=120
info|2023-05-28 13:07:08.272908|[g:1][CONSENSUS]addRawPrepare,height=1,reqIdx=0,hash=b0201ced...,time=0
info|2023-05-28 13:07:08.273634|[g:1][CONSENSUS][PBFT]checkTimeout Succ,view=120,toView=121,nodeIdx=3,changeCycle=1,myNode=c309ad65...,timecost=0
info|2023-05-28 13:07:08.277167|[g:1][CONSENSUS][PBFT]checkAndChangeView: Reach consensus,org_view=120,cur_changeCycle=1,curView=120,view=121
info|2023-05-28 13:07:08.642785|[P2P][Service] heartBeat,connected count=3
info|2023-05-28 13:07:09.279447|[g:1][CONSENSUS]addRawPrepare,height=1,reqIdx=1,hash=65dd4ab9...,time=0
info|2023-05-28 13:07:09.280122|[g:1][CONSENSUS][PBFT]checkTimeout Succ,view=121,toView=122,nodeIdx=3,changeCycle=1,myNode=c309ad65...,timecost=1
info|2023-05-28 13:07:09.283123|[g:1][CONSENSUS][PBFT]checkAndChangeView: Reach consensus,org_view=121,cur_changeCycle=1,curView=121,view=122
info|2023-05-28 13:07:10.289061|[g:1][CONSENSUS]addRawPrepare,height=1,reqIdx=2,hash=81290777...,time=0
info|2023-05-28 13:07:10.289589|[g:1][CONSENSUS][PBFT]checkTimeout Succ,view=122,toView=123,nodeIdx=3,changeCycle=1,myNode=c309ad65...,timecost=0
info|2023-05-28 13:07:10.290936|[g:1][CONSENSUS][PBFT]checkAndChangeView: Reach consensus,org_view=122,cur_changeCycle=1,curView=122,view=123
info|2023-05-28 13:07:11.291903|[g:1][CONSENSUS][SEALER]++++++++++++++++ Generating seal on,blkNum=1,tx=0,nodeIdx=3,hash=ddfed486...
info|2023-05-28 13:07:11.293209|[g:1][CONSENSUS][PBFT]checkTimeout Succ,view=123,toView=124,nodeIdx=3,changeCycle=1,myNode=c309ad65...,timecost=1
info|2023-05-28 13:07:11.297450|[g:1][CONSENSUS][PBFT]checkAndChangeView: Reach consensus,org_view=123,cur_changeCycle=1,curView=123,view=124
info|2023-05-28 13:07:12.300289|[g:1][CONSENSUS]addRawPrepare,height=1,reqIdx=0,hash=24bc1726...,time=0
info|2023-05-28 13:07:12.300834|[g:1][CONSENSUS][PBFT]checkTimeout Succ,view=124,toView=125,nodeIdx=3,changeCycle=1,myNode=c309ad65...,timecost=0
info|2023-05-28 13:07:12.302725|[g:1][CONSENSUS][PBFT]checkAndChangeView: Reach consensus,org_view=124,cur_changeCycle=1,curView=124,view=125
info|2023-05-28 13:07:13.306306|[g:1][CONSENSUS]addRawPrepare,height=1,reqIdx=1,hash=4b49409b...,time=0
info|2023-05-28 13:07:13.307147|[g:1][CONSENSUS][PBFT]checkTimeout Succ,view=125,toView=126,nodeIdx=3,changeCycle=1,myNode=c309ad65...,timecost=1
info|2023-05-28 13:07:13.308484|[g:1][CONSENSUS][PBFT]checkAndChangeView: Reach consensus,org_view=125,cur_changeCycle=1,curView=125,view=126
info|2023-05-28 13:07:14.312479|[g:1][CONSENSUS]addRawPrepare,height=1,reqIdx=2,hash=213bed40...,time=0
info|2023-05-28 13:07:14.313565|[g:1][CONSENSUS][PBFT]checkTimeout Succ,view=126,toView=127,nodeIdx=3,changeCycle=1,myNode=c309ad65...,timecost=1
info|2023-05-28 13:07:14.315208|[g:1][CONSENSUS][PBFT]checkAndChangeView: Reach consensus,org_view=126,cur_changeCycle=1,curView=126,view=127
info|2023-05-28 13:07:15.316836|[g:1][CONSENSUS][SEALER]++++++++++++++++ Generating seal on,blkNum=1,tx=0,nodeIdx=3,hash=e1dfb8d0...
info|2023-05-28 13:07:15.318430|[g:1][CONSENSUS][PBFT]checkTimeout Succ,view=127,toView=128,nodeIdx=3,changeCycle=1,myNode=c309ad65...,timecost=1
info|2023-05-28 13:07:15.320885|[g:1][CONSENSUS][PBFT]checkAndChangeView: Reach consensus,org_view=127,cur_changeCycle=1,curView=127,view=128
info|2023-05-28 13:07:16.332490|[g:1][CONSENSUS]addRawPrepare,height=1,reqIdx=0,hash=325f6972...,time=0
info|2023-05-28 13:07:16.333118|[g:1][CONSENSUS][PBFT]checkTimeout Succ,view=128,toView=129,nodeIdx=3,changeCycle=1,myNode=c309ad65...,timecost=1
info|2023-05-28 13:07:16.334391|[g:1][CONSENSUS][PBFT]checkAndChangeView: Reach consensus,org_view=128,cur_changeCycle=1,curView=128,view=129
info|2023-05-28 13:07:17.337768|[g:1][CONSENSUS]addRawPrepare,height=1,reqIdx=1,hash=b1721072...,time=0
info|2023-05-28 13:07:17.338378|[g:1][CONSENSUS][PBFT]checkTimeout Succ,view=129,toView=130,nodeIdx=3,changeCycle=1,myNode=c309ad65...,timecost=1
info|2023-05-28 13:07:17.340364|[g:1][CONSENSUS][PBFT]checkAndChangeView: Reach consensus,org_view=129,cur_changeCycle=1,curView=129,view=130
info|2023-05-28 13:07:18.344443|[g:1][CONSENSUS]addRawPrepare,height=1,reqIdx=2,hash=baf4474b...,time=0
info|2023-05-28 13:07:18.345196|[g:1][CONSENSUS][PBFT]checkTimeout Succ,view=130,toView=131,nodeIdx=3,changeCycle=1,myNode=c309ad65...,timecost=1
info|2023-05-28 13:07:18.346540|[g:1][CONSENSUS][PBFT]checkAndChangeView: Reach consensus,org_view=130,cur_changeCycle=1,curView=130,view=131
info|2023-05-28 13:07:18.642900|[P2P][Service] heartBeat,connected count=3
info|2023-05-28 13:07:19.347064|[g:1][CONSENSUS][SEALER]++++++++++++++++ Generating seal on,blkNum=1,tx=0,nodeIdx=3,hash=fd2333bd...
info|2023-05-28 13:07:19.348018|[g:1][CONSENSUS][PBFT]checkTimeout Succ,view=131,toView=132,nodeIdx=3,changeCycle=1,myNode=c309ad65...,timecost=1
info|2023-05-28 13:07:19.351178|[g:1][CONSENSUS][PBFT]checkAndChangeView: Reach consensus,org_view=131,cur_changeCycle=1,curView=131,view=132
info|2023-05-28 13:07:20.353779|[g:1][CONSENSUS]addRawPrepare,height=1,reqIdx=0,hash=3cc6d03d...,time=0
info|2023-05-28 13:07:20.354518|[g:1][CONSENSUS][PBFT]checkTimeout Succ,view=132,toView=133,nodeIdx=3,changeCycle=1,myNode=c309ad65...,timecost=0
info|2023-05-28 13:07:20.357851|[g:1][CONSENSUS][PBFT]checkAndChangeView: Reach consensus,org_view=132,cur_changeCycle=1,curView=132,view=133
info|2023-05-28 13:07:21.361163|[g:1][CONSENSUS]addRawPrepare,height=1,reqIdx=1,hash=e3e25b9e...,time=0
info|2023-05-28 13:07:21.362067|[g:1][CONSENSUS][PBFT]checkTimeout Succ,view=133,toView=134,nodeIdx=3,changeCycle=1,myNode=c309ad65...,timecost=1
info|2023-05-28 13:07:21.363793|[g:1][CONSENSUS][PBFT]checkAndChangeView: Reach consensus,org_view=133,cur_changeCycle=1,curView=133,view=134
info|2023-05-28 13:07:22.366902|[g:1][CONSENSUS]addRawPrepare,height=1,reqIdx=2,hash=ac5d4a7e...,time=0
info|2023-05-28 13:07:22.367414|[g:1][CONSENSUS][PBFT]checkTimeout Succ,view=134,toView=135,nodeIdx=3,changeCycle=1,myNode=c309ad65...,timecost=0
info|2023-05-28 13:07:22.370025|[g:1][CONSENSUS][PBFT]checkAndChangeView: Reach consensus,org_view=134,cur_changeCycle=1,curView=134,view=135
info|2023-05-28 13:07:23.370781|[g:1][CONSENSUS][SEALER]++++++++++++++++ Generating seal on,blkNum=1,tx=0,nodeIdx=3,hash=84e5571b...
info|2023-05-28 13:07:23.372854|[g:1][CONSENSUS][PBFT]checkTimeout Succ,view=135,toView=136,nodeIdx=3,changeCycle=1,myNode=c309ad65...,timecost=0
info|2023-05-28 13:07:23.375662|[g:1][CONSENSUS][PBFT]checkAndChangeView: Reach consensus,org_view=135,cur_changeCycle=1,curView=135,view=136
info|2023-05-28 13:07:24.380671|[g:1][CONSENSUS]addRawPrepare,height=1,reqIdx=0,hash=ffc29f66...,time=0
info|2023-05-28 13:07:24.381138|[g:1][CONSENSUS][PBFT]checkTimeout Succ,view=136,toView=137,nodeIdx=3,changeCycle=1,myNode=c309ad65...,timecost=1
info|2023-05-28 13:07:24.384618|[g:1][CONSENSUS][PBFT]checkAndChangeView: Reach consensus,org_view=136,cur_changeCycle=1,curView=136,view=137
info|2023-05-28 13:07:25.386009|[g:1][CONSENSUS]addRawPrepare,height=1,reqIdx=1,hash=3e9542e8...,time=1
info|2023-05-28 13:07:25.386612|[g:1][CONSENSUS][PBFT]checkTimeout Succ,view=137,toView=138,nodeIdx=3,changeCycle=1,myNode=c309ad65...,timecost=0
info|2023-05-28 13:07:25.388713|[g:1][CONSENSUS][PBFT]checkAndChangeView: Reach consensus,org_view=137,cur_changeCycle=1,curView=137,view=138
info|2023-05-28 13:07:26.397710|[g:1][CONSENSUS]addRawPrepare,height=1,reqIdx=2,hash=65e6ed3a...,time=0
info|2023-05-28 13:07:26.398443|[g:1][CONSENSUS][PBFT]checkTimeout Succ,view=138,toView=139,nodeIdx=3,changeCycle=1,myNode=c309ad65...,timecost=1
info|2023-05-28 13:07:26.400603|[g:1][CONSENSUS][PBFT]checkAndChangeView: Reach consensus,org_view=138,cur_changeCycle=1,curView=138,view=139
info|2023-05-28 13:07:27.400555|[g:1][CONSENSUS][SEALER]++++++++++++++++ Generating seal on,blkNum=1,tx=0,nodeIdx=3,hash=2244e266...
info|2023-05-28 13:07:27.405675|[g:1][CONSENSUS][PBFT]checkTimeout Succ,view=139,toView=140,nodeIdx=3,changeCycle=1,myNode=c309ad65...,timecost=0
info|2023-05-28 13:07:27.406867|[g:1][CONSENSUS][PBFT]checkAndChangeView: Reach consensus,org_view=139,cur_changeCycle=1,curView=139,view=140
info|2023-05-28 13:07:28.408011|[g:1][CONSENSUS]addRawPrepare,height=1,reqIdx=0,hash=7e8520b5...,time=0
info|2023-05-28 13:07:28.408969|[g:1][CONSENSUS][PBFT]checkTimeout Succ,view=140,toView=141,nodeIdx=3,changeCycle=1,myNode=c309ad65...,timecost=0
info|2023-05-28 13:07:28.410433|[g:1][CONSENSUS][PBFT]checkAndChangeView: Reach consensus,org_view=140,cur_changeCycle=1,curView=140,view=141
info|2023-05-28 13:07:28.643132|[P2P][Service] heartBeat,connected count=3
info|2023-05-28 13:07:29.413956|[g:1][CONSENSUS]addRawPrepare,height=1,reqIdx=1,hash=ccc264ef...,time=0
info|2023-05-28 13:07:29.414459|[g:1][CONSENSUS][PBFT]checkTimeout Succ,view=141,toView=142,nodeIdx=3,changeCycle=1,myNode=c309ad65...,timecost=0
info|2023-05-28 13:07:29.417031|[g:1][CONSENSUS][PBFT]checkAndChangeView: Reach consensus,org_view=141,cur_changeCycle=1,curView=141,view=142
info|2023-05-28 13:07:30.419384|[g:1][CONSENSUS]addRawPrepare,height=1,reqIdx=2,hash=0c52a7bd...,time=0
info|2023-05-28 13:07:30.419877|[g:1][CONSENSUS][PBFT]checkTimeout Succ,view=142,toView=143,nodeIdx=3,changeCycle=1,myNode=c309ad65...,timecost=0
info|2023-05-28 13:07:30.422553|[g:1][CONSENSUS][PBFT]checkAndChangeView: Reach consensus,org_view=142,cur_changeCycle=1,curView=142,view=143
info|2023-05-28 13:07:31.423346|[g:1][CONSENSUS][SEALER]++++++++++++++++ Generating seal on,blkNum=1,tx=0,nodeIdx=3,hash=a0ffa998...
info|2023-05-28 13:07:31.425145|[g:1][CONSENSUS][PBFT]checkTimeout Succ,view=143,toView=144,nodeIdx=3,changeCycle=1,myNode=c309ad65...,timecost=1
info|2023-05-28 13:07:31.429121|[g:1][CONSENSUS][PBFT]checkAndChangeView: Reach consensus,org_view=143,cur_changeCycle=1,curView=143,view=144
info|2023-05-28 13:07:32.429620|[g:1][CONSENSUS]addRawPrepare,height=1,reqIdx=0,hash=d1e6563a...,time=0
info|2023-05-28 13:07:32.430860|[g:1][CONSENSUS][PBFT]checkTimeout Succ,view=144,toView=145,nodeIdx=3,changeCycle=1,myNode=c309ad65...,timecost=0
info|2023-05-28 13:07:32.431764|[g:1][CONSENSUS][PBFT]checkAndChangeView: Reach consensus,org_view=144,cur_changeCycle=1,curView=144,view=145
info|2023-05-28 13:07:33.434198|[g:1][CONSENSUS]addRawPrepare,height=1,reqIdx=1,hash=181d570e...,time=0
info|2023-05-28 13:07:33.435015|[g:1][CONSENSUS][PBFT]checkTimeout Succ,view=145,toView=146,nodeIdx=3,changeCycle=1,myNode=c309ad65...,timecost=1
info|2023-05-28 13:07:33.436553|[g:1][CONSENSUS][PBFT]checkAndChangeView: Reach consensus,org_view=145,cur_changeCycle=1,curView=145,view=146
info|2023-05-28 13:07:34.440455|[g:1][CONSENSUS]addRawPrepare,height=1,reqIdx=2,hash=75be1cb1...,time=0
info|2023-05-28 13:07:34.441370|[g:1][CONSENSUS][PBFT]checkTimeout Succ,view=146,toView=147,nodeIdx=3,changeCycle=1,myNode=c309ad65...,timecost=1
info|2023-05-28 13:07:34.443600|[g:1][CONSENSUS][PBFT]checkAndChangeView: Reach consensus,org_view=146,cur_changeCycle=1,curView=146,view=147
info|2023-05-28 13:07:35.443369|[g:1][CONSENSUS][SEALER]++++++++++++++++ Generating seal on,blkNum=1,tx=0,nodeIdx=3,hash=06ab3118...
info|2023-05-28 13:07:35.446991|[g:1][CONSENSUS][PBFT]checkTimeout Succ,view=147,toView=148,nodeIdx=3,changeCycle=1,myNode=c309ad65...,timecost=1
info|2023-05-28 13:07:35.447894|[g:1][CONSENSUS][PBFT]checkAndChangeView: Reach consensus,org_view=147,cur_changeCycle=1,curView=147,view=148
info|2023-05-28 13:07:36.450995|[g:1][CONSENSUS]addRawPrepare,height=1,reqIdx=0,hash=6aa904ef...,time=1
info|2023-05-28 13:07:36.451801|[g:1][CONSENSUS][PBFT]checkTimeout Succ,view=148,toView=149,nodeIdx=3,changeCycle=1,myNode=c309ad65...,timecost=0
info|2023-05-28 13:07:36.453828|[g:1][CONSENSUS][PBFT]checkAndChangeView: Reach consensus,org_view=148,cur_changeCycle=1,curView=148,view=149
info|2023-05-28 13:07:37.457992|[g:1][CONSENSUS]addRawPrepare,height=1,reqIdx=1,hash=f680ebe9...,time=1
info|2023-05-28 13:07:37.458538|[g:1][CONSENSUS][PBFT]checkTimeout Succ,view=149,toView=150,nodeIdx=3,changeCycle=1,myNode=c309ad65...,timecost=0
info|2023-05-28 13:07:37.460539|[g:1][CONSENSUS][PBFT]checkAndChangeView: Reach consensus,org_view=149,cur_changeCycle=1,curView=149,view=150
info|2023-05-28 13:07:38.464955|[g:1][CONSENSUS]addRawPrepare,height=1,reqIdx=2,hash=1026b6de...,time=0
info|2023-05-28 13:07:38.465884|[g:1][CONSENSUS][PBFT]checkTimeout Succ,view=150,toView=151,nodeIdx=3,changeCycle=1,myNode=c309ad65...,timecost=0
info|2023-05-28 13:07:38.469141|[g:1][CONSENSUS][PBFT]checkAndChangeView: Reach consensus,org_view=150,cur_changeCycle=1,curView=150,view=151
info|2023-05-28 13:07:38.643243|[P2P][Service] heartBeat,connected count=3
info|2023-05-28 13:07:39.469654|[g:1][CONSENSUS][SEALER]++++++++++++++++ Generating seal on,blkNum=1,tx=0,nodeIdx=3,hash=c59aa2c2...
info|2023-05-28 13:07:39.470529|[g:1][CONSENSUS][PBFT]checkTimeout Succ,view=151,toView=152,nodeIdx=3,changeCycle=1,myNode=c309ad65...,timecost=0
info|2023-05-28 13:07:39.475122|[g:1][CONSENSUS][PBFT]checkAndChangeView: Reach consensus,org_view=151,cur_changeCycle=1,curView=151,view=152
info|2023-05-28 13:07:40.476349|[g:1][CONSENSUS]addRawPrepare,height=1,reqIdx=0,hash=1cd6380e...,time=0
info|2023-05-28 13:07:40.477063|[g:1][CONSENSUS][PBFT]checkTimeout Succ,view=152,toView=153,nodeIdx=3,changeCycle=1,myNode=c309ad65...,timecost=1
info|2023-05-28 13:07:40.478065|[g:1][CONSENSUS][PBFT]checkAndChangeView: Reach consensus,org_view=152,cur_changeCycle=1,curView=152,view=153
info|2023-05-28 13:07:41.483306|[g:1][CONSENSUS][PBFT]Trigger fast-viewchange,view=153,toView=153,minView=154,INFO=,reqNum=0,curNum=0,GenIdx=2,Cview=154,view=153,fromIdx=2,fromNode=bbc5bfac...,fromIp=127.0.0.1:30300,hash=eeb77c15...,nodeIdx=3,myNode=c309ad65...
info|2023-05-28 13:07:41.484234|[g:1][CONSENSUS][PBFT]checkAndChangeView: Reach consensus,org_view=153,cur_changeCycle=2,curView=153,view=154
info|2023-05-28 13:07:41.484284|[g:1][CONSENSUS][PBFT]checkTimeout Succ,view=154,toView=154,nodeIdx=3,changeCycle=2,myNode=c309ad65...,timecost=1
info|2023-05-28 13:07:42.485552|[g:1][CONSENSUS]addRawPrepare,height=1,reqIdx=2,hash=7996111b...,time=0
info|2023-05-28 13:07:42.486165|[g:1][CONSENSUS][PBFT]checkTimeout Succ,view=154,toView=155,nodeIdx=3,changeCycle=1,myNode=c309ad65...,timecost=1
info|2023-05-28 13:07:42.487653|[g:1][CONSENSUS][PBFT]checkAndChangeView: Reach consensus,org_view=154,cur_changeCycle=1,curView=154,view=155
info|2023-05-28 13:07:43.487270|[g:1][CONSENSUS][SEALER]++++++++++++++++ Generating seal on,blkNum=1,tx=0,nodeIdx=3,hash=ff2932a1...
info|2023-05-28 13:07:43.488557|[g:1][CONSENSUS][PBFT]checkTimeout Succ,view=155,toView=156,nodeIdx=3,changeCycle=1,myNode=c309ad65...,timecost=0
info|2023-05-28 13:07:43.493144|[g:1][CONSENSUS][PBFT]checkAndChangeView: Reach consensus,org_view=155,cur_changeCycle=1,curView=155,view=156
info|2023-05-28 13:07:44.494686|[g:1][CONSENSUS]addRawPrepare,height=1,reqIdx=0,hash=7551d0f1...,time=0
info|2023-05-28 13:07:44.495485|[g:1][CONSENSUS][PBFT]checkTimeout Succ,view=156,toView=157,nodeIdx=3,changeCycle=1,myNode=c309ad65...,timecost=0
info|2023-05-28 13:07:44.497315|[g:1][CONSENSUS][PBFT]checkAndChangeView: Reach consensus,org_view=156,cur_changeCycle=1,curView=156,view=157
info|2023-05-28 13:07:45.503060|[g:1][CONSENSUS]addRawPrepare,height=1,reqIdx=1,hash=e7f7e991...,time=0
info|2023-05-28 13:07:45.503566|[g:1][CONSENSUS][PBFT]checkTimeout Succ,view=157,toView=158,nodeIdx=3,changeCycle=1,myNode=c309ad65...,timecost=0
info|2023-05-28 13:07:45.504300|[g:1][CONSENSUS][PBFT]checkAndChangeView: Reach consensus,org_view=157,cur_changeCycle=1,curView=157,view=158
info|2023-05-28 13:07:46.506582|[g:1][CONSENSUS]addRawPrepare,height=1,reqIdx=2,hash=cd636c89...,time=0
info|2023-05-28 13:07:46.507793|[g:1][CONSENSUS][PBFT]checkTimeout Succ,view=158,toView=159,nodeIdx=3,changeCycle=1,myNode=c309ad65...,timecost=1
info|2023-05-28 13:07:46.509486|[g:1][CONSENSUS][PBFT]checkAndChangeView: Reach consensus,org_view=158,cur_changeCycle=1,curView=158,view=159
info|2023-05-28 13:07:47.510163|[g:1][CONSENSUS][SEALER]++++++++++++++++ Generating seal on,blkNum=1,tx=0,nodeIdx=3,hash=e41cde20...
info|2023-05-28 13:07:47.514024|[g:1][CONSENSUS][PBFT]checkTimeout Succ,view=159,toView=160,nodeIdx=3,changeCycle=1,myNode=c309ad65...,timecost=3
info|2023-05-28 13:07:47.516949|[g:1][CONSENSUS][PBFT]checkAndChangeView: Reach consensus,org_view=159,cur_changeCycle=1,curView=159,view=160
info|2023-05-28 13:07:48.519173|[g:1][CONSENSUS][PBFT]Trigger fast-viewchange,view=160,toView=160,minView=161,INFO=,reqNum=0,curNum=0,GenIdx=1,Cview=161,view=160,fromIdx=1,fromNode=91a6062d...,fromIp=127.0.0.1:30301,hash=eeb77c15...,nodeIdx=3,myNode=c309ad65...
info|2023-05-28 13:07:48.519765|[g:1][CONSENSUS][PBFT]checkAndChangeView: Reach consensus,org_view=160,cur_changeCycle=2,curView=160,view=161
info|2023-05-28 13:07:48.519873|[g:1][CONSENSUS][PBFT]checkTimeout Succ,view=161,toView=161,nodeIdx=3,changeCycle=2,myNode=c309ad65...,timecost=0
info|2023-05-28 13:07:48.643391|[P2P][Service] heartBeat,connected count=3
info|2023-05-28 13:07:49.522259|[g:1][CONSENSUS]addRawPrepare,height=1,reqIdx=1,hash=aa8e9aa0...,time=0
info|2023-05-28 13:07:49.523054|[g:1][CONSENSUS][PBFT]checkTimeout Succ,view=161,toView=162,nodeIdx=3,changeCycle=1,myNode=c309ad65...,timecost=1
info|2023-05-28 13:07:49.524663|[g:1][CONSENSUS][PBFT]checkAndChangeView: Reach consensus,org_view=161,cur_changeCycle=1,curView=161,view=162
warning|2023-05-28 13:07:49.532473|[NETWORK][Session]doRead error,endpoint=127.0.0.1:51828,message=Connection reset by peer
info|2023-05-28 13:07:49.532600|[NETWORK][Session]drop, call and erase all callbackFunc in this session!,endpoint=127.0.0.1:51828
warning|2023-05-28 13:07:49.532625|[NETWORK][Session][drop] closing remote 0.0.0.0:0,reason=Low-level TCP communication error.,endpoint=127.0.0.1:51828
error|2023-05-28 13:07:49.532748|[NETWORK][Session]Session inactived
error|2023-05-28 13:07:49.532766|[NETWORK][Session]Session inactived
warning|2023-05-28 13:07:49.532773|[NETWORK][Session][drop] shutdown failed ,errorValue=9,message=Bad file descriptor
warning|2023-05-28 13:07:49.532813|[P2P][Service] disconnect error P2PSession,nodeID=7380ded5...,endpoint=127.0.0.1:51828,errorCode=3,what=Disconnect
warning|2023-05-28 13:07:49.532839|[P2P][Service] onDisconnect,errorCode=3,what=Dynamic exception type: dev::network::NetworkException
std::exception::what: Disconnect

info|2023-05-28 13:07:50.528325|[g:1][CONSENSUS]addRawPrepare,height=1,reqIdx=2,hash=41a1c6f4...,time=0
info|2023-05-28 13:07:50.528694|[g:1][CONSENSUS][PBFT]checkTimeout Succ,view=162,toView=163,nodeIdx=3,changeCycle=1,myNode=c309ad65...,timecost=0
info|2023-05-28 13:07:50.529906|[g:1][CONSENSUS][PBFT]checkAndChangeView: Reach consensus,org_view=162,cur_changeCycle=1,curView=162,view=163
info|2023-05-28 13:07:51.530099|[g:1][CONSENSUS][SEALER]++++++++++++++++ Generating seal on,blkNum=1,tx=0,nodeIdx=3,hash=3171560d...
info|2023-05-28 13:07:51.531219|[g:1][CONSENSUS][PBFT]checkTimeout Succ,view=163,toView=164,nodeIdx=3,changeCycle=1,myNode=c309ad65...,timecost=1
info|2023-05-28 13:07:51.534580|[g:1][CONSENSUS][PBFT]checkAndChangeView: Reach consensus,org_view=163,cur_changeCycle=1,curView=163,view=164
warning|2023-05-28 13:07:56.035264|[g:1][CONSENSUS][PBFT]ViewChangeWarning: not caused by omit empty block ,v=164,toV=165,curNum=0,hash=eeb77c15...,nodeIdx=3,myNode=c309ad65...
warning|2023-05-28 13:07:56.035357|[g:1][CONSENSUS][PBFT]Find disconnectedNode,disconnectedNodeSize=1,sessionSize=2,minValidNodes=3,connectedNodeList=127.0.0.1:30301, 127.0.0.1:30300, ,disconnectedNode=7380ded5..., ,idx=3
info|2023-05-28 13:07:56.035492|[g:1][CONSENSUS][PBFT]checkTimeout Succ,view=164,toView=165,nodeIdx=3,changeCycle=2,myNode=c309ad65...,timecost=1
info|2023-05-28 13:07:56.038931|[g:1][CONSENSUS][PBFT]checkAndChangeView: Reach consensus,org_view=164,cur_changeCycle=2,curView=164,view=165
info|2023-05-28 13:07:57.040483|[g:1][CONSENSUS]addRawPrepare,height=1,reqIdx=1,hash=1e4234d8...,time=0
info|2023-05-28 13:07:57.041224|[g:1][CONSENSUS][PBFT]checkTimeout Succ,view=165,toView=166,nodeIdx=3,changeCycle=1,myNode=c309ad65...,timecost=1
info|2023-05-28 13:07:57.042799|[g:1][CONSENSUS][PBFT]checkAndChangeView: Reach consensus,org_view=165,cur_changeCycle=1,curView=165,view=166
info|2023-05-28 13:07:58.043666|[g:1][CONSENSUS]addRawPrepare,height=1,reqIdx=2,hash=6b60ee1f...,time=0
info|2023-05-28 13:07:58.044634|[g:1][CONSENSUS][PBFT]checkTimeout Succ,view=166,toView=167,nodeIdx=3,changeCycle=1,myNode=c309ad65...,timecost=1
info|2023-05-28 13:07:58.047359|[g:1][CONSENSUS][PBFT]checkAndChangeView: Reach consensus,org_view=166,cur_changeCycle=1,curView=166,view=167
